running develop
running egg_info
creating navi_main.egg-info
writing navi_main.egg-info/PKG-INFO
writing dependency_links to navi_main.egg-info/dependency_links.txt
writing entry points to navi_main.egg-info/entry_points.txt
writing requirements to navi_main.egg-info/requires.txt
writing top-level names to navi_main.egg-info/top_level.txt
writing manifest file 'navi_main.egg-info/SOURCES.txt'
reading manifest file 'navi_main.egg-info/SOURCES.txt'
writing manifest file 'navi_main.egg-info/SOURCES.txt'
running build_ext
Creating /home/evanyan13/colcon_ws/src/install/navi_main/lib/python3.8/site-packages/site.py
Creating /home/evanyan13/colcon_ws/src/install/navi_main/lib/python3.8/site-packages/navi-main.egg-link (link to .)

Installed /home/evanyan13/colcon_ws/src/build/navi_main
running install_data
creating /home/evanyan13/colcon_ws/src/install/navi_main/share/ament_index
creating /home/evanyan13/colcon_ws/src/install/navi_main/share/ament_index/resource_index
creating /home/evanyan13/colcon_ws/src/install/navi_main/share/ament_index/resource_index/packages
copying resource/navi_main -> /home/evanyan13/colcon_ws/src/install/navi_main/share/ament_index/resource_index/packages
copying package.xml -> /home/evanyan13/colcon_ws/src/install/navi_main/share/navi_main
