[0.431s] Invoking command in '/home/evanyan13/colcon_ws/src/py_pubsub': PYTHONPATH=/home/evanyan13/colcon_ws/build/py_pubsub/prefix_override:/home/evanyan13/colcon_ws/install/py_pubsub/lib/python3.8/site-packages:${PYTHONPATH} /usr/bin/python3 setup.py egg_info --egg-base ../../build/py_pubsub build --build-base /home/evanyan13/colcon_ws/build/py_pubsub/build install --record /home/evanyan13/colcon_ws/build/py_pubsub/install.log --install-scripts $base/lib/py_pubsub --single-version-externally-managed
[0.511s] running egg_info
[0.511s] creating ../../build/py_pubsub/py_pubsub.egg-info
[0.511s] writing ../../build/py_pubsub/py_pubsub.egg-info/PKG-INFO
[0.512s] writing dependency_links to ../../build/py_pubsub/py_pubsub.egg-info/dependency_links.txt
[0.512s] writing entry points to ../../build/py_pubsub/py_pubsub.egg-info/entry_points.txt
[0.512s] writing requirements to ../../build/py_pubsub/py_pubsub.egg-info/requires.txt
[0.512s] writing top-level names to ../../build/py_pubsub/py_pubsub.egg-info/top_level.txt
[0.513s] writing manifest file '../../build/py_pubsub/py_pubsub.egg-info/SOURCES.txt'
[0.527s] reading manifest file '../../build/py_pubsub/py_pubsub.egg-info/SOURCES.txt'
[0.528s] writing manifest file '../../build/py_pubsub/py_pubsub.egg-info/SOURCES.txt'
[0.528s] running build
[0.528s] running build_py
[0.528s] creating /home/evanyan13/colcon_ws/build/py_pubsub/build
[0.528s] creating /home/evanyan13/colcon_ws/build/py_pubsub/build/lib
[0.528s] creating /home/evanyan13/colcon_ws/build/py_pubsub/build/lib/py_pubsub
[0.528s] copying py_pubsub/publisher_member_function.py -> /home/evanyan13/colcon_ws/build/py_pubsub/build/lib/py_pubsub
[0.528s] copying py_pubsub/subscriber_member_function.py -> /home/evanyan13/colcon_ws/build/py_pubsub/build/lib/py_pubsub
[0.528s] copying py_pubsub/__init__.py -> /home/evanyan13/colcon_ws/build/py_pubsub/build/lib/py_pubsub
[0.528s] running install
[0.528s] running install_lib
[0.529s] creating /home/evanyan13/colcon_ws/install/py_pubsub/lib/python3.8/site-packages/py_pubsub
[0.529s] copying /home/evanyan13/colcon_ws/build/py_pubsub/build/lib/py_pubsub/publisher_member_function.py -> /home/evanyan13/colcon_ws/install/py_pubsub/lib/python3.8/site-packages/py_pubsub
[0.529s] copying /home/evanyan13/colcon_ws/build/py_pubsub/build/lib/py_pubsub/subscriber_member_function.py -> /home/evanyan13/colcon_ws/install/py_pubsub/lib/python3.8/site-packages/py_pubsub
[0.529s] copying /home/evanyan13/colcon_ws/build/py_pubsub/build/lib/py_pubsub/__init__.py -> /home/evanyan13/colcon_ws/install/py_pubsub/lib/python3.8/site-packages/py_pubsub
[0.529s] byte-compiling /home/evanyan13/colcon_ws/install/py_pubsub/lib/python3.8/site-packages/py_pubsub/publisher_member_function.py to publisher_member_function.cpython-38.pyc
[0.530s] byte-compiling /home/evanyan13/colcon_ws/install/py_pubsub/lib/python3.8/site-packages/py_pubsub/subscriber_member_function.py to subscriber_member_function.cpython-38.pyc
[0.530s] byte-compiling /home/evanyan13/colcon_ws/install/py_pubsub/lib/python3.8/site-packages/py_pubsub/__init__.py to __init__.cpython-38.pyc
[0.530s] running install_data
[0.530s] creating /home/evanyan13/colcon_ws/install/py_pubsub/share/ament_index
[0.530s] creating /home/evanyan13/colcon_ws/install/py_pubsub/share/ament_index/resource_index
[0.530s] creating /home/evanyan13/colcon_ws/install/py_pubsub/share/ament_index/resource_index/packages
[0.530s] copying resource/py_pubsub -> /home/evanyan13/colcon_ws/install/py_pubsub/share/ament_index/resource_index/packages
[0.530s] copying package.xml -> /home/evanyan13/colcon_ws/install/py_pubsub/share/py_pubsub
[0.530s] running install_egg_info
[0.531s] Copying ../../build/py_pubsub/py_pubsub.egg-info to /home/evanyan13/colcon_ws/install/py_pubsub/lib/python3.8/site-packages/py_pubsub-0.0.0-py3.8.egg-info
[0.531s] running install_scripts
[0.539s] Installing listener script to /home/evanyan13/colcon_ws/install/py_pubsub/lib/py_pubsub
[0.539s] Installing talker script to /home/evanyan13/colcon_ws/install/py_pubsub/lib/py_pubsub
[0.539s] writing list of installed files to '/home/evanyan13/colcon_ws/build/py_pubsub/install.log'
[0.549s] Invoked command in '/home/evanyan13/colcon_ws/src/py_pubsub' returned '0': PYTHONPATH=/home/evanyan13/colcon_ws/build/py_pubsub/prefix_override:/home/evanyan13/colcon_ws/install/py_pubsub/lib/python3.8/site-packages:${PYTHONPATH} /usr/bin/python3 setup.py egg_info --egg-base ../../build/py_pubsub build --build-base /home/evanyan13/colcon_ws/build/py_pubsub/build install --record /home/evanyan13/colcon_ws/build/py_pubsub/install.log --install-scripts $base/lib/py_pubsub --single-version-externally-managed
