running egg_info
creating ../../build/lidar_pubsub/py_pubsub.egg-info
writing ../../build/lidar_pubsub/py_pubsub.egg-info/PKG-INFO
writing dependency_links to ../../build/lidar_pubsub/py_pubsub.egg-info/dependency_links.txt
writing entry points to ../../build/lidar_pubsub/py_pubsub.egg-info/entry_points.txt
writing requirements to ../../build/lidar_pubsub/py_pubsub.egg-info/requires.txt
writing top-level names to ../../build/lidar_pubsub/py_pubsub.egg-info/top_level.txt
writing manifest file '../../build/lidar_pubsub/py_pubsub.egg-info/SOURCES.txt'
reading manifest file '../../build/lidar_pubsub/py_pubsub.egg-info/SOURCES.txt'
writing manifest file '../../build/lidar_pubsub/py_pubsub.egg-info/SOURCES.txt'
running build
running build_py
creating /home/evanyan13/colcon_ws/build/lidar_pubsub/build
creating /home/evanyan13/colcon_ws/build/lidar_pubsub/build/lib
creating /home/evanyan13/colcon_ws/build/lidar_pubsub/build/lib/py_pubsub
copying py_pubsub/publisher_member_function.py -> /home/evanyan13/colcon_ws/build/lidar_pubsub/build/lib/py_pubsub
copying py_pubsub/subscriber_member_function.py -> /home/evanyan13/colcon_ws/build/lidar_pubsub/build/lib/py_pubsub
copying py_pubsub/__init__.py -> /home/evanyan13/colcon_ws/build/lidar_pubsub/build/lib/py_pubsub
running install
running install_lib
creating /home/evanyan13/colcon_ws/install/lidar_pubsub/lib/python3.8/site-packages/py_pubsub
copying /home/evanyan13/colcon_ws/build/lidar_pubsub/build/lib/py_pubsub/publisher_member_function.py -> /home/evanyan13/colcon_ws/install/lidar_pubsub/lib/python3.8/site-packages/py_pubsub
copying /home/evanyan13/colcon_ws/build/lidar_pubsub/build/lib/py_pubsub/subscriber_member_function.py -> /home/evanyan13/colcon_ws/install/lidar_pubsub/lib/python3.8/site-packages/py_pubsub
copying /home/evanyan13/colcon_ws/build/lidar_pubsub/build/lib/py_pubsub/__init__.py -> /home/evanyan13/colcon_ws/install/lidar_pubsub/lib/python3.8/site-packages/py_pubsub
byte-compiling /home/evanyan13/colcon_ws/install/lidar_pubsub/lib/python3.8/site-packages/py_pubsub/publisher_member_function.py to publisher_member_function.cpython-38.pyc
byte-compiling /home/evanyan13/colcon_ws/install/lidar_pubsub/lib/python3.8/site-packages/py_pubsub/subscriber_member_function.py to subscriber_member_function.cpython-38.pyc
byte-compiling /home/evanyan13/colcon_ws/install/lidar_pubsub/lib/python3.8/site-packages/py_pubsub/__init__.py to __init__.cpython-38.pyc
running install_data
