[0.788s] Invoking command in '/home/evanyan13/colcon_ws/src/py_pubsub': PYTHONPATH=/home/evanyan13/colcon_ws/build/lidar_pubsub/prefix_override:/home/evanyan13/colcon_ws/install/lidar_pubsub/lib/python3.8/site-packages:${PYTHONPATH} /usr/bin/python3 setup.py egg_info --egg-base ../../build/lidar_pubsub build --build-base /home/evanyan13/colcon_ws/build/lidar_pubsub/build install --record /home/evanyan13/colcon_ws/build/lidar_pubsub/install.log --install-scripts $base/lib/py_pubsub --single-version-externally-managed
[0.929s] running egg_info
[0.929s] creating ../../build/lidar_pubsub/py_pubsub.egg-info
[0.929s] writing ../../build/lidar_pubsub/py_pubsub.egg-info/PKG-INFO
[0.929s] writing dependency_links to ../../build/lidar_pubsub/py_pubsub.egg-info/dependency_links.txt
[0.929s] writing entry points to ../../build/lidar_pubsub/py_pubsub.egg-info/entry_points.txt
[0.929s] writing requirements to ../../build/lidar_pubsub/py_pubsub.egg-info/requires.txt
[0.929s] writing top-level names to ../../build/lidar_pubsub/py_pubsub.egg-info/top_level.txt
[0.933s] writing manifest file '../../build/lidar_pubsub/py_pubsub.egg-info/SOURCES.txt'
[0.955s] reading manifest file '../../build/lidar_pubsub/py_pubsub.egg-info/SOURCES.txt'
[0.955s] writing manifest file '../../build/lidar_pubsub/py_pubsub.egg-info/SOURCES.txt'
[0.955s] running build
[0.955s] running build_py
[0.956s] creating /home/evanyan13/colcon_ws/build/lidar_pubsub/build
[0.956s] creating /home/evanyan13/colcon_ws/build/lidar_pubsub/build/lib
[0.956s] creating /home/evanyan13/colcon_ws/build/lidar_pubsub/build/lib/py_pubsub
[0.956s] copying py_pubsub/publisher_member_function.py -> /home/evanyan13/colcon_ws/build/lidar_pubsub/build/lib/py_pubsub
[0.956s] copying py_pubsub/subscriber_member_function.py -> /home/evanyan13/colcon_ws/build/lidar_pubsub/build/lib/py_pubsub
[0.956s] copying py_pubsub/__init__.py -> /home/evanyan13/colcon_ws/build/lidar_pubsub/build/lib/py_pubsub
[0.956s] running install
[0.957s] running install_lib
[0.957s] creating /home/evanyan13/colcon_ws/install/lidar_pubsub/lib/python3.8/site-packages/py_pubsub
[0.957s] copying /home/evanyan13/colcon_ws/build/lidar_pubsub/build/lib/py_pubsub/publisher_member_function.py -> /home/evanyan13/colcon_ws/install/lidar_pubsub/lib/python3.8/site-packages/py_pubsub
[0.957s] copying /home/evanyan13/colcon_ws/build/lidar_pubsub/build/lib/py_pubsub/subscriber_member_function.py -> /home/evanyan13/colcon_ws/install/lidar_pubsub/lib/python3.8/site-packages/py_pubsub
[0.958s] copying /home/evanyan13/colcon_ws/build/lidar_pubsub/build/lib/py_pubsub/__init__.py -> /home/evanyan13/colcon_ws/install/lidar_pubsub/lib/python3.8/site-packages/py_pubsub
[0.958s] byte-compiling /home/evanyan13/colcon_ws/install/lidar_pubsub/lib/python3.8/site-packages/py_pubsub/publisher_member_function.py to publisher_member_function.cpython-38.pyc
[0.959s] byte-compiling /home/evanyan13/colcon_ws/install/lidar_pubsub/lib/python3.8/site-packages/py_pubsub/subscriber_member_function.py to subscriber_member_function.cpython-38.pyc
[0.959s] byte-compiling /home/evanyan13/colcon_ws/install/lidar_pubsub/lib/python3.8/site-packages/py_pubsub/__init__.py to __init__.cpython-38.pyc
[0.959s] running install_data
[0.959s] error: can't copy 'resource/py_pubsub': doesn't exist or not a regular file
[0.971s] Invoked command in '/home/evanyan13/colcon_ws/src/py_pubsub' returned '1': PYTHONPATH=/home/evanyan13/colcon_ws/build/lidar_pubsub/prefix_override:/home/evanyan13/colcon_ws/install/lidar_pubsub/lib/python3.8/site-packages:${PYTHONPATH} /usr/bin/python3 setup.py egg_info --egg-base ../../build/lidar_pubsub build --build-base /home/evanyan13/colcon_ws/build/lidar_pubsub/build install --record /home/evanyan13/colcon_ws/build/lidar_pubsub/install.log --install-scripts $base/lib/py_pubsub --single-version-externally-managed
