[0.561s] Invoking command in '/home/evanyan13/colcon_ws/src/build/turtlebot3_fake': /usr/bin/cmake /home/evanyan13/colcon_ws/src/turtlebot3_simulations/turtlebot3_fake -DCATKIN_INSTALL_INTO_PREFIX_ROOT=0 -DCATKIN_SYMLINK_INSTALL=ON -DCMAKE_INSTALL_PREFIX=/home/evanyan13/colcon_ws/src/install/turtlebot3_fake
[1.381s] CMake Error at CMakeLists.txt:11 (find_package):
[1.381s]   By not providing "Findcatkin.cmake" in CMAKE_MODULE_PATH this project has
[1.382s]   asked CMake to find a package configuration file provided by "catkin", but
[1.382s]   CMake did not find one.
[1.382s] 
[1.382s]   Could not find a package configuration file provided by "catkin" with any
[1.382s]   of the following names:
[1.382s] 
[1.383s]     catkinConfig.cmake
[1.383s]     catkin-config.cmake
[1.383s] 
[1.384s]   Add the installation prefix of "catkin" to CMAKE_PREFIX_PATH or set
[1.384s]   "catkin_DIR" to a directory containing one of the above files.  If "catkin"
[1.384s]   provides a separate development package or SDK, be sure it has been
[1.384s]   installed.
[1.384s] 
[1.384s] 
[1.384s] -- The C compiler identification is GNU 9.4.0
[1.384s] -- The CXX compiler identification is GNU 9.4.0
[1.385s] -- Check for working C compiler: /usr/bin/cc
[1.385s] -- Check for working C compiler: /usr/bin/cc -- works
[1.385s] -- Detecting C compiler ABI info
[1.385s] -- Detecting C compiler ABI info - done
[1.385s] -- Detecting C compile features
[1.385s] -- Detecting C compile features - done
[1.385s] -- Check for working CXX compiler: /usr/bin/c++
[1.385s] -- Check for working CXX compiler: /usr/bin/c++ -- works
[1.385s] -- Detecting CXX compiler ABI info
[1.385s] -- Detecting CXX compiler ABI info - done
[1.385s] -- Detecting CXX compile features
[1.386s] -- Detecting CXX compile features - done
[1.386s] -- Configuring incomplete, errors occurred!
[1.386s] See also "/home/evanyan13/colcon_ws/src/build/turtlebot3_fake/CMakeFiles/CMakeOutput.log".
[1.389s] Invoked command in '/home/evanyan13/colcon_ws/src/build/turtlebot3_fake' returned '1': /usr/bin/cmake /home/evanyan13/colcon_ws/src/turtlebot3_simulations/turtlebot3_fake -DCATKIN_INSTALL_INTO_PREFIX_ROOT=0 -DCATKIN_SYMLINK_INSTALL=ON -DCMAKE_INSTALL_PREFIX=/home/evanyan13/colcon_ws/src/install/turtlebot3_fake
