[2.261s] Invoking command in '/home/evanyan13/colcon_ws/src/auto_nav': PYTHONPATH=/home/evanyan13/colcon_ws/build/auto_nav/prefix_override:/home/evanyan13/colcon_ws/install/auto_nav/lib/python3.8/site-packages:${PYTHONPATH} /usr/bin/python3 setup.py egg_info --egg-base ../../build/auto_nav build --build-base /home/evanyan13/colcon_ws/build/auto_nav/build install --record /home/evanyan13/colcon_ws/build/auto_nav/install.log --install-scripts $base/lib/auto_nav --single-version-externally-managed
[2.551s] running egg_info
[2.551s] writing ../../build/auto_nav/auto_nav.egg-info/PKG-INFO
[2.552s] writing dependency_links to ../../build/auto_nav/auto_nav.egg-info/dependency_links.txt
[2.552s] writing entry points to ../../build/auto_nav/auto_nav.egg-info/entry_points.txt
[2.552s] writing requirements to ../../build/auto_nav/auto_nav.egg-info/requires.txt
[2.552s] writing top-level names to ../../build/auto_nav/auto_nav.egg-info/top_level.txt
[2.583s] reading manifest file '../../build/auto_nav/auto_nav.egg-info/SOURCES.txt'
[2.586s] writing manifest file '../../build/auto_nav/auto_nav.egg-info/SOURCES.txt'
[2.586s] running build
[2.586s] running build_py
[2.586s] copying auto_nav/r2auto_nav.py -> /home/evanyan13/colcon_ws/build/auto_nav/build/lib/auto_nav
[2.587s] running install
[2.587s] running install_lib
[2.587s] copying /home/evanyan13/colcon_ws/build/auto_nav/build/lib/auto_nav/r2auto_nav.py -> /home/evanyan13/colcon_ws/install/auto_nav/lib/python3.8/site-packages/auto_nav
[2.587s] byte-compiling /home/evanyan13/colcon_ws/install/auto_nav/lib/python3.8/site-packages/auto_nav/r2auto_nav.py to r2auto_nav.cpython-38.pyc
[2.589s] running install_data
[2.589s] running install_egg_info
[2.590s] removing '/home/evanyan13/colcon_ws/install/auto_nav/lib/python3.8/site-packages/auto_nav-0.0.0-py3.8.egg-info' (and everything under it)
[2.591s] Copying ../../build/auto_nav/auto_nav.egg-info to /home/evanyan13/colcon_ws/install/auto_nav/lib/python3.8/site-packages/auto_nav-0.0.0-py3.8.egg-info
[2.597s] running install_scripts
[2.628s] Installing r2auto_nav script to /home/evanyan13/colcon_ws/install/auto_nav/lib/auto_nav
[2.628s] Installing r2mover script to /home/evanyan13/colcon_ws/install/auto_nav/lib/auto_nav
[2.628s] Installing r2moverotate script to /home/evanyan13/colcon_ws/install/auto_nav/lib/auto_nav
[2.628s] Installing r2occupancy script to /home/evanyan13/colcon_ws/install/auto_nav/lib/auto_nav
[2.628s] Installing r2occupancy2 script to /home/evanyan13/colcon_ws/install/auto_nav/lib/auto_nav
[2.628s] Installing r2scanner script to /home/evanyan13/colcon_ws/install/auto_nav/lib/auto_nav
[2.628s] writing list of installed files to '/home/evanyan13/colcon_ws/build/auto_nav/install.log'
[2.744s] Invoked command in '/home/evanyan13/colcon_ws/src/auto_nav' returned '0': PYTHONPATH=/home/evanyan13/colcon_ws/build/auto_nav/prefix_override:/home/evanyan13/colcon_ws/install/auto_nav/lib/python3.8/site-packages:${PYTHONPATH} /usr/bin/python3 setup.py egg_info --egg-base ../../build/auto_nav build --build-base /home/evanyan13/colcon_ws/build/auto_nav/build install --record /home/evanyan13/colcon_ws/build/auto_nav/install.log --install-scripts $base/lib/auto_nav --single-version-externally-managed
