[0.540s] Invoking command in '/home/evanyan13/colcon_ws/build/turtlebot3_fake': /usr/bin/cmake /home/evanyan13/colcon_ws/src/turtlebot3_simulations/turtlebot3_fake -DCATKIN_INSTALL_INTO_PREFIX_ROOT=0 -DCATKIN_SYMLINK_INSTALL=ON -DCMAKE_INSTALL_PREFIX=/home/evanyan13/colcon_ws/install/turtlebot3_fake
[1.278s] -- Configuring incomplete, errors occurred!
[1.278s] See also "/home/evanyan13/colcon_ws/build/turtlebot3_fake/CMakeFiles/CMakeOutput.log".
[1.281s] CMake Error at CMakeLists.txt:11 (find_package):
[1.281s]   By not providing "Findcatkin.cmake" in CMAKE_MODULE_PATH this project has
[1.281s]   asked CMake to find a package configuration file provided by "catkin", but
[1.282s]   CMake did not find one.
[1.282s] 
[1.282s]   Could not find a package configuration file provided by "catkin" with any
[1.282s]   of the following names:
[1.283s] 
[1.284s]     catkinConfig.cmake
[1.284s]     catkin-config.cmake
[1.284s] 
[1.284s]   Add the installation prefix of "catkin" to CMAKE_PREFIX_PATH or set
[1.284s]   "catkin_DIR" to a directory containing one of the above files.  If "catkin"
[1.284s]   provides a separate development package or SDK, be sure it has been
[1.285s]   installed.
[1.285s] 
[1.285s] 
[1.285s] Invoked command in '/home/evanyan13/colcon_ws/build/turtlebot3_fake' returned '1': /usr/bin/cmake /home/evanyan13/colcon_ws/src/turtlebot3_simulations/turtlebot3_fake -DCATKIN_INSTALL_INTO_PREFIX_ROOT=0 -DCATKIN_SYMLINK_INSTALL=ON -DCMAKE_INSTALL_PREFIX=/home/evanyan13/colcon_ws/install/turtlebot3_fake
