[1.557s] DEBUG:colcon:Command line arguments: ['/usr/bin/colcon', 'build']
[1.557s] DEBUG:colcon:Parsed command line arguments: Namespace(allow_overriding=[], ament_cmake_args=None, base_paths=['.'], build_base='build', catkin_cmake_args=None, catkin_skip_building_tests=False, cmake_args=None, cmake_clean_cache=False, cmake_clean_first=False, cmake_force_configure=False, cmake_target=None, cmake_target_skip_unavailable=False, continue_on_error=False, event_handlers=None, executor='parallel', ignore_user_meta=False, install_base='install', log_base=None, log_level=None, main=<bound method BuildVerb.main of <colcon_core.verb.build.BuildVerb object at 0xffffa25b6ee0>>, merge_install=False, metas=['./colcon.meta'], packages_above=None, packages_above_and_dependencies=None, packages_above_depth=None, packages_end=None, packages_ignore=None, packages_ignore_regex=None, packages_select=None, packages_select_build_failed=False, packages_select_by_dep=None, packages_select_regex=None, packages_select_test_failures=False, packages_skip=None, packages_skip_build_finished=False, packages_skip_by_dep=None, packages_skip_regex=None, packages_skip_test_passed=False, packages_skip_up_to=None, packages_start=None, packages_up_to=None, packages_up_to_regex=None, parallel_workers=6, paths=None, symlink_install=False, test_result_base=None, verb_extension=<colcon_core.verb.build.BuildVerb object at 0xffffa25b6ee0>, verb_name='build', verb_parser=<colcon_defaults.argument_parser.defaults.DefaultArgumentsDecorator object at 0xffffa258c550>)
[1.722s] Level 1:colcon.colcon_core.package_discovery:discover_packages(colcon_meta) check parameters
[1.722s] Level 1:colcon.colcon_core.package_discovery:discover_packages(recursive) check parameters
[1.722s] Level 1:colcon.colcon_core.package_discovery:discover_packages(ignore) check parameters
[1.722s] Level 1:colcon.colcon_core.package_discovery:discover_packages(path) check parameters
[1.722s] Level 1:colcon.colcon_core.package_discovery:discover_packages(colcon_meta) discover
[1.722s] Level 1:colcon.colcon_core.package_discovery:discover_packages(recursive) discover
[1.722s] INFO:colcon.colcon_core.package_discovery:Crawling recursively for packages in '/home/evanyan13/colcon_ws'
[1.722s] Level 1:colcon.colcon_core.package_identification:_identify(.) by extensions ['ignore', 'ignore_ament_install']
[1.722s] Level 1:colcon.colcon_core.package_identification:_identify(.) by extension 'ignore'
[1.722s] Level 1:colcon.colcon_core.package_identification:_identify(.) by extension 'ignore_ament_install'
[1.723s] Level 1:colcon.colcon_core.package_identification:_identify(.) by extensions ['colcon_pkg']
[1.723s] Level 1:colcon.colcon_core.package_identification:_identify(.) by extension 'colcon_pkg'
[1.723s] Level 1:colcon.colcon_core.package_identification:_identify(.) by extensions ['colcon_meta']
[1.723s] Level 1:colcon.colcon_core.package_identification:_identify(.) by extension 'colcon_meta'
[1.723s] Level 1:colcon.colcon_core.package_identification:_identify(.) by extensions ['ros']
[1.723s] Level 1:colcon.colcon_core.package_identification:_identify(.) by extension 'ros'
[1.750s] Level 1:colcon.colcon_core.package_identification:_identify(.) by extensions ['cmake', 'python']
[1.750s] Level 1:colcon.colcon_core.package_identification:_identify(.) by extension 'cmake'
[1.750s] Level 1:colcon.colcon_core.package_identification:_identify(.) by extension 'python'
[1.750s] Level 1:colcon.colcon_core.package_identification:_identify(.) by extensions ['python_setup_py']
[1.750s] Level 1:colcon.colcon_core.package_identification:_identify(.) by extension 'python_setup_py'
[1.750s] Level 1:colcon.colcon_core.package_identification:_identify(build) by extensions ['ignore', 'ignore_ament_install']
[1.750s] Level 1:colcon.colcon_core.package_identification:_identify(build) by extension 'ignore'
[1.751s] Level 1:colcon.colcon_core.package_identification:_identify(build) ignored
[1.751s] Level 1:colcon.colcon_core.package_identification:_identify(install) by extensions ['ignore', 'ignore_ament_install']
[1.751s] Level 1:colcon.colcon_core.package_identification:_identify(install) by extension 'ignore'
[1.751s] Level 1:colcon.colcon_core.package_identification:_identify(install) ignored
[1.751s] Level 1:colcon.colcon_core.package_identification:_identify(log) by extensions ['ignore', 'ignore_ament_install']
[1.751s] Level 1:colcon.colcon_core.package_identification:_identify(log) by extension 'ignore'
[1.751s] Level 1:colcon.colcon_core.package_identification:_identify(log) ignored
[1.751s] Level 1:colcon.colcon_core.package_identification:_identify(src) by extensions ['ignore', 'ignore_ament_install']
[1.751s] Level 1:colcon.colcon_core.package_identification:_identify(src) by extension 'ignore'
[1.751s] Level 1:colcon.colcon_core.package_identification:_identify(src) by extension 'ignore_ament_install'
[1.751s] Level 1:colcon.colcon_core.package_identification:_identify(src) by extensions ['colcon_pkg']
[1.751s] Level 1:colcon.colcon_core.package_identification:_identify(src) by extension 'colcon_pkg'
[1.751s] Level 1:colcon.colcon_core.package_identification:_identify(src) by extensions ['colcon_meta']
[1.751s] Level 1:colcon.colcon_core.package_identification:_identify(src) by extension 'colcon_meta'
[1.751s] Level 1:colcon.colcon_core.package_identification:_identify(src) by extensions ['ros']
[1.751s] Level 1:colcon.colcon_core.package_identification:_identify(src) by extension 'ros'
[1.751s] Level 1:colcon.colcon_core.package_identification:_identify(src) by extensions ['cmake', 'python']
[1.751s] Level 1:colcon.colcon_core.package_identification:_identify(src) by extension 'cmake'
[1.752s] Level 1:colcon.colcon_core.package_identification:_identify(src) by extension 'python'
[1.752s] Level 1:colcon.colcon_core.package_identification:_identify(src) by extensions ['python_setup_py']
[1.752s] Level 1:colcon.colcon_core.package_identification:_identify(src) by extension 'python_setup_py'
[1.752s] Level 1:colcon.colcon_core.package_identification:_identify(src/auto_nav) by extensions ['ignore', 'ignore_ament_install']
[1.752s] Level 1:colcon.colcon_core.package_identification:_identify(src/auto_nav) by extension 'ignore'
[1.752s] Level 1:colcon.colcon_core.package_identification:_identify(src/auto_nav) by extension 'ignore_ament_install'
[1.752s] Level 1:colcon.colcon_core.package_identification:_identify(src/auto_nav) by extensions ['colcon_pkg']
[1.752s] Level 1:colcon.colcon_core.package_identification:_identify(src/auto_nav) by extension 'colcon_pkg'
[1.752s] Level 1:colcon.colcon_core.package_identification:_identify(src/auto_nav) by extensions ['colcon_meta']
[1.752s] Level 1:colcon.colcon_core.package_identification:_identify(src/auto_nav) by extension 'colcon_meta'
[1.752s] Level 1:colcon.colcon_core.package_identification:_identify(src/auto_nav) by extensions ['ros']
[1.752s] Level 1:colcon.colcon_core.package_identification:_identify(src/auto_nav) by extension 'ros'
[1.760s] DEBUG:colcon.colcon_core.package_identification:Package 'src/auto_nav' with type 'ros.ament_python' and name 'auto_nav'
[1.760s] Level 1:colcon.colcon_core.package_identification:_identify(src/py_pubsub) by extensions ['ignore', 'ignore_ament_install']
[1.760s] Level 1:colcon.colcon_core.package_identification:_identify(src/py_pubsub) by extension 'ignore'
[1.760s] Level 1:colcon.colcon_core.package_identification:_identify(src/py_pubsub) by extension 'ignore_ament_install'
[1.760s] Level 1:colcon.colcon_core.package_identification:_identify(src/py_pubsub) by extensions ['colcon_pkg']
[1.760s] Level 1:colcon.colcon_core.package_identification:_identify(src/py_pubsub) by extension 'colcon_pkg'
[1.760s] Level 1:colcon.colcon_core.package_identification:_identify(src/py_pubsub) by extensions ['colcon_meta']
[1.760s] Level 1:colcon.colcon_core.package_identification:_identify(src/py_pubsub) by extension 'colcon_meta'
[1.760s] Level 1:colcon.colcon_core.package_identification:_identify(src/py_pubsub) by extensions ['ros']
[1.760s] Level 1:colcon.colcon_core.package_identification:_identify(src/py_pubsub) by extension 'ros'
[1.761s] DEBUG:colcon.colcon_core.package_identification:Package 'src/py_pubsub' with type 'ros.ament_python' and name 'py_pubsub'
[1.761s] Level 1:colcon.colcon_core.package_identification:_identify(src/turtlebot3_simulations) by extensions ['ignore', 'ignore_ament_install']
[1.761s] Level 1:colcon.colcon_core.package_identification:_identify(src/turtlebot3_simulations) by extension 'ignore'
[1.761s] Level 1:colcon.colcon_core.package_identification:_identify(src/turtlebot3_simulations) by extension 'ignore_ament_install'
[1.761s] Level 1:colcon.colcon_core.package_identification:_identify(src/turtlebot3_simulations) by extensions ['colcon_pkg']
[1.761s] Level 1:colcon.colcon_core.package_identification:_identify(src/turtlebot3_simulations) by extension 'colcon_pkg'
[1.761s] Level 1:colcon.colcon_core.package_identification:_identify(src/turtlebot3_simulations) by extensions ['colcon_meta']
[1.761s] Level 1:colcon.colcon_core.package_identification:_identify(src/turtlebot3_simulations) by extension 'colcon_meta'
[1.761s] Level 1:colcon.colcon_core.package_identification:_identify(src/turtlebot3_simulations) by extensions ['ros']
[1.761s] Level 1:colcon.colcon_core.package_identification:_identify(src/turtlebot3_simulations) by extension 'ros'
[1.761s] Level 1:colcon.colcon_core.package_identification:_identify(src/turtlebot3_simulations) by extensions ['cmake', 'python']
[1.761s] Level 1:colcon.colcon_core.package_identification:_identify(src/turtlebot3_simulations) by extension 'cmake'
[1.761s] Level 1:colcon.colcon_core.package_identification:_identify(src/turtlebot3_simulations) by extension 'python'
[1.761s] Level 1:colcon.colcon_core.package_identification:_identify(src/turtlebot3_simulations) by extensions ['python_setup_py']
[1.761s] Level 1:colcon.colcon_core.package_identification:_identify(src/turtlebot3_simulations) by extension 'python_setup_py'
[1.761s] Level 1:colcon.colcon_core.package_identification:_identify(src/turtlebot3_simulations/turtlebot3_fake_node) by extensions ['ignore', 'ignore_ament_install']
[1.761s] Level 1:colcon.colcon_core.package_identification:_identify(src/turtlebot3_simulations/turtlebot3_fake_node) by extension 'ignore'
[1.761s] Level 1:colcon.colcon_core.package_identification:_identify(src/turtlebot3_simulations/turtlebot3_fake_node) by extension 'ignore_ament_install'
[1.761s] Level 1:colcon.colcon_core.package_identification:_identify(src/turtlebot3_simulations/turtlebot3_fake_node) by extensions ['colcon_pkg']
[1.761s] Level 1:colcon.colcon_core.package_identification:_identify(src/turtlebot3_simulations/turtlebot3_fake_node) by extension 'colcon_pkg'
[1.761s] Level 1:colcon.colcon_core.package_identification:_identify(src/turtlebot3_simulations/turtlebot3_fake_node) by extensions ['colcon_meta']
[1.761s] Level 1:colcon.colcon_core.package_identification:_identify(src/turtlebot3_simulations/turtlebot3_fake_node) by extension 'colcon_meta'
[1.761s] Level 1:colcon.colcon_core.package_identification:_identify(src/turtlebot3_simulations/turtlebot3_fake_node) by extensions ['ros']
[1.761s] Level 1:colcon.colcon_core.package_identification:_identify(src/turtlebot3_simulations/turtlebot3_fake_node) by extension 'ros'
[1.762s] DEBUG:colcon.colcon_core.package_identification:Package 'src/turtlebot3_simulations/turtlebot3_fake_node' with type 'ros.ament_cmake' and name 'turtlebot3_fake_node'
[1.762s] Level 1:colcon.colcon_core.package_identification:_identify(src/turtlebot3_simulations/turtlebot3_gazebo) by extensions ['ignore', 'ignore_ament_install']
[1.762s] Level 1:colcon.colcon_core.package_identification:_identify(src/turtlebot3_simulations/turtlebot3_gazebo) by extension 'ignore'
[1.762s] Level 1:colcon.colcon_core.package_identification:_identify(src/turtlebot3_simulations/turtlebot3_gazebo) by extension 'ignore_ament_install'
[1.762s] Level 1:colcon.colcon_core.package_identification:_identify(src/turtlebot3_simulations/turtlebot3_gazebo) by extensions ['colcon_pkg']
[1.762s] Level 1:colcon.colcon_core.package_identification:_identify(src/turtlebot3_simulations/turtlebot3_gazebo) by extension 'colcon_pkg'
[1.762s] Level 1:colcon.colcon_core.package_identification:_identify(src/turtlebot3_simulations/turtlebot3_gazebo) by extensions ['colcon_meta']
[1.762s] Level 1:colcon.colcon_core.package_identification:_identify(src/turtlebot3_simulations/turtlebot3_gazebo) by extension 'colcon_meta'
[1.762s] Level 1:colcon.colcon_core.package_identification:_identify(src/turtlebot3_simulations/turtlebot3_gazebo) by extensions ['ros']
[1.762s] Level 1:colcon.colcon_core.package_identification:_identify(src/turtlebot3_simulations/turtlebot3_gazebo) by extension 'ros'
[1.763s] DEBUG:colcon.colcon_core.package_identification:Package 'src/turtlebot3_simulations/turtlebot3_gazebo' with type 'ros.ament_cmake' and name 'turtlebot3_gazebo'
[1.764s] Level 1:colcon.colcon_core.package_identification:_identify(src/turtlebot3_simulations/turtlebot3_simulations) by extensions ['ignore', 'ignore_ament_install']
[1.764s] Level 1:colcon.colcon_core.package_identification:_identify(src/turtlebot3_simulations/turtlebot3_simulations) by extension 'ignore'
[1.764s] Level 1:colcon.colcon_core.package_identification:_identify(src/turtlebot3_simulations/turtlebot3_simulations) by extension 'ignore_ament_install'
[1.764s] Level 1:colcon.colcon_core.package_identification:_identify(src/turtlebot3_simulations/turtlebot3_simulations) by extensions ['colcon_pkg']
[1.764s] Level 1:colcon.colcon_core.package_identification:_identify(src/turtlebot3_simulations/turtlebot3_simulations) by extension 'colcon_pkg'
[1.764s] Level 1:colcon.colcon_core.package_identification:_identify(src/turtlebot3_simulations/turtlebot3_simulations) by extensions ['colcon_meta']
[1.764s] Level 1:colcon.colcon_core.package_identification:_identify(src/turtlebot3_simulations/turtlebot3_simulations) by extension 'colcon_meta'
[1.764s] Level 1:colcon.colcon_core.package_identification:_identify(src/turtlebot3_simulations/turtlebot3_simulations) by extensions ['ros']
[1.764s] Level 1:colcon.colcon_core.package_identification:_identify(src/turtlebot3_simulations/turtlebot3_simulations) by extension 'ros'
[1.764s] DEBUG:colcon.colcon_core.package_identification:Package 'src/turtlebot3_simulations/turtlebot3_simulations' with type 'ros.ament_cmake' and name 'turtlebot3_simulations'
[1.764s] Level 1:colcon.colcon_core.package_discovery:discover_packages(recursive) using defaults
[1.764s] Level 1:colcon.colcon_core.package_discovery:discover_packages(ignore) discover
[1.764s] Level 1:colcon.colcon_core.package_discovery:discover_packages(ignore) using defaults
[1.764s] Level 1:colcon.colcon_core.package_discovery:discover_packages(path) discover
[1.764s] Level 1:colcon.colcon_core.package_discovery:discover_packages(path) using defaults
[1.913s] Level 1:colcon.colcon_core.package_discovery:discover_packages(prefix_path) check parameters
[1.913s] Level 1:colcon.colcon_core.package_discovery:discover_packages(prefix_path) discover
[1.955s] DEBUG:colcon.colcon_installed_package_information.package_discovery:Found 5 installed packages in /home/evanyan13/colcon_ws/install
[1.971s] DEBUG:colcon.colcon_installed_package_information.package_discovery:Found 334 installed packages in /opt/ros/foxy
[1.971s] Level 1:colcon.colcon_core.package_discovery:discover_packages(prefix_path) using defaults
[2.130s] Level 5:colcon.colcon_core.verb:set package 'auto_nav' build argument 'cmake_args' from command line to 'None'
[2.130s] Level 5:colcon.colcon_core.verb:set package 'auto_nav' build argument 'cmake_target' from command line to 'None'
[2.130s] Level 5:colcon.colcon_core.verb:set package 'auto_nav' build argument 'cmake_target_skip_unavailable' from command line to 'False'
[2.130s] Level 5:colcon.colcon_core.verb:set package 'auto_nav' build argument 'cmake_clean_cache' from command line to 'False'
[2.130s] Level 5:colcon.colcon_core.verb:set package 'auto_nav' build argument 'cmake_clean_first' from command line to 'False'
[2.130s] Level 5:colcon.colcon_core.verb:set package 'auto_nav' build argument 'cmake_force_configure' from command line to 'False'
[2.130s] Level 5:colcon.colcon_core.verb:set package 'auto_nav' build argument 'ament_cmake_args' from command line to 'None'
[2.130s] Level 5:colcon.colcon_core.verb:set package 'auto_nav' build argument 'catkin_cmake_args' from command line to 'None'
[2.130s] Level 5:colcon.colcon_core.verb:set package 'auto_nav' build argument 'catkin_skip_building_tests' from command line to 'False'
[2.130s] DEBUG:colcon.colcon_core.verb:Building package 'auto_nav' with the following arguments: {'ament_cmake_args': None, 'build_base': '/home/evanyan13/colcon_ws/build/auto_nav', 'catkin_cmake_args': None, 'catkin_skip_building_tests': False, 'cmake_args': None, 'cmake_clean_cache': False, 'cmake_clean_first': False, 'cmake_force_configure': False, 'cmake_target': None, 'cmake_target_skip_unavailable': False, 'install_base': '/home/evanyan13/colcon_ws/install/auto_nav', 'merge_install': False, 'path': '/home/evanyan13/colcon_ws/src/auto_nav', 'symlink_install': False, 'test_result_base': None}
[2.144s] Level 5:colcon.colcon_core.verb:set package 'py_pubsub' build argument 'cmake_args' from command line to 'None'
[2.145s] Level 5:colcon.colcon_core.verb:set package 'py_pubsub' build argument 'cmake_target' from command line to 'None'
[2.145s] Level 5:colcon.colcon_core.verb:set package 'py_pubsub' build argument 'cmake_target_skip_unavailable' from command line to 'False'
[2.145s] Level 5:colcon.colcon_core.verb:set package 'py_pubsub' build argument 'cmake_clean_cache' from command line to 'False'
[2.145s] Level 5:colcon.colcon_core.verb:set package 'py_pubsub' build argument 'cmake_clean_first' from command line to 'False'
[2.145s] Level 5:colcon.colcon_core.verb:set package 'py_pubsub' build argument 'cmake_force_configure' from command line to 'False'
[2.145s] Level 5:colcon.colcon_core.verb:set package 'py_pubsub' build argument 'ament_cmake_args' from command line to 'None'
[2.145s] Level 5:colcon.colcon_core.verb:set package 'py_pubsub' build argument 'catkin_cmake_args' from command line to 'None'
[2.145s] Level 5:colcon.colcon_core.verb:set package 'py_pubsub' build argument 'catkin_skip_building_tests' from command line to 'False'
[2.145s] DEBUG:colcon.colcon_core.verb:Building package 'py_pubsub' with the following arguments: {'ament_cmake_args': None, 'build_base': '/home/evanyan13/colcon_ws/build/py_pubsub', 'catkin_cmake_args': None, 'catkin_skip_building_tests': False, 'cmake_args': None, 'cmake_clean_cache': False, 'cmake_clean_first': False, 'cmake_force_configure': False, 'cmake_target': None, 'cmake_target_skip_unavailable': False, 'install_base': '/home/evanyan13/colcon_ws/install/py_pubsub', 'merge_install': False, 'path': '/home/evanyan13/colcon_ws/src/py_pubsub', 'symlink_install': False, 'test_result_base': None}
[2.158s] Level 5:colcon.colcon_core.verb:set package 'turtlebot3_fake_node' build argument 'cmake_args' from command line to 'None'
[2.158s] Level 5:colcon.colcon_core.verb:set package 'turtlebot3_fake_node' build argument 'cmake_target' from command line to 'None'
[2.158s] Level 5:colcon.colcon_core.verb:set package 'turtlebot3_fake_node' build argument 'cmake_target_skip_unavailable' from command line to 'False'
[2.158s] Level 5:colcon.colcon_core.verb:set package 'turtlebot3_fake_node' build argument 'cmake_clean_cache' from command line to 'False'
[2.158s] Level 5:colcon.colcon_core.verb:set package 'turtlebot3_fake_node' build argument 'cmake_clean_first' from command line to 'False'
[2.158s] Level 5:colcon.colcon_core.verb:set package 'turtlebot3_fake_node' build argument 'cmake_force_configure' from command line to 'False'
[2.158s] Level 5:colcon.colcon_core.verb:set package 'turtlebot3_fake_node' build argument 'ament_cmake_args' from command line to 'None'
[2.158s] Level 5:colcon.colcon_core.verb:set package 'turtlebot3_fake_node' build argument 'catkin_cmake_args' from command line to 'None'
[2.158s] Level 5:colcon.colcon_core.verb:set package 'turtlebot3_fake_node' build argument 'catkin_skip_building_tests' from command line to 'False'
[2.158s] DEBUG:colcon.colcon_core.verb:Building package 'turtlebot3_fake_node' with the following arguments: {'ament_cmake_args': None, 'build_base': '/home/evanyan13/colcon_ws/build/turtlebot3_fake_node', 'catkin_cmake_args': None, 'catkin_skip_building_tests': False, 'cmake_args': None, 'cmake_clean_cache': False, 'cmake_clean_first': False, 'cmake_force_configure': False, 'cmake_target': None, 'cmake_target_skip_unavailable': False, 'install_base': '/home/evanyan13/colcon_ws/install/turtlebot3_fake_node', 'merge_install': False, 'path': '/home/evanyan13/colcon_ws/src/turtlebot3_simulations/turtlebot3_fake_node', 'symlink_install': False, 'test_result_base': None}
[2.180s] Level 5:colcon.colcon_core.verb:set package 'turtlebot3_gazebo' build argument 'cmake_args' from command line to 'None'
[2.180s] Level 5:colcon.colcon_core.verb:set package 'turtlebot3_gazebo' build argument 'cmake_target' from command line to 'None'
[2.180s] Level 5:colcon.colcon_core.verb:set package 'turtlebot3_gazebo' build argument 'cmake_target_skip_unavailable' from command line to 'False'
[2.180s] Level 5:colcon.colcon_core.verb:set package 'turtlebot3_gazebo' build argument 'cmake_clean_cache' from command line to 'False'
[2.180s] Level 5:colcon.colcon_core.verb:set package 'turtlebot3_gazebo' build argument 'cmake_clean_first' from command line to 'False'
[2.180s] Level 5:colcon.colcon_core.verb:set package 'turtlebot3_gazebo' build argument 'cmake_force_configure' from command line to 'False'
[2.180s] Level 5:colcon.colcon_core.verb:set package 'turtlebot3_gazebo' build argument 'ament_cmake_args' from command line to 'None'
[2.180s] Level 5:colcon.colcon_core.verb:set package 'turtlebot3_gazebo' build argument 'catkin_cmake_args' from command line to 'None'
[2.180s] Level 5:colcon.colcon_core.verb:set package 'turtlebot3_gazebo' build argument 'catkin_skip_building_tests' from command line to 'False'
[2.180s] DEBUG:colcon.colcon_core.verb:Building package 'turtlebot3_gazebo' with the following arguments: {'ament_cmake_args': None, 'build_base': '/home/evanyan13/colcon_ws/build/turtlebot3_gazebo', 'catkin_cmake_args': None, 'catkin_skip_building_tests': False, 'cmake_args': None, 'cmake_clean_cache': False, 'cmake_clean_first': False, 'cmake_force_configure': False, 'cmake_target': None, 'cmake_target_skip_unavailable': False, 'install_base': '/home/evanyan13/colcon_ws/install/turtlebot3_gazebo', 'merge_install': False, 'path': '/home/evanyan13/colcon_ws/src/turtlebot3_simulations/turtlebot3_gazebo', 'symlink_install': False, 'test_result_base': None}
[2.195s] Level 5:colcon.colcon_core.verb:set package 'turtlebot3_simulations' build argument 'cmake_args' from command line to 'None'
[2.195s] Level 5:colcon.colcon_core.verb:set package 'turtlebot3_simulations' build argument 'cmake_target' from command line to 'None'
[2.195s] Level 5:colcon.colcon_core.verb:set package 'turtlebot3_simulations' build argument 'cmake_target_skip_unavailable' from command line to 'False'
[2.195s] Level 5:colcon.colcon_core.verb:set package 'turtlebot3_simulations' build argument 'cmake_clean_cache' from command line to 'False'
[2.195s] Level 5:colcon.colcon_core.verb:set package 'turtlebot3_simulations' build argument 'cmake_clean_first' from command line to 'False'
[2.196s] Level 5:colcon.colcon_core.verb:set package 'turtlebot3_simulations' build argument 'cmake_force_configure' from command line to 'False'
[2.196s] Level 5:colcon.colcon_core.verb:set package 'turtlebot3_simulations' build argument 'ament_cmake_args' from command line to 'None'
[2.196s] Level 5:colcon.colcon_core.verb:set package 'turtlebot3_simulations' build argument 'catkin_cmake_args' from command line to 'None'
[2.196s] Level 5:colcon.colcon_core.verb:set package 'turtlebot3_simulations' build argument 'catkin_skip_building_tests' from command line to 'False'
[2.196s] DEBUG:colcon.colcon_core.verb:Building package 'turtlebot3_simulations' with the following arguments: {'ament_cmake_args': None, 'build_base': '/home/evanyan13/colcon_ws/build/turtlebot3_simulations', 'catkin_cmake_args': None, 'catkin_skip_building_tests': False, 'cmake_args': None, 'cmake_clean_cache': False, 'cmake_clean_first': False, 'cmake_force_configure': False, 'cmake_target': None, 'cmake_target_skip_unavailable': False, 'install_base': '/home/evanyan13/colcon_ws/install/turtlebot3_simulations', 'merge_install': False, 'path': '/home/evanyan13/colcon_ws/src/turtlebot3_simulations/turtlebot3_simulations', 'symlink_install': False, 'test_result_base': None}
[2.210s] INFO:colcon.colcon_core.executor:Executing jobs using 'parallel' executor
[2.226s] DEBUG:colcon.colcon_parallel_executor.executor.parallel:run_until_complete
[2.226s] INFO:colcon.colcon_ros.task.ament_cmake.build:Building ROS package in '/home/evanyan13/colcon_ws/src/turtlebot3_simulations/turtlebot3_fake_node' with build type 'ament_cmake'
[2.226s] INFO:colcon.colcon_cmake.task.cmake.build:Building CMake package in '/home/evanyan13/colcon_ws/src/turtlebot3_simulations/turtlebot3_fake_node'
[2.263s] INFO:colcon.colcon_core.plugin_system:Skipping extension 'colcon_core.shell.bat': Not used on non-Windows systems
[2.263s] INFO:colcon.colcon_core.shell:Skip shell extension 'powershell' for command environment: Not usable outside of PowerShell
[2.263s] DEBUG:colcon.colcon_core.shell:Skip shell extension 'dsv' for command environment
[2.341s] INFO:colcon.colcon_ros.task.ament_cmake.build:Building ROS package in '/home/evanyan13/colcon_ws/src/turtlebot3_simulations/turtlebot3_gazebo' with build type 'ament_cmake'
[2.341s] INFO:colcon.colcon_cmake.task.cmake.build:Building CMake package in '/home/evanyan13/colcon_ws/src/turtlebot3_simulations/turtlebot3_gazebo'
[2.359s] INFO:colcon.colcon_core.shell:Skip shell extension 'powershell' for command environment: Not usable outside of PowerShell
[2.359s] DEBUG:colcon.colcon_core.shell:Skip shell extension 'dsv' for command environment
[2.410s] INFO:colcon.colcon_ros.task.ament_python.build:Building ROS package in '/home/evanyan13/colcon_ws/src/auto_nav' with build type 'ament_python'
[2.410s] Level 1:colcon.colcon_core.shell:create_environment_hook('auto_nav', 'ament_prefix_path')
[2.428s] INFO:colcon.colcon_core.shell:Creating environment hook '/home/evanyan13/colcon_ws/install/auto_nav/share/auto_nav/hook/ament_prefix_path.ps1'
[2.429s] INFO:colcon.colcon_core.shell:Creating environment descriptor '/home/evanyan13/colcon_ws/install/auto_nav/share/auto_nav/hook/ament_prefix_path.dsv'
[2.430s] INFO:colcon.colcon_core.shell:Creating environment hook '/home/evanyan13/colcon_ws/install/auto_nav/share/auto_nav/hook/ament_prefix_path.sh'
[2.446s] INFO:colcon.colcon_core.shell:Skip shell extension 'powershell' for command environment: Not usable outside of PowerShell
[2.446s] DEBUG:colcon.colcon_core.shell:Skip shell extension 'dsv' for command environment
[2.495s] INFO:colcon.colcon_ros.task.ament_python.build:Building ROS package in '/home/evanyan13/colcon_ws/src/py_pubsub' with build type 'ament_python'
[2.496s] Level 1:colcon.colcon_core.shell:create_environment_hook('py_pubsub', 'ament_prefix_path')
[2.511s] INFO:colcon.colcon_core.shell:Creating environment hook '/home/evanyan13/colcon_ws/install/py_pubsub/share/py_pubsub/hook/ament_prefix_path.ps1'
[2.511s] INFO:colcon.colcon_core.shell:Creating environment descriptor '/home/evanyan13/colcon_ws/install/py_pubsub/share/py_pubsub/hook/ament_prefix_path.dsv'
[2.511s] INFO:colcon.colcon_core.shell:Creating environment hook '/home/evanyan13/colcon_ws/install/py_pubsub/share/py_pubsub/hook/ament_prefix_path.sh'
[2.527s] INFO:colcon.colcon_core.shell:Skip shell extension 'powershell' for command environment: Not usable outside of PowerShell
[2.527s] DEBUG:colcon.colcon_core.shell:Skip shell extension 'dsv' for command environment
[2.593s] DEBUG:colcon.colcon_core.event_handler.log_command:Invoking command in '/home/evanyan13/colcon_ws/build/turtlebot3_fake_node': CMAKE_PREFIX_PATH=${CMAKE_PREFIX_PATH}:/home/evanyan13/colcon_ws/install/py_pubsub:/home/evanyan13/colcon_ws/install/auto_nav:/opt/ros/foxy /usr/bin/cmake /home/evanyan13/colcon_ws/src/turtlebot3_simulations/turtlebot3_fake_node -DCMAKE_INSTALL_PREFIX=/home/evanyan13/colcon_ws/install/turtlebot3_fake_node
[2.616s] DEBUG:colcon.colcon_core.event_handler.log_command:Invoking command in '/home/evanyan13/colcon_ws/build/turtlebot3_gazebo': CMAKE_PREFIX_PATH=${CMAKE_PREFIX_PATH}:/home/evanyan13/colcon_ws/install/py_pubsub:/home/evanyan13/colcon_ws/install/auto_nav:/opt/ros/foxy /usr/bin/cmake /home/evanyan13/colcon_ws/src/turtlebot3_simulations/turtlebot3_gazebo -DCMAKE_INSTALL_PREFIX=/home/evanyan13/colcon_ws/install/turtlebot3_gazebo
[2.735s] INFO:colcon.colcon_core.task.python.build:Building Python package in '/home/evanyan13/colcon_ws/src/auto_nav'
[2.753s] INFO:colcon.colcon_core.shell:Skip shell extension 'powershell' for command environment: Not usable outside of PowerShell
[2.753s] DEBUG:colcon.colcon_core.shell:Skip shell extension 'dsv' for command environment
[2.946s] INFO:colcon.colcon_core.task.python.build:Building Python package in '/home/evanyan13/colcon_ws/src/py_pubsub'
[2.967s] INFO:colcon.colcon_core.shell:Skip shell extension 'powershell' for command environment: Not usable outside of PowerShell
[2.967s] DEBUG:colcon.colcon_core.shell:Skip shell extension 'dsv' for command environment
[3.521s] DEBUG:colcon.colcon_core.event_handler.log_command:Invoking command in '/home/evanyan13/colcon_ws/build/auto_nav': PYTHONPATH=/home/evanyan13/colcon_ws/build/auto_nav/prefix_override:/home/evanyan13/colcon_ws/install/auto_nav/lib/python3.8/site-packages:${PYTHONPATH} /usr/bin/python3 setup.py develop --uninstall --editable --build-directory /home/evanyan13/colcon_ws/build/auto_nav/build
[3.524s] DEBUG:colcon.colcon_core.event_handler.log_command:Invoking command in '/home/evanyan13/colcon_ws/build/py_pubsub': PYTHONPATH=/home/evanyan13/colcon_ws/build/py_pubsub/prefix_override:/home/evanyan13/colcon_ws/install/py_pubsub/lib/python3.8/site-packages:${PYTHONPATH} /usr/bin/python3 setup.py develop --uninstall --editable --build-directory /home/evanyan13/colcon_ws/build/py_pubsub/build
[3.777s] DEBUG:colcon.colcon_core.event_handler.log_command:Invoked command in '/home/evanyan13/colcon_ws/build/py_pubsub' returned '0': PYTHONPATH=/home/evanyan13/colcon_ws/build/py_pubsub/prefix_override:/home/evanyan13/colcon_ws/install/py_pubsub/lib/python3.8/site-packages:${PYTHONPATH} /usr/bin/python3 setup.py develop --uninstall --editable --build-directory /home/evanyan13/colcon_ws/build/py_pubsub/build
[3.778s] DEBUG:colcon.colcon_core.event_handler.log_command:Invoking command in '/home/evanyan13/colcon_ws/src/py_pubsub': PYTHONPATH=/home/evanyan13/colcon_ws/build/py_pubsub/prefix_override:/home/evanyan13/colcon_ws/install/py_pubsub/lib/python3.8/site-packages:${PYTHONPATH} /usr/bin/python3 setup.py egg_info --egg-base ../../build/py_pubsub build --build-base /home/evanyan13/colcon_ws/build/py_pubsub/build install --record /home/evanyan13/colcon_ws/build/py_pubsub/install.log --install-scripts $base/lib/py_pubsub --single-version-externally-managed
[3.782s] DEBUG:colcon.colcon_core.event_handler.log_command:Invoked command in '/home/evanyan13/colcon_ws/build/auto_nav' returned '0': PYTHONPATH=/home/evanyan13/colcon_ws/build/auto_nav/prefix_override:/home/evanyan13/colcon_ws/install/auto_nav/lib/python3.8/site-packages:${PYTHONPATH} /usr/bin/python3 setup.py develop --uninstall --editable --build-directory /home/evanyan13/colcon_ws/build/auto_nav/build
[3.783s] DEBUG:colcon.colcon_core.event_handler.log_command:Invoking command in '/home/evanyan13/colcon_ws/src/auto_nav': PYTHONPATH=/home/evanyan13/colcon_ws/build/auto_nav/prefix_override:/home/evanyan13/colcon_ws/install/auto_nav/lib/python3.8/site-packages:${PYTHONPATH} /usr/bin/python3 setup.py egg_info --egg-base ../../build/auto_nav build --build-base /home/evanyan13/colcon_ws/build/auto_nav/build install --record /home/evanyan13/colcon_ws/build/auto_nav/install.log --install-scripts $base/lib/auto_nav --single-version-externally-managed
[3.958s] DEBUG:colcon.colcon_core.event_handler.log_command:Invoked command in '/home/evanyan13/colcon_ws/src/auto_nav' returned '0': PYTHONPATH=/home/evanyan13/colcon_ws/build/auto_nav/prefix_override:/home/evanyan13/colcon_ws/install/auto_nav/lib/python3.8/site-packages:${PYTHONPATH} /usr/bin/python3 setup.py egg_info --egg-base ../../build/auto_nav build --build-base /home/evanyan13/colcon_ws/build/auto_nav/build install --record /home/evanyan13/colcon_ws/build/auto_nav/install.log --install-scripts $base/lib/auto_nav --single-version-externally-managed
[3.988s] Level 1:colcon.colcon_core.environment:checking '/home/evanyan13/colcon_ws/install/auto_nav' for CMake module files
[3.989s] Level 1:colcon.colcon_core.environment:checking '/home/evanyan13/colcon_ws/install/auto_nav' for CMake config files
[3.989s] Level 1:colcon.colcon_core.environment:checking '/home/evanyan13/colcon_ws/install/auto_nav/lib'
[3.989s] Level 1:colcon.colcon_core.environment:checking '/home/evanyan13/colcon_ws/install/auto_nav/bin'
[3.989s] Level 1:colcon.colcon_core.environment:checking '/home/evanyan13/colcon_ws/install/auto_nav/lib/pkgconfig/auto_nav.pc'
[3.989s] Level 1:colcon.colcon_core.environment:checking '/home/evanyan13/colcon_ws/install/auto_nav/lib/python3.8/site-packages'
[3.989s] Level 1:colcon.colcon_core.shell:create_environment_hook('auto_nav', 'pythonpath')
[4.006s] INFO:colcon.colcon_core.shell:Creating environment hook '/home/evanyan13/colcon_ws/install/auto_nav/share/auto_nav/hook/pythonpath.ps1'
[4.006s] INFO:colcon.colcon_core.shell:Creating environment descriptor '/home/evanyan13/colcon_ws/install/auto_nav/share/auto_nav/hook/pythonpath.dsv'
[4.006s] INFO:colcon.colcon_core.shell:Creating environment hook '/home/evanyan13/colcon_ws/install/auto_nav/share/auto_nav/hook/pythonpath.sh'
[4.006s] Level 1:colcon.colcon_core.environment:checking '/home/evanyan13/colcon_ws/install/auto_nav/bin'
[4.006s] Level 1:colcon.colcon_core.environment:create_environment_scripts_only(auto_nav)
[4.021s] INFO:colcon.colcon_core.shell:Creating package script '/home/evanyan13/colcon_ws/install/auto_nav/share/auto_nav/package.ps1'
[4.023s] INFO:colcon.colcon_core.shell:Creating package descriptor '/home/evanyan13/colcon_ws/install/auto_nav/share/auto_nav/package.dsv'
[4.033s] INFO:colcon.colcon_core.shell:Creating package script '/home/evanyan13/colcon_ws/install/auto_nav/share/auto_nav/package.sh'
[4.034s] INFO:colcon.colcon_core.shell:Creating package script '/home/evanyan13/colcon_ws/install/auto_nav/share/auto_nav/package.bash'
[4.035s] INFO:colcon.colcon_core.shell:Creating package script '/home/evanyan13/colcon_ws/install/auto_nav/share/auto_nav/package.zsh'
[4.038s] Level 1:colcon.colcon_core.environment:create_file_with_runtime_dependencies(/home/evanyan13/colcon_ws/install/auto_nav/share/colcon-core/packages/auto_nav)
[4.043s] DEBUG:colcon.colcon_core.event_handler.log_command:Invoked command in '/home/evanyan13/colcon_ws/src/py_pubsub' returned '0': PYTHONPATH=/home/evanyan13/colcon_ws/build/py_pubsub/prefix_override:/home/evanyan13/colcon_ws/install/py_pubsub/lib/python3.8/site-packages:${PYTHONPATH} /usr/bin/python3 setup.py egg_info --egg-base ../../build/py_pubsub build --build-base /home/evanyan13/colcon_ws/build/py_pubsub/build install --record /home/evanyan13/colcon_ws/build/py_pubsub/install.log --install-scripts $base/lib/py_pubsub --single-version-externally-managed
[4.055s] Level 1:colcon.colcon_core.environment:checking '/home/evanyan13/colcon_ws/install/py_pubsub' for CMake module files
[4.055s] Level 1:colcon.colcon_core.environment:checking '/home/evanyan13/colcon_ws/install/py_pubsub' for CMake config files
[4.055s] Level 1:colcon.colcon_core.environment:checking '/home/evanyan13/colcon_ws/install/py_pubsub/lib'
[4.055s] Level 1:colcon.colcon_core.environment:checking '/home/evanyan13/colcon_ws/install/py_pubsub/bin'
[4.055s] Level 1:colcon.colcon_core.environment:checking '/home/evanyan13/colcon_ws/install/py_pubsub/lib/pkgconfig/py_pubsub.pc'
[4.055s] Level 1:colcon.colcon_core.environment:checking '/home/evanyan13/colcon_ws/install/py_pubsub/lib/python3.8/site-packages'
[4.056s] Level 1:colcon.colcon_core.shell:create_environment_hook('py_pubsub', 'pythonpath')
[4.071s] INFO:colcon.colcon_core.shell:Creating environment hook '/home/evanyan13/colcon_ws/install/py_pubsub/share/py_pubsub/hook/pythonpath.ps1'
[4.072s] INFO:colcon.colcon_core.shell:Creating environment descriptor '/home/evanyan13/colcon_ws/install/py_pubsub/share/py_pubsub/hook/pythonpath.dsv'
[4.072s] INFO:colcon.colcon_core.shell:Creating environment hook '/home/evanyan13/colcon_ws/install/py_pubsub/share/py_pubsub/hook/pythonpath.sh'
[4.072s] Level 1:colcon.colcon_core.environment:checking '/home/evanyan13/colcon_ws/install/py_pubsub/bin'
[4.072s] Level 1:colcon.colcon_core.environment:create_environment_scripts_only(py_pubsub)
[4.088s] INFO:colcon.colcon_core.shell:Creating package script '/home/evanyan13/colcon_ws/install/py_pubsub/share/py_pubsub/package.ps1'
[4.088s] INFO:colcon.colcon_core.shell:Creating package descriptor '/home/evanyan13/colcon_ws/install/py_pubsub/share/py_pubsub/package.dsv'
[4.089s] INFO:colcon.colcon_core.shell:Creating package script '/home/evanyan13/colcon_ws/install/py_pubsub/share/py_pubsub/package.sh'
[4.090s] INFO:colcon.colcon_core.shell:Creating package script '/home/evanyan13/colcon_ws/install/py_pubsub/share/py_pubsub/package.bash'
[4.090s] INFO:colcon.colcon_core.shell:Creating package script '/home/evanyan13/colcon_ws/install/py_pubsub/share/py_pubsub/package.zsh'
[4.090s] Level 1:colcon.colcon_core.environment:create_file_with_runtime_dependencies(/home/evanyan13/colcon_ws/install/py_pubsub/share/colcon-core/packages/py_pubsub)
[4.446s] DEBUG:colcon.colcon_core.event_handler.log_command:Invoked command in '/home/evanyan13/colcon_ws/build/turtlebot3_fake_node' returned '0': CMAKE_PREFIX_PATH=${CMAKE_PREFIX_PATH}:/home/evanyan13/colcon_ws/install/py_pubsub:/home/evanyan13/colcon_ws/install/auto_nav:/opt/ros/foxy /usr/bin/cmake /home/evanyan13/colcon_ws/src/turtlebot3_simulations/turtlebot3_fake_node -DCMAKE_INSTALL_PREFIX=/home/evanyan13/colcon_ws/install/turtlebot3_fake_node
[4.446s] DEBUG:colcon.colcon_core.event_handler.log_command:Invoking command in '/home/evanyan13/colcon_ws/build/turtlebot3_fake_node': CMAKE_PREFIX_PATH=${CMAKE_PREFIX_PATH}:/home/evanyan13/colcon_ws/install/py_pubsub:/home/evanyan13/colcon_ws/install/auto_nav:/opt/ros/foxy /usr/bin/cmake --build /home/evanyan13/colcon_ws/build/turtlebot3_fake_node -- -j6 -l6
[4.644s] DEBUG:colcon.colcon_core.event_handler.log_command:Invoked command in '/home/evanyan13/colcon_ws/build/turtlebot3_fake_node' returned '0': CMAKE_PREFIX_PATH=${CMAKE_PREFIX_PATH}:/home/evanyan13/colcon_ws/install/py_pubsub:/home/evanyan13/colcon_ws/install/auto_nav:/opt/ros/foxy /usr/bin/cmake --build /home/evanyan13/colcon_ws/build/turtlebot3_fake_node -- -j6 -l6
[4.715s] DEBUG:colcon.colcon_core.event_handler.log_command:Invoking command in '/home/evanyan13/colcon_ws/build/turtlebot3_fake_node': CMAKE_PREFIX_PATH=${CMAKE_PREFIX_PATH}:/home/evanyan13/colcon_ws/install/py_pubsub:/home/evanyan13/colcon_ws/install/auto_nav:/opt/ros/foxy /usr/bin/cmake --install /home/evanyan13/colcon_ws/build/turtlebot3_fake_node
[4.731s] Level 1:colcon.colcon_core.environment:create_environment_scripts_only(turtlebot3_fake_node)
[4.735s] DEBUG:colcon.colcon_core.event_handler.log_command:Invoked command in '/home/evanyan13/colcon_ws/build/turtlebot3_fake_node' returned '0': CMAKE_PREFIX_PATH=${CMAKE_PREFIX_PATH}:/home/evanyan13/colcon_ws/install/py_pubsub:/home/evanyan13/colcon_ws/install/auto_nav:/opt/ros/foxy /usr/bin/cmake --install /home/evanyan13/colcon_ws/build/turtlebot3_fake_node
[4.752s] Level 1:colcon.colcon_core.environment:checking '/home/evanyan13/colcon_ws/install/turtlebot3_fake_node' for CMake module files
[4.752s] Level 1:colcon.colcon_core.environment:checking '/home/evanyan13/colcon_ws/install/turtlebot3_fake_node' for CMake config files
[4.752s] Level 1:colcon.colcon_core.shell:create_environment_hook('turtlebot3_fake_node', 'cmake_prefix_path')
[4.778s] INFO:colcon.colcon_core.shell:Creating environment hook '/home/evanyan13/colcon_ws/install/turtlebot3_fake_node/share/turtlebot3_fake_node/hook/cmake_prefix_path.ps1'
[4.779s] INFO:colcon.colcon_core.shell:Creating environment descriptor '/home/evanyan13/colcon_ws/install/turtlebot3_fake_node/share/turtlebot3_fake_node/hook/cmake_prefix_path.dsv'
[4.779s] INFO:colcon.colcon_core.shell:Creating environment hook '/home/evanyan13/colcon_ws/install/turtlebot3_fake_node/share/turtlebot3_fake_node/hook/cmake_prefix_path.sh'
[4.780s] Level 1:colcon.colcon_core.environment:checking '/home/evanyan13/colcon_ws/install/turtlebot3_fake_node/lib'
[4.780s] Level 1:colcon.colcon_core.environment:checking '/home/evanyan13/colcon_ws/install/turtlebot3_fake_node/bin'
[4.780s] Level 1:colcon.colcon_core.environment:checking '/home/evanyan13/colcon_ws/install/turtlebot3_fake_node/lib/pkgconfig/turtlebot3_fake_node.pc'
[4.780s] Level 1:colcon.colcon_core.environment:checking '/home/evanyan13/colcon_ws/install/turtlebot3_fake_node/lib/python3.8/site-packages'
[4.780s] Level 1:colcon.colcon_core.environment:checking '/home/evanyan13/colcon_ws/install/turtlebot3_fake_node/bin'
[4.796s] INFO:colcon.colcon_core.shell:Creating package script '/home/evanyan13/colcon_ws/install/turtlebot3_fake_node/share/turtlebot3_fake_node/package.ps1'
[4.796s] INFO:colcon.colcon_core.shell:Creating package descriptor '/home/evanyan13/colcon_ws/install/turtlebot3_fake_node/share/turtlebot3_fake_node/package.dsv'
[4.796s] INFO:colcon.colcon_core.shell:Creating package script '/home/evanyan13/colcon_ws/install/turtlebot3_fake_node/share/turtlebot3_fake_node/package.sh'
[4.796s] INFO:colcon.colcon_core.shell:Creating package script '/home/evanyan13/colcon_ws/install/turtlebot3_fake_node/share/turtlebot3_fake_node/package.bash'
[4.796s] INFO:colcon.colcon_core.shell:Creating package script '/home/evanyan13/colcon_ws/install/turtlebot3_fake_node/share/turtlebot3_fake_node/package.zsh'
[4.796s] Level 1:colcon.colcon_core.environment:create_file_with_runtime_dependencies(/home/evanyan13/colcon_ws/install/turtlebot3_fake_node/share/colcon-core/packages/turtlebot3_fake_node)
[4.813s] DEBUG:colcon.colcon_core.event_handler.log_command:Invoked command in '/home/evanyan13/colcon_ws/build/turtlebot3_gazebo' returned '0': CMAKE_PREFIX_PATH=${CMAKE_PREFIX_PATH}:/home/evanyan13/colcon_ws/install/py_pubsub:/home/evanyan13/colcon_ws/install/auto_nav:/opt/ros/foxy /usr/bin/cmake /home/evanyan13/colcon_ws/src/turtlebot3_simulations/turtlebot3_gazebo -DCMAKE_INSTALL_PREFIX=/home/evanyan13/colcon_ws/install/turtlebot3_gazebo
[4.814s] DEBUG:colcon.colcon_core.event_handler.log_command:Invoking command in '/home/evanyan13/colcon_ws/build/turtlebot3_gazebo': CMAKE_PREFIX_PATH=${CMAKE_PREFIX_PATH}:/home/evanyan13/colcon_ws/install/py_pubsub:/home/evanyan13/colcon_ws/install/auto_nav:/opt/ros/foxy /usr/bin/cmake --build /home/evanyan13/colcon_ws/build/turtlebot3_gazebo -- -j6 -l6
[4.884s] Level 1:colcon.colcon_core.environment:create_environment_scripts_only(turtlebot3_fake_node)
[4.905s] Level 1:colcon.colcon_core.environment:checking '/home/evanyan13/colcon_ws/install/turtlebot3_fake_node' for CMake module files
[4.906s] Level 1:colcon.colcon_core.environment:checking '/home/evanyan13/colcon_ws/install/turtlebot3_fake_node' for CMake config files
[4.906s] Level 1:colcon.colcon_core.shell:create_environment_hook('turtlebot3_fake_node', 'cmake_prefix_path')
[4.933s] INFO:colcon.colcon_core.shell:Creating environment hook '/home/evanyan13/colcon_ws/install/turtlebot3_fake_node/share/turtlebot3_fake_node/hook/cmake_prefix_path.ps1'
[4.933s] INFO:colcon.colcon_core.shell:Creating environment descriptor '/home/evanyan13/colcon_ws/install/turtlebot3_fake_node/share/turtlebot3_fake_node/hook/cmake_prefix_path.dsv'
[4.933s] INFO:colcon.colcon_core.shell:Creating environment hook '/home/evanyan13/colcon_ws/install/turtlebot3_fake_node/share/turtlebot3_fake_node/hook/cmake_prefix_path.sh'
[4.934s] Level 1:colcon.colcon_core.environment:checking '/home/evanyan13/colcon_ws/install/turtlebot3_fake_node/lib'
[4.934s] Level 1:colcon.colcon_core.environment:checking '/home/evanyan13/colcon_ws/install/turtlebot3_fake_node/bin'
[4.934s] Level 1:colcon.colcon_core.environment:checking '/home/evanyan13/colcon_ws/install/turtlebot3_fake_node/lib/pkgconfig/turtlebot3_fake_node.pc'
[4.934s] Level 1:colcon.colcon_core.environment:checking '/home/evanyan13/colcon_ws/install/turtlebot3_fake_node/lib/python3.8/site-packages'
[4.934s] Level 1:colcon.colcon_core.environment:checking '/home/evanyan13/colcon_ws/install/turtlebot3_fake_node/bin'
[4.950s] INFO:colcon.colcon_core.shell:Creating package script '/home/evanyan13/colcon_ws/install/turtlebot3_fake_node/share/turtlebot3_fake_node/package.ps1'
[4.950s] INFO:colcon.colcon_core.shell:Creating package descriptor '/home/evanyan13/colcon_ws/install/turtlebot3_fake_node/share/turtlebot3_fake_node/package.dsv'
[4.950s] INFO:colcon.colcon_core.shell:Creating package script '/home/evanyan13/colcon_ws/install/turtlebot3_fake_node/share/turtlebot3_fake_node/package.sh'
[4.950s] INFO:colcon.colcon_core.shell:Creating package script '/home/evanyan13/colcon_ws/install/turtlebot3_fake_node/share/turtlebot3_fake_node/package.bash'
[4.951s] INFO:colcon.colcon_core.shell:Creating package script '/home/evanyan13/colcon_ws/install/turtlebot3_fake_node/share/turtlebot3_fake_node/package.zsh'
[4.951s] Level 1:colcon.colcon_core.environment:create_file_with_runtime_dependencies(/home/evanyan13/colcon_ws/install/turtlebot3_fake_node/share/colcon-core/packages/turtlebot3_fake_node)
[4.952s] DEBUG:colcon.colcon_core.event_handler.log_command:Invoked command in '/home/evanyan13/colcon_ws/build/turtlebot3_gazebo' returned '0': CMAKE_PREFIX_PATH=${CMAKE_PREFIX_PATH}:/home/evanyan13/colcon_ws/install/py_pubsub:/home/evanyan13/colcon_ws/install/auto_nav:/opt/ros/foxy /usr/bin/cmake --build /home/evanyan13/colcon_ws/build/turtlebot3_gazebo -- -j6 -l6
[5.034s] DEBUG:colcon.colcon_core.event_handler.log_command:Invoking command in '/home/evanyan13/colcon_ws/build/turtlebot3_gazebo': CMAKE_PREFIX_PATH=${CMAKE_PREFIX_PATH}:/home/evanyan13/colcon_ws/install/py_pubsub:/home/evanyan13/colcon_ws/install/auto_nav:/opt/ros/foxy /usr/bin/cmake --install /home/evanyan13/colcon_ws/build/turtlebot3_gazebo
[5.092s] Level 1:colcon.colcon_core.environment:create_environment_scripts_only(turtlebot3_gazebo)
[5.093s] DEBUG:colcon.colcon_core.event_handler.log_command:Invoked command in '/home/evanyan13/colcon_ws/build/turtlebot3_gazebo' returned '0': CMAKE_PREFIX_PATH=${CMAKE_PREFIX_PATH}:/home/evanyan13/colcon_ws/install/py_pubsub:/home/evanyan13/colcon_ws/install/auto_nav:/opt/ros/foxy /usr/bin/cmake --install /home/evanyan13/colcon_ws/build/turtlebot3_gazebo
[5.109s] Level 1:colcon.colcon_core.environment:checking '/home/evanyan13/colcon_ws/install/turtlebot3_gazebo' for CMake module files
[5.109s] Level 1:colcon.colcon_core.environment:checking '/home/evanyan13/colcon_ws/install/turtlebot3_gazebo' for CMake config files
[5.110s] Level 1:colcon.colcon_core.shell:create_environment_hook('turtlebot3_gazebo', 'cmake_prefix_path')
[5.126s] INFO:colcon.colcon_core.shell:Creating environment hook '/home/evanyan13/colcon_ws/install/turtlebot3_gazebo/share/turtlebot3_gazebo/hook/cmake_prefix_path.ps1'
[5.126s] INFO:colcon.colcon_core.shell:Creating environment descriptor '/home/evanyan13/colcon_ws/install/turtlebot3_gazebo/share/turtlebot3_gazebo/hook/cmake_prefix_path.dsv'
[5.126s] INFO:colcon.colcon_core.shell:Creating environment hook '/home/evanyan13/colcon_ws/install/turtlebot3_gazebo/share/turtlebot3_gazebo/hook/cmake_prefix_path.sh'
[5.127s] Level 1:colcon.colcon_core.environment:checking '/home/evanyan13/colcon_ws/install/turtlebot3_gazebo/lib'
[5.127s] Level 1:colcon.colcon_core.environment:checking '/home/evanyan13/colcon_ws/install/turtlebot3_gazebo/bin'
[5.127s] Level 1:colcon.colcon_core.environment:checking '/home/evanyan13/colcon_ws/install/turtlebot3_gazebo/lib/pkgconfig/turtlebot3_gazebo.pc'
[5.127s] Level 1:colcon.colcon_core.environment:checking '/home/evanyan13/colcon_ws/install/turtlebot3_gazebo/lib/python3.8/site-packages'
[5.128s] Level 1:colcon.colcon_core.environment:checking '/home/evanyan13/colcon_ws/install/turtlebot3_gazebo/bin'
[5.143s] INFO:colcon.colcon_core.shell:Creating package script '/home/evanyan13/colcon_ws/install/turtlebot3_gazebo/share/turtlebot3_gazebo/package.ps1'
[5.143s] INFO:colcon.colcon_core.shell:Creating package descriptor '/home/evanyan13/colcon_ws/install/turtlebot3_gazebo/share/turtlebot3_gazebo/package.dsv'
[5.143s] INFO:colcon.colcon_core.shell:Creating package script '/home/evanyan13/colcon_ws/install/turtlebot3_gazebo/share/turtlebot3_gazebo/package.sh'
[5.143s] INFO:colcon.colcon_core.shell:Creating package script '/home/evanyan13/colcon_ws/install/turtlebot3_gazebo/share/turtlebot3_gazebo/package.bash'
[5.144s] INFO:colcon.colcon_core.shell:Creating package script '/home/evanyan13/colcon_ws/install/turtlebot3_gazebo/share/turtlebot3_gazebo/package.zsh'
[5.144s] Level 1:colcon.colcon_core.environment:create_file_with_runtime_dependencies(/home/evanyan13/colcon_ws/install/turtlebot3_gazebo/share/colcon-core/packages/turtlebot3_gazebo)
[5.237s] Level 1:colcon.colcon_core.environment:create_environment_scripts_only(turtlebot3_gazebo)
[5.252s] Level 1:colcon.colcon_core.environment:checking '/home/evanyan13/colcon_ws/install/turtlebot3_gazebo' for CMake module files
[5.252s] Level 1:colcon.colcon_core.environment:checking '/home/evanyan13/colcon_ws/install/turtlebot3_gazebo' for CMake config files
[5.253s] Level 1:colcon.colcon_core.shell:create_environment_hook('turtlebot3_gazebo', 'cmake_prefix_path')
[5.268s] INFO:colcon.colcon_core.shell:Creating environment hook '/home/evanyan13/colcon_ws/install/turtlebot3_gazebo/share/turtlebot3_gazebo/hook/cmake_prefix_path.ps1'
[5.268s] INFO:colcon.colcon_core.shell:Creating environment descriptor '/home/evanyan13/colcon_ws/install/turtlebot3_gazebo/share/turtlebot3_gazebo/hook/cmake_prefix_path.dsv'
[5.269s] INFO:colcon.colcon_core.shell:Creating environment hook '/home/evanyan13/colcon_ws/install/turtlebot3_gazebo/share/turtlebot3_gazebo/hook/cmake_prefix_path.sh'
[5.269s] Level 1:colcon.colcon_core.environment:checking '/home/evanyan13/colcon_ws/install/turtlebot3_gazebo/lib'
[5.269s] Level 1:colcon.colcon_core.environment:checking '/home/evanyan13/colcon_ws/install/turtlebot3_gazebo/bin'
[5.269s] Level 1:colcon.colcon_core.environment:checking '/home/evanyan13/colcon_ws/install/turtlebot3_gazebo/lib/pkgconfig/turtlebot3_gazebo.pc'
[5.269s] Level 1:colcon.colcon_core.environment:checking '/home/evanyan13/colcon_ws/install/turtlebot3_gazebo/lib/python3.8/site-packages'
[5.269s] Level 1:colcon.colcon_core.environment:checking '/home/evanyan13/colcon_ws/install/turtlebot3_gazebo/bin'
[5.284s] INFO:colcon.colcon_core.shell:Creating package script '/home/evanyan13/colcon_ws/install/turtlebot3_gazebo/share/turtlebot3_gazebo/package.ps1'
[5.285s] INFO:colcon.colcon_core.shell:Creating package descriptor '/home/evanyan13/colcon_ws/install/turtlebot3_gazebo/share/turtlebot3_gazebo/package.dsv'
[5.285s] INFO:colcon.colcon_core.shell:Creating package script '/home/evanyan13/colcon_ws/install/turtlebot3_gazebo/share/turtlebot3_gazebo/package.sh'
[5.286s] INFO:colcon.colcon_core.shell:Creating package script '/home/evanyan13/colcon_ws/install/turtlebot3_gazebo/share/turtlebot3_gazebo/package.bash'
[5.286s] INFO:colcon.colcon_core.shell:Creating package script '/home/evanyan13/colcon_ws/install/turtlebot3_gazebo/share/turtlebot3_gazebo/package.zsh'
[5.286s] Level 1:colcon.colcon_core.environment:create_file_with_runtime_dependencies(/home/evanyan13/colcon_ws/install/turtlebot3_gazebo/share/colcon-core/packages/turtlebot3_gazebo)
[5.287s] INFO:colcon.colcon_ros.task.ament_cmake.build:Building ROS package in '/home/evanyan13/colcon_ws/src/turtlebot3_simulations/turtlebot3_simulations' with build type 'ament_cmake'
[5.287s] INFO:colcon.colcon_cmake.task.cmake.build:Building CMake package in '/home/evanyan13/colcon_ws/src/turtlebot3_simulations/turtlebot3_simulations'
[5.302s] INFO:colcon.colcon_core.shell:Skip shell extension 'powershell' for command environment: Not usable outside of PowerShell
[5.302s] DEBUG:colcon.colcon_core.shell:Skip shell extension 'dsv' for command environment
[5.357s] DEBUG:colcon.colcon_core.event_handler.log_command:Invoking command in '/home/evanyan13/colcon_ws/build/turtlebot3_simulations': CMAKE_PREFIX_PATH=/home/evanyan13/colcon_ws/install/turtlebot3_gazebo:/home/evanyan13/colcon_ws/install/turtlebot3_fake_node:/home/evanyan13/colcon_ws/install/turtlebot3_simulations:/home/evanyan13/colcon_ws/install/py_pubsub:/home/evanyan13/colcon_ws/install/auto_nav:/opt/ros/foxy /usr/bin/cmake /home/evanyan13/colcon_ws/src/turtlebot3_simulations/turtlebot3_simulations -DCMAKE_INSTALL_PREFIX=/home/evanyan13/colcon_ws/install/turtlebot3_simulations
[5.544s] DEBUG:colcon.colcon_core.event_handler.log_command:Invoked command in '/home/evanyan13/colcon_ws/build/turtlebot3_simulations' returned '0': CMAKE_PREFIX_PATH=/home/evanyan13/colcon_ws/install/turtlebot3_gazebo:/home/evanyan13/colcon_ws/install/turtlebot3_fake_node:/home/evanyan13/colcon_ws/install/turtlebot3_simulations:/home/evanyan13/colcon_ws/install/py_pubsub:/home/evanyan13/colcon_ws/install/auto_nav:/opt/ros/foxy /usr/bin/cmake /home/evanyan13/colcon_ws/src/turtlebot3_simulations/turtlebot3_simulations -DCMAKE_INSTALL_PREFIX=/home/evanyan13/colcon_ws/install/turtlebot3_simulations
[5.544s] DEBUG:colcon.colcon_core.event_handler.log_command:Invoking command in '/home/evanyan13/colcon_ws/build/turtlebot3_simulations': CMAKE_PREFIX_PATH=/home/evanyan13/colcon_ws/install/turtlebot3_gazebo:/home/evanyan13/colcon_ws/install/turtlebot3_fake_node:/home/evanyan13/colcon_ws/install/turtlebot3_simulations:/home/evanyan13/colcon_ws/install/py_pubsub:/home/evanyan13/colcon_ws/install/auto_nav:/opt/ros/foxy /usr/bin/cmake --build /home/evanyan13/colcon_ws/build/turtlebot3_simulations -- -j6 -l6
[5.583s] DEBUG:colcon.colcon_core.event_handler.log_command:Invoked command in '/home/evanyan13/colcon_ws/build/turtlebot3_simulations' returned '0': CMAKE_PREFIX_PATH=/home/evanyan13/colcon_ws/install/turtlebot3_gazebo:/home/evanyan13/colcon_ws/install/turtlebot3_fake_node:/home/evanyan13/colcon_ws/install/turtlebot3_simulations:/home/evanyan13/colcon_ws/install/py_pubsub:/home/evanyan13/colcon_ws/install/auto_nav:/opt/ros/foxy /usr/bin/cmake --build /home/evanyan13/colcon_ws/build/turtlebot3_simulations -- -j6 -l6
[5.617s] DEBUG:colcon.colcon_core.event_handler.log_command:Invoking command in '/home/evanyan13/colcon_ws/build/turtlebot3_simulations': CMAKE_PREFIX_PATH=/home/evanyan13/colcon_ws/install/turtlebot3_gazebo:/home/evanyan13/colcon_ws/install/turtlebot3_fake_node:/home/evanyan13/colcon_ws/install/turtlebot3_simulations:/home/evanyan13/colcon_ws/install/py_pubsub:/home/evanyan13/colcon_ws/install/auto_nav:/opt/ros/foxy /usr/bin/cmake --install /home/evanyan13/colcon_ws/build/turtlebot3_simulations
[5.644s] Level 1:colcon.colcon_core.environment:create_environment_scripts_only(turtlebot3_simulations)
[5.651s] DEBUG:colcon.colcon_core.event_handler.log_command:Invoked command in '/home/evanyan13/colcon_ws/build/turtlebot3_simulations' returned '0': CMAKE_PREFIX_PATH=/home/evanyan13/colcon_ws/install/turtlebot3_gazebo:/home/evanyan13/colcon_ws/install/turtlebot3_fake_node:/home/evanyan13/colcon_ws/install/turtlebot3_simulations:/home/evanyan13/colcon_ws/install/py_pubsub:/home/evanyan13/colcon_ws/install/auto_nav:/opt/ros/foxy /usr/bin/cmake --install /home/evanyan13/colcon_ws/build/turtlebot3_simulations
[5.663s] Level 1:colcon.colcon_core.environment:checking '/home/evanyan13/colcon_ws/install/turtlebot3_simulations' for CMake module files
[5.663s] Level 1:colcon.colcon_core.environment:checking '/home/evanyan13/colcon_ws/install/turtlebot3_simulations' for CMake config files
[5.663s] Level 1:colcon.colcon_core.shell:create_environment_hook('turtlebot3_simulations', 'cmake_prefix_path')
[5.684s] INFO:colcon.colcon_core.shell:Creating environment hook '/home/evanyan13/colcon_ws/install/turtlebot3_simulations/share/turtlebot3_simulations/hook/cmake_prefix_path.ps1'
[5.684s] INFO:colcon.colcon_core.shell:Creating environment descriptor '/home/evanyan13/colcon_ws/install/turtlebot3_simulations/share/turtlebot3_simulations/hook/cmake_prefix_path.dsv'
[5.684s] INFO:colcon.colcon_core.shell:Creating environment hook '/home/evanyan13/colcon_ws/install/turtlebot3_simulations/share/turtlebot3_simulations/hook/cmake_prefix_path.sh'
[5.684s] Level 1:colcon.colcon_core.environment:checking '/home/evanyan13/colcon_ws/install/turtlebot3_simulations/bin'
[5.684s] Level 1:colcon.colcon_core.environment:checking '/home/evanyan13/colcon_ws/install/turtlebot3_simulations/lib/pkgconfig/turtlebot3_simulations.pc'
[5.684s] Level 1:colcon.colcon_core.environment:checking '/home/evanyan13/colcon_ws/install/turtlebot3_simulations/lib/python3.8/site-packages'
[5.684s] Level 1:colcon.colcon_core.environment:checking '/home/evanyan13/colcon_ws/install/turtlebot3_simulations/bin'
[5.699s] INFO:colcon.colcon_core.shell:Creating package script '/home/evanyan13/colcon_ws/install/turtlebot3_simulations/share/turtlebot3_simulations/package.ps1'
[5.700s] INFO:colcon.colcon_core.shell:Creating package descriptor '/home/evanyan13/colcon_ws/install/turtlebot3_simulations/share/turtlebot3_simulations/package.dsv'
[5.700s] INFO:colcon.colcon_core.shell:Creating package script '/home/evanyan13/colcon_ws/install/turtlebot3_simulations/share/turtlebot3_simulations/package.sh'
[5.700s] INFO:colcon.colcon_core.shell:Creating package script '/home/evanyan13/colcon_ws/install/turtlebot3_simulations/share/turtlebot3_simulations/package.bash'
[5.700s] INFO:colcon.colcon_core.shell:Creating package script '/home/evanyan13/colcon_ws/install/turtlebot3_simulations/share/turtlebot3_simulations/package.zsh'
[5.700s] Level 1:colcon.colcon_core.environment:create_file_with_runtime_dependencies(/home/evanyan13/colcon_ws/install/turtlebot3_simulations/share/colcon-core/packages/turtlebot3_simulations)
[5.749s] Level 1:colcon.colcon_core.environment:create_environment_scripts_only(turtlebot3_simulations)
[5.765s] Level 1:colcon.colcon_core.environment:checking '/home/evanyan13/colcon_ws/install/turtlebot3_simulations' for CMake module files
[5.765s] Level 1:colcon.colcon_core.environment:checking '/home/evanyan13/colcon_ws/install/turtlebot3_simulations' for CMake config files
[5.766s] Level 1:colcon.colcon_core.shell:create_environment_hook('turtlebot3_simulations', 'cmake_prefix_path')
[5.780s] INFO:colcon.colcon_core.shell:Creating environment hook '/home/evanyan13/colcon_ws/install/turtlebot3_simulations/share/turtlebot3_simulations/hook/cmake_prefix_path.ps1'
[5.781s] INFO:colcon.colcon_core.shell:Creating environment descriptor '/home/evanyan13/colcon_ws/install/turtlebot3_simulations/share/turtlebot3_simulations/hook/cmake_prefix_path.dsv'
[5.781s] INFO:colcon.colcon_core.shell:Creating environment hook '/home/evanyan13/colcon_ws/install/turtlebot3_simulations/share/turtlebot3_simulations/hook/cmake_prefix_path.sh'
[5.782s] Level 1:colcon.colcon_core.environment:checking '/home/evanyan13/colcon_ws/install/turtlebot3_simulations/bin'
[5.782s] Level 1:colcon.colcon_core.environment:checking '/home/evanyan13/colcon_ws/install/turtlebot3_simulations/lib/pkgconfig/turtlebot3_simulations.pc'
[5.782s] Level 1:colcon.colcon_core.environment:checking '/home/evanyan13/colcon_ws/install/turtlebot3_simulations/lib/python3.8/site-packages'
[5.782s] Level 1:colcon.colcon_core.environment:checking '/home/evanyan13/colcon_ws/install/turtlebot3_simulations/bin'
[5.798s] INFO:colcon.colcon_core.shell:Creating package script '/home/evanyan13/colcon_ws/install/turtlebot3_simulations/share/turtlebot3_simulations/package.ps1'
[5.798s] INFO:colcon.colcon_core.shell:Creating package descriptor '/home/evanyan13/colcon_ws/install/turtlebot3_simulations/share/turtlebot3_simulations/package.dsv'
[5.798s] INFO:colcon.colcon_core.shell:Creating package script '/home/evanyan13/colcon_ws/install/turtlebot3_simulations/share/turtlebot3_simulations/package.sh'
[5.798s] INFO:colcon.colcon_core.shell:Creating package script '/home/evanyan13/colcon_ws/install/turtlebot3_simulations/share/turtlebot3_simulations/package.bash'
[5.799s] INFO:colcon.colcon_core.shell:Creating package script '/home/evanyan13/colcon_ws/install/turtlebot3_simulations/share/turtlebot3_simulations/package.zsh'
[5.799s] Level 1:colcon.colcon_core.environment:create_file_with_runtime_dependencies(/home/evanyan13/colcon_ws/install/turtlebot3_simulations/share/colcon-core/packages/turtlebot3_simulations)
[5.799s] DEBUG:colcon.colcon_parallel_executor.executor.parallel:closing loop
[5.799s] DEBUG:colcon.colcon_parallel_executor.executor.parallel:loop closed
[5.799s] DEBUG:colcon.colcon_parallel_executor.executor.parallel:run_until_complete finished with '0'
[5.800s] DEBUG:colcon.colcon_core.event_reactor:joining thread
[5.843s] INFO:colcon.colcon_core.plugin_system:Skipping extension 'colcon_notification.desktop_notification.terminal_notifier': Not used on non-Darwin systems
[5.844s] INFO:colcon.colcon_core.plugin_system:Skipping extension 'colcon_notification.desktop_notification.win32': Not used on non-Windows systems
[5.844s] INFO:colcon.colcon_notification.desktop_notification:Sending desktop notification using 'notify2'
[5.856s] DEBUG:colcon.colcon_core.event_reactor:joined thread
[5.879s] INFO:colcon.colcon_core.shell:Creating prefix script '/home/evanyan13/colcon_ws/install/local_setup.ps1'
[5.880s] INFO:colcon.colcon_core.shell:Creating prefix util module '/home/evanyan13/colcon_ws/install/_local_setup_util_ps1.py'
[5.882s] INFO:colcon.colcon_core.shell:Creating prefix chain script '/home/evanyan13/colcon_ws/install/setup.ps1'
[5.898s] INFO:colcon.colcon_core.shell:Creating prefix script '/home/evanyan13/colcon_ws/install/local_setup.sh'
[5.899s] INFO:colcon.colcon_core.shell:Creating prefix util module '/home/evanyan13/colcon_ws/install/_local_setup_util_sh.py'
[5.900s] INFO:colcon.colcon_core.shell:Creating prefix chain script '/home/evanyan13/colcon_ws/install/setup.sh'
[5.917s] INFO:colcon.colcon_core.shell:Creating prefix script '/home/evanyan13/colcon_ws/install/local_setup.bash'
[5.918s] INFO:colcon.colcon_core.shell:Creating prefix chain script '/home/evanyan13/colcon_ws/install/setup.bash'
[5.939s] INFO:colcon.colcon_core.shell:Creating prefix script '/home/evanyan13/colcon_ws/install/local_setup.zsh'
[5.940s] INFO:colcon.colcon_core.shell:Creating prefix chain script '/home/evanyan13/colcon_ws/install/setup.zsh'
