[0.069s] Invoking command in '/home/evanyan13/colcon_ws/build/turtlebot3_simulations': CMAKE_PREFIX_PATH=/home/evanyan13/colcon_ws/install/turtlebot3_gazebo:/home/evanyan13/colcon_ws/install/turtlebot3_fake_node:/home/evanyan13/colcon_ws/install/turtlebot3_simulations:/home/evanyan13/colcon_ws/install/py_pubsub:/home/evanyan13/colcon_ws/install/auto_nav:/opt/ros/foxy /usr/bin/cmake /home/evanyan13/colcon_ws/src/turtlebot3_simulations/turtlebot3_simulations -DCMAKE_INSTALL_PREFIX=/home/evanyan13/colcon_ws/install/turtlebot3_simulations
[0.080s] -- Found ament_cmake: 0.9.12 (/opt/ros/foxy/share/ament_cmake/cmake)
[0.098s] -- Using PYTHON_EXECUTABLE: /usr/bin/python3
[0.178s] -- Override CMake install command with custom implementation using symlinks instead of copying resources
[0.249s] -- Configuring done
[0.252s] -- Generating done
[0.253s] -- Build files have been written to: /home/evanyan13/colcon_ws/build/turtlebot3_simulations
[0.256s] Invoked command in '/home/evanyan13/colcon_ws/build/turtlebot3_simulations' returned '0': CMAKE_PREFIX_PATH=/home/evanyan13/colcon_ws/install/turtlebot3_gazebo:/home/evanyan13/colcon_ws/install/turtlebot3_fake_node:/home/evanyan13/colcon_ws/install/turtlebot3_simulations:/home/evanyan13/colcon_ws/install/py_pubsub:/home/evanyan13/colcon_ws/install/auto_nav:/opt/ros/foxy /usr/bin/cmake /home/evanyan13/colcon_ws/src/turtlebot3_simulations/turtlebot3_simulations -DCMAKE_INSTALL_PREFIX=/home/evanyan13/colcon_ws/install/turtlebot3_simulations
[0.257s] Invoking command in '/home/evanyan13/colcon_ws/build/turtlebot3_simulations': CMAKE_PREFIX_PATH=/home/evanyan13/colcon_ws/install/turtlebot3_gazebo:/home/evanyan13/colcon_ws/install/turtlebot3_fake_node:/home/evanyan13/colcon_ws/install/turtlebot3_simulations:/home/evanyan13/colcon_ws/install/py_pubsub:/home/evanyan13/colcon_ws/install/auto_nav:/opt/ros/foxy /usr/bin/cmake --build /home/evanyan13/colcon_ws/build/turtlebot3_simulations -- -j6 -l6
[0.295s] Invoked command in '/home/evanyan13/colcon_ws/build/turtlebot3_simulations' returned '0': CMAKE_PREFIX_PATH=/home/evanyan13/colcon_ws/install/turtlebot3_gazebo:/home/evanyan13/colcon_ws/install/turtlebot3_fake_node:/home/evanyan13/colcon_ws/install/turtlebot3_simulations:/home/evanyan13/colcon_ws/install/py_pubsub:/home/evanyan13/colcon_ws/install/auto_nav:/opt/ros/foxy /usr/bin/cmake --build /home/evanyan13/colcon_ws/build/turtlebot3_simulations -- -j6 -l6
[0.329s] Invoking command in '/home/evanyan13/colcon_ws/build/turtlebot3_simulations': CMAKE_PREFIX_PATH=/home/evanyan13/colcon_ws/install/turtlebot3_gazebo:/home/evanyan13/colcon_ws/install/turtlebot3_fake_node:/home/evanyan13/colcon_ws/install/turtlebot3_simulations:/home/evanyan13/colcon_ws/install/py_pubsub:/home/evanyan13/colcon_ws/install/auto_nav:/opt/ros/foxy /usr/bin/cmake --install /home/evanyan13/colcon_ws/build/turtlebot3_simulations
[0.334s] -- Install configuration: ""
[0.335s] -- Execute custom install script
[0.335s] -- Up-to-date symlink: /home/evanyan13/colcon_ws/install/turtlebot3_simulations/share/ament_index/resource_index/package_run_dependencies/turtlebot3_simulations
[0.335s] -- Up-to-date symlink: /home/evanyan13/colcon_ws/install/turtlebot3_simulations/share/ament_index/resource_index/parent_prefix_path/turtlebot3_simulations
[0.335s] -- Up-to-date symlink: /home/evanyan13/colcon_ws/install/turtlebot3_simulations/share/turtlebot3_simulations/environment/ament_prefix_path.sh
[0.335s] -- Up-to-date symlink: /home/evanyan13/colcon_ws/install/turtlebot3_simulations/share/turtlebot3_simulations/environment/ament_prefix_path.dsv
[0.335s] -- Up-to-date symlink: /home/evanyan13/colcon_ws/install/turtlebot3_simulations/share/turtlebot3_simulations/environment/path.sh
[0.335s] -- Up-to-date symlink: /home/evanyan13/colcon_ws/install/turtlebot3_simulations/share/turtlebot3_simulations/environment/path.dsv
[0.335s] -- Up-to-date symlink: /home/evanyan13/colcon_ws/install/turtlebot3_simulations/share/turtlebot3_simulations/local_setup.bash
[0.336s] -- Up-to-date symlink: /home/evanyan13/colcon_ws/install/turtlebot3_simulations/share/turtlebot3_simulations/local_setup.sh
[0.336s] -- Up-to-date symlink: /home/evanyan13/colcon_ws/install/turtlebot3_simulations/share/turtlebot3_simulations/local_setup.zsh
[0.336s] -- Up-to-date symlink: /home/evanyan13/colcon_ws/install/turtlebot3_simulations/share/turtlebot3_simulations/local_setup.dsv
[0.336s] -- Symlinking: /home/evanyan13/colcon_ws/install/turtlebot3_simulations/share/turtlebot3_simulations/package.dsv
[0.356s] -- Up-to-date symlink: /home/evanyan13/colcon_ws/install/turtlebot3_simulations/share/ament_index/resource_index/packages/turtlebot3_simulations
[0.356s] -- Up-to-date symlink: /home/evanyan13/colcon_ws/install/turtlebot3_simulations/share/turtlebot3_simulations/cmake/turtlebot3_simulationsConfig.cmake
[0.356s] -- Up-to-date symlink: /home/evanyan13/colcon_ws/install/turtlebot3_simulations/share/turtlebot3_simulations/cmake/turtlebot3_simulationsConfig-version.cmake
[0.356s] -- Up-to-date symlink: /home/evanyan13/colcon_ws/install/turtlebot3_simulations/share/turtlebot3_simulations/package.xml
[0.363s] Invoked command in '/home/evanyan13/colcon_ws/build/turtlebot3_simulations' returned '0': CMAKE_PREFIX_PATH=/home/evanyan13/colcon_ws/install/turtlebot3_gazebo:/home/evanyan13/colcon_ws/install/turtlebot3_fake_node:/home/evanyan13/colcon_ws/install/turtlebot3_simulations:/home/evanyan13/colcon_ws/install/py_pubsub:/home/evanyan13/colcon_ws/install/auto_nav:/opt/ros/foxy /usr/bin/cmake --install /home/evanyan13/colcon_ws/build/turtlebot3_simulations
