[1.206s] DEBUG:colcon:Command line arguments: ['/usr/bin/colcon', 'build', '--symlink-install']
[1.206s] DEBUG:colcon:Parsed command line arguments: Namespace(allow_overriding=[], ament_cmake_args=None, base_paths=['.'], build_base='build', catkin_cmake_args=None, catkin_skip_building_tests=False, cmake_args=None, cmake_clean_cache=False, cmake_clean_first=False, cmake_force_configure=False, cmake_target=None, cmake_target_skip_unavailable=False, continue_on_error=False, event_handlers=None, executor='parallel', ignore_user_meta=False, install_base='install', log_base=None, log_level=None, main=<bound method BuildVerb.main of <colcon_core.verb.build.BuildVerb object at 0xffffa1278280>>, merge_install=False, metas=['./colcon.meta'], packages_above=None, packages_above_and_dependencies=None, packages_above_depth=None, packages_end=None, packages_ignore=None, packages_ignore_regex=None, packages_select=None, packages_select_build_failed=False, packages_select_by_dep=None, packages_select_regex=None, packages_select_test_failures=False, packages_skip=None, packages_skip_build_finished=False, packages_skip_by_dep=None, packages_skip_regex=None, packages_skip_test_passed=False, packages_skip_up_to=None, packages_start=None, packages_up_to=None, packages_up_to_regex=None, parallel_workers=6, paths=None, symlink_install=True, test_result_base=None, verb_extension=<colcon_core.verb.build.BuildVerb object at 0xffffa1278280>, verb_name='build', verb_parser=<colcon_defaults.argument_parser.defaults.DefaultArgumentsDecorator object at 0xffffa0f02d00>)
[1.263s] Level 1:colcon.colcon_core.package_discovery:discover_packages(colcon_meta) check parameters
[1.263s] Level 1:colcon.colcon_core.package_discovery:discover_packages(recursive) check parameters
[1.263s] Level 1:colcon.colcon_core.package_discovery:discover_packages(ignore) check parameters
[1.263s] Level 1:colcon.colcon_core.package_discovery:discover_packages(path) check parameters
[1.263s] Level 1:colcon.colcon_core.package_discovery:discover_packages(colcon_meta) discover
[1.263s] Level 1:colcon.colcon_core.package_discovery:discover_packages(recursive) discover
[1.263s] INFO:colcon.colcon_core.package_discovery:Crawling recursively for packages in '/home/evanyan13/colcon_ws/src/lidar_pubsub'
[1.264s] Level 1:colcon.colcon_core.package_identification:_identify(.) by extensions ['ignore', 'ignore_ament_install']
[1.264s] Level 1:colcon.colcon_core.package_identification:_identify(.) by extension 'ignore'
[1.264s] Level 1:colcon.colcon_core.package_identification:_identify(.) by extension 'ignore_ament_install'
[1.264s] Level 1:colcon.colcon_core.package_identification:_identify(.) by extensions ['colcon_pkg']
[1.264s] Level 1:colcon.colcon_core.package_identification:_identify(.) by extension 'colcon_pkg'
[1.264s] Level 1:colcon.colcon_core.package_identification:_identify(.) by extensions ['colcon_meta']
[1.264s] Level 1:colcon.colcon_core.package_identification:_identify(.) by extension 'colcon_meta'
[1.264s] Level 1:colcon.colcon_core.package_identification:_identify(.) by extensions ['ros']
[1.264s] Level 1:colcon.colcon_core.package_identification:_identify(.) by extension 'ros'
[1.272s] DEBUG:colcon.colcon_core.package_identification:Package '.' with type 'ros.ament_python' and name 'lidar_pubsub'
[1.272s] Level 1:colcon.colcon_core.package_discovery:discover_packages(recursive) using defaults
[1.272s] Level 1:colcon.colcon_core.package_discovery:discover_packages(ignore) discover
[1.272s] Level 1:colcon.colcon_core.package_discovery:discover_packages(ignore) using defaults
[1.272s] Level 1:colcon.colcon_core.package_discovery:discover_packages(path) discover
[1.272s] Level 1:colcon.colcon_core.package_discovery:discover_packages(path) using defaults
[1.384s] Level 1:colcon.colcon_core.package_discovery:discover_packages(prefix_path) check parameters
[1.384s] Level 1:colcon.colcon_core.package_discovery:discover_packages(prefix_path) discover
[1.425s] DEBUG:colcon.colcon_installed_package_information.package_discovery:Found 5 installed packages in /home/evanyan13/colcon_ws/install
[1.450s] DEBUG:colcon.colcon_installed_package_information.package_discovery:Found 334 installed packages in /opt/ros/foxy
[1.451s] Level 1:colcon.colcon_core.package_discovery:discover_packages(prefix_path) using defaults
[1.524s] Level 5:colcon.colcon_core.verb:set package 'lidar_pubsub' build argument 'cmake_args' from command line to 'None'
[1.524s] Level 5:colcon.colcon_core.verb:set package 'lidar_pubsub' build argument 'cmake_target' from command line to 'None'
[1.524s] Level 5:colcon.colcon_core.verb:set package 'lidar_pubsub' build argument 'cmake_target_skip_unavailable' from command line to 'False'
[1.524s] Level 5:colcon.colcon_core.verb:set package 'lidar_pubsub' build argument 'cmake_clean_cache' from command line to 'False'
[1.524s] Level 5:colcon.colcon_core.verb:set package 'lidar_pubsub' build argument 'cmake_clean_first' from command line to 'False'
[1.524s] Level 5:colcon.colcon_core.verb:set package 'lidar_pubsub' build argument 'cmake_force_configure' from command line to 'False'
[1.524s] Level 5:colcon.colcon_core.verb:set package 'lidar_pubsub' build argument 'ament_cmake_args' from command line to 'None'
[1.524s] Level 5:colcon.colcon_core.verb:set package 'lidar_pubsub' build argument 'catkin_cmake_args' from command line to 'None'
[1.524s] Level 5:colcon.colcon_core.verb:set package 'lidar_pubsub' build argument 'catkin_skip_building_tests' from command line to 'False'
[1.524s] DEBUG:colcon.colcon_core.verb:Building package 'lidar_pubsub' with the following arguments: {'ament_cmake_args': None, 'build_base': '/home/evanyan13/colcon_ws/src/lidar_pubsub/build/lidar_pubsub', 'catkin_cmake_args': None, 'catkin_skip_building_tests': False, 'cmake_args': None, 'cmake_clean_cache': False, 'cmake_clean_first': False, 'cmake_force_configure': False, 'cmake_target': None, 'cmake_target_skip_unavailable': False, 'install_base': '/home/evanyan13/colcon_ws/src/lidar_pubsub/install/lidar_pubsub', 'merge_install': False, 'path': '/home/evanyan13/colcon_ws/src/lidar_pubsub', 'symlink_install': True, 'test_result_base': None}
[1.545s] INFO:colcon.colcon_core.executor:Executing jobs using 'parallel' executor
[1.564s] DEBUG:colcon.colcon_parallel_executor.executor.parallel:run_until_complete
[1.564s] INFO:colcon.colcon_ros.task.ament_python.build:Building ROS package in '/home/evanyan13/colcon_ws/src/lidar_pubsub' with build type 'ament_python'
[1.564s] Level 1:colcon.colcon_core.shell:create_environment_hook('lidar_pubsub', 'ament_prefix_path')
[1.601s] INFO:colcon.colcon_core.plugin_system:Skipping extension 'colcon_core.shell.bat': Not used on non-Windows systems
[1.601s] INFO:colcon.colcon_core.shell:Creating environment hook '/home/evanyan13/colcon_ws/src/lidar_pubsub/install/lidar_pubsub/share/lidar_pubsub/hook/ament_prefix_path.ps1'
[1.603s] INFO:colcon.colcon_core.shell:Creating environment descriptor '/home/evanyan13/colcon_ws/src/lidar_pubsub/install/lidar_pubsub/share/lidar_pubsub/hook/ament_prefix_path.dsv'
[1.604s] INFO:colcon.colcon_core.shell:Creating environment hook '/home/evanyan13/colcon_ws/src/lidar_pubsub/install/lidar_pubsub/share/lidar_pubsub/hook/ament_prefix_path.sh'
[1.645s] INFO:colcon.colcon_core.shell:Skip shell extension 'powershell' for command environment: Not usable outside of PowerShell
[1.645s] DEBUG:colcon.colcon_core.shell:Skip shell extension 'dsv' for command environment
[1.880s] INFO:colcon.colcon_core.task.python.build:Building Python package in '/home/evanyan13/colcon_ws/src/lidar_pubsub'
[1.903s] INFO:colcon.colcon_core.shell:Skip shell extension 'powershell' for command environment: Not usable outside of PowerShell
[1.904s] DEBUG:colcon.colcon_core.shell:Skip shell extension 'dsv' for command environment
[2.650s] DEBUG:colcon.colcon_core.event_handler.log_command:Invoking command in '/home/evanyan13/colcon_ws/src/lidar_pubsub/build/lidar_pubsub': PYTHONPATH=/home/evanyan13/colcon_ws/src/lidar_pubsub/build/lidar_pubsub/prefix_override:/home/evanyan13/colcon_ws/src/lidar_pubsub/install/lidar_pubsub/lib/python3.8/site-packages:${PYTHONPATH} /usr/bin/python3 setup.py develop --editable --build-directory /home/evanyan13/colcon_ws/src/lidar_pubsub/build/lidar_pubsub/build --no-deps install_data
[2.898s] DEBUG:colcon.colcon_core.event_handler.log_command:Invoked command in '/home/evanyan13/colcon_ws/src/lidar_pubsub/build/lidar_pubsub' returned '1': PYTHONPATH=/home/evanyan13/colcon_ws/src/lidar_pubsub/build/lidar_pubsub/prefix_override:/home/evanyan13/colcon_ws/src/lidar_pubsub/install/lidar_pubsub/lib/python3.8/site-packages:${PYTHONPATH} /usr/bin/python3 setup.py develop --editable --build-directory /home/evanyan13/colcon_ws/src/lidar_pubsub/build/lidar_pubsub/build --no-deps install_data
[2.908s] DEBUG:colcon.colcon_parallel_executor.executor.parallel:closing loop
[2.908s] DEBUG:colcon.colcon_parallel_executor.executor.parallel:loop closed
[2.908s] DEBUG:colcon.colcon_parallel_executor.executor.parallel:run_until_complete finished with '1'
[2.908s] DEBUG:colcon.colcon_core.event_reactor:joining thread
[2.962s] INFO:colcon.colcon_core.plugin_system:Skipping extension 'colcon_notification.desktop_notification.terminal_notifier': Not used on non-Darwin systems
[2.962s] INFO:colcon.colcon_core.plugin_system:Skipping extension 'colcon_notification.desktop_notification.win32': Not used on non-Windows systems
[2.962s] INFO:colcon.colcon_notification.desktop_notification:Sending desktop notification using 'notify2'
[2.992s] DEBUG:colcon.colcon_core.event_reactor:joined thread
[3.014s] INFO:colcon.colcon_core.shell:Creating prefix script '/home/evanyan13/colcon_ws/src/lidar_pubsub/install/local_setup.ps1'
[3.015s] INFO:colcon.colcon_core.shell:Creating prefix util module '/home/evanyan13/colcon_ws/src/lidar_pubsub/install/_local_setup_util_ps1.py'
[3.016s] INFO:colcon.colcon_core.shell:Creating prefix chain script '/home/evanyan13/colcon_ws/src/lidar_pubsub/install/setup.ps1'
[3.045s] INFO:colcon.colcon_core.shell:Creating prefix script '/home/evanyan13/colcon_ws/src/lidar_pubsub/install/local_setup.sh'
[3.046s] INFO:colcon.colcon_core.shell:Creating prefix util module '/home/evanyan13/colcon_ws/src/lidar_pubsub/install/_local_setup_util_sh.py'
[3.046s] INFO:colcon.colcon_core.shell:Creating prefix chain script '/home/evanyan13/colcon_ws/src/lidar_pubsub/install/setup.sh'
[3.084s] INFO:colcon.colcon_core.shell:Creating prefix script '/home/evanyan13/colcon_ws/src/lidar_pubsub/install/local_setup.bash'
[3.085s] INFO:colcon.colcon_core.shell:Creating prefix chain script '/home/evanyan13/colcon_ws/src/lidar_pubsub/install/setup.bash'
[3.109s] INFO:colcon.colcon_core.shell:Creating prefix script '/home/evanyan13/colcon_ws/src/lidar_pubsub/install/local_setup.zsh'
[3.116s] INFO:colcon.colcon_core.shell:Creating prefix chain script '/home/evanyan13/colcon_ws/src/lidar_pubsub/install/setup.zsh'
