[0.568s] Invoking command in '/home/evanyan13/colcon_ws/src/build/turtlebot3_fake_node': CMAKE_PREFIX_PATH=${CMAKE_PREFIX_PATH}:/home/evanyan13/colcon_ws/install/state_machine:/home/evanyan13/colcon_ws/install/py_pubsub:/home/evanyan13/colcon_ws/install/navi_main:/home/evanyan13/colcon_ws/install/marker:/home/evanyan13/colcon_ws/install/lidar_pubsub:/home/evanyan13/colcon_ws/install/launcher:/home/evanyan13/colcon_ws/install/auto_nav:/home/evanyan13/colcon_ws/install/a_star:/opt/ros/foxy /usr/bin/cmake --build /home/evanyan13/colcon_ws/src/build/turtlebot3_fake_node -- -j6 -l6
[1.411s] -- Found ament_cmake: 0.9.12 (/opt/ros/foxy/share/ament_cmake/cmake)
[1.411s] -- Using PYTHON_EXECUTABLE: /usr/bin/python3
[1.411s] -- Override CMake install command with custom implementation using symlinks instead of copying resources
[1.411s] -- Found geometry_msgs: 2.0.5 (/opt/ros/foxy/share/geometry_msgs/cmake)
[1.411s] -- Using all available rosidl_typesupport_c: rosidl_typesupport_fastrtps_c;rosidl_typesupport_introspection_c
[1.411s] -- Found rosidl_adapter: 1.3.1 (/opt/ros/foxy/share/rosidl_adapter/cmake)
[1.412s] -- Using all available rosidl_typesupport_cpp: rosidl_typesupport_fastrtps_cpp;rosidl_typesupport_introspection_cpp
[1.412s] -- Found nav_msgs: 2.0.5 (/opt/ros/foxy/share/nav_msgs/cmake)
[1.412s] -- Found rclcpp: 2.4.3 (/opt/ros/foxy/share/rclcpp/cmake)
[1.413s] -- Found rmw_implementation_cmake: 1.0.4 (/opt/ros/foxy/share/rmw_implementation_cmake/cmake)
[1.413s] -- Using RMW implementation 'rmw_fastrtps_cpp' as default
[1.413s] -- Found sensor_msgs: 2.0.5 (/opt/ros/foxy/share/sensor_msgs/cmake)
[1.416s] -- Found tf2: 0.13.14 (/opt/ros/foxy/share/tf2/cmake)
[1.416s] -- Found tf2_msgs: 0.13.14 (/opt/ros/foxy/share/tf2_msgs/cmake)
[1.417s] -- Found turtlebot3_msgs: 2.2.1 (/opt/ros/foxy/share/turtlebot3_msgs/cmake)
[1.417s] -- Configuring done
[1.417s] -- Generating done
[1.417s] -- Build files have been written to: /home/evanyan13/colcon_ws/src/build/turtlebot3_fake_node
[1.417s] [100%] Built target turtlebot3_fake_node
[1.450s] Invoked command in '/home/evanyan13/colcon_ws/src/build/turtlebot3_fake_node' returned '0': CMAKE_PREFIX_PATH=${CMAKE_PREFIX_PATH}:/home/evanyan13/colcon_ws/install/state_machine:/home/evanyan13/colcon_ws/install/py_pubsub:/home/evanyan13/colcon_ws/install/navi_main:/home/evanyan13/colcon_ws/install/marker:/home/evanyan13/colcon_ws/install/lidar_pubsub:/home/evanyan13/colcon_ws/install/launcher:/home/evanyan13/colcon_ws/install/auto_nav:/home/evanyan13/colcon_ws/install/a_star:/opt/ros/foxy /usr/bin/cmake --build /home/evanyan13/colcon_ws/src/build/turtlebot3_fake_node -- -j6 -l6
[1.482s] Invoking command in '/home/evanyan13/colcon_ws/src/build/turtlebot3_fake_node': CMAKE_PREFIX_PATH=${CMAKE_PREFIX_PATH}:/home/evanyan13/colcon_ws/install/state_machine:/home/evanyan13/colcon_ws/install/py_pubsub:/home/evanyan13/colcon_ws/install/navi_main:/home/evanyan13/colcon_ws/install/marker:/home/evanyan13/colcon_ws/install/lidar_pubsub:/home/evanyan13/colcon_ws/install/launcher:/home/evanyan13/colcon_ws/install/auto_nav:/home/evanyan13/colcon_ws/install/a_star:/opt/ros/foxy /usr/bin/cmake --install /home/evanyan13/colcon_ws/src/build/turtlebot3_fake_node
[1.489s] -- Install configuration: ""
[1.489s] -- Execute custom install script
[1.489s] -- Up-to-date symlink: /home/evanyan13/colcon_ws/src/install/turtlebot3_fake_node/lib/turtlebot3_fake_node/turtlebot3_fake_node
[1.489s] -- Up-to-date symlink: /home/evanyan13/colcon_ws/src/install/turtlebot3_fake_node/share/turtlebot3_fake_node/launch/rviz2.launch.py
[1.489s] -- Up-to-date symlink: /home/evanyan13/colcon_ws/src/install/turtlebot3_fake_node/share/turtlebot3_fake_node/launch/turtlebot3_fake_node.launch.py
[1.489s] -- Up-to-date symlink: /home/evanyan13/colcon_ws/src/install/turtlebot3_fake_node/share/turtlebot3_fake_node/param/burger.yaml
[1.489s] -- Up-to-date symlink: /home/evanyan13/colcon_ws/src/install/turtlebot3_fake_node/share/turtlebot3_fake_node/param/waffle.yaml
[1.489s] -- Up-to-date symlink: /home/evanyan13/colcon_ws/src/install/turtlebot3_fake_node/share/turtlebot3_fake_node/param/waffle_pi.yaml
[1.490s] -- Up-to-date symlink: /home/evanyan13/colcon_ws/src/install/turtlebot3_fake_node/share/turtlebot3_fake_node/rviz/model.rviz
[1.490s] -- Up-to-date symlink: /home/evanyan13/colcon_ws/src/install/turtlebot3_fake_node/include//turtlebot3_fake_node/turtlebot3_fake_node.hpp
[1.490s] -- Up-to-date symlink: /home/evanyan13/colcon_ws/src/install/turtlebot3_fake_node/share/ament_index/resource_index/package_run_dependencies/turtlebot3_fake_node
[1.491s] -- Up-to-date symlink: /home/evanyan13/colcon_ws/src/install/turtlebot3_fake_node/share/ament_index/resource_index/parent_prefix_path/turtlebot3_fake_node
[1.492s] -- Up-to-date symlink: /home/evanyan13/colcon_ws/src/install/turtlebot3_fake_node/share/turtlebot3_fake_node/environment/ament_prefix_path.sh
[1.492s] -- Up-to-date symlink: /home/evanyan13/colcon_ws/src/install/turtlebot3_fake_node/share/turtlebot3_fake_node/environment/ament_prefix_path.dsv
[1.492s] -- Up-to-date symlink: /home/evanyan13/colcon_ws/src/install/turtlebot3_fake_node/share/turtlebot3_fake_node/environment/path.sh
[1.493s] -- Up-to-date symlink: /home/evanyan13/colcon_ws/src/install/turtlebot3_fake_node/share/turtlebot3_fake_node/environment/path.dsv
[1.493s] -- Up-to-date symlink: /home/evanyan13/colcon_ws/src/install/turtlebot3_fake_node/share/turtlebot3_fake_node/local_setup.bash
[1.493s] -- Up-to-date symlink: /home/evanyan13/colcon_ws/src/install/turtlebot3_fake_node/share/turtlebot3_fake_node/local_setup.sh
[1.493s] -- Up-to-date symlink: /home/evanyan13/colcon_ws/src/install/turtlebot3_fake_node/share/turtlebot3_fake_node/local_setup.zsh
[1.494s] -- Up-to-date symlink: /home/evanyan13/colcon_ws/src/install/turtlebot3_fake_node/share/turtlebot3_fake_node/local_setup.dsv
[1.494s] -- Symlinking: /home/evanyan13/colcon_ws/src/install/turtlebot3_fake_node/share/turtlebot3_fake_node/package.dsv
[1.501s] -- Up-to-date symlink: /home/evanyan13/colcon_ws/src/install/turtlebot3_fake_node/share/ament_index/resource_index/packages/turtlebot3_fake_node
[1.502s] -- Up-to-date symlink: /home/evanyan13/colcon_ws/src/install/turtlebot3_fake_node/share/turtlebot3_fake_node/cmake/ament_cmake_export_include_directories-extras.cmake
[1.502s] -- Up-to-date symlink: /home/evanyan13/colcon_ws/src/install/turtlebot3_fake_node/share/turtlebot3_fake_node/cmake/ament_cmake_export_dependencies-extras.cmake
[1.502s] -- Up-to-date symlink: /home/evanyan13/colcon_ws/src/install/turtlebot3_fake_node/share/turtlebot3_fake_node/cmake/turtlebot3_fake_nodeConfig.cmake
[1.502s] -- Up-to-date symlink: /home/evanyan13/colcon_ws/src/install/turtlebot3_fake_node/share/turtlebot3_fake_node/cmake/turtlebot3_fake_nodeConfig-version.cmake
[1.503s] -- Up-to-date symlink: /home/evanyan13/colcon_ws/src/install/turtlebot3_fake_node/share/turtlebot3_fake_node/package.xml
[1.504s] Invoked command in '/home/evanyan13/colcon_ws/src/build/turtlebot3_fake_node' returned '0': CMAKE_PREFIX_PATH=${CMAKE_PREFIX_PATH}:/home/evanyan13/colcon_ws/install/state_machine:/home/evanyan13/colcon_ws/install/py_pubsub:/home/evanyan13/colcon_ws/install/navi_main:/home/evanyan13/colcon_ws/install/marker:/home/evanyan13/colcon_ws/install/lidar_pubsub:/home/evanyan13/colcon_ws/install/launcher:/home/evanyan13/colcon_ws/install/auto_nav:/home/evanyan13/colcon_ws/install/a_star:/opt/ros/foxy /usr/bin/cmake --install /home/evanyan13/colcon_ws/src/build/turtlebot3_fake_node
