[1.527s] Invoking command in '/home/evanyan13/colcon_ws/build/marker': PYTHONPATH=/home/evanyan13/colcon_ws/build/marker/prefix_override:/home/evanyan13/colcon_ws/install/marker/lib/python3.8/site-packages:${PYTHONPATH} /usr/bin/python3 setup.py develop --editable --build-directory /home/evanyan13/colcon_ws/build/marker/build --no-deps install_data
[1.730s] running develop
[1.730s] running egg_info
[1.730s] creating marker.egg-info
[1.730s] writing marker.egg-info/PKG-INFO
[1.730s] writing dependency_links to marker.egg-info/dependency_links.txt
[1.730s] writing entry points to marker.egg-info/entry_points.txt
[1.730s] writing requirements to marker.egg-info/requires.txt
[1.730s] writing top-level names to marker.egg-info/top_level.txt
[1.730s] writing manifest file 'marker.egg-info/SOURCES.txt'
[1.730s] reading manifest file 'marker.egg-info/SOURCES.txt'
[1.730s] writing manifest file 'marker.egg-info/SOURCES.txt'
[1.741s] running build_ext
[1.741s] Creating /home/evanyan13/colcon_ws/install/marker/lib/python3.8/site-packages/site.py
[1.742s] Creating /home/evanyan13/colcon_ws/install/marker/lib/python3.8/site-packages/marker.egg-link (link to .)
[1.748s] 
[1.748s] Installed /home/evanyan13/colcon_ws/build/marker
[1.748s] running install_data
[1.748s] creating /home/evanyan13/colcon_ws/install/marker/share/ament_index
[1.748s] creating /home/evanyan13/colcon_ws/install/marker/share/ament_index/resource_index
[1.748s] creating /home/evanyan13/colcon_ws/install/marker/share/ament_index/resource_index/packages
[1.748s] copying resource/marker -> /home/evanyan13/colcon_ws/install/marker/share/ament_index/resource_index/packages
[1.748s] copying package.xml -> /home/evanyan13/colcon_ws/install/marker/share/marker
[1.940s] Invoked command in '/home/evanyan13/colcon_ws/build/marker' returned '0': PYTHONPATH=/home/evanyan13/colcon_ws/build/marker/prefix_override:/home/evanyan13/colcon_ws/install/marker/lib/python3.8/site-packages:${PYTHONPATH} /usr/bin/python3 setup.py develop --editable --build-directory /home/evanyan13/colcon_ws/build/marker/build --no-deps install_data
