[1.551s] Invoking command in '/home/evanyan13/colcon_ws/build/line_follower': PYTHONPATH=/home/evanyan13/colcon_ws/build/line_follower/prefix_override:/home/evanyan13/colcon_ws/install/line_follower/lib/python3.8/site-packages:${PYTHONPATH} /usr/bin/python3 setup.py develop --editable --build-directory /home/evanyan13/colcon_ws/build/line_follower/build --no-deps install_data
[1.782s] running develop
[1.782s] running egg_info
[1.782s] creating line_follower.egg-info
[1.782s] writing line_follower.egg-info/PKG-INFO
[1.782s] writing dependency_links to line_follower.egg-info/dependency_links.txt
[1.782s] writing entry points to line_follower.egg-info/entry_points.txt
[1.783s] writing requirements to line_follower.egg-info/requires.txt
[1.783s] writing top-level names to line_follower.egg-info/top_level.txt
[1.783s] writing manifest file 'line_follower.egg-info/SOURCES.txt'
[1.783s] reading manifest file 'line_follower.egg-info/SOURCES.txt'
[1.783s] writing manifest file 'line_follower.egg-info/SOURCES.txt'
[1.791s] running build_ext
[1.792s] Creating /home/evanyan13/colcon_ws/install/line_follower/lib/python3.8/site-packages/site.py
[1.794s] Creating /home/evanyan13/colcon_ws/install/line_follower/lib/python3.8/site-packages/line-follower.egg-link (link to .)
[1.795s] 
[1.795s] Installed /home/evanyan13/colcon_ws/build/line_follower
[1.795s] running install_data
[1.795s] creating /home/evanyan13/colcon_ws/install/line_follower/share/ament_index
[1.795s] creating /home/evanyan13/colcon_ws/install/line_follower/share/ament_index/resource_index
[1.795s] creating /home/evanyan13/colcon_ws/install/line_follower/share/ament_index/resource_index/packages
[1.795s] copying resource/line_follower -> /home/evanyan13/colcon_ws/install/line_follower/share/ament_index/resource_index/packages
[1.795s] copying package.xml -> /home/evanyan13/colcon_ws/install/line_follower/share/line_follower
[2.370s] Invoked command in '/home/evanyan13/colcon_ws/build/line_follower' returned '0': PYTHONPATH=/home/evanyan13/colcon_ws/build/line_follower/prefix_override:/home/evanyan13/colcon_ws/install/line_follower/lib/python3.8/site-packages:${PYTHONPATH} /usr/bin/python3 setup.py develop --editable --build-directory /home/evanyan13/colcon_ws/build/line_follower/build --no-deps install_data
