[0.585s] Invoking command in '/home/evanyan13/colcon_ws/src/build/turtlebot3_fake_node': CMAKE_PREFIX_PATH=${CMAKE_PREFIX_PATH}:/home/evanyan13/colcon_ws/install/turtlebot3_gazebo:/home/evanyan13/colcon_ws/install/state_machine:/home/evanyan13/colcon_ws/install/py_pubsub:/home/evanyan13/colcon_ws/install/navi_main:/home/evanyan13/colcon_ws/install/marker:/home/evanyan13/colcon_ws/install/lidar_pubsub:/home/evanyan13/colcon_ws/install/launcher:/home/evanyan13/colcon_ws/install/auto_nav:/home/evanyan13/colcon_ws/install/a_star:/opt/ros/foxy /usr/bin/cmake --build /home/evanyan13/colcon_ws/src/build/turtlebot3_fake_node -- -j6 -l6
[1.375s] [100%] Built target turtlebot3_fake_node
[1.378s] Invoked command in '/home/evanyan13/colcon_ws/src/build/turtlebot3_fake_node' returned '0': CMAKE_PREFIX_PATH=${CMAKE_PREFIX_PATH}:/home/evanyan13/colcon_ws/install/turtlebot3_gazebo:/home/evanyan13/colcon_ws/install/state_machine:/home/evanyan13/colcon_ws/install/py_pubsub:/home/evanyan13/colcon_ws/install/navi_main:/home/evanyan13/colcon_ws/install/marker:/home/evanyan13/colcon_ws/install/lidar_pubsub:/home/evanyan13/colcon_ws/install/launcher:/home/evanyan13/colcon_ws/install/auto_nav:/home/evanyan13/colcon_ws/install/a_star:/opt/ros/foxy /usr/bin/cmake --build /home/evanyan13/colcon_ws/src/build/turtlebot3_fake_node -- -j6 -l6
[1.411s] Invoking command in '/home/evanyan13/colcon_ws/src/build/turtlebot3_fake_node': CMAKE_PREFIX_PATH=${CMAKE_PREFIX_PATH}:/home/evanyan13/colcon_ws/install/turtlebot3_gazebo:/home/evanyan13/colcon_ws/install/state_machine:/home/evanyan13/colcon_ws/install/py_pubsub:/home/evanyan13/colcon_ws/install/navi_main:/home/evanyan13/colcon_ws/install/marker:/home/evanyan13/colcon_ws/install/lidar_pubsub:/home/evanyan13/colcon_ws/install/launcher:/home/evanyan13/colcon_ws/install/auto_nav:/home/evanyan13/colcon_ws/install/a_star:/opt/ros/foxy /usr/bin/cmake --install /home/evanyan13/colcon_ws/src/build/turtlebot3_fake_node
[1.421s] -- Install configuration: ""
[1.421s] -- Execute custom install script
[1.422s] -- Up-to-date symlink: /home/evanyan13/colcon_ws/src/install/turtlebot3_fake_node/lib/turtlebot3_fake_node/turtlebot3_fake_node
[1.422s] -- Up-to-date symlink: /home/evanyan13/colcon_ws/src/install/turtlebot3_fake_node/share/turtlebot3_fake_node/launch/rviz2.launch.py
[1.422s] -- Up-to-date symlink: /home/evanyan13/colcon_ws/src/install/turtlebot3_fake_node/share/turtlebot3_fake_node/launch/turtlebot3_fake_node.launch.py
[1.422s] -- Up-to-date symlink: /home/evanyan13/colcon_ws/src/install/turtlebot3_fake_node/share/turtlebot3_fake_node/param/burger.yaml
[1.422s] -- Up-to-date symlink: /home/evanyan13/colcon_ws/src/install/turtlebot3_fake_node/share/turtlebot3_fake_node/param/waffle.yaml
[1.423s] -- Up-to-date symlink: /home/evanyan13/colcon_ws/src/install/turtlebot3_fake_node/share/turtlebot3_fake_node/param/waffle_pi.yaml
[1.423s] -- Up-to-date symlink: /home/evanyan13/colcon_ws/src/install/turtlebot3_fake_node/share/turtlebot3_fake_node/rviz/model.rviz
[1.423s] -- Up-to-date symlink: /home/evanyan13/colcon_ws/src/install/turtlebot3_fake_node/include//turtlebot3_fake_node/turtlebot3_fake_node.hpp
[1.423s] -- Up-to-date symlink: /home/evanyan13/colcon_ws/src/install/turtlebot3_fake_node/share/ament_index/resource_index/package_run_dependencies/turtlebot3_fake_node
[1.423s] -- Up-to-date symlink: /home/evanyan13/colcon_ws/src/install/turtlebot3_fake_node/share/ament_index/resource_index/parent_prefix_path/turtlebot3_fake_node
[1.423s] -- Up-to-date symlink: /home/evanyan13/colcon_ws/src/install/turtlebot3_fake_node/share/turtlebot3_fake_node/environment/ament_prefix_path.sh
[1.424s] -- Up-to-date symlink: /home/evanyan13/colcon_ws/src/install/turtlebot3_fake_node/share/turtlebot3_fake_node/environment/ament_prefix_path.dsv
[1.424s] -- Up-to-date symlink: /home/evanyan13/colcon_ws/src/install/turtlebot3_fake_node/share/turtlebot3_fake_node/environment/path.sh
[1.424s] -- Up-to-date symlink: /home/evanyan13/colcon_ws/src/install/turtlebot3_fake_node/share/turtlebot3_fake_node/environment/path.dsv
[1.424s] -- Up-to-date symlink: /home/evanyan13/colcon_ws/src/install/turtlebot3_fake_node/share/turtlebot3_fake_node/local_setup.bash
[1.424s] -- Up-to-date symlink: /home/evanyan13/colcon_ws/src/install/turtlebot3_fake_node/share/turtlebot3_fake_node/local_setup.sh
[1.424s] -- Up-to-date symlink: /home/evanyan13/colcon_ws/src/install/turtlebot3_fake_node/share/turtlebot3_fake_node/local_setup.zsh
[1.424s] -- Up-to-date symlink: /home/evanyan13/colcon_ws/src/install/turtlebot3_fake_node/share/turtlebot3_fake_node/local_setup.dsv
[1.425s] -- Symlinking: /home/evanyan13/colcon_ws/src/install/turtlebot3_fake_node/share/turtlebot3_fake_node/package.dsv
[1.440s] -- Up-to-date symlink: /home/evanyan13/colcon_ws/src/install/turtlebot3_fake_node/share/ament_index/resource_index/packages/turtlebot3_fake_node
[1.440s] -- Up-to-date symlink: /home/evanyan13/colcon_ws/src/install/turtlebot3_fake_node/share/turtlebot3_fake_node/cmake/ament_cmake_export_include_directories-extras.cmake
[1.440s] -- Up-to-date symlink: /home/evanyan13/colcon_ws/src/install/turtlebot3_fake_node/share/turtlebot3_fake_node/cmake/ament_cmake_export_dependencies-extras.cmake
[1.440s] -- Up-to-date symlink: /home/evanyan13/colcon_ws/src/install/turtlebot3_fake_node/share/turtlebot3_fake_node/cmake/turtlebot3_fake_nodeConfig.cmake
[1.441s] -- Up-to-date symlink: /home/evanyan13/colcon_ws/src/install/turtlebot3_fake_node/share/turtlebot3_fake_node/cmake/turtlebot3_fake_nodeConfig-version.cmake
[1.441s] -- Up-to-date symlink: /home/evanyan13/colcon_ws/src/install/turtlebot3_fake_node/share/turtlebot3_fake_node/package.xml
[1.442s] Invoked command in '/home/evanyan13/colcon_ws/src/build/turtlebot3_fake_node' returned '0': CMAKE_PREFIX_PATH=${CMAKE_PREFIX_PATH}:/home/evanyan13/colcon_ws/install/turtlebot3_gazebo:/home/evanyan13/colcon_ws/install/state_machine:/home/evanyan13/colcon_ws/install/py_pubsub:/home/evanyan13/colcon_ws/install/navi_main:/home/evanyan13/colcon_ws/install/marker:/home/evanyan13/colcon_ws/install/lidar_pubsub:/home/evanyan13/colcon_ws/install/launcher:/home/evanyan13/colcon_ws/install/auto_nav:/home/evanyan13/colcon_ws/install/a_star:/opt/ros/foxy /usr/bin/cmake --install /home/evanyan13/colcon_ws/src/build/turtlebot3_fake_node
