[0.483s] Invoking command in '/home/evanyan13/colcon_ws/build/turtlebot3_gazebo': CMAKE_PREFIX_PATH=${CMAKE_PREFIX_PATH}:/home/evanyan13/colcon_ws/install/py_pubsub:/home/evanyan13/colcon_ws/install/lidar_pubsub:/home/evanyan13/colcon_ws/install/auto_nav:/home/evanyan13/colcon_ws/install/a_star:/opt/ros/foxy /usr/bin/cmake --build /home/evanyan13/colcon_ws/build/turtlebot3_gazebo -- -j6 -l6
[1.112s] -- Found ament_cmake: 0.9.12 (/opt/ros/foxy/share/ament_cmake/cmake)
[1.112s] -- Using PYTHON_EXECUTABLE: /usr/bin/python3
[1.112s] -- Override CMake install command with custom implementation using symlinks instead of copying resources
[1.114s] -- Found DART: /usr/include (Required is at least version "6.6") found components: dart 
[1.115s] -- Found Protobuf: /usr/lib/aarch64-linux-gnu/libprotobuf.so;-lpthread (found version "3.6.1") 
[1.115s] -- Looking for ignition-math6 -- found version 6.15.0
[1.116s] -- Searching for dependencies of ignition-math6
[1.116s] -- Looking for OGRE...
[1.117s] -- Found Ogre Ghadamon (1.9.0)
[1.117s] -- Found OGRE: optimized;/usr/lib/aarch64-linux-gnu/libOgreMain.so;debug;/usr/lib/aarch64-linux-gnu/libOgreMain.so
[1.117s] -- Looking for OGRE_Paging...
[1.117s] -- Found OGRE_Paging: optimized;/usr/lib/aarch64-linux-gnu/libOgrePaging.so;debug;/usr/lib/aarch64-linux-gnu/libOgrePaging.so
[1.117s] -- Looking for OGRE_Terrain...
[1.117s] -- Found OGRE_Terrain: optimized;/usr/lib/aarch64-linux-gnu/libOgreTerrain.so;debug;/usr/lib/aarch64-linux-gnu/libOgreTerrain.so
[1.117s] -- Looking for OGRE_Property...
[1.118s] -- Found OGRE_Property: optimized;/usr/lib/aarch64-linux-gnu/libOgreProperty.so;debug;/usr/lib/aarch64-linux-gnu/libOgreProperty.so
[1.118s] -- Looking for OGRE_RTShaderSystem...
[1.118s] -- Found OGRE_RTShaderSystem: optimized;/usr/lib/aarch64-linux-gnu/libOgreRTShaderSystem.so;debug;/usr/lib/aarch64-linux-gnu/libOgreRTShaderSystem.so
[1.119s] -- Looking for OGRE_Volume...
[1.119s] -- Found OGRE_Volume: optimized;/usr/lib/aarch64-linux-gnu/libOgreVolume.so;debug;/usr/lib/aarch64-linux-gnu/libOgreVolume.so
[1.119s] -- Looking for OGRE_Overlay...
[1.119s] -- Found OGRE_Overlay: optimized;/usr/lib/aarch64-linux-gnu/libOgreOverlay.so;debug;/usr/lib/aarch64-linux-gnu/libOgreOverlay.so
[1.119s] -- Looking for ignition-math6 -- found version 6.15.0
[1.119s] -- Looking for ignition-transport8 -- found version 8.3.0
[1.119s] -- Searching for dependencies of ignition-transport8
[1.119s] -- Found Protobuf: /usr/lib/aarch64-linux-gnu/libprotobuf.so;-lpthread (found suitable version "3.6.1", minimum required is "3") 
[1.119s] -- Config-file not installed for ZeroMQ -- checking for pkg-config
[1.119s] -- Checking for module 'libzmq >= 4'
[1.120s] --   Found libzmq , version 4.3.2
[1.122s] -- Checking for module 'uuid'
[1.123s] --   Found uuid, version 2.34.0
[1.123s] -- Looking for ignition-msgs5 -- found version 5.10.0
[1.123s] -- Searching for dependencies of ignition-msgs5
[1.123s] -- Looking for ignition-math6 -- found version 6.15.0
[1.123s] -- Checking for module 'tinyxml2'
[1.123s] --   Found tinyxml2, version 6.2.0
[1.123s] -- Looking for ignition-msgs5 -- found version 5.10.0
[1.123s] -- Looking for ignition-common3 -- found version 3.14.2
[1.123s] -- Searching for dependencies of ignition-common3
[1.123s] -- Looking for dlfcn.h - found
[1.124s] -- Looking for libdl - found
[1.124s] -- Searching for <ignition-common3> component [graphics]
[1.124s] -- Looking for ignition-common3-graphics -- found version 3.14.2
[1.124s] -- Searching for dependencies of ignition-common3-graphics
[1.124s] -- Looking for ignition-math6 -- found version 6.15.0
[1.124s] -- Looking for ignition-fuel_tools4 -- found version 4.6.0
[1.124s] -- Searching for dependencies of ignition-fuel_tools4
[1.124s] -- Checking for module 'jsoncpp'
[1.125s] --   Found jsoncpp, version 1.7.4
[1.125s] -- Checking for module 'libzip'
[1.125s] --   Found libzip, version 1.5.1
[1.125s] -- Looking for ignition-common3 -- found version 3.14.2
[1.125s] -- Looking for ignition-math6 -- found version 6.15.0
[1.125s] -- Looking for ignition-msgs5 -- found version 5.10.0
[1.125s] -- Found gazebo_ros_pkgs: 3.5.3 (/opt/ros/foxy/share/gazebo_ros_pkgs/cmake)
[1.125s] -- Found geometry_msgs: 2.0.5 (/opt/ros/foxy/share/geometry_msgs/cmake)
[1.125s] -- Using all available rosidl_typesupport_c: rosidl_typesupport_fastrtps_c;rosidl_typesupport_introspection_c
[1.125s] -- Found rosidl_adapter: 1.3.1 (/opt/ros/foxy/share/rosidl_adapter/cmake)
[1.125s] -- Using all available rosidl_typesupport_cpp: rosidl_typesupport_fastrtps_cpp;rosidl_typesupport_introspection_cpp
[1.133s] -- Found nav_msgs: 2.0.5 (/opt/ros/foxy/share/nav_msgs/cmake)
[1.196s] -- Found rclcpp: 2.4.3 (/opt/ros/foxy/share/rclcpp/cmake)
[1.214s] -- Found rmw_implementation_cmake: 1.0.4 (/opt/ros/foxy/share/rmw_implementation_cmake/cmake)
[1.215s] -- Using RMW implementation 'rmw_fastrtps_cpp' as default
[1.298s] -- Found sensor_msgs: 2.0.5 (/opt/ros/foxy/share/sensor_msgs/cmake)
[1.335s] -- Found tf2: 0.13.14 (/opt/ros/foxy/share/tf2/cmake)
[1.380s] -- Configuring done
[1.402s] -- Generating done
[1.407s] -- Build files have been written to: /home/evanyan13/colcon_ws/build/turtlebot3_gazebo
[1.423s] [35m[1mScanning dependencies of target obstacles[0m
[1.438s] [35m[1mScanning dependencies of target obstacle2[0m
[1.441s] [35m[1mScanning dependencies of target turtlebot3_drive[0m
[1.463s] [35m[1mScanning dependencies of target obstacle1[0m
[1.472s] [ 12%] [32mBuilding CXX object CMakeFiles/obstacles.dir/models/turtlebot3_dqn_world/obstacle_plugin/obstacles.cc.o[0m
[1.485s] [ 25%] [32mBuilding CXX object CMakeFiles/turtlebot3_drive.dir/src/turtlebot3_drive.cpp.o[0m
[1.492s] [ 37%] [32mBuilding CXX object CMakeFiles/obstacle2.dir/models/turtlebot3_dqn_world/obstacle_plugin/obstacle2.cc.o[0m
[1.512s] [ 50%] [32mBuilding CXX object CMakeFiles/obstacle1.dir/models/turtlebot3_dqn_world/obstacle_plugin/obstacle1.cc.o[0m
[5.575s] [ 62%] [32m[1mLinking CXX executable turtlebot3_drive[0m
[5.803s] [ 62%] Built target turtlebot3_drive
[8.030s] [100%] [32m[1mLinking CXX shared library libobstacles.so[0m
[8.030s] [100%] [32m[1mLinking CXX shared library libobstacle2.so[0m
[8.030s] [100%] [32m[1mLinking CXX shared library libobstacle1.so[0m
[8.280s] [100%] Built target obstacle1
[8.282s] [100%] Built target obstacle2
[8.283s] [100%] Built target obstacles
