[0.387s] Invoking command in '/home/evanyan13/colcon_ws/build/turtlebot3_fake_node': CMAKE_PREFIX_PATH=${CMAKE_PREFIX_PATH}:/home/evanyan13/colcon_ws/install/py_pubsub:/home/evanyan13/colcon_ws/install/auto_nav:/opt/ros/foxy /usr/bin/cmake --build /home/evanyan13/colcon_ws/build/turtlebot3_fake_node -- -j6 -l6
[0.855s] [100%] Built target turtlebot3_fake_node
[0.860s] Invoked command in '/home/evanyan13/colcon_ws/build/turtlebot3_fake_node' returned '0': CMAKE_PREFIX_PATH=${CMAKE_PREFIX_PATH}:/home/evanyan13/colcon_ws/install/py_pubsub:/home/evanyan13/colcon_ws/install/auto_nav:/opt/ros/foxy /usr/bin/cmake --build /home/evanyan13/colcon_ws/build/turtlebot3_fake_node -- -j6 -l6
[0.905s] Invoking command in '/home/evanyan13/colcon_ws/build/turtlebot3_fake_node': CMAKE_PREFIX_PATH=${CMAKE_PREFIX_PATH}:/home/evanyan13/colcon_ws/install/py_pubsub:/home/evanyan13/colcon_ws/install/auto_nav:/opt/ros/foxy /usr/bin/cmake --install /home/evanyan13/colcon_ws/build/turtlebot3_fake_node
[0.910s] -- Install configuration: ""
[0.911s] -- Execute custom install script
[0.912s] -- Up-to-date symlink: /home/evanyan13/colcon_ws/install/turtlebot3_fake_node/lib/turtlebot3_fake_node/turtlebot3_fake_node
[0.914s] -- Up-to-date symlink: /home/evanyan13/colcon_ws/install/turtlebot3_fake_node/share/turtlebot3_fake_node/launch/rviz2.launch.py
[0.914s] -- Up-to-date symlink: /home/evanyan13/colcon_ws/install/turtlebot3_fake_node/share/turtlebot3_fake_node/launch/turtlebot3_fake_node.launch.py
[0.914s] -- Up-to-date symlink: /home/evanyan13/colcon_ws/install/turtlebot3_fake_node/share/turtlebot3_fake_node/param/burger.yaml
[0.914s] -- Up-to-date symlink: /home/evanyan13/colcon_ws/install/turtlebot3_fake_node/share/turtlebot3_fake_node/param/waffle.yaml
[0.914s] -- Up-to-date symlink: /home/evanyan13/colcon_ws/install/turtlebot3_fake_node/share/turtlebot3_fake_node/param/waffle_pi.yaml
[0.915s] -- Up-to-date symlink: /home/evanyan13/colcon_ws/install/turtlebot3_fake_node/share/turtlebot3_fake_node/rviz/model.rviz
[0.915s] -- Up-to-date symlink: /home/evanyan13/colcon_ws/install/turtlebot3_fake_node/include//turtlebot3_fake_node/turtlebot3_fake_node.hpp
[0.916s] -- Up-to-date symlink: /home/evanyan13/colcon_ws/install/turtlebot3_fake_node/share/ament_index/resource_index/package_run_dependencies/turtlebot3_fake_node
[0.916s] -- Up-to-date symlink: /home/evanyan13/colcon_ws/install/turtlebot3_fake_node/share/ament_index/resource_index/parent_prefix_path/turtlebot3_fake_node
[0.916s] -- Up-to-date symlink: /home/evanyan13/colcon_ws/install/turtlebot3_fake_node/share/turtlebot3_fake_node/environment/ament_prefix_path.sh
[0.916s] -- Up-to-date symlink: /home/evanyan13/colcon_ws/install/turtlebot3_fake_node/share/turtlebot3_fake_node/environment/ament_prefix_path.dsv
[0.917s] -- Up-to-date symlink: /home/evanyan13/colcon_ws/install/turtlebot3_fake_node/share/turtlebot3_fake_node/environment/path.sh
[0.917s] -- Up-to-date symlink: /home/evanyan13/colcon_ws/install/turtlebot3_fake_node/share/turtlebot3_fake_node/environment/path.dsv
[0.917s] -- Up-to-date symlink: /home/evanyan13/colcon_ws/install/turtlebot3_fake_node/share/turtlebot3_fake_node/local_setup.bash
[0.917s] -- Up-to-date symlink: /home/evanyan13/colcon_ws/install/turtlebot3_fake_node/share/turtlebot3_fake_node/local_setup.sh
[0.917s] -- Up-to-date symlink: /home/evanyan13/colcon_ws/install/turtlebot3_fake_node/share/turtlebot3_fake_node/local_setup.zsh
[0.917s] -- Up-to-date symlink: /home/evanyan13/colcon_ws/install/turtlebot3_fake_node/share/turtlebot3_fake_node/local_setup.dsv
[0.917s] -- Symlinking: /home/evanyan13/colcon_ws/install/turtlebot3_fake_node/share/turtlebot3_fake_node/package.dsv
[0.923s] -- Up-to-date symlink: /home/evanyan13/colcon_ws/install/turtlebot3_fake_node/share/ament_index/resource_index/packages/turtlebot3_fake_node
[0.923s] -- Up-to-date symlink: /home/evanyan13/colcon_ws/install/turtlebot3_fake_node/share/turtlebot3_fake_node/cmake/ament_cmake_export_include_directories-extras.cmake
[0.924s] -- Up-to-date symlink: /home/evanyan13/colcon_ws/install/turtlebot3_fake_node/share/turtlebot3_fake_node/cmake/ament_cmake_export_dependencies-extras.cmake
[0.924s] -- Up-to-date symlink: /home/evanyan13/colcon_ws/install/turtlebot3_fake_node/share/turtlebot3_fake_node/cmake/turtlebot3_fake_nodeConfig.cmake
[0.924s] -- Up-to-date symlink: /home/evanyan13/colcon_ws/install/turtlebot3_fake_node/share/turtlebot3_fake_node/cmake/turtlebot3_fake_nodeConfig-version.cmake
[0.924s] -- Up-to-date symlink: /home/evanyan13/colcon_ws/install/turtlebot3_fake_node/share/turtlebot3_fake_node/package.xml
[0.925s] Invoked command in '/home/evanyan13/colcon_ws/build/turtlebot3_fake_node' returned '0': CMAKE_PREFIX_PATH=${CMAKE_PREFIX_PATH}:/home/evanyan13/colcon_ws/install/py_pubsub:/home/evanyan13/colcon_ws/install/auto_nav:/opt/ros/foxy /usr/bin/cmake --install /home/evanyan13/colcon_ws/build/turtlebot3_fake_node
