running develop
running egg_info
creating a_star.egg-info
writing a_star.egg-info/PKG-INFO
writing dependency_links to a_star.egg-info/dependency_links.txt
writing entry points to a_star.egg-info/entry_points.txt
writing requirements to a_star.egg-info/requires.txt
writing top-level names to a_star.egg-info/top_level.txt
writing manifest file 'a_star.egg-info/SOURCES.txt'
reading manifest file 'a_star.egg-info/SOURCES.txt'
writing manifest file 'a_star.egg-info/SOURCES.txt'
running build_ext
Creating /home/evanyan13/colcon_ws/install/a_star/lib/python3.8/site-packages/site.py
Creating /home/evanyan13/colcon_ws/install/a_star/lib/python3.8/site-packages/a-star.egg-link (link to .)

Installed /home/evanyan13/colcon_ws/build/a_star
running install_data
creating /home/evanyan13/colcon_ws/install/a_star/share/ament_index
creating /home/evanyan13/colcon_ws/install/a_star/share/ament_index/resource_index
creating /home/evanyan13/colcon_ws/install/a_star/share/ament_index/resource_index/packages
copying resource/a_star -> /home/evanyan13/colcon_ws/install/a_star/share/ament_index/resource_index/packages
copying package.xml -> /home/evanyan13/colcon_ws/install/a_star/share/a_star
