running develop
running egg_info
creating marker.egg-info
writing marker.egg-info/PKG-INFO
writing dependency_links to marker.egg-info/dependency_links.txt
writing entry points to marker.egg-info/entry_points.txt
writing requirements to marker.egg-info/requires.txt
writing top-level names to marker.egg-info/top_level.txt
writing manifest file 'marker.egg-info/SOURCES.txt'
reading manifest file 'marker.egg-info/SOURCES.txt'
writing manifest file 'marker.egg-info/SOURCES.txt'
running build_ext
Creating /home/evanyan13/colcon_ws/src/install/marker/lib/python3.8/site-packages/site.py
Creating /home/evanyan13/colcon_ws/src/install/marker/lib/python3.8/site-packages/marker.egg-link (link to .)

Installed /home/evanyan13/colcon_ws/src/build/marker
running install_data
creating /home/evanyan13/colcon_ws/src/install/marker/share/ament_index
creating /home/evanyan13/colcon_ws/src/install/marker/share/ament_index/resource_index
creating /home/evanyan13/colcon_ws/src/install/marker/share/ament_index/resource_index/packages
copying resource/marker -> /home/evanyan13/colcon_ws/src/install/marker/share/ament_index/resource_index/packages
copying package.xml -> /home/evanyan13/colcon_ws/src/install/marker/share/marker
