[0.564s] Invoking command in '/home/evanyan13/colcon_ws/src/auto_nav': PYTHONPATH=/home/evanyan13/colcon_ws/build/auto_nav/prefix_override:/home/evanyan13/colcon_ws/install/auto_nav/lib/python3.8/site-packages:${PYTHONPATH} /usr/bin/python3 setup.py egg_info --egg-base ../../build/auto_nav build --build-base /home/evanyan13/colcon_ws/build/auto_nav/build install --record /home/evanyan13/colcon_ws/build/auto_nav/install.log --install-scripts $base/lib/auto_nav --single-version-externally-managed
[0.690s] running egg_info
[0.690s] writing ../../build/auto_nav/auto_nav.egg-info/PKG-INFO
[0.691s] writing dependency_links to ../../build/auto_nav/auto_nav.egg-info/dependency_links.txt
[0.691s] writing entry points to ../../build/auto_nav/auto_nav.egg-info/entry_points.txt
[0.691s] writing requirements to ../../build/auto_nav/auto_nav.egg-info/requires.txt
[0.691s] writing top-level names to ../../build/auto_nav/auto_nav.egg-info/top_level.txt
[0.713s] reading manifest file '../../build/auto_nav/auto_nav.egg-info/SOURCES.txt'
[0.713s] writing manifest file '../../build/auto_nav/auto_nav.egg-info/SOURCES.txt'
[0.713s] running build
[0.713s] running build_py
[0.714s] running install
[0.714s] running install_lib
[0.715s] running install_data
[0.716s] running install_egg_info
[0.717s] removing '/home/evanyan13/colcon_ws/install/auto_nav/lib/python3.8/site-packages/auto_nav-0.0.0-py3.8.egg-info' (and everything under it)
[0.717s] Copying ../../build/auto_nav/auto_nav.egg-info to /home/evanyan13/colcon_ws/install/auto_nav/lib/python3.8/site-packages/auto_nav-0.0.0-py3.8.egg-info
[0.717s] running install_scripts
[0.729s] Installing r2auto_nav script to /home/evanyan13/colcon_ws/install/auto_nav/lib/auto_nav
[0.729s] Installing r2mover script to /home/evanyan13/colcon_ws/install/auto_nav/lib/auto_nav
[0.729s] Installing r2moverotate script to /home/evanyan13/colcon_ws/install/auto_nav/lib/auto_nav
[0.729s] Installing r2occupancy script to /home/evanyan13/colcon_ws/install/auto_nav/lib/auto_nav
[0.730s] Installing r2occupancy2 script to /home/evanyan13/colcon_ws/install/auto_nav/lib/auto_nav
[0.730s] Installing r2scanner script to /home/evanyan13/colcon_ws/install/auto_nav/lib/auto_nav
[0.730s] writing list of installed files to '/home/evanyan13/colcon_ws/build/auto_nav/install.log'
[0.745s] Invoked command in '/home/evanyan13/colcon_ws/src/auto_nav' returned '0': PYTHONPATH=/home/evanyan13/colcon_ws/build/auto_nav/prefix_override:/home/evanyan13/colcon_ws/install/auto_nav/lib/python3.8/site-packages:${PYTHONPATH} /usr/bin/python3 setup.py egg_info --egg-base ../../build/auto_nav build --build-base /home/evanyan13/colcon_ws/build/auto_nav/build install --record /home/evanyan13/colcon_ws/build/auto_nav/install.log --install-scripts $base/lib/auto_nav --single-version-externally-managed
