[1.734s] Invoking command in '/home/evanyan13/colcon_ws/src/build/auto_nav': PYTHONPATH=/home/evanyan13/colcon_ws/src/build/auto_nav/prefix_override:/home/evanyan13/colcon_ws/src/install/auto_nav/lib/python3.8/site-packages:${PYTHONPATH} /usr/bin/python3 setup.py develop --editable --build-directory /home/evanyan13/colcon_ws/src/build/auto_nav/build --no-deps install_data
[1.863s] running develop
[1.930s] running egg_info
[1.930s] writing auto_nav.egg-info/PKG-INFO
[1.930s] writing dependency_links to auto_nav.egg-info/dependency_links.txt
[1.930s] writing entry points to auto_nav.egg-info/entry_points.txt
[1.930s] writing requirements to auto_nav.egg-info/requires.txt
[1.930s] writing top-level names to auto_nav.egg-info/top_level.txt
[1.947s] reading manifest file 'auto_nav.egg-info/SOURCES.txt'
[1.947s] writing manifest file 'auto_nav.egg-info/SOURCES.txt'
[1.965s] running build_ext
[1.965s] Creating /home/evanyan13/colcon_ws/src/install/auto_nav/lib/python3.8/site-packages/auto-nav.egg-link (link to .)
[1.965s] Installing r2auto_nav script to /home/evanyan13/colcon_ws/src/install/auto_nav/lib/auto_nav
[1.965s] Installing r2mover script to /home/evanyan13/colcon_ws/src/install/auto_nav/lib/auto_nav
[1.965s] Installing r2moverotate script to /home/evanyan13/colcon_ws/src/install/auto_nav/lib/auto_nav
[1.965s] Installing r2occupancy script to /home/evanyan13/colcon_ws/src/install/auto_nav/lib/auto_nav
[1.966s] Installing r2occupancy2 script to /home/evanyan13/colcon_ws/src/install/auto_nav/lib/auto_nav
[1.966s] Installing r2scanner script to /home/evanyan13/colcon_ws/src/install/auto_nav/lib/auto_nav
[1.966s] 
[1.966s] Installed /home/evanyan13/colcon_ws/src/build/auto_nav
[1.966s] running install_data
[2.265s] Invoked command in '/home/evanyan13/colcon_ws/src/build/auto_nav' returned '0': PYTHONPATH=/home/evanyan13/colcon_ws/src/build/auto_nav/prefix_override:/home/evanyan13/colcon_ws/src/install/auto_nav/lib/python3.8/site-packages:${PYTHONPATH} /usr/bin/python3 setup.py develop --editable --build-directory /home/evanyan13/colcon_ws/src/build/auto_nav/build --no-deps install_data
