[1.459s] Invoking command in '/home/evanyan13/colcon_ws/build/line_follower': PYTHONPATH=/home/evanyan13/colcon_ws/build/line_follower/prefix_override:/home/evanyan13/colcon_ws/install/line_follower/lib/python3.8/site-packages:${PYTHONPATH} /usr/bin/python3 setup.py develop --editable --build-directory /home/evanyan13/colcon_ws/build/line_follower/build --no-deps install_data
[1.580s] running develop
[1.645s] running egg_info
[1.645s] creating line_follower.egg-info
[1.645s] writing line_follower.egg-info/PKG-INFO
[1.645s] writing dependency_links to line_follower.egg-info/dependency_links.txt
[1.646s] writing entry points to line_follower.egg-info/entry_points.txt
[1.646s] writing requirements to line_follower.egg-info/requires.txt
[1.646s] writing top-level names to line_follower.egg-info/top_level.txt
[1.646s] writing manifest file 'line_follower.egg-info/SOURCES.txt'
[1.665s] reading manifest file 'line_follower.egg-info/SOURCES.txt'
[1.665s] writing manifest file 'line_follower.egg-info/SOURCES.txt'
[1.677s] running build_ext
[1.677s] Creating /home/evanyan13/colcon_ws/install/line_follower/lib/python3.8/site-packages/site.py
[1.678s] Creating /home/evanyan13/colcon_ws/install/line_follower/lib/python3.8/site-packages/line-follower.egg-link (link to .)
[1.679s] 
[1.679s] Installed /home/evanyan13/colcon_ws/build/line_follower
[1.679s] running install_data
[1.679s] creating /home/evanyan13/colcon_ws/install/line_follower/share/ament_index
[1.679s] creating /home/evanyan13/colcon_ws/install/line_follower/share/ament_index/resource_index
[1.679s] creating /home/evanyan13/colcon_ws/install/line_follower/share/ament_index/resource_index/packages
[1.679s] copying resource/line_follower -> /home/evanyan13/colcon_ws/install/line_follower/share/ament_index/resource_index/packages
[1.679s] copying package.xml -> /home/evanyan13/colcon_ws/install/line_follower/share/line_follower
[2.068s] Invoked command in '/home/evanyan13/colcon_ws/build/line_follower' returned '0': PYTHONPATH=/home/evanyan13/colcon_ws/build/line_follower/prefix_override:/home/evanyan13/colcon_ws/install/line_follower/lib/python3.8/site-packages:${PYTHONPATH} /usr/bin/python3 setup.py develop --editable --build-directory /home/evanyan13/colcon_ws/build/line_follower/build --no-deps install_data
