[0.767s] Invoking command in '/home/evanyan13/colcon_ws/build/auto_nav': PYTHONPATH=/home/evanyan13/colcon_ws/build/auto_nav/prefix_override:/home/evanyan13/colcon_ws/install/auto_nav/lib/python3.8/site-packages:${PYTHONPATH} /usr/bin/python3 setup.py develop --editable --build-directory /home/evanyan13/colcon_ws/build/auto_nav/build --no-deps install_data
[0.861s] running develop
[0.909s] running egg_info
[0.909s] writing auto_nav.egg-info/PKG-INFO
[0.910s] writing dependency_links to auto_nav.egg-info/dependency_links.txt
[0.910s] writing entry points to auto_nav.egg-info/entry_points.txt
[0.910s] writing requirements to auto_nav.egg-info/requires.txt
[0.910s] writing top-level names to auto_nav.egg-info/top_level.txt
[0.926s] reading manifest file 'auto_nav.egg-info/SOURCES.txt'
[0.927s] writing manifest file 'auto_nav.egg-info/SOURCES.txt'
[0.944s] running build_ext
[0.944s] Creating /home/evanyan13/colcon_ws/install/auto_nav/lib/python3.8/site-packages/site.py
[0.945s] Creating /home/evanyan13/colcon_ws/install/auto_nav/lib/python3.8/site-packages/auto-nav.egg-link (link to .)
[0.946s] Installing r2auto_nav script to /home/evanyan13/colcon_ws/install/auto_nav/lib/auto_nav
[0.946s] Installing r2mover script to /home/evanyan13/colcon_ws/install/auto_nav/lib/auto_nav
[0.946s] Installing r2moverotate script to /home/evanyan13/colcon_ws/install/auto_nav/lib/auto_nav
[0.946s] Installing r2occupancy script to /home/evanyan13/colcon_ws/install/auto_nav/lib/auto_nav
[0.946s] Installing r2occupancy2 script to /home/evanyan13/colcon_ws/install/auto_nav/lib/auto_nav
[0.946s] Installing r2scanner script to /home/evanyan13/colcon_ws/install/auto_nav/lib/auto_nav
[0.946s] 
[0.946s] Installed /home/evanyan13/colcon_ws/build/auto_nav
[0.946s] running install_data
[1.028s] Invoked command in '/home/evanyan13/colcon_ws/build/auto_nav' returned '0': PYTHONPATH=/home/evanyan13/colcon_ws/build/auto_nav/prefix_override:/home/evanyan13/colcon_ws/install/auto_nav/lib/python3.8/site-packages:${PYTHONPATH} /usr/bin/python3 setup.py develop --editable --build-directory /home/evanyan13/colcon_ws/build/auto_nav/build --no-deps install_data
