[0.488s] Invoking command in '/home/evanyan13/colcon_ws/src/build/turtlebot3_gazebo': CMAKE_PREFIX_PATH=${CMAKE_PREFIX_PATH}:/home/evanyan13/colcon_ws/install/py_pubsub:/home/evanyan13/colcon_ws/install/lidar_pubsub:/home/evanyan13/colcon_ws/install/auto_nav:/home/evanyan13/colcon_ws/install/a_star:/opt/ros/foxy /usr/bin/cmake /home/evanyan13/colcon_ws/src/turtlebot3_simulations/turtlebot3_gazebo -DAMENT_CMAKE_SYMLINK_INSTALL=1 -DCMAKE_INSTALL_PREFIX=/home/evanyan13/colcon_ws/src/install/turtlebot3_gazebo
[1.310s] -- The C compiler identification is GNU 9.4.0
[1.311s] -- The CXX compiler identification is GNU 9.4.0
[1.311s] -- Check for working C compiler: /usr/bin/cc
[1.311s] -- Check for working C compiler: /usr/bin/cc -- works
[1.311s] -- Detecting C compiler ABI info
[1.311s] -- Detecting C compiler ABI info - done
[1.311s] -- Detecting C compile features
[1.311s] -- Detecting C compile features - done
[1.311s] -- Check for working CXX compiler: /usr/bin/c++
[1.311s] -- Check for working CXX compiler: /usr/bin/c++ -- works
[1.311s] -- Detecting CXX compiler ABI info
[1.312s] -- Detecting CXX compiler ABI info - done
[1.312s] -- Detecting CXX compile features
[1.312s] -- Detecting CXX compile features - done
[1.312s] -- Found ament_cmake: 0.9.12 (/opt/ros/foxy/share/ament_cmake/cmake)
[1.312s] -- Found PythonInterp: /usr/bin/python3 (found suitable version "3.8.10", minimum required is "3") 
[1.312s] -- Using PYTHON_EXECUTABLE: /usr/bin/python3
[1.312s] -- Override CMake install command with custom implementation using symlinks instead of copying resources
[1.312s] -- Found PkgConfig: /usr/bin/pkg-config (found version "0.29.1") 
[1.313s] -- Checking for module 'bullet>=2.82'
[1.313s] --   Found bullet, version 2.88
[1.313s] -- Found ccd: /usr/include (found suitable version "2.0", minimum required is "2.0") 
[1.313s] -- Found fcl: /usr/include (found suitable version "0.5.0", minimum required is "0.3.2") 
[1.313s] -- Found assimp: /usr/include (found version "5.0.0") 
[1.313s] -- Found DART: /usr/include (Required is at least version "6.6") found components: dart 
[1.490s] -- Found Boost: /usr/lib/aarch64-linux-gnu/cmake/Boost-1.71.0/BoostConfig.cmake (found suitable version "1.71.0", minimum required is "1.40.0") found components: thread system filesystem program_options regex iostreams date_time 
[1.520s] -- Found Protobuf: /usr/lib/aarch64-linux-gnu/libprotobuf.so;-lpthread (found version "3.6.1") 
[1.525s] -- Looking for ignition-math6 -- found version 6.15.0
[1.532s] -- Searching for dependencies of ignition-math6
[1.539s] -- Looking for OGRE...
[1.540s] -- OGRE_PREFIX_WATCH changed.
[1.542s] -- Checking for module 'OGRE'
[1.552s] --   Found OGRE, version 1.9.0
[1.579s] -- Found Ogre Ghadamon (1.9.0)
[1.585s] -- Found OGRE: optimized;/usr/lib/aarch64-linux-gnu/libOgreMain.so;debug;/usr/lib/aarch64-linux-gnu/libOgreMain.so
[1.592s] -- Looking for OGRE_Paging...
[1.597s] -- Found OGRE_Paging: optimized;/usr/lib/aarch64-linux-gnu/libOgrePaging.so;debug;/usr/lib/aarch64-linux-gnu/libOgrePaging.so
[1.597s] -- Looking for OGRE_Terrain...
[1.602s] -- Found OGRE_Terrain: optimized;/usr/lib/aarch64-linux-gnu/libOgreTerrain.so;debug;/usr/lib/aarch64-linux-gnu/libOgreTerrain.so
[1.602s] -- Looking for OGRE_Property...
[1.606s] -- Found OGRE_Property: optimized;/usr/lib/aarch64-linux-gnu/libOgreProperty.so;debug;/usr/lib/aarch64-linux-gnu/libOgreProperty.so
[1.606s] -- Looking for OGRE_RTShaderSystem...
[1.610s] -- Found OGRE_RTShaderSystem: optimized;/usr/lib/aarch64-linux-gnu/libOgreRTShaderSystem.so;debug;/usr/lib/aarch64-linux-gnu/libOgreRTShaderSystem.so
[1.610s] -- Looking for OGRE_Volume...
[1.614s] -- Found OGRE_Volume: optimized;/usr/lib/aarch64-linux-gnu/libOgreVolume.so;debug;/usr/lib/aarch64-linux-gnu/libOgreVolume.so
[1.614s] -- Looking for OGRE_Overlay...
[1.618s] -- Found OGRE_Overlay: optimized;/usr/lib/aarch64-linux-gnu/libOgreOverlay.so;debug;/usr/lib/aarch64-linux-gnu/libOgreOverlay.so
[1.698s] -- Looking for ignition-math6 -- found version 6.15.0
[1.701s] -- Looking for ignition-transport8 -- found version 8.3.0
[1.701s] -- Searching for dependencies of ignition-transport8
[1.713s] -- Found Protobuf: /usr/lib/aarch64-linux-gnu/libprotobuf.so;-lpthread (found suitable version "3.6.1", minimum required is "3") 
[1.722s] -- Config-file not installed for ZeroMQ -- checking for pkg-config
[1.724s] -- Checking for module 'libzmq >= 4'
[1.733s] --   Found libzmq , version 4.3.2
[1.752s] -- Found ZeroMQ: TRUE (Required is at least version "4") 
[1.756s] -- Checking for module 'uuid'
[1.763s] --   Found uuid, version 2.34.0
[1.781s] -- Found UUID: TRUE  
[1.784s] -- Looking for ignition-msgs5 -- found version 5.10.0
[1.784s] -- Searching for dependencies of ignition-msgs5
[1.796s] -- Looking for ignition-math6 -- found version 6.15.0
[1.799s] -- Checking for module 'tinyxml2'
[1.807s] --   Found tinyxml2, version 6.2.0
[1.828s] -- Looking for ignition-msgs5 -- found version 5.10.0
[1.830s] -- Looking for ignition-common3 -- found version 3.14.2
[1.830s] -- Searching for dependencies of ignition-common3
[1.831s] -- Looking for dlfcn.h - found
[1.831s] -- Looking for libdl - found
[1.832s] -- Found DL: TRUE  
[1.836s] -- Searching for <ignition-common3> component [graphics]
[1.838s] -- Looking for ignition-common3-graphics -- found version 3.14.2
[1.838s] -- Searching for dependencies of ignition-common3-graphics
[1.838s] -- Looking for ignition-math6 -- found version 6.15.0
[1.841s] -- Looking for ignition-fuel_tools4 -- found version 4.6.0
[1.842s] -- Searching for dependencies of ignition-fuel_tools4
[1.882s] -- Found CURL: /usr/lib/aarch64-linux-gnu/libcurl.so (found version "7.68.0")  
[1.888s] -- Checking for module 'jsoncpp'
[1.897s] --   Found jsoncpp, version 1.7.4
[1.916s] -- Found JSONCPP: TRUE  
[1.920s] -- Checking for module 'libzip'
[1.928s] --   Found libzip, version 1.5.1
[1.945s] -- Found ZIP: TRUE  
[1.945s] -- Looking for ignition-common3 -- found version 3.14.2
[1.946s] -- Looking for ignition-math6 -- found version 6.15.0
[1.946s] -- Looking for ignition-msgs5 -- found version 5.10.0
[1.948s] -- Found gazebo_ros_pkgs: 3.5.3 (/opt/ros/foxy/share/gazebo_ros_pkgs/cmake)
[1.950s] -- Found geometry_msgs: 2.0.5 (/opt/ros/foxy/share/geometry_msgs/cmake)
[1.974s] -- Using all available rosidl_typesupport_c: rosidl_typesupport_fastrtps_c;rosidl_typesupport_introspection_c
[1.981s] -- Found rosidl_adapter: 1.3.1 (/opt/ros/foxy/share/rosidl_adapter/cmake)
[2.031s] -- Found OpenSSL: /usr/lib/aarch64-linux-gnu/libcrypto.so (found version "1.1.1f")  
[2.047s] -- Found FastRTPS: /opt/ros/foxy/include  
[2.102s] -- Using all available rosidl_typesupport_cpp: rosidl_typesupport_fastrtps_cpp;rosidl_typesupport_introspection_cpp
[2.154s] -- Found nav_msgs: 2.0.5 (/opt/ros/foxy/share/nav_msgs/cmake)
[2.197s] -- Found rclcpp: 2.4.3 (/opt/ros/foxy/share/rclcpp/cmake)
[2.233s] -- Found rmw_implementation_cmake: 1.0.4 (/opt/ros/foxy/share/rmw_implementation_cmake/cmake)
[2.235s] -- Using RMW implementation 'rmw_fastrtps_cpp' as default
[2.236s] -- Found Threads: TRUE  
[2.320s] -- Found sensor_msgs: 2.0.5 (/opt/ros/foxy/share/sensor_msgs/cmake)
[2.364s] -- Found tf2: 0.13.14 (/opt/ros/foxy/share/tf2/cmake)
[2.408s] -- Configuring done
[2.431s] -- Generating done
[2.432s] -- Build files have been written to: /home/evanyan13/colcon_ws/src/build/turtlebot3_gazebo
