[0.456s] Invoking command in '/home/evanyan13/colcon_ws/src/py_pubsub': PYTHONPATH=/home/evanyan13/colcon_ws/build/py_pubsub/prefix_override:/home/evanyan13/colcon_ws/install/py_pubsub/lib/python3.8/site-packages:${PYTHONPATH} /usr/bin/python3 setup.py egg_info --egg-base ../../build/py_pubsub build --build-base /home/evanyan13/colcon_ws/build/py_pubsub/build install --record /home/evanyan13/colcon_ws/build/py_pubsub/install.log --install-scripts $base/lib/py_pubsub --single-version-externally-managed
[0.543s] running egg_info
[0.543s] writing ../../build/py_pubsub/py_pubsub.egg-info/PKG-INFO
[0.545s] writing dependency_links to ../../build/py_pubsub/py_pubsub.egg-info/dependency_links.txt
[0.545s] writing entry points to ../../build/py_pubsub/py_pubsub.egg-info/entry_points.txt
[0.545s] writing requirements to ../../build/py_pubsub/py_pubsub.egg-info/requires.txt
[0.545s] writing top-level names to ../../build/py_pubsub/py_pubsub.egg-info/top_level.txt
[0.562s] reading manifest file '../../build/py_pubsub/py_pubsub.egg-info/SOURCES.txt'
[0.563s] writing manifest file '../../build/py_pubsub/py_pubsub.egg-info/SOURCES.txt'
[0.563s] running build
[0.563s] running build_py
[0.564s] running install
[0.564s] running install_lib
[0.565s] running install_data
[0.565s] running install_egg_info
[0.566s] removing '/home/evanyan13/colcon_ws/install/py_pubsub/lib/python3.8/site-packages/py_pubsub-0.0.0-py3.8.egg-info' (and everything under it)
[0.566s] Copying ../../build/py_pubsub/py_pubsub.egg-info to /home/evanyan13/colcon_ws/install/py_pubsub/lib/python3.8/site-packages/py_pubsub-0.0.0-py3.8.egg-info
[0.567s] running install_scripts
[0.575s] Installing listener script to /home/evanyan13/colcon_ws/install/py_pubsub/lib/py_pubsub
[0.575s] Installing talker script to /home/evanyan13/colcon_ws/install/py_pubsub/lib/py_pubsub
[0.575s] writing list of installed files to '/home/evanyan13/colcon_ws/build/py_pubsub/install.log'
[0.586s] Invoked command in '/home/evanyan13/colcon_ws/src/py_pubsub' returned '0': PYTHONPATH=/home/evanyan13/colcon_ws/build/py_pubsub/prefix_override:/home/evanyan13/colcon_ws/install/py_pubsub/lib/python3.8/site-packages:${PYTHONPATH} /usr/bin/python3 setup.py egg_info --egg-base ../../build/py_pubsub build --build-base /home/evanyan13/colcon_ws/build/py_pubsub/build install --record /home/evanyan13/colcon_ws/build/py_pubsub/install.log --install-scripts $base/lib/py_pubsub --single-version-externally-managed
