[1.317s] Invoking command in '/home/evanyan13/colcon_ws/build/py_pubsub': PYTHONPATH=/home/evanyan13/colcon_ws/build/py_pubsub/prefix_override:/home/evanyan13/colcon_ws/install/py_pubsub/lib/python3.8/site-packages:${PYTHONPATH} /usr/bin/python3 setup.py develop --editable --build-directory /home/evanyan13/colcon_ws/build/py_pubsub/build --no-deps install_data
[1.468s] running develop
[1.530s] running egg_info
[1.530s] writing py_pubsub.egg-info/PKG-INFO
[1.531s] writing dependency_links to py_pubsub.egg-info/dependency_links.txt
[1.531s] writing entry points to py_pubsub.egg-info/entry_points.txt
[1.531s] writing requirements to py_pubsub.egg-info/requires.txt
[1.531s] writing top-level names to py_pubsub.egg-info/top_level.txt
[1.549s] reading manifest file 'py_pubsub.egg-info/SOURCES.txt'
[1.550s] writing manifest file 'py_pubsub.egg-info/SOURCES.txt'
[1.568s] running build_ext
[1.569s] Creating /home/evanyan13/colcon_ws/install/py_pubsub/lib/python3.8/site-packages/py-pubsub.egg-link (link to .)
[1.569s] Installing listener script to /home/evanyan13/colcon_ws/install/py_pubsub/lib/py_pubsub
[1.569s] Installing talker script to /home/evanyan13/colcon_ws/install/py_pubsub/lib/py_pubsub
[1.570s] 
[1.570s] Installed /home/evanyan13/colcon_ws/build/py_pubsub
[1.570s] running install_data
[1.570s] copying resource/py_pubsub -> /home/evanyan13/colcon_ws/install/py_pubsub/share/ament_index/resource_index/packages
[1.570s] copying package.xml -> /home/evanyan13/colcon_ws/install/py_pubsub/share/py_pubsub
[1.599s] Invoked command in '/home/evanyan13/colcon_ws/build/py_pubsub' returned '0': PYTHONPATH=/home/evanyan13/colcon_ws/build/py_pubsub/prefix_override:/home/evanyan13/colcon_ws/install/py_pubsub/lib/python3.8/site-packages:${PYTHONPATH} /usr/bin/python3 setup.py develop --editable --build-directory /home/evanyan13/colcon_ws/build/py_pubsub/build --no-deps install_data
