/home/evanyan13/colcon_ws/src/auto_nav/install/auto_nav/lib/python3.8/site-packages/auto_nav/r2moverotate.py
/home/evanyan13/colcon_ws/src/auto_nav/install/auto_nav/lib/python3.8/site-packages/auto_nav/laptopA.py
/home/evanyan13/colcon_ws/src/auto_nav/install/auto_nav/lib/python3.8/site-packages/auto_nav/r2auto_nav.py
/home/evanyan13/colcon_ws/src/auto_nav/install/auto_nav/lib/python3.8/site-packages/auto_nav/r2occupancy.py
/home/evanyan13/colcon_ws/src/auto_nav/install/auto_nav/lib/python3.8/site-packages/auto_nav/r2scanner.py
/home/evanyan13/colcon_ws/src/auto_nav/install/auto_nav/lib/python3.8/site-packages/auto_nav/r2mover.py
/home/evanyan13/colcon_ws/src/auto_nav/install/auto_nav/lib/python3.8/site-packages/auto_nav/setup.py
/home/evanyan13/colcon_ws/src/auto_nav/install/auto_nav/lib/python3.8/site-packages/auto_nav/r2occupancy2.py
/home/evanyan13/colcon_ws/src/auto_nav/install/auto_nav/lib/python3.8/site-packages/auto_nav/__init__.py
/home/evanyan13/colcon_ws/src/auto_nav/install/auto_nav/lib/python3.8/site-packages/auto_nav/helloworld1.py
/home/evanyan13/colcon_ws/src/auto_nav/install/auto_nav/lib/python3.8/site-packages/auto_nav/__pycache__/r2moverotate.cpython-38.pyc
/home/evanyan13/colcon_ws/src/auto_nav/install/auto_nav/lib/python3.8/site-packages/auto_nav/__pycache__/laptopA.cpython-38.pyc
/home/evanyan13/colcon_ws/src/auto_nav/install/auto_nav/lib/python3.8/site-packages/auto_nav/__pycache__/r2auto_nav.cpython-38.pyc
/home/evanyan13/colcon_ws/src/auto_nav/install/auto_nav/lib/python3.8/site-packages/auto_nav/__pycache__/r2occupancy.cpython-38.pyc
/home/evanyan13/colcon_ws/src/auto_nav/install/auto_nav/lib/python3.8/site-packages/auto_nav/__pycache__/r2scanner.cpython-38.pyc
/home/evanyan13/colcon_ws/src/auto_nav/install/auto_nav/lib/python3.8/site-packages/auto_nav/__pycache__/r2mover.cpython-38.pyc
/home/evanyan13/colcon_ws/src/auto_nav/install/auto_nav/lib/python3.8/site-packages/auto_nav/__pycache__/setup.cpython-38.pyc
/home/evanyan13/colcon_ws/src/auto_nav/install/auto_nav/lib/python3.8/site-packages/auto_nav/__pycache__/r2occupancy2.cpython-38.pyc
/home/evanyan13/colcon_ws/src/auto_nav/install/auto_nav/lib/python3.8/site-packages/auto_nav/__pycache__/__init__.cpython-38.pyc
/home/evanyan13/colcon_ws/src/auto_nav/install/auto_nav/lib/python3.8/site-packages/auto_nav/__pycache__/helloworld1.cpython-38.pyc
/home/evanyan13/colcon_ws/src/auto_nav/install/auto_nav/share/ament_index/resource_index/packages/auto_nav
/home/evanyan13/colcon_ws/src/auto_nav/install/auto_nav/share/auto_nav/package.xml
/home/evanyan13/colcon_ws/src/auto_nav/install/auto_nav/lib/python3.8/site-packages/auto_nav-0.0.0-py3.8.egg-info/requires.txt
/home/evanyan13/colcon_ws/src/auto_nav/install/auto_nav/lib/python3.8/site-packages/auto_nav-0.0.0-py3.8.egg-info/entry_points.txt
/home/evanyan13/colcon_ws/src/auto_nav/install/auto_nav/lib/python3.8/site-packages/auto_nav-0.0.0-py3.8.egg-info/PKG-INFO
/home/evanyan13/colcon_ws/src/auto_nav/install/auto_nav/lib/python3.8/site-packages/auto_nav-0.0.0-py3.8.egg-info/zip-safe
/home/evanyan13/colcon_ws/src/auto_nav/install/auto_nav/lib/python3.8/site-packages/auto_nav-0.0.0-py3.8.egg-info/SOURCES.txt
/home/evanyan13/colcon_ws/src/auto_nav/install/auto_nav/lib/python3.8/site-packages/auto_nav-0.0.0-py3.8.egg-info/top_level.txt
/home/evanyan13/colcon_ws/src/auto_nav/install/auto_nav/lib/python3.8/site-packages/auto_nav-0.0.0-py3.8.egg-info/dependency_links.txt
/home/evanyan13/colcon_ws/src/auto_nav/install/auto_nav/lib/auto_nav/r2auto_nav
/home/evanyan13/colcon_ws/src/auto_nav/install/auto_nav/lib/auto_nav/r2mover
/home/evanyan13/colcon_ws/src/auto_nav/install/auto_nav/lib/auto_nav/r2moverotate
/home/evanyan13/colcon_ws/src/auto_nav/install/auto_nav/lib/auto_nav/r2occupancy
/home/evanyan13/colcon_ws/src/auto_nav/install/auto_nav/lib/auto_nav/r2occupancy2
/home/evanyan13/colcon_ws/src/auto_nav/install/auto_nav/lib/auto_nav/r2scanner
