[0.111s] Invoking command in '/home/evanyan13/colcon_ws/src/build/turtlebot3_simulations': AMENT_PREFIX_PATH=/home/evanyan13/colcon_ws/src/install/turtlebot3_gazebo:/home/evanyan13/colcon_ws/src/install/turtlebot3_fake_node:${AMENT_PREFIX_PATH} CMAKE_PREFIX_PATH=/home/evanyan13/colcon_ws/src/install/turtlebot3_gazebo:/home/evanyan13/colcon_ws/src/install/turtlebot3_fake_node:/home/evanyan13/colcon_ws/install/turtlebot3_simulations:/home/evanyan13/colcon_ws/install/turtlebot3_gazebo:/home/evanyan13/colcon_ws/install/turtlebot3_fake_node:/home/evanyan13/colcon_ws/install/state_machine:/home/evanyan13/colcon_ws/install/py_pubsub:/home/evanyan13/colcon_ws/install/navi_main:/home/evanyan13/colcon_ws/install/marker:/home/evanyan13/colcon_ws/install/lidar_pubsub:/home/evanyan13/colcon_ws/install/launcher:/home/evanyan13/colcon_ws/install/auto_nav:/home/evanyan13/colcon_ws/install/a_star:/opt/ros/foxy /usr/bin/cmake /home/evanyan13/colcon_ws/src/turtlebot3_simulations/turtlebot3_simulations -DAMENT_CMAKE_SYMLINK_INSTALL=1 -DCMAKE_INSTALL_PREFIX=/home/evanyan13/colcon_ws/src/install/turtlebot3_simulations
[0.220s] -- The C compiler identification is GNU 9.4.0
[0.262s] -- The CXX compiler identification is GNU 9.4.0
[0.269s] -- Check for working C compiler: /usr/bin/cc
[0.309s] -- Check for working C compiler: /usr/bin/cc -- works
[0.310s] -- Detecting C compiler ABI info
[0.346s] -- Detecting C compiler ABI info - done
[0.353s] -- Detecting C compile features
[0.353s] -- Detecting C compile features - done
[0.355s] -- Check for working CXX compiler: /usr/bin/c++
[0.406s] -- Check for working CXX compiler: /usr/bin/c++ -- works
[0.407s] -- Detecting CXX compiler ABI info
[0.459s] -- Detecting CXX compiler ABI info - done
[0.465s] -- Detecting CXX compile features
[0.465s] -- Detecting CXX compile features - done
[0.491s] -- Found ament_cmake: 0.9.12 (/opt/ros/foxy/share/ament_cmake/cmake)
[0.557s] -- Found PythonInterp: /usr/bin/python3 (found suitable version "3.8.10", minimum required is "3") 
[0.557s] -- Using PYTHON_EXECUTABLE: /usr/bin/python3
[0.713s] -- Override CMake install command with custom implementation using symlinks instead of copying resources
[0.823s] -- Configuring done
[0.823s] -- Generating done
[0.824s] -- Build files have been written to: /home/evanyan13/colcon_ws/src/build/turtlebot3_simulations
[0.829s] Invoked command in '/home/evanyan13/colcon_ws/src/build/turtlebot3_simulations' returned '0': AMENT_PREFIX_PATH=/home/evanyan13/colcon_ws/src/install/turtlebot3_gazebo:/home/evanyan13/colcon_ws/src/install/turtlebot3_fake_node:${AMENT_PREFIX_PATH} CMAKE_PREFIX_PATH=/home/evanyan13/colcon_ws/src/install/turtlebot3_gazebo:/home/evanyan13/colcon_ws/src/install/turtlebot3_fake_node:/home/evanyan13/colcon_ws/install/turtlebot3_simulations:/home/evanyan13/colcon_ws/install/turtlebot3_gazebo:/home/evanyan13/colcon_ws/install/turtlebot3_fake_node:/home/evanyan13/colcon_ws/install/state_machine:/home/evanyan13/colcon_ws/install/py_pubsub:/home/evanyan13/colcon_ws/install/navi_main:/home/evanyan13/colcon_ws/install/marker:/home/evanyan13/colcon_ws/install/lidar_pubsub:/home/evanyan13/colcon_ws/install/launcher:/home/evanyan13/colcon_ws/install/auto_nav:/home/evanyan13/colcon_ws/install/a_star:/opt/ros/foxy /usr/bin/cmake /home/evanyan13/colcon_ws/src/turtlebot3_simulations/turtlebot3_simulations -DAMENT_CMAKE_SYMLINK_INSTALL=1 -DCMAKE_INSTALL_PREFIX=/home/evanyan13/colcon_ws/src/install/turtlebot3_simulations
[0.829s] Invoking command in '/home/evanyan13/colcon_ws/src/build/turtlebot3_simulations': AMENT_PREFIX_PATH=/home/evanyan13/colcon_ws/src/install/turtlebot3_gazebo:/home/evanyan13/colcon_ws/src/install/turtlebot3_fake_node:${AMENT_PREFIX_PATH} CMAKE_PREFIX_PATH=/home/evanyan13/colcon_ws/src/install/turtlebot3_gazebo:/home/evanyan13/colcon_ws/src/install/turtlebot3_fake_node:/home/evanyan13/colcon_ws/install/turtlebot3_simulations:/home/evanyan13/colcon_ws/install/turtlebot3_gazebo:/home/evanyan13/colcon_ws/install/turtlebot3_fake_node:/home/evanyan13/colcon_ws/install/state_machine:/home/evanyan13/colcon_ws/install/py_pubsub:/home/evanyan13/colcon_ws/install/navi_main:/home/evanyan13/colcon_ws/install/marker:/home/evanyan13/colcon_ws/install/lidar_pubsub:/home/evanyan13/colcon_ws/install/launcher:/home/evanyan13/colcon_ws/install/auto_nav:/home/evanyan13/colcon_ws/install/a_star:/opt/ros/foxy /usr/bin/cmake --build /home/evanyan13/colcon_ws/src/build/turtlebot3_simulations -- -j6 -l6
[0.855s] Invoked command in '/home/evanyan13/colcon_ws/src/build/turtlebot3_simulations' returned '0': AMENT_PREFIX_PATH=/home/evanyan13/colcon_ws/src/install/turtlebot3_gazebo:/home/evanyan13/colcon_ws/src/install/turtlebot3_fake_node:${AMENT_PREFIX_PATH} CMAKE_PREFIX_PATH=/home/evanyan13/colcon_ws/src/install/turtlebot3_gazebo:/home/evanyan13/colcon_ws/src/install/turtlebot3_fake_node:/home/evanyan13/colcon_ws/install/turtlebot3_simulations:/home/evanyan13/colcon_ws/install/turtlebot3_gazebo:/home/evanyan13/colcon_ws/install/turtlebot3_fake_node:/home/evanyan13/colcon_ws/install/state_machine:/home/evanyan13/colcon_ws/install/py_pubsub:/home/evanyan13/colcon_ws/install/navi_main:/home/evanyan13/colcon_ws/install/marker:/home/evanyan13/colcon_ws/install/lidar_pubsub:/home/evanyan13/colcon_ws/install/launcher:/home/evanyan13/colcon_ws/install/auto_nav:/home/evanyan13/colcon_ws/install/a_star:/opt/ros/foxy /usr/bin/cmake --build /home/evanyan13/colcon_ws/src/build/turtlebot3_simulations -- -j6 -l6
[0.875s] Invoking command in '/home/evanyan13/colcon_ws/src/build/turtlebot3_simulations': AMENT_PREFIX_PATH=/home/evanyan13/colcon_ws/src/install/turtlebot3_gazebo:/home/evanyan13/colcon_ws/src/install/turtlebot3_fake_node:${AMENT_PREFIX_PATH} CMAKE_PREFIX_PATH=/home/evanyan13/colcon_ws/src/install/turtlebot3_gazebo:/home/evanyan13/colcon_ws/src/install/turtlebot3_fake_node:/home/evanyan13/colcon_ws/install/turtlebot3_simulations:/home/evanyan13/colcon_ws/install/turtlebot3_gazebo:/home/evanyan13/colcon_ws/install/turtlebot3_fake_node:/home/evanyan13/colcon_ws/install/state_machine:/home/evanyan13/colcon_ws/install/py_pubsub:/home/evanyan13/colcon_ws/install/navi_main:/home/evanyan13/colcon_ws/install/marker:/home/evanyan13/colcon_ws/install/lidar_pubsub:/home/evanyan13/colcon_ws/install/launcher:/home/evanyan13/colcon_ws/install/auto_nav:/home/evanyan13/colcon_ws/install/a_star:/opt/ros/foxy /usr/bin/cmake --install /home/evanyan13/colcon_ws/src/build/turtlebot3_simulations
[0.879s] -- Install configuration: ""
[0.879s] -- Execute custom install script
[0.879s] -- Symlinking: /home/evanyan13/colcon_ws/src/install/turtlebot3_simulations/share/ament_index/resource_index/package_run_dependencies/turtlebot3_simulations
[0.885s] -- Symlinking: /home/evanyan13/colcon_ws/src/install/turtlebot3_simulations/share/ament_index/resource_index/parent_prefix_path/turtlebot3_simulations
[0.890s] -- Symlinking: /home/evanyan13/colcon_ws/src/install/turtlebot3_simulations/share/turtlebot3_simulations/environment/ament_prefix_path.sh
[0.894s] -- Symlinking: /home/evanyan13/colcon_ws/src/install/turtlebot3_simulations/share/turtlebot3_simulations/environment/ament_prefix_path.dsv
[0.898s] -- Symlinking: /home/evanyan13/colcon_ws/src/install/turtlebot3_simulations/share/turtlebot3_simulations/environment/path.sh
[0.903s] -- Symlinking: /home/evanyan13/colcon_ws/src/install/turtlebot3_simulations/share/turtlebot3_simulations/environment/path.dsv
[0.908s] -- Symlinking: /home/evanyan13/colcon_ws/src/install/turtlebot3_simulations/share/turtlebot3_simulations/local_setup.bash
[0.913s] -- Symlinking: /home/evanyan13/colcon_ws/src/install/turtlebot3_simulations/share/turtlebot3_simulations/local_setup.sh
[0.918s] -- Symlinking: /home/evanyan13/colcon_ws/src/install/turtlebot3_simulations/share/turtlebot3_simulations/local_setup.zsh
[0.923s] -- Symlinking: /home/evanyan13/colcon_ws/src/install/turtlebot3_simulations/share/turtlebot3_simulations/local_setup.dsv
[0.928s] -- Symlinking: /home/evanyan13/colcon_ws/src/install/turtlebot3_simulations/share/turtlebot3_simulations/package.dsv
[0.933s] -- Symlinking: /home/evanyan13/colcon_ws/src/install/turtlebot3_simulations/share/ament_index/resource_index/packages/turtlebot3_simulations
[0.938s] -- Symlinking: /home/evanyan13/colcon_ws/src/install/turtlebot3_simulations/share/turtlebot3_simulations/cmake/turtlebot3_simulationsConfig.cmake
[0.943s] -- Symlinking: /home/evanyan13/colcon_ws/src/install/turtlebot3_simulations/share/turtlebot3_simulations/cmake/turtlebot3_simulationsConfig-version.cmake
[0.947s] -- Symlinking: /home/evanyan13/colcon_ws/src/install/turtlebot3_simulations/share/turtlebot3_simulations/package.xml
[0.954s] Invoked command in '/home/evanyan13/colcon_ws/src/build/turtlebot3_simulations' returned '0': AMENT_PREFIX_PATH=/home/evanyan13/colcon_ws/src/install/turtlebot3_gazebo:/home/evanyan13/colcon_ws/src/install/turtlebot3_fake_node:${AMENT_PREFIX_PATH} CMAKE_PREFIX_PATH=/home/evanyan13/colcon_ws/src/install/turtlebot3_gazebo:/home/evanyan13/colcon_ws/src/install/turtlebot3_fake_node:/home/evanyan13/colcon_ws/install/turtlebot3_simulations:/home/evanyan13/colcon_ws/install/turtlebot3_gazebo:/home/evanyan13/colcon_ws/install/turtlebot3_fake_node:/home/evanyan13/colcon_ws/install/state_machine:/home/evanyan13/colcon_ws/install/py_pubsub:/home/evanyan13/colcon_ws/install/navi_main:/home/evanyan13/colcon_ws/install/marker:/home/evanyan13/colcon_ws/install/lidar_pubsub:/home/evanyan13/colcon_ws/install/launcher:/home/evanyan13/colcon_ws/install/auto_nav:/home/evanyan13/colcon_ws/install/a_star:/opt/ros/foxy /usr/bin/cmake --install /home/evanyan13/colcon_ws/src/build/turtlebot3_simulations
