[1.359s] DEBUG:colcon:Command line arguments: ['/usr/bin/colcon', 'build', '--symlink-install']
[1.359s] DEBUG:colcon:Parsed command line arguments: Namespace(allow_overriding=[], ament_cmake_args=None, base_paths=['.'], build_base='build', catkin_cmake_args=None, catkin_skip_building_tests=False, cmake_args=None, cmake_clean_cache=False, cmake_clean_first=False, cmake_force_configure=False, cmake_target=None, cmake_target_skip_unavailable=False, continue_on_error=False, event_handlers=None, executor='parallel', ignore_user_meta=False, install_base='install', log_base=None, log_level=None, main=<bound method BuildVerb.main of <colcon_core.verb.build.BuildVerb object at 0xffff83564ca0>>, merge_install=False, metas=['./colcon.meta'], packages_above=None, packages_above_and_dependencies=None, packages_above_depth=None, packages_end=None, packages_ignore=None, packages_ignore_regex=None, packages_select=None, packages_select_build_failed=False, packages_select_by_dep=None, packages_select_regex=None, packages_select_test_failures=False, packages_skip=None, packages_skip_build_finished=False, packages_skip_by_dep=None, packages_skip_regex=None, packages_skip_test_passed=False, packages_skip_up_to=None, packages_start=None, packages_up_to=None, packages_up_to_regex=None, parallel_workers=6, paths=None, symlink_install=True, test_result_base=None, verb_extension=<colcon_core.verb.build.BuildVerb object at 0xffff83564ca0>, verb_name='build', verb_parser=<colcon_defaults.argument_parser.defaults.DefaultArgumentsDecorator object at 0xffff83188b20>)
[1.417s] Level 1:colcon.colcon_core.package_discovery:discover_packages(colcon_meta) check parameters
[1.417s] Level 1:colcon.colcon_core.package_discovery:discover_packages(recursive) check parameters
[1.418s] Level 1:colcon.colcon_core.package_discovery:discover_packages(ignore) check parameters
[1.418s] Level 1:colcon.colcon_core.package_discovery:discover_packages(path) check parameters
[1.418s] Level 1:colcon.colcon_core.package_discovery:discover_packages(colcon_meta) discover
[1.418s] Level 1:colcon.colcon_core.package_discovery:discover_packages(recursive) discover
[1.418s] INFO:colcon.colcon_core.package_discovery:Crawling recursively for packages in '/home/evanyan13/colcon_ws/src/ROS2-FrontierBaseExplorationForAutonomousRobot/autonomous_exploration'
[1.418s] Level 1:colcon.colcon_core.package_identification:_identify(.) by extensions ['ignore', 'ignore_ament_install']
[1.418s] Level 1:colcon.colcon_core.package_identification:_identify(.) by extension 'ignore'
[1.418s] Level 1:colcon.colcon_core.package_identification:_identify(.) by extension 'ignore_ament_install'
[1.418s] Level 1:colcon.colcon_core.package_identification:_identify(.) by extensions ['colcon_pkg']
[1.418s] Level 1:colcon.colcon_core.package_identification:_identify(.) by extension 'colcon_pkg'
[1.418s] Level 1:colcon.colcon_core.package_identification:_identify(.) by extensions ['colcon_meta']
[1.418s] Level 1:colcon.colcon_core.package_identification:_identify(.) by extension 'colcon_meta'
[1.418s] Level 1:colcon.colcon_core.package_identification:_identify(.) by extensions ['ros']
[1.418s] Level 1:colcon.colcon_core.package_identification:_identify(.) by extension 'ros'
[1.426s] DEBUG:colcon.colcon_core.package_identification:Package '.' with type 'ros.ament_python' and name 'autonomous_exploration'
[1.426s] Level 1:colcon.colcon_core.package_discovery:discover_packages(recursive) using defaults
[1.426s] Level 1:colcon.colcon_core.package_discovery:discover_packages(ignore) discover
[1.426s] Level 1:colcon.colcon_core.package_discovery:discover_packages(ignore) using defaults
[1.426s] Level 1:colcon.colcon_core.package_discovery:discover_packages(path) discover
[1.426s] Level 1:colcon.colcon_core.package_discovery:discover_packages(path) using defaults
[1.543s] Level 1:colcon.colcon_core.package_discovery:discover_packages(prefix_path) check parameters
[1.543s] Level 1:colcon.colcon_core.package_discovery:discover_packages(prefix_path) discover
[1.585s] DEBUG:colcon.colcon_installed_package_information.package_discovery:Found 12 installed packages in /home/evanyan13/colcon_ws/install
[1.607s] DEBUG:colcon.colcon_installed_package_information.package_discovery:Found 334 installed packages in /opt/ros/foxy
[1.608s] Level 1:colcon.colcon_core.package_discovery:discover_packages(prefix_path) using defaults
[1.693s] Level 5:colcon.colcon_core.verb:set package 'autonomous_exploration' build argument 'cmake_args' from command line to 'None'
[1.693s] Level 5:colcon.colcon_core.verb:set package 'autonomous_exploration' build argument 'cmake_target' from command line to 'None'
[1.693s] Level 5:colcon.colcon_core.verb:set package 'autonomous_exploration' build argument 'cmake_target_skip_unavailable' from command line to 'False'
[1.693s] Level 5:colcon.colcon_core.verb:set package 'autonomous_exploration' build argument 'cmake_clean_cache' from command line to 'False'
[1.693s] Level 5:colcon.colcon_core.verb:set package 'autonomous_exploration' build argument 'cmake_clean_first' from command line to 'False'
[1.693s] Level 5:colcon.colcon_core.verb:set package 'autonomous_exploration' build argument 'cmake_force_configure' from command line to 'False'
[1.693s] Level 5:colcon.colcon_core.verb:set package 'autonomous_exploration' build argument 'ament_cmake_args' from command line to 'None'
[1.693s] Level 5:colcon.colcon_core.verb:set package 'autonomous_exploration' build argument 'catkin_cmake_args' from command line to 'None'
[1.693s] Level 5:colcon.colcon_core.verb:set package 'autonomous_exploration' build argument 'catkin_skip_building_tests' from command line to 'False'
[1.693s] DEBUG:colcon.colcon_core.verb:Building package 'autonomous_exploration' with the following arguments: {'ament_cmake_args': None, 'build_base': '/home/evanyan13/colcon_ws/src/ROS2-FrontierBaseExplorationForAutonomousRobot/autonomous_exploration/build/autonomous_exploration', 'catkin_cmake_args': None, 'catkin_skip_building_tests': False, 'cmake_args': None, 'cmake_clean_cache': False, 'cmake_clean_first': False, 'cmake_force_configure': False, 'cmake_target': None, 'cmake_target_skip_unavailable': False, 'install_base': '/home/evanyan13/colcon_ws/src/ROS2-FrontierBaseExplorationForAutonomousRobot/autonomous_exploration/install/autonomous_exploration', 'merge_install': False, 'path': '/home/evanyan13/colcon_ws/src/ROS2-FrontierBaseExplorationForAutonomousRobot/autonomous_exploration', 'symlink_install': True, 'test_result_base': None}
[1.713s] INFO:colcon.colcon_core.executor:Executing jobs using 'parallel' executor
[1.736s] DEBUG:colcon.colcon_parallel_executor.executor.parallel:run_until_complete
[1.736s] INFO:colcon.colcon_ros.task.ament_python.build:Building ROS package in '/home/evanyan13/colcon_ws/src/ROS2-FrontierBaseExplorationForAutonomousRobot/autonomous_exploration' with build type 'ament_python'
[1.736s] Level 1:colcon.colcon_core.shell:create_environment_hook('autonomous_exploration', 'ament_prefix_path')
[1.764s] INFO:colcon.colcon_core.plugin_system:Skipping extension 'colcon_core.shell.bat': Not used on non-Windows systems
[1.764s] INFO:colcon.colcon_core.shell:Creating environment hook '/home/evanyan13/colcon_ws/src/ROS2-FrontierBaseExplorationForAutonomousRobot/autonomous_exploration/install/autonomous_exploration/share/autonomous_exploration/hook/ament_prefix_path.ps1'
[1.764s] INFO:colcon.colcon_core.shell:Creating environment descriptor '/home/evanyan13/colcon_ws/src/ROS2-FrontierBaseExplorationForAutonomousRobot/autonomous_exploration/install/autonomous_exploration/share/autonomous_exploration/hook/ament_prefix_path.dsv'
[1.764s] INFO:colcon.colcon_core.shell:Creating environment hook '/home/evanyan13/colcon_ws/src/ROS2-FrontierBaseExplorationForAutonomousRobot/autonomous_exploration/install/autonomous_exploration/share/autonomous_exploration/hook/ament_prefix_path.sh'
[1.789s] INFO:colcon.colcon_core.shell:Skip shell extension 'powershell' for command environment: Not usable outside of PowerShell
[1.789s] DEBUG:colcon.colcon_core.shell:Skip shell extension 'dsv' for command environment
[2.052s] INFO:colcon.colcon_core.task.python.build:Building Python package in '/home/evanyan13/colcon_ws/src/ROS2-FrontierBaseExplorationForAutonomousRobot/autonomous_exploration'
[2.088s] INFO:colcon.colcon_core.shell:Skip shell extension 'powershell' for command environment: Not usable outside of PowerShell
[2.088s] DEBUG:colcon.colcon_core.shell:Skip shell extension 'dsv' for command environment
[2.519s] DEBUG:colcon.colcon_core.event_handler.log_command:Invoking command in '/home/evanyan13/colcon_ws/src/ROS2-FrontierBaseExplorationForAutonomousRobot/autonomous_exploration/build/autonomous_exploration': PYTHONPATH=/home/evanyan13/colcon_ws/src/ROS2-FrontierBaseExplorationForAutonomousRobot/autonomous_exploration/build/autonomous_exploration/prefix_override:/home/evanyan13/colcon_ws/src/ROS2-FrontierBaseExplorationForAutonomousRobot/autonomous_exploration/install/autonomous_exploration/lib/python3.8/site-packages:${PYTHONPATH} /usr/bin/python3 setup.py develop --editable --build-directory /home/evanyan13/colcon_ws/src/ROS2-FrontierBaseExplorationForAutonomousRobot/autonomous_exploration/build/autonomous_exploration/build --no-deps install_data
[2.858s] Level 1:colcon.colcon_core.shell:create_environment_hook('autonomous_exploration', 'pythonpath_develop')
[2.859s] DEBUG:colcon.colcon_core.event_handler.log_command:Invoked command in '/home/evanyan13/colcon_ws/src/ROS2-FrontierBaseExplorationForAutonomousRobot/autonomous_exploration/build/autonomous_exploration' returned '0': PYTHONPATH=/home/evanyan13/colcon_ws/src/ROS2-FrontierBaseExplorationForAutonomousRobot/autonomous_exploration/build/autonomous_exploration/prefix_override:/home/evanyan13/colcon_ws/src/ROS2-FrontierBaseExplorationForAutonomousRobot/autonomous_exploration/install/autonomous_exploration/lib/python3.8/site-packages:${PYTHONPATH} /usr/bin/python3 setup.py develop --editable --build-directory /home/evanyan13/colcon_ws/src/ROS2-FrontierBaseExplorationForAutonomousRobot/autonomous_exploration/build/autonomous_exploration/build --no-deps install_data
[2.882s] INFO:colcon.colcon_core.shell:Creating environment hook '/home/evanyan13/colcon_ws/src/ROS2-FrontierBaseExplorationForAutonomousRobot/autonomous_exploration/build/autonomous_exploration/share/autonomous_exploration/hook/pythonpath_develop.ps1'
[2.883s] INFO:colcon.colcon_core.shell:Creating environment descriptor '/home/evanyan13/colcon_ws/src/ROS2-FrontierBaseExplorationForAutonomousRobot/autonomous_exploration/build/autonomous_exploration/share/autonomous_exploration/hook/pythonpath_develop.dsv'
[2.883s] INFO:colcon.colcon_core.shell:Creating environment hook '/home/evanyan13/colcon_ws/src/ROS2-FrontierBaseExplorationForAutonomousRobot/autonomous_exploration/build/autonomous_exploration/share/autonomous_exploration/hook/pythonpath_develop.sh'
[2.906s] Level 1:colcon.colcon_core.environment:checking '/home/evanyan13/colcon_ws/src/ROS2-FrontierBaseExplorationForAutonomousRobot/autonomous_exploration/install/autonomous_exploration' for CMake module files
[2.906s] Level 1:colcon.colcon_core.environment:checking '/home/evanyan13/colcon_ws/src/ROS2-FrontierBaseExplorationForAutonomousRobot/autonomous_exploration/install/autonomous_exploration' for CMake config files
[2.906s] Level 1:colcon.colcon_core.environment:checking '/home/evanyan13/colcon_ws/src/ROS2-FrontierBaseExplorationForAutonomousRobot/autonomous_exploration/install/autonomous_exploration/lib'
[2.906s] Level 1:colcon.colcon_core.environment:checking '/home/evanyan13/colcon_ws/src/ROS2-FrontierBaseExplorationForAutonomousRobot/autonomous_exploration/install/autonomous_exploration/bin'
[2.907s] Level 1:colcon.colcon_core.environment:checking '/home/evanyan13/colcon_ws/src/ROS2-FrontierBaseExplorationForAutonomousRobot/autonomous_exploration/install/autonomous_exploration/lib/pkgconfig/autonomous_exploration.pc'
[2.907s] Level 1:colcon.colcon_core.environment:checking '/home/evanyan13/colcon_ws/src/ROS2-FrontierBaseExplorationForAutonomousRobot/autonomous_exploration/install/autonomous_exploration/lib/python3.8/site-packages'
[2.907s] Level 1:colcon.colcon_core.shell:create_environment_hook('autonomous_exploration', 'pythonpath')
[2.929s] INFO:colcon.colcon_core.shell:Creating environment hook '/home/evanyan13/colcon_ws/src/ROS2-FrontierBaseExplorationForAutonomousRobot/autonomous_exploration/install/autonomous_exploration/share/autonomous_exploration/hook/pythonpath.ps1'
[2.930s] INFO:colcon.colcon_core.shell:Creating environment descriptor '/home/evanyan13/colcon_ws/src/ROS2-FrontierBaseExplorationForAutonomousRobot/autonomous_exploration/install/autonomous_exploration/share/autonomous_exploration/hook/pythonpath.dsv'
[2.930s] INFO:colcon.colcon_core.shell:Creating environment hook '/home/evanyan13/colcon_ws/src/ROS2-FrontierBaseExplorationForAutonomousRobot/autonomous_exploration/install/autonomous_exploration/share/autonomous_exploration/hook/pythonpath.sh'
[2.930s] Level 1:colcon.colcon_core.environment:checking '/home/evanyan13/colcon_ws/src/ROS2-FrontierBaseExplorationForAutonomousRobot/autonomous_exploration/install/autonomous_exploration/bin'
[2.930s] Level 1:colcon.colcon_core.environment:create_environment_scripts_only(autonomous_exploration)
[2.951s] INFO:colcon.colcon_core.shell:Creating package script '/home/evanyan13/colcon_ws/src/ROS2-FrontierBaseExplorationForAutonomousRobot/autonomous_exploration/install/autonomous_exploration/share/autonomous_exploration/package.ps1'
[2.953s] INFO:colcon.colcon_core.shell:Creating package descriptor '/home/evanyan13/colcon_ws/src/ROS2-FrontierBaseExplorationForAutonomousRobot/autonomous_exploration/install/autonomous_exploration/share/autonomous_exploration/package.dsv'
[2.953s] INFO:colcon.colcon_core.shell:Creating package script '/home/evanyan13/colcon_ws/src/ROS2-FrontierBaseExplorationForAutonomousRobot/autonomous_exploration/install/autonomous_exploration/share/autonomous_exploration/package.sh'
[2.953s] INFO:colcon.colcon_core.shell:Creating package script '/home/evanyan13/colcon_ws/src/ROS2-FrontierBaseExplorationForAutonomousRobot/autonomous_exploration/install/autonomous_exploration/share/autonomous_exploration/package.bash'
[2.954s] INFO:colcon.colcon_core.shell:Creating package script '/home/evanyan13/colcon_ws/src/ROS2-FrontierBaseExplorationForAutonomousRobot/autonomous_exploration/install/autonomous_exploration/share/autonomous_exploration/package.zsh'
[2.954s] Level 1:colcon.colcon_core.environment:create_file_with_runtime_dependencies(/home/evanyan13/colcon_ws/src/ROS2-FrontierBaseExplorationForAutonomousRobot/autonomous_exploration/install/autonomous_exploration/share/colcon-core/packages/autonomous_exploration)
[2.954s] DEBUG:colcon.colcon_parallel_executor.executor.parallel:closing loop
[2.954s] DEBUG:colcon.colcon_parallel_executor.executor.parallel:loop closed
[2.954s] DEBUG:colcon.colcon_parallel_executor.executor.parallel:run_until_complete finished with '0'
[2.954s] DEBUG:colcon.colcon_core.event_reactor:joining thread
[2.980s] INFO:colcon.colcon_core.plugin_system:Skipping extension 'colcon_notification.desktop_notification.terminal_notifier': Not used on non-Darwin systems
[2.980s] INFO:colcon.colcon_core.plugin_system:Skipping extension 'colcon_notification.desktop_notification.win32': Not used on non-Windows systems
[2.980s] INFO:colcon.colcon_notification.desktop_notification:Sending desktop notification using 'notify2'
[3.000s] DEBUG:colcon.colcon_core.event_reactor:joined thread
[3.031s] INFO:colcon.colcon_core.shell:Creating prefix script '/home/evanyan13/colcon_ws/src/ROS2-FrontierBaseExplorationForAutonomousRobot/autonomous_exploration/install/local_setup.ps1'
[3.033s] INFO:colcon.colcon_core.shell:Creating prefix util module '/home/evanyan13/colcon_ws/src/ROS2-FrontierBaseExplorationForAutonomousRobot/autonomous_exploration/install/_local_setup_util_ps1.py'
[3.034s] INFO:colcon.colcon_core.shell:Creating prefix chain script '/home/evanyan13/colcon_ws/src/ROS2-FrontierBaseExplorationForAutonomousRobot/autonomous_exploration/install/setup.ps1'
[3.068s] INFO:colcon.colcon_core.shell:Creating prefix script '/home/evanyan13/colcon_ws/src/ROS2-FrontierBaseExplorationForAutonomousRobot/autonomous_exploration/install/local_setup.sh'
[3.069s] INFO:colcon.colcon_core.shell:Creating prefix util module '/home/evanyan13/colcon_ws/src/ROS2-FrontierBaseExplorationForAutonomousRobot/autonomous_exploration/install/_local_setup_util_sh.py'
[3.069s] INFO:colcon.colcon_core.shell:Creating prefix chain script '/home/evanyan13/colcon_ws/src/ROS2-FrontierBaseExplorationForAutonomousRobot/autonomous_exploration/install/setup.sh'
[3.104s] INFO:colcon.colcon_core.shell:Creating prefix script '/home/evanyan13/colcon_ws/src/ROS2-FrontierBaseExplorationForAutonomousRobot/autonomous_exploration/install/local_setup.bash'
[3.105s] INFO:colcon.colcon_core.shell:Creating prefix chain script '/home/evanyan13/colcon_ws/src/ROS2-FrontierBaseExplorationForAutonomousRobot/autonomous_exploration/install/setup.bash'
[3.137s] INFO:colcon.colcon_core.shell:Creating prefix script '/home/evanyan13/colcon_ws/src/ROS2-FrontierBaseExplorationForAutonomousRobot/autonomous_exploration/install/local_setup.zsh'
[3.137s] INFO:colcon.colcon_core.shell:Creating prefix chain script '/home/evanyan13/colcon_ws/src/ROS2-FrontierBaseExplorationForAutonomousRobot/autonomous_exploration/install/setup.zsh'
