[1.110s] Invoking command in '/home/evanyan13/colcon_ws/build/auto_nav': PYTHONPATH=/home/evanyan13/colcon_ws/build/auto_nav/prefix_override:/home/evanyan13/colcon_ws/install/auto_nav/lib/python3.8/site-packages:${PYTHONPATH} /usr/bin/python3 setup.py develop --uninstall --editable --build-directory /home/evanyan13/colcon_ws/build/auto_nav/build
[1.304s] running develop
[1.355s] Removing /home/evanyan13/colcon_ws/install/auto_nav/lib/python3.8/site-packages/auto-nav.egg-link (link to .)
[1.372s] Invoked command in '/home/evanyan13/colcon_ws/build/auto_nav' returned '0': PYTHONPATH=/home/evanyan13/colcon_ws/build/auto_nav/prefix_override:/home/evanyan13/colcon_ws/install/auto_nav/lib/python3.8/site-packages:${PYTHONPATH} /usr/bin/python3 setup.py develop --uninstall --editable --build-directory /home/evanyan13/colcon_ws/build/auto_nav/build
[1.372s] Invoking command in '/home/evanyan13/colcon_ws/src/auto_nav': PYTHONPATH=/home/evanyan13/colcon_ws/build/auto_nav/prefix_override:/home/evanyan13/colcon_ws/install/auto_nav/lib/python3.8/site-packages:${PYTHONPATH} /usr/bin/python3 setup.py egg_info --egg-base ../../build/auto_nav build --build-base /home/evanyan13/colcon_ws/build/auto_nav/build install --record /home/evanyan13/colcon_ws/build/auto_nav/install.log --install-scripts $base/lib/auto_nav --single-version-externally-managed
[1.479s] running egg_info
[1.480s] writing ../../build/auto_nav/auto_nav.egg-info/PKG-INFO
[1.480s] writing dependency_links to ../../build/auto_nav/auto_nav.egg-info/dependency_links.txt
[1.480s] writing entry points to ../../build/auto_nav/auto_nav.egg-info/entry_points.txt
[1.480s] writing requirements to ../../build/auto_nav/auto_nav.egg-info/requires.txt
[1.480s] writing top-level names to ../../build/auto_nav/auto_nav.egg-info/top_level.txt
[1.497s] reading manifest file '../../build/auto_nav/auto_nav.egg-info/SOURCES.txt'
[1.498s] writing manifest file '../../build/auto_nav/auto_nav.egg-info/SOURCES.txt'
[1.498s] running build
[1.499s] running build_py
[1.499s] copying auto_nav/r2mover.py -> /home/evanyan13/colcon_ws/build/auto_nav/build/lib/auto_nav
[1.499s] running install
[1.500s] running install_lib
[1.501s] creating /home/evanyan13/colcon_ws/install/auto_nav/lib/python3.8/site-packages/auto_nav
[1.501s] copying /home/evanyan13/colcon_ws/build/auto_nav/build/lib/auto_nav/r2moverotate.py -> /home/evanyan13/colcon_ws/install/auto_nav/lib/python3.8/site-packages/auto_nav
[1.502s] copying /home/evanyan13/colcon_ws/build/auto_nav/build/lib/auto_nav/r2auto_nav.py -> /home/evanyan13/colcon_ws/install/auto_nav/lib/python3.8/site-packages/auto_nav
[1.502s] copying /home/evanyan13/colcon_ws/build/auto_nav/build/lib/auto_nav/r2occupancy.py -> /home/evanyan13/colcon_ws/install/auto_nav/lib/python3.8/site-packages/auto_nav
[1.503s] copying /home/evanyan13/colcon_ws/build/auto_nav/build/lib/auto_nav/r2scanner.py -> /home/evanyan13/colcon_ws/install/auto_nav/lib/python3.8/site-packages/auto_nav
[1.504s] copying /home/evanyan13/colcon_ws/build/auto_nav/build/lib/auto_nav/r2mover.py -> /home/evanyan13/colcon_ws/install/auto_nav/lib/python3.8/site-packages/auto_nav
[1.504s] copying /home/evanyan13/colcon_ws/build/auto_nav/build/lib/auto_nav/setup.py -> /home/evanyan13/colcon_ws/install/auto_nav/lib/python3.8/site-packages/auto_nav
[1.505s] copying /home/evanyan13/colcon_ws/build/auto_nav/build/lib/auto_nav/r2occupancy2.py -> /home/evanyan13/colcon_ws/install/auto_nav/lib/python3.8/site-packages/auto_nav
[1.508s] copying /home/evanyan13/colcon_ws/build/auto_nav/build/lib/auto_nav/__init__.py -> /home/evanyan13/colcon_ws/install/auto_nav/lib/python3.8/site-packages/auto_nav
[1.508s] byte-compiling /home/evanyan13/colcon_ws/install/auto_nav/lib/python3.8/site-packages/auto_nav/r2moverotate.py to r2moverotate.cpython-38.pyc
[1.509s] byte-compiling /home/evanyan13/colcon_ws/install/auto_nav/lib/python3.8/site-packages/auto_nav/r2auto_nav.py to r2auto_nav.cpython-38.pyc
[1.510s] byte-compiling /home/evanyan13/colcon_ws/install/auto_nav/lib/python3.8/site-packages/auto_nav/r2occupancy.py to r2occupancy.cpython-38.pyc
[1.510s] byte-compiling /home/evanyan13/colcon_ws/install/auto_nav/lib/python3.8/site-packages/auto_nav/r2scanner.py to r2scanner.cpython-38.pyc
[1.510s] byte-compiling /home/evanyan13/colcon_ws/install/auto_nav/lib/python3.8/site-packages/auto_nav/r2mover.py to r2mover.cpython-38.pyc
[1.511s] byte-compiling /home/evanyan13/colcon_ws/install/auto_nav/lib/python3.8/site-packages/auto_nav/setup.py to setup.cpython-38.pyc
[1.511s] byte-compiling /home/evanyan13/colcon_ws/install/auto_nav/lib/python3.8/site-packages/auto_nav/r2occupancy2.py to r2occupancy2.cpython-38.pyc
[1.511s] byte-compiling /home/evanyan13/colcon_ws/install/auto_nav/lib/python3.8/site-packages/auto_nav/__init__.py to __init__.cpython-38.pyc
[1.511s] running install_data
[1.511s] running install_egg_info
[1.513s] Copying ../../build/auto_nav/auto_nav.egg-info to /home/evanyan13/colcon_ws/install/auto_nav/lib/python3.8/site-packages/auto_nav-0.0.0-py3.8.egg-info
[1.517s] running install_scripts
[1.526s] Installing r2auto_nav script to /home/evanyan13/colcon_ws/install/auto_nav/lib/auto_nav
[1.526s] Installing r2mover script to /home/evanyan13/colcon_ws/install/auto_nav/lib/auto_nav
[1.526s] Installing r2moverotate script to /home/evanyan13/colcon_ws/install/auto_nav/lib/auto_nav
[1.526s] Installing r2occupancy script to /home/evanyan13/colcon_ws/install/auto_nav/lib/auto_nav
[1.526s] Installing r2occupancy2 script to /home/evanyan13/colcon_ws/install/auto_nav/lib/auto_nav
[1.527s] Installing r2scanner script to /home/evanyan13/colcon_ws/install/auto_nav/lib/auto_nav
[1.527s] writing list of installed files to '/home/evanyan13/colcon_ws/build/auto_nav/install.log'
[1.547s] Invoked command in '/home/evanyan13/colcon_ws/src/auto_nav' returned '0': PYTHONPATH=/home/evanyan13/colcon_ws/build/auto_nav/prefix_override:/home/evanyan13/colcon_ws/install/auto_nav/lib/python3.8/site-packages:${PYTHONPATH} /usr/bin/python3 setup.py egg_info --egg-base ../../build/auto_nav build --build-base /home/evanyan13/colcon_ws/build/auto_nav/build install --record /home/evanyan13/colcon_ws/build/auto_nav/install.log --install-scripts $base/lib/auto_nav --single-version-externally-managed
