[1.830s] Invoking command in '/home/evanyan13/colcon_ws/build/auto_nav': PYTHONPATH=/home/evanyan13/colcon_ws/build/auto_nav/prefix_override:/home/evanyan13/colcon_ws/install/auto_nav/lib/python3.8/site-packages:${PYTHONPATH} /usr/bin/python3 setup.py develop --editable --build-directory /home/evanyan13/colcon_ws/build/auto_nav/build --no-deps install_data
[2.034s] running develop
[2.034s] running egg_info
[2.034s] writing auto_nav.egg-info/PKG-INFO
[2.034s] writing dependency_links to auto_nav.egg-info/dependency_links.txt
[2.034s] writing entry points to auto_nav.egg-info/entry_points.txt
[2.034s] writing requirements to auto_nav.egg-info/requires.txt
[2.034s] writing top-level names to auto_nav.egg-info/top_level.txt
[2.034s] reading manifest file 'auto_nav.egg-info/SOURCES.txt'
[2.034s] writing manifest file 'auto_nav.egg-info/SOURCES.txt'
[2.046s] running build_ext
[2.046s] Creating /home/evanyan13/colcon_ws/install/auto_nav/lib/python3.8/site-packages/auto-nav.egg-link (link to .)
[2.046s] Installing r2auto_nav script to /home/evanyan13/colcon_ws/install/auto_nav/lib/auto_nav
[2.046s] Installing r2mover script to /home/evanyan13/colcon_ws/install/auto_nav/lib/auto_nav
[2.046s] Installing r2moverotate script to /home/evanyan13/colcon_ws/install/auto_nav/lib/auto_nav
[2.046s] Installing r2occupancy script to /home/evanyan13/colcon_ws/install/auto_nav/lib/auto_nav
[2.047s] Installing r2occupancy2 script to /home/evanyan13/colcon_ws/install/auto_nav/lib/auto_nav
[2.047s] Installing r2scanner script to /home/evanyan13/colcon_ws/install/auto_nav/lib/auto_nav
[2.047s] 
[2.047s] Installed /home/evanyan13/colcon_ws/build/auto_nav
[2.047s] running install_data
[2.416s] Invoked command in '/home/evanyan13/colcon_ws/build/auto_nav' returned '0': PYTHONPATH=/home/evanyan13/colcon_ws/build/auto_nav/prefix_override:/home/evanyan13/colcon_ws/install/auto_nav/lib/python3.8/site-packages:${PYTHONPATH} /usr/bin/python3 setup.py develop --editable --build-directory /home/evanyan13/colcon_ws/build/auto_nav/build --no-deps install_data
