[1.130s] DEBUG:colcon:Command line arguments: ['/usr/bin/colcon', 'build']
[1.130s] DEBUG:colcon:Parsed command line arguments: Namespace(allow_overriding=[], ament_cmake_args=None, base_paths=['.'], build_base='build', catkin_cmake_args=None, catkin_skip_building_tests=False, cmake_args=None, cmake_clean_cache=False, cmake_clean_first=False, cmake_force_configure=False, cmake_target=None, cmake_target_skip_unavailable=False, continue_on_error=False, event_handlers=None, executor='parallel', ignore_user_meta=False, install_base='install', log_base=None, log_level=None, main=<bound method BuildVerb.main of <colcon_core.verb.build.BuildVerb object at 0xffff7fba01c0>>, merge_install=False, metas=['./colcon.meta'], packages_above=None, packages_above_and_dependencies=None, packages_above_depth=None, packages_end=None, packages_ignore=None, packages_ignore_regex=None, packages_select=None, packages_select_build_failed=False, packages_select_by_dep=None, packages_select_regex=None, packages_select_test_failures=False, packages_skip=None, packages_skip_build_finished=False, packages_skip_by_dep=None, packages_skip_regex=None, packages_skip_test_passed=False, packages_skip_up_to=None, packages_start=None, packages_up_to=None, packages_up_to_regex=None, parallel_workers=6, paths=None, symlink_install=False, test_result_base=None, verb_extension=<colcon_core.verb.build.BuildVerb object at 0xffff7fba01c0>, verb_name='build', verb_parser=<colcon_defaults.argument_parser.defaults.DefaultArgumentsDecorator object at 0xffff7fb63fa0>)
[1.181s] Level 1:colcon.colcon_core.package_discovery:discover_packages(colcon_meta) check parameters
[1.181s] Level 1:colcon.colcon_core.package_discovery:discover_packages(recursive) check parameters
[1.181s] Level 1:colcon.colcon_core.package_discovery:discover_packages(ignore) check parameters
[1.181s] Level 1:colcon.colcon_core.package_discovery:discover_packages(path) check parameters
[1.181s] Level 1:colcon.colcon_core.package_discovery:discover_packages(colcon_meta) discover
[1.181s] Level 1:colcon.colcon_core.package_discovery:discover_packages(recursive) discover
[1.181s] INFO:colcon.colcon_core.package_discovery:Crawling recursively for packages in '/home/evanyan13/colcon_ws'
[1.181s] Level 1:colcon.colcon_core.package_identification:_identify(.) by extensions ['ignore', 'ignore_ament_install']
[1.181s] Level 1:colcon.colcon_core.package_identification:_identify(.) by extension 'ignore'
[1.181s] Level 1:colcon.colcon_core.package_identification:_identify(.) by extension 'ignore_ament_install'
[1.181s] Level 1:colcon.colcon_core.package_identification:_identify(.) by extensions ['colcon_pkg']
[1.181s] Level 1:colcon.colcon_core.package_identification:_identify(.) by extension 'colcon_pkg'
[1.181s] Level 1:colcon.colcon_core.package_identification:_identify(.) by extensions ['colcon_meta']
[1.181s] Level 1:colcon.colcon_core.package_identification:_identify(.) by extension 'colcon_meta'
[1.181s] Level 1:colcon.colcon_core.package_identification:_identify(.) by extensions ['ros']
[1.181s] Level 1:colcon.colcon_core.package_identification:_identify(.) by extension 'ros'
[1.189s] Level 1:colcon.colcon_core.package_identification:_identify(.) by extensions ['cmake', 'python']
[1.189s] Level 1:colcon.colcon_core.package_identification:_identify(.) by extension 'cmake'
[1.189s] Level 1:colcon.colcon_core.package_identification:_identify(.) by extension 'python'
[1.189s] Level 1:colcon.colcon_core.package_identification:_identify(.) by extensions ['python_setup_py']
[1.189s] Level 1:colcon.colcon_core.package_identification:_identify(.) by extension 'python_setup_py'
[1.189s] Level 1:colcon.colcon_core.package_identification:_identify(build) by extensions ['ignore', 'ignore_ament_install']
[1.189s] Level 1:colcon.colcon_core.package_identification:_identify(build) by extension 'ignore'
[1.189s] Level 1:colcon.colcon_core.package_identification:_identify(build) ignored
[1.189s] Level 1:colcon.colcon_core.package_identification:_identify(install) by extensions ['ignore', 'ignore_ament_install']
[1.189s] Level 1:colcon.colcon_core.package_identification:_identify(install) by extension 'ignore'
[1.189s] Level 1:colcon.colcon_core.package_identification:_identify(install) ignored
[1.189s] Level 1:colcon.colcon_core.package_identification:_identify(log) by extensions ['ignore', 'ignore_ament_install']
[1.189s] Level 1:colcon.colcon_core.package_identification:_identify(log) by extension 'ignore'
[1.189s] Level 1:colcon.colcon_core.package_identification:_identify(log) ignored
[1.189s] Level 1:colcon.colcon_core.package_identification:_identify(src) by extensions ['ignore', 'ignore_ament_install']
[1.190s] Level 1:colcon.colcon_core.package_identification:_identify(src) by extension 'ignore'
[1.190s] Level 1:colcon.colcon_core.package_identification:_identify(src) by extension 'ignore_ament_install'
[1.190s] Level 1:colcon.colcon_core.package_identification:_identify(src) by extensions ['colcon_pkg']
[1.190s] Level 1:colcon.colcon_core.package_identification:_identify(src) by extension 'colcon_pkg'
[1.190s] Level 1:colcon.colcon_core.package_identification:_identify(src) by extensions ['colcon_meta']
[1.190s] Level 1:colcon.colcon_core.package_identification:_identify(src) by extension 'colcon_meta'
[1.190s] Level 1:colcon.colcon_core.package_identification:_identify(src) by extensions ['ros']
[1.190s] Level 1:colcon.colcon_core.package_identification:_identify(src) by extension 'ros'
[1.190s] Level 1:colcon.colcon_core.package_identification:_identify(src) by extensions ['cmake', 'python']
[1.190s] Level 1:colcon.colcon_core.package_identification:_identify(src) by extension 'cmake'
[1.190s] Level 1:colcon.colcon_core.package_identification:_identify(src) by extension 'python'
[1.190s] Level 1:colcon.colcon_core.package_identification:_identify(src) by extensions ['python_setup_py']
[1.190s] Level 1:colcon.colcon_core.package_identification:_identify(src) by extension 'python_setup_py'
[1.190s] Level 1:colcon.colcon_core.package_identification:_identify(src/auto_nav) by extensions ['ignore', 'ignore_ament_install']
[1.190s] Level 1:colcon.colcon_core.package_identification:_identify(src/auto_nav) by extension 'ignore'
[1.190s] Level 1:colcon.colcon_core.package_identification:_identify(src/auto_nav) by extension 'ignore_ament_install'
[1.190s] Level 1:colcon.colcon_core.package_identification:_identify(src/auto_nav) by extensions ['colcon_pkg']
[1.190s] Level 1:colcon.colcon_core.package_identification:_identify(src/auto_nav) by extension 'colcon_pkg'
[1.190s] Level 1:colcon.colcon_core.package_identification:_identify(src/auto_nav) by extensions ['colcon_meta']
[1.190s] Level 1:colcon.colcon_core.package_identification:_identify(src/auto_nav) by extension 'colcon_meta'
[1.190s] Level 1:colcon.colcon_core.package_identification:_identify(src/auto_nav) by extensions ['ros']
[1.190s] Level 1:colcon.colcon_core.package_identification:_identify(src/auto_nav) by extension 'ros'
[1.192s] DEBUG:colcon.colcon_core.package_identification:Package 'src/auto_nav' with type 'ros.ament_python' and name 'auto_nav'
[1.192s] Level 1:colcon.colcon_core.package_identification:_identify(src/py_pubsub) by extensions ['ignore', 'ignore_ament_install']
[1.192s] Level 1:colcon.colcon_core.package_identification:_identify(src/py_pubsub) by extension 'ignore'
[1.192s] Level 1:colcon.colcon_core.package_identification:_identify(src/py_pubsub) by extension 'ignore_ament_install'
[1.192s] Level 1:colcon.colcon_core.package_identification:_identify(src/py_pubsub) by extensions ['colcon_pkg']
[1.192s] Level 1:colcon.colcon_core.package_identification:_identify(src/py_pubsub) by extension 'colcon_pkg'
[1.192s] Level 1:colcon.colcon_core.package_identification:_identify(src/py_pubsub) by extensions ['colcon_meta']
[1.192s] Level 1:colcon.colcon_core.package_identification:_identify(src/py_pubsub) by extension 'colcon_meta'
[1.192s] Level 1:colcon.colcon_core.package_identification:_identify(src/py_pubsub) by extensions ['ros']
[1.192s] Level 1:colcon.colcon_core.package_identification:_identify(src/py_pubsub) by extension 'ros'
[1.192s] DEBUG:colcon.colcon_core.package_identification:Package 'src/py_pubsub' with type 'ros.ament_python' and name 'py_pubsub'
[1.192s] Level 1:colcon.colcon_core.package_identification:_identify(src/turtlebot3_simulations) by extensions ['ignore', 'ignore_ament_install']
[1.192s] Level 1:colcon.colcon_core.package_identification:_identify(src/turtlebot3_simulations) by extension 'ignore'
[1.192s] Level 1:colcon.colcon_core.package_identification:_identify(src/turtlebot3_simulations) by extension 'ignore_ament_install'
[1.192s] Level 1:colcon.colcon_core.package_identification:_identify(src/turtlebot3_simulations) by extensions ['colcon_pkg']
[1.192s] Level 1:colcon.colcon_core.package_identification:_identify(src/turtlebot3_simulations) by extension 'colcon_pkg'
[1.192s] Level 1:colcon.colcon_core.package_identification:_identify(src/turtlebot3_simulations) by extensions ['colcon_meta']
[1.192s] Level 1:colcon.colcon_core.package_identification:_identify(src/turtlebot3_simulations) by extension 'colcon_meta'
[1.193s] Level 1:colcon.colcon_core.package_identification:_identify(src/turtlebot3_simulations) by extensions ['ros']
[1.193s] Level 1:colcon.colcon_core.package_identification:_identify(src/turtlebot3_simulations) by extension 'ros'
[1.193s] Level 1:colcon.colcon_core.package_identification:_identify(src/turtlebot3_simulations) by extensions ['cmake', 'python']
[1.193s] Level 1:colcon.colcon_core.package_identification:_identify(src/turtlebot3_simulations) by extension 'cmake'
[1.193s] Level 1:colcon.colcon_core.package_identification:_identify(src/turtlebot3_simulations) by extension 'python'
[1.193s] Level 1:colcon.colcon_core.package_identification:_identify(src/turtlebot3_simulations) by extensions ['python_setup_py']
[1.193s] Level 1:colcon.colcon_core.package_identification:_identify(src/turtlebot3_simulations) by extension 'python_setup_py'
[1.193s] Level 1:colcon.colcon_core.package_identification:_identify(src/turtlebot3_simulations/turtlebot3_fake_node) by extensions ['ignore', 'ignore_ament_install']
[1.193s] Level 1:colcon.colcon_core.package_identification:_identify(src/turtlebot3_simulations/turtlebot3_fake_node) by extension 'ignore'
[1.193s] Level 1:colcon.colcon_core.package_identification:_identify(src/turtlebot3_simulations/turtlebot3_fake_node) by extension 'ignore_ament_install'
[1.193s] Level 1:colcon.colcon_core.package_identification:_identify(src/turtlebot3_simulations/turtlebot3_fake_node) by extensions ['colcon_pkg']
[1.193s] Level 1:colcon.colcon_core.package_identification:_identify(src/turtlebot3_simulations/turtlebot3_fake_node) by extension 'colcon_pkg'
[1.193s] Level 1:colcon.colcon_core.package_identification:_identify(src/turtlebot3_simulations/turtlebot3_fake_node) by extensions ['colcon_meta']
[1.193s] Level 1:colcon.colcon_core.package_identification:_identify(src/turtlebot3_simulations/turtlebot3_fake_node) by extension 'colcon_meta'
[1.193s] Level 1:colcon.colcon_core.package_identification:_identify(src/turtlebot3_simulations/turtlebot3_fake_node) by extensions ['ros']
[1.193s] Level 1:colcon.colcon_core.package_identification:_identify(src/turtlebot3_simulations/turtlebot3_fake_node) by extension 'ros'
[1.194s] DEBUG:colcon.colcon_core.package_identification:Package 'src/turtlebot3_simulations/turtlebot3_fake_node' with type 'ros.ament_cmake' and name 'turtlebot3_fake_node'
[1.194s] Level 1:colcon.colcon_core.package_identification:_identify(src/turtlebot3_simulations/turtlebot3_gazebo) by extensions ['ignore', 'ignore_ament_install']
[1.194s] Level 1:colcon.colcon_core.package_identification:_identify(src/turtlebot3_simulations/turtlebot3_gazebo) by extension 'ignore'
[1.194s] Level 1:colcon.colcon_core.package_identification:_identify(src/turtlebot3_simulations/turtlebot3_gazebo) by extension 'ignore_ament_install'
[1.194s] Level 1:colcon.colcon_core.package_identification:_identify(src/turtlebot3_simulations/turtlebot3_gazebo) by extensions ['colcon_pkg']
[1.194s] Level 1:colcon.colcon_core.package_identification:_identify(src/turtlebot3_simulations/turtlebot3_gazebo) by extension 'colcon_pkg'
[1.194s] Level 1:colcon.colcon_core.package_identification:_identify(src/turtlebot3_simulations/turtlebot3_gazebo) by extensions ['colcon_meta']
[1.194s] Level 1:colcon.colcon_core.package_identification:_identify(src/turtlebot3_simulations/turtlebot3_gazebo) by extension 'colcon_meta'
[1.194s] Level 1:colcon.colcon_core.package_identification:_identify(src/turtlebot3_simulations/turtlebot3_gazebo) by extensions ['ros']
[1.194s] Level 1:colcon.colcon_core.package_identification:_identify(src/turtlebot3_simulations/turtlebot3_gazebo) by extension 'ros'
[1.194s] DEBUG:colcon.colcon_core.package_identification:Package 'src/turtlebot3_simulations/turtlebot3_gazebo' with type 'ros.ament_cmake' and name 'turtlebot3_gazebo'
[1.194s] Level 1:colcon.colcon_core.package_identification:_identify(src/turtlebot3_simulations/turtlebot3_simulations) by extensions ['ignore', 'ignore_ament_install']
[1.194s] Level 1:colcon.colcon_core.package_identification:_identify(src/turtlebot3_simulations/turtlebot3_simulations) by extension 'ignore'
[1.195s] Level 1:colcon.colcon_core.package_identification:_identify(src/turtlebot3_simulations/turtlebot3_simulations) by extension 'ignore_ament_install'
[1.195s] Level 1:colcon.colcon_core.package_identification:_identify(src/turtlebot3_simulations/turtlebot3_simulations) by extensions ['colcon_pkg']
[1.195s] Level 1:colcon.colcon_core.package_identification:_identify(src/turtlebot3_simulations/turtlebot3_simulations) by extension 'colcon_pkg'
[1.195s] Level 1:colcon.colcon_core.package_identification:_identify(src/turtlebot3_simulations/turtlebot3_simulations) by extensions ['colcon_meta']
[1.195s] Level 1:colcon.colcon_core.package_identification:_identify(src/turtlebot3_simulations/turtlebot3_simulations) by extension 'colcon_meta'
[1.195s] Level 1:colcon.colcon_core.package_identification:_identify(src/turtlebot3_simulations/turtlebot3_simulations) by extensions ['ros']
[1.195s] Level 1:colcon.colcon_core.package_identification:_identify(src/turtlebot3_simulations/turtlebot3_simulations) by extension 'ros'
[1.195s] DEBUG:colcon.colcon_core.package_identification:Package 'src/turtlebot3_simulations/turtlebot3_simulations' with type 'ros.ament_cmake' and name 'turtlebot3_simulations'
[1.195s] Level 1:colcon.colcon_core.package_discovery:discover_packages(recursive) using defaults
[1.195s] Level 1:colcon.colcon_core.package_discovery:discover_packages(ignore) discover
[1.195s] Level 1:colcon.colcon_core.package_discovery:discover_packages(ignore) using defaults
[1.196s] Level 1:colcon.colcon_core.package_discovery:discover_packages(path) discover
[1.196s] Level 1:colcon.colcon_core.package_discovery:discover_packages(path) using defaults
[1.306s] Level 1:colcon.colcon_core.package_discovery:discover_packages(prefix_path) check parameters
[1.306s] Level 1:colcon.colcon_core.package_discovery:discover_packages(prefix_path) discover
[1.344s] DEBUG:colcon.colcon_installed_package_information.package_discovery:Found 5 installed packages in /home/evanyan13/colcon_ws/install
[1.363s] DEBUG:colcon.colcon_installed_package_information.package_discovery:Found 334 installed packages in /opt/ros/foxy
[1.364s] Level 1:colcon.colcon_core.package_discovery:discover_packages(prefix_path) using defaults
[1.447s] Level 5:colcon.colcon_core.verb:set package 'auto_nav' build argument 'cmake_args' from command line to 'None'
[1.447s] Level 5:colcon.colcon_core.verb:set package 'auto_nav' build argument 'cmake_target' from command line to 'None'
[1.447s] Level 5:colcon.colcon_core.verb:set package 'auto_nav' build argument 'cmake_target_skip_unavailable' from command line to 'False'
[1.447s] Level 5:colcon.colcon_core.verb:set package 'auto_nav' build argument 'cmake_clean_cache' from command line to 'False'
[1.447s] Level 5:colcon.colcon_core.verb:set package 'auto_nav' build argument 'cmake_clean_first' from command line to 'False'
[1.447s] Level 5:colcon.colcon_core.verb:set package 'auto_nav' build argument 'cmake_force_configure' from command line to 'False'
[1.447s] Level 5:colcon.colcon_core.verb:set package 'auto_nav' build argument 'ament_cmake_args' from command line to 'None'
[1.447s] Level 5:colcon.colcon_core.verb:set package 'auto_nav' build argument 'catkin_cmake_args' from command line to 'None'
[1.447s] Level 5:colcon.colcon_core.verb:set package 'auto_nav' build argument 'catkin_skip_building_tests' from command line to 'False'
[1.447s] DEBUG:colcon.colcon_core.verb:Building package 'auto_nav' with the following arguments: {'ament_cmake_args': None, 'build_base': '/home/evanyan13/colcon_ws/build/auto_nav', 'catkin_cmake_args': None, 'catkin_skip_building_tests': False, 'cmake_args': None, 'cmake_clean_cache': False, 'cmake_clean_first': False, 'cmake_force_configure': False, 'cmake_target': None, 'cmake_target_skip_unavailable': False, 'install_base': '/home/evanyan13/colcon_ws/install/auto_nav', 'merge_install': False, 'path': '/home/evanyan13/colcon_ws/src/auto_nav', 'symlink_install': False, 'test_result_base': None}
[1.467s] Level 5:colcon.colcon_core.verb:set package 'py_pubsub' build argument 'cmake_args' from command line to 'None'
[1.467s] Level 5:colcon.colcon_core.verb:set package 'py_pubsub' build argument 'cmake_target' from command line to 'None'
[1.467s] Level 5:colcon.colcon_core.verb:set package 'py_pubsub' build argument 'cmake_target_skip_unavailable' from command line to 'False'
[1.467s] Level 5:colcon.colcon_core.verb:set package 'py_pubsub' build argument 'cmake_clean_cache' from command line to 'False'
[1.467s] Level 5:colcon.colcon_core.verb:set package 'py_pubsub' build argument 'cmake_clean_first' from command line to 'False'
[1.467s] Level 5:colcon.colcon_core.verb:set package 'py_pubsub' build argument 'cmake_force_configure' from command line to 'False'
[1.467s] Level 5:colcon.colcon_core.verb:set package 'py_pubsub' build argument 'ament_cmake_args' from command line to 'None'
[1.467s] Level 5:colcon.colcon_core.verb:set package 'py_pubsub' build argument 'catkin_cmake_args' from command line to 'None'
[1.467s] Level 5:colcon.colcon_core.verb:set package 'py_pubsub' build argument 'catkin_skip_building_tests' from command line to 'False'
[1.467s] DEBUG:colcon.colcon_core.verb:Building package 'py_pubsub' with the following arguments: {'ament_cmake_args': None, 'build_base': '/home/evanyan13/colcon_ws/build/py_pubsub', 'catkin_cmake_args': None, 'catkin_skip_building_tests': False, 'cmake_args': None, 'cmake_clean_cache': False, 'cmake_clean_first': False, 'cmake_force_configure': False, 'cmake_target': None, 'cmake_target_skip_unavailable': False, 'install_base': '/home/evanyan13/colcon_ws/install/py_pubsub', 'merge_install': False, 'path': '/home/evanyan13/colcon_ws/src/py_pubsub', 'symlink_install': False, 'test_result_base': None}
[1.486s] Level 5:colcon.colcon_core.verb:set package 'turtlebot3_fake_node' build argument 'cmake_args' from command line to 'None'
[1.486s] Level 5:colcon.colcon_core.verb:set package 'turtlebot3_fake_node' build argument 'cmake_target' from command line to 'None'
[1.486s] Level 5:colcon.colcon_core.verb:set package 'turtlebot3_fake_node' build argument 'cmake_target_skip_unavailable' from command line to 'False'
[1.486s] Level 5:colcon.colcon_core.verb:set package 'turtlebot3_fake_node' build argument 'cmake_clean_cache' from command line to 'False'
[1.486s] Level 5:colcon.colcon_core.verb:set package 'turtlebot3_fake_node' build argument 'cmake_clean_first' from command line to 'False'
[1.486s] Level 5:colcon.colcon_core.verb:set package 'turtlebot3_fake_node' build argument 'cmake_force_configure' from command line to 'False'
[1.486s] Level 5:colcon.colcon_core.verb:set package 'turtlebot3_fake_node' build argument 'ament_cmake_args' from command line to 'None'
[1.486s] Level 5:colcon.colcon_core.verb:set package 'turtlebot3_fake_node' build argument 'catkin_cmake_args' from command line to 'None'
[1.486s] Level 5:colcon.colcon_core.verb:set package 'turtlebot3_fake_node' build argument 'catkin_skip_building_tests' from command line to 'False'
[1.486s] DEBUG:colcon.colcon_core.verb:Building package 'turtlebot3_fake_node' with the following arguments: {'ament_cmake_args': None, 'build_base': '/home/evanyan13/colcon_ws/build/turtlebot3_fake_node', 'catkin_cmake_args': None, 'catkin_skip_building_tests': False, 'cmake_args': None, 'cmake_clean_cache': False, 'cmake_clean_first': False, 'cmake_force_configure': False, 'cmake_target': None, 'cmake_target_skip_unavailable': False, 'install_base': '/home/evanyan13/colcon_ws/install/turtlebot3_fake_node', 'merge_install': False, 'path': '/home/evanyan13/colcon_ws/src/turtlebot3_simulations/turtlebot3_fake_node', 'symlink_install': False, 'test_result_base': None}
[1.511s] Level 5:colcon.colcon_core.verb:set package 'turtlebot3_gazebo' build argument 'cmake_args' from command line to 'None'
[1.511s] Level 5:colcon.colcon_core.verb:set package 'turtlebot3_gazebo' build argument 'cmake_target' from command line to 'None'
[1.511s] Level 5:colcon.colcon_core.verb:set package 'turtlebot3_gazebo' build argument 'cmake_target_skip_unavailable' from command line to 'False'
[1.511s] Level 5:colcon.colcon_core.verb:set package 'turtlebot3_gazebo' build argument 'cmake_clean_cache' from command line to 'False'
[1.511s] Level 5:colcon.colcon_core.verb:set package 'turtlebot3_gazebo' build argument 'cmake_clean_first' from command line to 'False'
[1.511s] Level 5:colcon.colcon_core.verb:set package 'turtlebot3_gazebo' build argument 'cmake_force_configure' from command line to 'False'
[1.511s] Level 5:colcon.colcon_core.verb:set package 'turtlebot3_gazebo' build argument 'ament_cmake_args' from command line to 'None'
[1.511s] Level 5:colcon.colcon_core.verb:set package 'turtlebot3_gazebo' build argument 'catkin_cmake_args' from command line to 'None'
[1.511s] Level 5:colcon.colcon_core.verb:set package 'turtlebot3_gazebo' build argument 'catkin_skip_building_tests' from command line to 'False'
[1.511s] DEBUG:colcon.colcon_core.verb:Building package 'turtlebot3_gazebo' with the following arguments: {'ament_cmake_args': None, 'build_base': '/home/evanyan13/colcon_ws/build/turtlebot3_gazebo', 'catkin_cmake_args': None, 'catkin_skip_building_tests': False, 'cmake_args': None, 'cmake_clean_cache': False, 'cmake_clean_first': False, 'cmake_force_configure': False, 'cmake_target': None, 'cmake_target_skip_unavailable': False, 'install_base': '/home/evanyan13/colcon_ws/install/turtlebot3_gazebo', 'merge_install': False, 'path': '/home/evanyan13/colcon_ws/src/turtlebot3_simulations/turtlebot3_gazebo', 'symlink_install': False, 'test_result_base': None}
[1.530s] Level 5:colcon.colcon_core.verb:set package 'turtlebot3_simulations' build argument 'cmake_args' from command line to 'None'
[1.530s] Level 5:colcon.colcon_core.verb:set package 'turtlebot3_simulations' build argument 'cmake_target' from command line to 'None'
[1.530s] Level 5:colcon.colcon_core.verb:set package 'turtlebot3_simulations' build argument 'cmake_target_skip_unavailable' from command line to 'False'
[1.530s] Level 5:colcon.colcon_core.verb:set package 'turtlebot3_simulations' build argument 'cmake_clean_cache' from command line to 'False'
[1.530s] Level 5:colcon.colcon_core.verb:set package 'turtlebot3_simulations' build argument 'cmake_clean_first' from command line to 'False'
[1.530s] Level 5:colcon.colcon_core.verb:set package 'turtlebot3_simulations' build argument 'cmake_force_configure' from command line to 'False'
[1.530s] Level 5:colcon.colcon_core.verb:set package 'turtlebot3_simulations' build argument 'ament_cmake_args' from command line to 'None'
[1.530s] Level 5:colcon.colcon_core.verb:set package 'turtlebot3_simulations' build argument 'catkin_cmake_args' from command line to 'None'
[1.530s] Level 5:colcon.colcon_core.verb:set package 'turtlebot3_simulations' build argument 'catkin_skip_building_tests' from command line to 'False'
[1.530s] DEBUG:colcon.colcon_core.verb:Building package 'turtlebot3_simulations' with the following arguments: {'ament_cmake_args': None, 'build_base': '/home/evanyan13/colcon_ws/build/turtlebot3_simulations', 'catkin_cmake_args': None, 'catkin_skip_building_tests': False, 'cmake_args': None, 'cmake_clean_cache': False, 'cmake_clean_first': False, 'cmake_force_configure': False, 'cmake_target': None, 'cmake_target_skip_unavailable': False, 'install_base': '/home/evanyan13/colcon_ws/install/turtlebot3_simulations', 'merge_install': False, 'path': '/home/evanyan13/colcon_ws/src/turtlebot3_simulations/turtlebot3_simulations', 'symlink_install': False, 'test_result_base': None}
[1.548s] INFO:colcon.colcon_core.executor:Executing jobs using 'parallel' executor
[1.566s] DEBUG:colcon.colcon_parallel_executor.executor.parallel:run_until_complete
[1.567s] INFO:colcon.colcon_ros.task.ament_cmake.build:Building ROS package in '/home/evanyan13/colcon_ws/src/turtlebot3_simulations/turtlebot3_fake_node' with build type 'ament_cmake'
[1.567s] INFO:colcon.colcon_cmake.task.cmake.build:Building CMake package in '/home/evanyan13/colcon_ws/src/turtlebot3_simulations/turtlebot3_fake_node'
[1.586s] INFO:colcon.colcon_core.plugin_system:Skipping extension 'colcon_core.shell.bat': Not used on non-Windows systems
[1.586s] INFO:colcon.colcon_core.shell:Skip shell extension 'powershell' for command environment: Not usable outside of PowerShell
[1.586s] DEBUG:colcon.colcon_core.shell:Skip shell extension 'dsv' for command environment
[1.648s] INFO:colcon.colcon_ros.task.ament_cmake.build:Building ROS package in '/home/evanyan13/colcon_ws/src/turtlebot3_simulations/turtlebot3_gazebo' with build type 'ament_cmake'
[1.648s] INFO:colcon.colcon_cmake.task.cmake.build:Building CMake package in '/home/evanyan13/colcon_ws/src/turtlebot3_simulations/turtlebot3_gazebo'
[1.669s] INFO:colcon.colcon_core.shell:Skip shell extension 'powershell' for command environment: Not usable outside of PowerShell
[1.669s] DEBUG:colcon.colcon_core.shell:Skip shell extension 'dsv' for command environment
[1.733s] INFO:colcon.colcon_ros.task.ament_python.build:Building ROS package in '/home/evanyan13/colcon_ws/src/auto_nav' with build type 'ament_python'
[1.733s] Level 1:colcon.colcon_core.shell:create_environment_hook('auto_nav', 'ament_prefix_path')
[1.755s] INFO:colcon.colcon_core.shell:Creating environment hook '/home/evanyan13/colcon_ws/install/auto_nav/share/auto_nav/hook/ament_prefix_path.ps1'
[1.755s] INFO:colcon.colcon_core.shell:Creating environment descriptor '/home/evanyan13/colcon_ws/install/auto_nav/share/auto_nav/hook/ament_prefix_path.dsv'
[1.756s] INFO:colcon.colcon_core.shell:Creating environment hook '/home/evanyan13/colcon_ws/install/auto_nav/share/auto_nav/hook/ament_prefix_path.sh'
[1.778s] INFO:colcon.colcon_core.shell:Skip shell extension 'powershell' for command environment: Not usable outside of PowerShell
[1.778s] DEBUG:colcon.colcon_core.shell:Skip shell extension 'dsv' for command environment
[1.842s] INFO:colcon.colcon_ros.task.ament_python.build:Building ROS package in '/home/evanyan13/colcon_ws/src/py_pubsub' with build type 'ament_python'
[1.842s] Level 1:colcon.colcon_core.shell:create_environment_hook('py_pubsub', 'ament_prefix_path')
[1.863s] INFO:colcon.colcon_core.shell:Creating environment hook '/home/evanyan13/colcon_ws/install/py_pubsub/share/py_pubsub/hook/ament_prefix_path.ps1'
[1.864s] INFO:colcon.colcon_core.shell:Creating environment descriptor '/home/evanyan13/colcon_ws/install/py_pubsub/share/py_pubsub/hook/ament_prefix_path.dsv'
[1.864s] INFO:colcon.colcon_core.shell:Creating environment hook '/home/evanyan13/colcon_ws/install/py_pubsub/share/py_pubsub/hook/ament_prefix_path.sh'
[1.885s] INFO:colcon.colcon_core.shell:Skip shell extension 'powershell' for command environment: Not usable outside of PowerShell
[1.885s] DEBUG:colcon.colcon_core.shell:Skip shell extension 'dsv' for command environment
[1.955s] DEBUG:colcon.colcon_core.event_handler.log_command:Invoking command in '/home/evanyan13/colcon_ws/build/turtlebot3_fake_node': CMAKE_PREFIX_PATH=${CMAKE_PREFIX_PATH}:/home/evanyan13/colcon_ws/install/py_pubsub:/home/evanyan13/colcon_ws/install/auto_nav:/opt/ros/foxy /usr/bin/cmake --build /home/evanyan13/colcon_ws/build/turtlebot3_fake_node -- -j6 -l6
[1.962s] DEBUG:colcon.colcon_core.event_handler.log_command:Invoking command in '/home/evanyan13/colcon_ws/build/turtlebot3_gazebo': CMAKE_PREFIX_PATH=${CMAKE_PREFIX_PATH}:/home/evanyan13/colcon_ws/install/py_pubsub:/home/evanyan13/colcon_ws/install/auto_nav:/opt/ros/foxy /usr/bin/cmake --build /home/evanyan13/colcon_ws/build/turtlebot3_gazebo -- -j6 -l6
[2.100s] INFO:colcon.colcon_core.task.python.build:Building Python package in '/home/evanyan13/colcon_ws/src/auto_nav'
[2.121s] INFO:colcon.colcon_core.shell:Skip shell extension 'powershell' for command environment: Not usable outside of PowerShell
[2.121s] DEBUG:colcon.colcon_core.shell:Skip shell extension 'dsv' for command environment
[2.320s] INFO:colcon.colcon_core.task.python.build:Building Python package in '/home/evanyan13/colcon_ws/src/py_pubsub'
[2.341s] INFO:colcon.colcon_core.shell:Skip shell extension 'powershell' for command environment: Not usable outside of PowerShell
[2.341s] DEBUG:colcon.colcon_core.shell:Skip shell extension 'dsv' for command environment
[2.416s] DEBUG:colcon.colcon_core.event_handler.log_command:Invoked command in '/home/evanyan13/colcon_ws/build/turtlebot3_fake_node' returned '0': CMAKE_PREFIX_PATH=${CMAKE_PREFIX_PATH}:/home/evanyan13/colcon_ws/install/py_pubsub:/home/evanyan13/colcon_ws/install/auto_nav:/opt/ros/foxy /usr/bin/cmake --build /home/evanyan13/colcon_ws/build/turtlebot3_fake_node -- -j6 -l6
[2.419s] DEBUG:colcon.colcon_core.event_handler.log_command:Invoked command in '/home/evanyan13/colcon_ws/build/turtlebot3_gazebo' returned '0': CMAKE_PREFIX_PATH=${CMAKE_PREFIX_PATH}:/home/evanyan13/colcon_ws/install/py_pubsub:/home/evanyan13/colcon_ws/install/auto_nav:/opt/ros/foxy /usr/bin/cmake --build /home/evanyan13/colcon_ws/build/turtlebot3_gazebo -- -j6 -l6
[2.463s] DEBUG:colcon.colcon_core.event_handler.log_command:Invoking command in '/home/evanyan13/colcon_ws/build/turtlebot3_fake_node': CMAKE_PREFIX_PATH=${CMAKE_PREFIX_PATH}:/home/evanyan13/colcon_ws/install/py_pubsub:/home/evanyan13/colcon_ws/install/auto_nav:/opt/ros/foxy /usr/bin/cmake --install /home/evanyan13/colcon_ws/build/turtlebot3_fake_node
[2.481s] Level 1:colcon.colcon_core.environment:create_environment_scripts_only(turtlebot3_fake_node)
[2.482s] DEBUG:colcon.colcon_core.event_handler.log_command:Invoked command in '/home/evanyan13/colcon_ws/build/turtlebot3_fake_node' returned '0': CMAKE_PREFIX_PATH=${CMAKE_PREFIX_PATH}:/home/evanyan13/colcon_ws/install/py_pubsub:/home/evanyan13/colcon_ws/install/auto_nav:/opt/ros/foxy /usr/bin/cmake --install /home/evanyan13/colcon_ws/build/turtlebot3_fake_node
[2.505s] Level 1:colcon.colcon_core.environment:checking '/home/evanyan13/colcon_ws/install/turtlebot3_fake_node' for CMake module files
[2.505s] Level 1:colcon.colcon_core.environment:checking '/home/evanyan13/colcon_ws/install/turtlebot3_fake_node' for CMake config files
[2.505s] Level 1:colcon.colcon_core.shell:create_environment_hook('turtlebot3_fake_node', 'cmake_prefix_path')
[2.526s] INFO:colcon.colcon_core.shell:Creating environment hook '/home/evanyan13/colcon_ws/install/turtlebot3_fake_node/share/turtlebot3_fake_node/hook/cmake_prefix_path.ps1'
[2.526s] INFO:colcon.colcon_core.shell:Creating environment descriptor '/home/evanyan13/colcon_ws/install/turtlebot3_fake_node/share/turtlebot3_fake_node/hook/cmake_prefix_path.dsv'
[2.526s] INFO:colcon.colcon_core.shell:Creating environment hook '/home/evanyan13/colcon_ws/install/turtlebot3_fake_node/share/turtlebot3_fake_node/hook/cmake_prefix_path.sh'
[2.527s] Level 1:colcon.colcon_core.environment:checking '/home/evanyan13/colcon_ws/install/turtlebot3_fake_node/lib'
[2.527s] Level 1:colcon.colcon_core.environment:checking '/home/evanyan13/colcon_ws/install/turtlebot3_fake_node/bin'
[2.527s] Level 1:colcon.colcon_core.environment:checking '/home/evanyan13/colcon_ws/install/turtlebot3_fake_node/lib/pkgconfig/turtlebot3_fake_node.pc'
[2.527s] Level 1:colcon.colcon_core.environment:checking '/home/evanyan13/colcon_ws/install/turtlebot3_fake_node/lib/python3.8/site-packages'
[2.527s] Level 1:colcon.colcon_core.environment:checking '/home/evanyan13/colcon_ws/install/turtlebot3_fake_node/bin'
[2.548s] INFO:colcon.colcon_core.shell:Creating package script '/home/evanyan13/colcon_ws/install/turtlebot3_fake_node/share/turtlebot3_fake_node/package.ps1'
[2.549s] INFO:colcon.colcon_core.shell:Creating package descriptor '/home/evanyan13/colcon_ws/install/turtlebot3_fake_node/share/turtlebot3_fake_node/package.dsv'
[2.549s] INFO:colcon.colcon_core.shell:Creating package script '/home/evanyan13/colcon_ws/install/turtlebot3_fake_node/share/turtlebot3_fake_node/package.sh'
[2.550s] INFO:colcon.colcon_core.shell:Creating package script '/home/evanyan13/colcon_ws/install/turtlebot3_fake_node/share/turtlebot3_fake_node/package.bash'
[2.550s] INFO:colcon.colcon_core.shell:Creating package script '/home/evanyan13/colcon_ws/install/turtlebot3_fake_node/share/turtlebot3_fake_node/package.zsh'
[2.551s] Level 1:colcon.colcon_core.environment:create_file_with_runtime_dependencies(/home/evanyan13/colcon_ws/install/turtlebot3_fake_node/share/colcon-core/packages/turtlebot3_fake_node)
[2.555s] DEBUG:colcon.colcon_core.event_handler.log_command:Invoking command in '/home/evanyan13/colcon_ws/build/turtlebot3_gazebo': CMAKE_PREFIX_PATH=${CMAKE_PREFIX_PATH}:/home/evanyan13/colcon_ws/install/py_pubsub:/home/evanyan13/colcon_ws/install/auto_nav:/opt/ros/foxy /usr/bin/cmake --install /home/evanyan13/colcon_ws/build/turtlebot3_gazebo
[2.590s] Level 1:colcon.colcon_core.environment:create_environment_scripts_only(turtlebot3_gazebo)
[2.590s] DEBUG:colcon.colcon_core.event_handler.log_command:Invoked command in '/home/evanyan13/colcon_ws/build/turtlebot3_gazebo' returned '0': CMAKE_PREFIX_PATH=${CMAKE_PREFIX_PATH}:/home/evanyan13/colcon_ws/install/py_pubsub:/home/evanyan13/colcon_ws/install/auto_nav:/opt/ros/foxy /usr/bin/cmake --install /home/evanyan13/colcon_ws/build/turtlebot3_gazebo
[2.612s] Level 1:colcon.colcon_core.environment:checking '/home/evanyan13/colcon_ws/install/turtlebot3_gazebo' for CMake module files
[2.613s] Level 1:colcon.colcon_core.environment:checking '/home/evanyan13/colcon_ws/install/turtlebot3_gazebo' for CMake config files
[2.614s] Level 1:colcon.colcon_core.shell:create_environment_hook('turtlebot3_gazebo', 'cmake_prefix_path')
[2.635s] INFO:colcon.colcon_core.shell:Creating environment hook '/home/evanyan13/colcon_ws/install/turtlebot3_gazebo/share/turtlebot3_gazebo/hook/cmake_prefix_path.ps1'
[2.636s] INFO:colcon.colcon_core.shell:Creating environment descriptor '/home/evanyan13/colcon_ws/install/turtlebot3_gazebo/share/turtlebot3_gazebo/hook/cmake_prefix_path.dsv'
[2.636s] INFO:colcon.colcon_core.shell:Creating environment hook '/home/evanyan13/colcon_ws/install/turtlebot3_gazebo/share/turtlebot3_gazebo/hook/cmake_prefix_path.sh'
[2.636s] Level 1:colcon.colcon_core.environment:checking '/home/evanyan13/colcon_ws/install/turtlebot3_gazebo/lib'
[2.636s] Level 1:colcon.colcon_core.environment:checking '/home/evanyan13/colcon_ws/install/turtlebot3_gazebo/bin'
[2.636s] Level 1:colcon.colcon_core.environment:checking '/home/evanyan13/colcon_ws/install/turtlebot3_gazebo/lib/pkgconfig/turtlebot3_gazebo.pc'
[2.636s] Level 1:colcon.colcon_core.environment:checking '/home/evanyan13/colcon_ws/install/turtlebot3_gazebo/lib/python3.8/site-packages'
[2.637s] Level 1:colcon.colcon_core.environment:checking '/home/evanyan13/colcon_ws/install/turtlebot3_gazebo/bin'
[2.656s] INFO:colcon.colcon_core.shell:Creating package script '/home/evanyan13/colcon_ws/install/turtlebot3_gazebo/share/turtlebot3_gazebo/package.ps1'
[2.656s] INFO:colcon.colcon_core.shell:Creating package descriptor '/home/evanyan13/colcon_ws/install/turtlebot3_gazebo/share/turtlebot3_gazebo/package.dsv'
[2.657s] INFO:colcon.colcon_core.shell:Creating package script '/home/evanyan13/colcon_ws/install/turtlebot3_gazebo/share/turtlebot3_gazebo/package.sh'
[2.657s] INFO:colcon.colcon_core.shell:Creating package script '/home/evanyan13/colcon_ws/install/turtlebot3_gazebo/share/turtlebot3_gazebo/package.bash'
[2.657s] INFO:colcon.colcon_core.shell:Creating package script '/home/evanyan13/colcon_ws/install/turtlebot3_gazebo/share/turtlebot3_gazebo/package.zsh'
[2.658s] Level 1:colcon.colcon_core.environment:create_file_with_runtime_dependencies(/home/evanyan13/colcon_ws/install/turtlebot3_gazebo/share/colcon-core/packages/turtlebot3_gazebo)
[2.684s] Level 1:colcon.colcon_core.environment:create_environment_scripts_only(turtlebot3_fake_node)
[2.705s] Level 1:colcon.colcon_core.environment:checking '/home/evanyan13/colcon_ws/install/turtlebot3_fake_node' for CMake module files
[2.705s] Level 1:colcon.colcon_core.environment:checking '/home/evanyan13/colcon_ws/install/turtlebot3_fake_node' for CMake config files
[2.705s] Level 1:colcon.colcon_core.shell:create_environment_hook('turtlebot3_fake_node', 'cmake_prefix_path')
[2.724s] INFO:colcon.colcon_core.shell:Creating environment hook '/home/evanyan13/colcon_ws/install/turtlebot3_fake_node/share/turtlebot3_fake_node/hook/cmake_prefix_path.ps1'
[2.725s] INFO:colcon.colcon_core.shell:Creating environment descriptor '/home/evanyan13/colcon_ws/install/turtlebot3_fake_node/share/turtlebot3_fake_node/hook/cmake_prefix_path.dsv'
[2.725s] INFO:colcon.colcon_core.shell:Creating environment hook '/home/evanyan13/colcon_ws/install/turtlebot3_fake_node/share/turtlebot3_fake_node/hook/cmake_prefix_path.sh'
[2.726s] Level 1:colcon.colcon_core.environment:checking '/home/evanyan13/colcon_ws/install/turtlebot3_fake_node/lib'
[2.726s] Level 1:colcon.colcon_core.environment:checking '/home/evanyan13/colcon_ws/install/turtlebot3_fake_node/bin'
[2.726s] Level 1:colcon.colcon_core.environment:checking '/home/evanyan13/colcon_ws/install/turtlebot3_fake_node/lib/pkgconfig/turtlebot3_fake_node.pc'
[2.726s] Level 1:colcon.colcon_core.environment:checking '/home/evanyan13/colcon_ws/install/turtlebot3_fake_node/lib/python3.8/site-packages'
[2.726s] Level 1:colcon.colcon_core.environment:checking '/home/evanyan13/colcon_ws/install/turtlebot3_fake_node/bin'
[2.747s] INFO:colcon.colcon_core.shell:Creating package script '/home/evanyan13/colcon_ws/install/turtlebot3_fake_node/share/turtlebot3_fake_node/package.ps1'
[2.747s] INFO:colcon.colcon_core.shell:Creating package descriptor '/home/evanyan13/colcon_ws/install/turtlebot3_fake_node/share/turtlebot3_fake_node/package.dsv'
[2.747s] INFO:colcon.colcon_core.shell:Creating package script '/home/evanyan13/colcon_ws/install/turtlebot3_fake_node/share/turtlebot3_fake_node/package.sh'
[2.748s] INFO:colcon.colcon_core.shell:Creating package script '/home/evanyan13/colcon_ws/install/turtlebot3_fake_node/share/turtlebot3_fake_node/package.bash'
[2.748s] INFO:colcon.colcon_core.shell:Creating package script '/home/evanyan13/colcon_ws/install/turtlebot3_fake_node/share/turtlebot3_fake_node/package.zsh'
[2.748s] Level 1:colcon.colcon_core.environment:create_file_with_runtime_dependencies(/home/evanyan13/colcon_ws/install/turtlebot3_fake_node/share/colcon-core/packages/turtlebot3_fake_node)
[2.754s] DEBUG:colcon.colcon_core.event_handler.log_command:Invoking command in '/home/evanyan13/colcon_ws/src/auto_nav': PYTHONPATH=/home/evanyan13/colcon_ws/build/auto_nav/prefix_override:/home/evanyan13/colcon_ws/install/auto_nav/lib/python3.8/site-packages:${PYTHONPATH} /usr/bin/python3 setup.py egg_info --egg-base ../../build/auto_nav build --build-base /home/evanyan13/colcon_ws/build/auto_nav/build install --record /home/evanyan13/colcon_ws/build/auto_nav/install.log --install-scripts $base/lib/auto_nav --single-version-externally-managed
[2.755s] DEBUG:colcon.colcon_core.event_handler.log_command:Invoking command in '/home/evanyan13/colcon_ws/src/py_pubsub': PYTHONPATH=/home/evanyan13/colcon_ws/build/py_pubsub/prefix_override:/home/evanyan13/colcon_ws/install/py_pubsub/lib/python3.8/site-packages:${PYTHONPATH} /usr/bin/python3 setup.py egg_info --egg-base ../../build/py_pubsub build --build-base /home/evanyan13/colcon_ws/build/py_pubsub/build install --record /home/evanyan13/colcon_ws/build/py_pubsub/install.log --install-scripts $base/lib/py_pubsub --single-version-externally-managed
[2.775s] Level 1:colcon.colcon_core.environment:create_environment_scripts_only(turtlebot3_gazebo)
[2.796s] Level 1:colcon.colcon_core.environment:checking '/home/evanyan13/colcon_ws/install/turtlebot3_gazebo' for CMake module files
[2.797s] Level 1:colcon.colcon_core.environment:checking '/home/evanyan13/colcon_ws/install/turtlebot3_gazebo' for CMake config files
[2.798s] Level 1:colcon.colcon_core.shell:create_environment_hook('turtlebot3_gazebo', 'cmake_prefix_path')
[2.820s] INFO:colcon.colcon_core.shell:Creating environment hook '/home/evanyan13/colcon_ws/install/turtlebot3_gazebo/share/turtlebot3_gazebo/hook/cmake_prefix_path.ps1'
[2.820s] INFO:colcon.colcon_core.shell:Creating environment descriptor '/home/evanyan13/colcon_ws/install/turtlebot3_gazebo/share/turtlebot3_gazebo/hook/cmake_prefix_path.dsv'
[2.821s] INFO:colcon.colcon_core.shell:Creating environment hook '/home/evanyan13/colcon_ws/install/turtlebot3_gazebo/share/turtlebot3_gazebo/hook/cmake_prefix_path.sh'
[2.821s] Level 1:colcon.colcon_core.environment:checking '/home/evanyan13/colcon_ws/install/turtlebot3_gazebo/lib'
[2.821s] Level 1:colcon.colcon_core.environment:checking '/home/evanyan13/colcon_ws/install/turtlebot3_gazebo/bin'
[2.821s] Level 1:colcon.colcon_core.environment:checking '/home/evanyan13/colcon_ws/install/turtlebot3_gazebo/lib/pkgconfig/turtlebot3_gazebo.pc'
[2.821s] Level 1:colcon.colcon_core.environment:checking '/home/evanyan13/colcon_ws/install/turtlebot3_gazebo/lib/python3.8/site-packages'
[2.822s] Level 1:colcon.colcon_core.environment:checking '/home/evanyan13/colcon_ws/install/turtlebot3_gazebo/bin'
[2.842s] INFO:colcon.colcon_core.shell:Creating package script '/home/evanyan13/colcon_ws/install/turtlebot3_gazebo/share/turtlebot3_gazebo/package.ps1'
[2.842s] INFO:colcon.colcon_core.shell:Creating package descriptor '/home/evanyan13/colcon_ws/install/turtlebot3_gazebo/share/turtlebot3_gazebo/package.dsv'
[2.843s] INFO:colcon.colcon_core.shell:Creating package script '/home/evanyan13/colcon_ws/install/turtlebot3_gazebo/share/turtlebot3_gazebo/package.sh'
[2.843s] INFO:colcon.colcon_core.shell:Creating package script '/home/evanyan13/colcon_ws/install/turtlebot3_gazebo/share/turtlebot3_gazebo/package.bash'
[2.843s] INFO:colcon.colcon_core.shell:Creating package script '/home/evanyan13/colcon_ws/install/turtlebot3_gazebo/share/turtlebot3_gazebo/package.zsh'
[2.843s] Level 1:colcon.colcon_core.environment:create_file_with_runtime_dependencies(/home/evanyan13/colcon_ws/install/turtlebot3_gazebo/share/colcon-core/packages/turtlebot3_gazebo)
[2.845s] INFO:colcon.colcon_ros.task.ament_cmake.build:Building ROS package in '/home/evanyan13/colcon_ws/src/turtlebot3_simulations/turtlebot3_simulations' with build type 'ament_cmake'
[2.845s] INFO:colcon.colcon_cmake.task.cmake.build:Building CMake package in '/home/evanyan13/colcon_ws/src/turtlebot3_simulations/turtlebot3_simulations'
[2.866s] INFO:colcon.colcon_core.shell:Skip shell extension 'powershell' for command environment: Not usable outside of PowerShell
[2.866s] DEBUG:colcon.colcon_core.shell:Skip shell extension 'dsv' for command environment
[2.954s] DEBUG:colcon.colcon_core.event_handler.log_command:Invoked command in '/home/evanyan13/colcon_ws/src/auto_nav' returned '0': PYTHONPATH=/home/evanyan13/colcon_ws/build/auto_nav/prefix_override:/home/evanyan13/colcon_ws/install/auto_nav/lib/python3.8/site-packages:${PYTHONPATH} /usr/bin/python3 setup.py egg_info --egg-base ../../build/auto_nav build --build-base /home/evanyan13/colcon_ws/build/auto_nav/build install --record /home/evanyan13/colcon_ws/build/auto_nav/install.log --install-scripts $base/lib/auto_nav --single-version-externally-managed
[2.974s] Level 1:colcon.colcon_core.environment:checking '/home/evanyan13/colcon_ws/install/auto_nav' for CMake module files
[2.975s] Level 1:colcon.colcon_core.environment:checking '/home/evanyan13/colcon_ws/install/auto_nav' for CMake config files
[2.975s] Level 1:colcon.colcon_core.environment:checking '/home/evanyan13/colcon_ws/install/auto_nav/lib'
[2.975s] Level 1:colcon.colcon_core.environment:checking '/home/evanyan13/colcon_ws/install/auto_nav/bin'
[2.975s] Level 1:colcon.colcon_core.environment:checking '/home/evanyan13/colcon_ws/install/auto_nav/lib/pkgconfig/auto_nav.pc'
[2.975s] Level 1:colcon.colcon_core.environment:checking '/home/evanyan13/colcon_ws/install/auto_nav/lib/python3.8/site-packages'
[2.975s] Level 1:colcon.colcon_core.shell:create_environment_hook('auto_nav', 'pythonpath')
[2.996s] INFO:colcon.colcon_core.shell:Creating environment hook '/home/evanyan13/colcon_ws/install/auto_nav/share/auto_nav/hook/pythonpath.ps1'
[2.997s] INFO:colcon.colcon_core.shell:Creating environment descriptor '/home/evanyan13/colcon_ws/install/auto_nav/share/auto_nav/hook/pythonpath.dsv'
[2.997s] INFO:colcon.colcon_core.shell:Creating environment hook '/home/evanyan13/colcon_ws/install/auto_nav/share/auto_nav/hook/pythonpath.sh'
[2.997s] Level 1:colcon.colcon_core.environment:checking '/home/evanyan13/colcon_ws/install/auto_nav/bin'
[2.998s] Level 1:colcon.colcon_core.environment:create_environment_scripts_only(auto_nav)
[3.017s] INFO:colcon.colcon_core.shell:Creating package script '/home/evanyan13/colcon_ws/install/auto_nav/share/auto_nav/package.ps1'
[3.017s] INFO:colcon.colcon_core.shell:Creating package descriptor '/home/evanyan13/colcon_ws/install/auto_nav/share/auto_nav/package.dsv'
[3.018s] INFO:colcon.colcon_core.shell:Creating package script '/home/evanyan13/colcon_ws/install/auto_nav/share/auto_nav/package.sh'
[3.018s] INFO:colcon.colcon_core.shell:Creating package script '/home/evanyan13/colcon_ws/install/auto_nav/share/auto_nav/package.bash'
[3.018s] INFO:colcon.colcon_core.shell:Creating package script '/home/evanyan13/colcon_ws/install/auto_nav/share/auto_nav/package.zsh'
[3.018s] Level 1:colcon.colcon_core.environment:create_file_with_runtime_dependencies(/home/evanyan13/colcon_ws/install/auto_nav/share/colcon-core/packages/auto_nav)
[3.019s] DEBUG:colcon.colcon_core.event_handler.log_command:Invoked command in '/home/evanyan13/colcon_ws/src/py_pubsub' returned '0': PYTHONPATH=/home/evanyan13/colcon_ws/build/py_pubsub/prefix_override:/home/evanyan13/colcon_ws/install/py_pubsub/lib/python3.8/site-packages:${PYTHONPATH} /usr/bin/python3 setup.py egg_info --egg-base ../../build/py_pubsub build --build-base /home/evanyan13/colcon_ws/build/py_pubsub/build install --record /home/evanyan13/colcon_ws/build/py_pubsub/install.log --install-scripts $base/lib/py_pubsub --single-version-externally-managed
[3.038s] Level 1:colcon.colcon_core.environment:checking '/home/evanyan13/colcon_ws/install/py_pubsub' for CMake module files
[3.038s] Level 1:colcon.colcon_core.environment:checking '/home/evanyan13/colcon_ws/install/py_pubsub' for CMake config files
[3.039s] Level 1:colcon.colcon_core.environment:checking '/home/evanyan13/colcon_ws/install/py_pubsub/lib'
[3.039s] Level 1:colcon.colcon_core.environment:checking '/home/evanyan13/colcon_ws/install/py_pubsub/bin'
[3.039s] Level 1:colcon.colcon_core.environment:checking '/home/evanyan13/colcon_ws/install/py_pubsub/lib/pkgconfig/py_pubsub.pc'
[3.039s] Level 1:colcon.colcon_core.environment:checking '/home/evanyan13/colcon_ws/install/py_pubsub/lib/python3.8/site-packages'
[3.039s] Level 1:colcon.colcon_core.shell:create_environment_hook('py_pubsub', 'pythonpath')
[3.059s] INFO:colcon.colcon_core.shell:Creating environment hook '/home/evanyan13/colcon_ws/install/py_pubsub/share/py_pubsub/hook/pythonpath.ps1'
[3.059s] INFO:colcon.colcon_core.shell:Creating environment descriptor '/home/evanyan13/colcon_ws/install/py_pubsub/share/py_pubsub/hook/pythonpath.dsv'
[3.060s] INFO:colcon.colcon_core.shell:Creating environment hook '/home/evanyan13/colcon_ws/install/py_pubsub/share/py_pubsub/hook/pythonpath.sh'
[3.060s] Level 1:colcon.colcon_core.environment:checking '/home/evanyan13/colcon_ws/install/py_pubsub/bin'
[3.060s] Level 1:colcon.colcon_core.environment:create_environment_scripts_only(py_pubsub)
[3.081s] INFO:colcon.colcon_core.shell:Creating package script '/home/evanyan13/colcon_ws/install/py_pubsub/share/py_pubsub/package.ps1'
[3.081s] INFO:colcon.colcon_core.shell:Creating package descriptor '/home/evanyan13/colcon_ws/install/py_pubsub/share/py_pubsub/package.dsv'
[3.081s] INFO:colcon.colcon_core.shell:Creating package script '/home/evanyan13/colcon_ws/install/py_pubsub/share/py_pubsub/package.sh'
[3.081s] INFO:colcon.colcon_core.shell:Creating package script '/home/evanyan13/colcon_ws/install/py_pubsub/share/py_pubsub/package.bash'
[3.082s] INFO:colcon.colcon_core.shell:Creating package script '/home/evanyan13/colcon_ws/install/py_pubsub/share/py_pubsub/package.zsh'
[3.082s] Level 1:colcon.colcon_core.environment:create_file_with_runtime_dependencies(/home/evanyan13/colcon_ws/install/py_pubsub/share/colcon-core/packages/py_pubsub)
[3.085s] DEBUG:colcon.colcon_core.event_handler.log_command:Invoking command in '/home/evanyan13/colcon_ws/build/turtlebot3_simulations': CMAKE_PREFIX_PATH=/home/evanyan13/colcon_ws/install/turtlebot3_gazebo:/home/evanyan13/colcon_ws/install/turtlebot3_fake_node:/home/evanyan13/colcon_ws/install/turtlebot3_simulations:/home/evanyan13/colcon_ws/install/py_pubsub:/home/evanyan13/colcon_ws/install/auto_nav:/opt/ros/foxy /usr/bin/cmake --build /home/evanyan13/colcon_ws/build/turtlebot3_simulations -- -j6 -l6
[3.114s] DEBUG:colcon.colcon_core.event_handler.log_command:Invoked command in '/home/evanyan13/colcon_ws/build/turtlebot3_simulations' returned '0': CMAKE_PREFIX_PATH=/home/evanyan13/colcon_ws/install/turtlebot3_gazebo:/home/evanyan13/colcon_ws/install/turtlebot3_fake_node:/home/evanyan13/colcon_ws/install/turtlebot3_simulations:/home/evanyan13/colcon_ws/install/py_pubsub:/home/evanyan13/colcon_ws/install/auto_nav:/opt/ros/foxy /usr/bin/cmake --build /home/evanyan13/colcon_ws/build/turtlebot3_simulations -- -j6 -l6
[3.130s] DEBUG:colcon.colcon_core.event_handler.log_command:Invoking command in '/home/evanyan13/colcon_ws/build/turtlebot3_simulations': CMAKE_PREFIX_PATH=/home/evanyan13/colcon_ws/install/turtlebot3_gazebo:/home/evanyan13/colcon_ws/install/turtlebot3_fake_node:/home/evanyan13/colcon_ws/install/turtlebot3_simulations:/home/evanyan13/colcon_ws/install/py_pubsub:/home/evanyan13/colcon_ws/install/auto_nav:/opt/ros/foxy /usr/bin/cmake --install /home/evanyan13/colcon_ws/build/turtlebot3_simulations
[3.145s] Level 1:colcon.colcon_core.environment:create_environment_scripts_only(turtlebot3_simulations)
[3.146s] DEBUG:colcon.colcon_core.event_handler.log_command:Invoked command in '/home/evanyan13/colcon_ws/build/turtlebot3_simulations' returned '0': CMAKE_PREFIX_PATH=/home/evanyan13/colcon_ws/install/turtlebot3_gazebo:/home/evanyan13/colcon_ws/install/turtlebot3_fake_node:/home/evanyan13/colcon_ws/install/turtlebot3_simulations:/home/evanyan13/colcon_ws/install/py_pubsub:/home/evanyan13/colcon_ws/install/auto_nav:/opt/ros/foxy /usr/bin/cmake --install /home/evanyan13/colcon_ws/build/turtlebot3_simulations
[3.167s] Level 1:colcon.colcon_core.environment:checking '/home/evanyan13/colcon_ws/install/turtlebot3_simulations' for CMake module files
[3.167s] Level 1:colcon.colcon_core.environment:checking '/home/evanyan13/colcon_ws/install/turtlebot3_simulations' for CMake config files
[3.168s] Level 1:colcon.colcon_core.shell:create_environment_hook('turtlebot3_simulations', 'cmake_prefix_path')
[3.188s] INFO:colcon.colcon_core.shell:Creating environment hook '/home/evanyan13/colcon_ws/install/turtlebot3_simulations/share/turtlebot3_simulations/hook/cmake_prefix_path.ps1'
[3.189s] INFO:colcon.colcon_core.shell:Creating environment descriptor '/home/evanyan13/colcon_ws/install/turtlebot3_simulations/share/turtlebot3_simulations/hook/cmake_prefix_path.dsv'
[3.189s] INFO:colcon.colcon_core.shell:Creating environment hook '/home/evanyan13/colcon_ws/install/turtlebot3_simulations/share/turtlebot3_simulations/hook/cmake_prefix_path.sh'
[3.190s] Level 1:colcon.colcon_core.environment:checking '/home/evanyan13/colcon_ws/install/turtlebot3_simulations/bin'
[3.190s] Level 1:colcon.colcon_core.environment:checking '/home/evanyan13/colcon_ws/install/turtlebot3_simulations/lib/pkgconfig/turtlebot3_simulations.pc'
[3.190s] Level 1:colcon.colcon_core.environment:checking '/home/evanyan13/colcon_ws/install/turtlebot3_simulations/lib/python3.8/site-packages'
[3.190s] Level 1:colcon.colcon_core.environment:checking '/home/evanyan13/colcon_ws/install/turtlebot3_simulations/bin'
[3.210s] INFO:colcon.colcon_core.shell:Creating package script '/home/evanyan13/colcon_ws/install/turtlebot3_simulations/share/turtlebot3_simulations/package.ps1'
[3.211s] INFO:colcon.colcon_core.shell:Creating package descriptor '/home/evanyan13/colcon_ws/install/turtlebot3_simulations/share/turtlebot3_simulations/package.dsv'
[3.211s] INFO:colcon.colcon_core.shell:Creating package script '/home/evanyan13/colcon_ws/install/turtlebot3_simulations/share/turtlebot3_simulations/package.sh'
[3.211s] INFO:colcon.colcon_core.shell:Creating package script '/home/evanyan13/colcon_ws/install/turtlebot3_simulations/share/turtlebot3_simulations/package.bash'
[3.211s] INFO:colcon.colcon_core.shell:Creating package script '/home/evanyan13/colcon_ws/install/turtlebot3_simulations/share/turtlebot3_simulations/package.zsh'
[3.212s] Level 1:colcon.colcon_core.environment:create_file_with_runtime_dependencies(/home/evanyan13/colcon_ws/install/turtlebot3_simulations/share/colcon-core/packages/turtlebot3_simulations)
[3.256s] Level 1:colcon.colcon_core.environment:create_environment_scripts_only(turtlebot3_simulations)
[3.277s] Level 1:colcon.colcon_core.environment:checking '/home/evanyan13/colcon_ws/install/turtlebot3_simulations' for CMake module files
[3.277s] Level 1:colcon.colcon_core.environment:checking '/home/evanyan13/colcon_ws/install/turtlebot3_simulations' for CMake config files
[3.277s] Level 1:colcon.colcon_core.shell:create_environment_hook('turtlebot3_simulations', 'cmake_prefix_path')
[3.297s] INFO:colcon.colcon_core.shell:Creating environment hook '/home/evanyan13/colcon_ws/install/turtlebot3_simulations/share/turtlebot3_simulations/hook/cmake_prefix_path.ps1'
[3.297s] INFO:colcon.colcon_core.shell:Creating environment descriptor '/home/evanyan13/colcon_ws/install/turtlebot3_simulations/share/turtlebot3_simulations/hook/cmake_prefix_path.dsv'
[3.297s] INFO:colcon.colcon_core.shell:Creating environment hook '/home/evanyan13/colcon_ws/install/turtlebot3_simulations/share/turtlebot3_simulations/hook/cmake_prefix_path.sh'
[3.297s] Level 1:colcon.colcon_core.environment:checking '/home/evanyan13/colcon_ws/install/turtlebot3_simulations/bin'
[3.298s] Level 1:colcon.colcon_core.environment:checking '/home/evanyan13/colcon_ws/install/turtlebot3_simulations/lib/pkgconfig/turtlebot3_simulations.pc'
[3.298s] Level 1:colcon.colcon_core.environment:checking '/home/evanyan13/colcon_ws/install/turtlebot3_simulations/lib/python3.8/site-packages'
[3.298s] Level 1:colcon.colcon_core.environment:checking '/home/evanyan13/colcon_ws/install/turtlebot3_simulations/bin'
[3.317s] INFO:colcon.colcon_core.shell:Creating package script '/home/evanyan13/colcon_ws/install/turtlebot3_simulations/share/turtlebot3_simulations/package.ps1'
[3.318s] INFO:colcon.colcon_core.shell:Creating package descriptor '/home/evanyan13/colcon_ws/install/turtlebot3_simulations/share/turtlebot3_simulations/package.dsv'
[3.318s] INFO:colcon.colcon_core.shell:Creating package script '/home/evanyan13/colcon_ws/install/turtlebot3_simulations/share/turtlebot3_simulations/package.sh'
[3.318s] INFO:colcon.colcon_core.shell:Creating package script '/home/evanyan13/colcon_ws/install/turtlebot3_simulations/share/turtlebot3_simulations/package.bash'
[3.318s] INFO:colcon.colcon_core.shell:Creating package script '/home/evanyan13/colcon_ws/install/turtlebot3_simulations/share/turtlebot3_simulations/package.zsh'
[3.318s] Level 1:colcon.colcon_core.environment:create_file_with_runtime_dependencies(/home/evanyan13/colcon_ws/install/turtlebot3_simulations/share/colcon-core/packages/turtlebot3_simulations)
[3.319s] DEBUG:colcon.colcon_parallel_executor.executor.parallel:closing loop
[3.319s] DEBUG:colcon.colcon_parallel_executor.executor.parallel:loop closed
[3.319s] DEBUG:colcon.colcon_parallel_executor.executor.parallel:run_until_complete finished with '0'
[3.319s] DEBUG:colcon.colcon_core.event_reactor:joining thread
[3.343s] INFO:colcon.colcon_core.plugin_system:Skipping extension 'colcon_notification.desktop_notification.terminal_notifier': Not used on non-Darwin systems
[3.343s] INFO:colcon.colcon_core.plugin_system:Skipping extension 'colcon_notification.desktop_notification.win32': Not used on non-Windows systems
[3.343s] INFO:colcon.colcon_notification.desktop_notification:Sending desktop notification using 'notify2'
[3.352s] DEBUG:colcon.colcon_core.event_reactor:joined thread
[3.372s] INFO:colcon.colcon_core.shell:Creating prefix script '/home/evanyan13/colcon_ws/install/local_setup.ps1'
[3.373s] INFO:colcon.colcon_core.shell:Creating prefix util module '/home/evanyan13/colcon_ws/install/_local_setup_util_ps1.py'
[3.374s] INFO:colcon.colcon_core.shell:Creating prefix chain script '/home/evanyan13/colcon_ws/install/setup.ps1'
[3.394s] INFO:colcon.colcon_core.shell:Creating prefix script '/home/evanyan13/colcon_ws/install/local_setup.sh'
[3.394s] INFO:colcon.colcon_core.shell:Creating prefix util module '/home/evanyan13/colcon_ws/install/_local_setup_util_sh.py'
[3.394s] INFO:colcon.colcon_core.shell:Creating prefix chain script '/home/evanyan13/colcon_ws/install/setup.sh'
[3.413s] INFO:colcon.colcon_core.shell:Creating prefix script '/home/evanyan13/colcon_ws/install/local_setup.bash'
[3.414s] INFO:colcon.colcon_core.shell:Creating prefix chain script '/home/evanyan13/colcon_ws/install/setup.bash'
[3.432s] INFO:colcon.colcon_core.shell:Creating prefix script '/home/evanyan13/colcon_ws/install/local_setup.zsh'
[3.433s] INFO:colcon.colcon_core.shell:Creating prefix chain script '/home/evanyan13/colcon_ws/install/setup.zsh'
