running develop
running egg_info
creating launcher.egg-info
writing launcher.egg-info/PKG-INFO
writing dependency_links to launcher.egg-info/dependency_links.txt
writing entry points to launcher.egg-info/entry_points.txt
writing requirements to launcher.egg-info/requires.txt
writing top-level names to launcher.egg-info/top_level.txt
writing manifest file 'launcher.egg-info/SOURCES.txt'
reading manifest file 'launcher.egg-info/SOURCES.txt'
writing manifest file 'launcher.egg-info/SOURCES.txt'
running build_ext
Creating /home/evanyan13/colcon_ws/install/launcher/lib/python3.8/site-packages/site.py
Creating /home/evanyan13/colcon_ws/install/launcher/lib/python3.8/site-packages/launcher.egg-link (link to .)

Installed /home/evanyan13/colcon_ws/build/launcher
running install_data
creating /home/evanyan13/colcon_ws/install/launcher/share/ament_index
creating /home/evanyan13/colcon_ws/install/launcher/share/ament_index/resource_index
creating /home/evanyan13/colcon_ws/install/launcher/share/ament_index/resource_index/packages
copying resource/launcher -> /home/evanyan13/colcon_ws/install/launcher/share/ament_index/resource_index/packages
copying package.xml -> /home/evanyan13/colcon_ws/install/launcher/share/launcher
