[1.737s] Invoking command in '/home/evanyan13/colcon_ws/build/launcher': PYTHONPATH=/home/evanyan13/colcon_ws/build/launcher/prefix_override:/home/evanyan13/colcon_ws/install/launcher/lib/python3.8/site-packages:${PYTHONPATH} /usr/bin/python3 setup.py develop --editable --build-directory /home/evanyan13/colcon_ws/build/launcher/build --no-deps install_data
[1.939s] running develop
[1.939s] running egg_info
[1.939s] creating launcher.egg-info
[1.939s] writing launcher.egg-info/PKG-INFO
[1.939s] writing dependency_links to launcher.egg-info/dependency_links.txt
[1.939s] writing entry points to launcher.egg-info/entry_points.txt
[1.939s] writing requirements to launcher.egg-info/requires.txt
[1.939s] writing top-level names to launcher.egg-info/top_level.txt
[1.939s] writing manifest file 'launcher.egg-info/SOURCES.txt'
[1.939s] reading manifest file 'launcher.egg-info/SOURCES.txt'
[1.939s] writing manifest file 'launcher.egg-info/SOURCES.txt'
[1.949s] running build_ext
[1.957s] Creating /home/evanyan13/colcon_ws/install/launcher/lib/python3.8/site-packages/site.py
[1.957s] Creating /home/evanyan13/colcon_ws/install/launcher/lib/python3.8/site-packages/launcher.egg-link (link to .)
[1.957s] 
[1.957s] Installed /home/evanyan13/colcon_ws/build/launcher
[1.957s] running install_data
[1.957s] creating /home/evanyan13/colcon_ws/install/launcher/share/ament_index
[1.957s] creating /home/evanyan13/colcon_ws/install/launcher/share/ament_index/resource_index
[1.957s] creating /home/evanyan13/colcon_ws/install/launcher/share/ament_index/resource_index/packages
[1.957s] copying resource/launcher -> /home/evanyan13/colcon_ws/install/launcher/share/ament_index/resource_index/packages
[1.957s] copying package.xml -> /home/evanyan13/colcon_ws/install/launcher/share/launcher
[2.479s] Invoked command in '/home/evanyan13/colcon_ws/build/launcher' returned '0': PYTHONPATH=/home/evanyan13/colcon_ws/build/launcher/prefix_override:/home/evanyan13/colcon_ws/install/launcher/lib/python3.8/site-packages:${PYTHONPATH} /usr/bin/python3 setup.py develop --editable --build-directory /home/evanyan13/colcon_ws/build/launcher/build --no-deps install_data
