[0.644s] Invoking command in '/home/evanyan13/colcon_ws/src/lidar_pubsub/build/lidar_pubsub': PYTHONPATH=/home/evanyan13/colcon_ws/src/lidar_pubsub/build/lidar_pubsub/prefix_override:/home/evanyan13/colcon_ws/src/lidar_pubsub/install/lidar_pubsub/lib/python3.8/site-packages:${PYTHONPATH} /usr/bin/python3 setup.py develop --editable --build-directory /home/evanyan13/colcon_ws/src/lidar_pubsub/build/lidar_pubsub/build --no-deps install_data
[0.767s] running develop
[0.836s] running egg_info
[0.836s] writing lidar_pubsub.egg-info/PKG-INFO
[0.836s] writing dependency_links to lidar_pubsub.egg-info/dependency_links.txt
[0.836s] writing entry points to lidar_pubsub.egg-info/entry_points.txt
[0.836s] writing requirements to lidar_pubsub.egg-info/requires.txt
[0.836s] writing top-level names to lidar_pubsub.egg-info/top_level.txt
[0.852s] reading manifest file 'lidar_pubsub.egg-info/SOURCES.txt'
[0.853s] writing manifest file 'lidar_pubsub.egg-info/SOURCES.txt'
[0.871s] running build_ext
[0.872s] Creating /home/evanyan13/colcon_ws/src/lidar_pubsub/install/lidar_pubsub/lib/python3.8/site-packages/site.py
[0.873s] Creating /home/evanyan13/colcon_ws/src/lidar_pubsub/install/lidar_pubsub/lib/python3.8/site-packages/lidar-pubsub.egg-link (link to .)
[0.874s] Installing listener script to /home/evanyan13/colcon_ws/src/lidar_pubsub/install/lidar_pubsub/lib/py_pubsub
[0.874s] Installing talker script to /home/evanyan13/colcon_ws/src/lidar_pubsub/install/lidar_pubsub/lib/py_pubsub
[0.874s] 
[0.874s] Installed /home/evanyan13/colcon_ws/src/lidar_pubsub/build/lidar_pubsub
[0.874s] running install_data
[0.874s] creating /home/evanyan13/colcon_ws/src/lidar_pubsub/install/lidar_pubsub/share/ament_index
[0.874s] creating /home/evanyan13/colcon_ws/src/lidar_pubsub/install/lidar_pubsub/share/ament_index/resource_index
[0.874s] creating /home/evanyan13/colcon_ws/src/lidar_pubsub/install/lidar_pubsub/share/ament_index/resource_index/packages
[0.874s] error: can't copy 'resource/lidar_pubsub': doesn't exist or not a regular file
[0.891s] Invoked command in '/home/evanyan13/colcon_ws/src/lidar_pubsub/build/lidar_pubsub' returned '1': PYTHONPATH=/home/evanyan13/colcon_ws/src/lidar_pubsub/build/lidar_pubsub/prefix_override:/home/evanyan13/colcon_ws/src/lidar_pubsub/install/lidar_pubsub/lib/python3.8/site-packages:${PYTHONPATH} /usr/bin/python3 setup.py develop --editable --build-directory /home/evanyan13/colcon_ws/src/lidar_pubsub/build/lidar_pubsub/build --no-deps install_data
