[0.664s] Invoking command in '/home/evanyan13/colcon_ws/src/py_pubsub/build/lidar_pubsub': PYTHONPATH=/home/evanyan13/colcon_ws/src/py_pubsub/build/lidar_pubsub/prefix_override:/home/evanyan13/colcon_ws/src/py_pubsub/install/lidar_pubsub/lib/python3.8/site-packages:${PYTHONPATH} /usr/bin/python3 setup.py develop --editable --build-directory /home/evanyan13/colcon_ws/src/py_pubsub/build/lidar_pubsub/build --no-deps install_data
[0.810s] running develop
[0.879s] running egg_info
[0.879s] creating py_pubsub.egg-info
[0.879s] writing py_pubsub.egg-info/PKG-INFO
[0.879s] writing dependency_links to py_pubsub.egg-info/dependency_links.txt
[0.879s] writing entry points to py_pubsub.egg-info/entry_points.txt
[0.879s] writing requirements to py_pubsub.egg-info/requires.txt
[0.879s] writing top-level names to py_pubsub.egg-info/top_level.txt
[0.879s] writing manifest file 'py_pubsub.egg-info/SOURCES.txt'
[0.899s] reading manifest file 'py_pubsub.egg-info/SOURCES.txt'
[0.900s] writing manifest file 'py_pubsub.egg-info/SOURCES.txt'
[0.935s] running build_ext
[0.935s] Creating /home/evanyan13/colcon_ws/src/py_pubsub/install/lidar_pubsub/lib/python3.8/site-packages/site.py
[0.937s] Creating /home/evanyan13/colcon_ws/src/py_pubsub/install/lidar_pubsub/lib/python3.8/site-packages/py-pubsub.egg-link (link to .)
[0.937s] Installing listener script to /home/evanyan13/colcon_ws/src/py_pubsub/install/lidar_pubsub/lib/py_pubsub
[0.938s] Installing talker script to /home/evanyan13/colcon_ws/src/py_pubsub/install/lidar_pubsub/lib/py_pubsub
[0.938s] 
[0.938s] Installed /home/evanyan13/colcon_ws/src/py_pubsub/build/lidar_pubsub
[0.938s] running install_data
[0.938s] error: can't copy 'resource/py_pubsub': doesn't exist or not a regular file
[0.952s] Invoked command in '/home/evanyan13/colcon_ws/src/py_pubsub/build/lidar_pubsub' returned '1': PYTHONPATH=/home/evanyan13/colcon_ws/src/py_pubsub/build/lidar_pubsub/prefix_override:/home/evanyan13/colcon_ws/src/py_pubsub/install/lidar_pubsub/lib/python3.8/site-packages:${PYTHONPATH} /usr/bin/python3 setup.py develop --editable --build-directory /home/evanyan13/colcon_ws/src/py_pubsub/build/lidar_pubsub/build --no-deps install_data
