[0.440s] Invoking command in '/home/evanyan13/colcon_ws/src/auto_nav': PYTHONPATH=/home/evanyan13/colcon_ws/build/auto_nav/prefix_override:/home/evanyan13/colcon_ws/install/auto_nav/lib/python3.8/site-packages:${PYTHONPATH} /usr/bin/python3 setup.py egg_info --egg-base ../../build/auto_nav build --build-base /home/evanyan13/colcon_ws/build/auto_nav/build install --record /home/evanyan13/colcon_ws/build/auto_nav/install.log --install-scripts $base/lib/auto_nav --single-version-externally-managed
[0.524s] running egg_info
[0.525s] creating ../../build/auto_nav/auto_nav.egg-info
[0.525s] writing ../../build/auto_nav/auto_nav.egg-info/PKG-INFO
[0.525s] writing dependency_links to ../../build/auto_nav/auto_nav.egg-info/dependency_links.txt
[0.525s] writing entry points to ../../build/auto_nav/auto_nav.egg-info/entry_points.txt
[0.525s] writing requirements to ../../build/auto_nav/auto_nav.egg-info/requires.txt
[0.525s] writing top-level names to ../../build/auto_nav/auto_nav.egg-info/top_level.txt
[0.528s] writing manifest file '../../build/auto_nav/auto_nav.egg-info/SOURCES.txt'
[0.542s] reading manifest file '../../build/auto_nav/auto_nav.egg-info/SOURCES.txt'
[0.543s] writing manifest file '../../build/auto_nav/auto_nav.egg-info/SOURCES.txt'
[0.543s] running build
[0.543s] running build_py
[0.543s] creating /home/evanyan13/colcon_ws/build/auto_nav/build
[0.543s] creating /home/evanyan13/colcon_ws/build/auto_nav/build/lib
[0.543s] creating /home/evanyan13/colcon_ws/build/auto_nav/build/lib/auto_nav
[0.543s] copying auto_nav/r2moverotate.py -> /home/evanyan13/colcon_ws/build/auto_nav/build/lib/auto_nav
[0.544s] copying auto_nav/r2auto_nav.py -> /home/evanyan13/colcon_ws/build/auto_nav/build/lib/auto_nav
[0.544s] copying auto_nav/r2occupancy.py -> /home/evanyan13/colcon_ws/build/auto_nav/build/lib/auto_nav
[0.544s] copying auto_nav/r2scanner.py -> /home/evanyan13/colcon_ws/build/auto_nav/build/lib/auto_nav
[0.544s] copying auto_nav/r2mover.py -> /home/evanyan13/colcon_ws/build/auto_nav/build/lib/auto_nav
[0.545s] copying auto_nav/setup.py -> /home/evanyan13/colcon_ws/build/auto_nav/build/lib/auto_nav
[0.545s] copying auto_nav/r2occupancy2.py -> /home/evanyan13/colcon_ws/build/auto_nav/build/lib/auto_nav
[0.545s] copying auto_nav/__init__.py -> /home/evanyan13/colcon_ws/build/auto_nav/build/lib/auto_nav
[0.545s] running install
[0.545s] running install_lib
[0.546s] creating /home/evanyan13/colcon_ws/install/auto_nav/lib/python3.8/site-packages/auto_nav
[0.546s] copying /home/evanyan13/colcon_ws/build/auto_nav/build/lib/auto_nav/r2moverotate.py -> /home/evanyan13/colcon_ws/install/auto_nav/lib/python3.8/site-packages/auto_nav
[0.546s] copying /home/evanyan13/colcon_ws/build/auto_nav/build/lib/auto_nav/r2auto_nav.py -> /home/evanyan13/colcon_ws/install/auto_nav/lib/python3.8/site-packages/auto_nav
[0.546s] copying /home/evanyan13/colcon_ws/build/auto_nav/build/lib/auto_nav/r2occupancy.py -> /home/evanyan13/colcon_ws/install/auto_nav/lib/python3.8/site-packages/auto_nav
[0.546s] copying /home/evanyan13/colcon_ws/build/auto_nav/build/lib/auto_nav/r2scanner.py -> /home/evanyan13/colcon_ws/install/auto_nav/lib/python3.8/site-packages/auto_nav
[0.546s] copying /home/evanyan13/colcon_ws/build/auto_nav/build/lib/auto_nav/r2mover.py -> /home/evanyan13/colcon_ws/install/auto_nav/lib/python3.8/site-packages/auto_nav
[0.546s] copying /home/evanyan13/colcon_ws/build/auto_nav/build/lib/auto_nav/setup.py -> /home/evanyan13/colcon_ws/install/auto_nav/lib/python3.8/site-packages/auto_nav
[0.546s] copying /home/evanyan13/colcon_ws/build/auto_nav/build/lib/auto_nav/r2occupancy2.py -> /home/evanyan13/colcon_ws/install/auto_nav/lib/python3.8/site-packages/auto_nav
[0.546s] copying /home/evanyan13/colcon_ws/build/auto_nav/build/lib/auto_nav/__init__.py -> /home/evanyan13/colcon_ws/install/auto_nav/lib/python3.8/site-packages/auto_nav
[0.546s] byte-compiling /home/evanyan13/colcon_ws/install/auto_nav/lib/python3.8/site-packages/auto_nav/r2moverotate.py to r2moverotate.cpython-38.pyc
[0.547s] byte-compiling /home/evanyan13/colcon_ws/install/auto_nav/lib/python3.8/site-packages/auto_nav/r2auto_nav.py to r2auto_nav.cpython-38.pyc
[0.548s] byte-compiling /home/evanyan13/colcon_ws/install/auto_nav/lib/python3.8/site-packages/auto_nav/r2occupancy.py to r2occupancy.cpython-38.pyc
[0.548s] byte-compiling /home/evanyan13/colcon_ws/install/auto_nav/lib/python3.8/site-packages/auto_nav/r2scanner.py to r2scanner.cpython-38.pyc
[0.548s] byte-compiling /home/evanyan13/colcon_ws/install/auto_nav/lib/python3.8/site-packages/auto_nav/r2mover.py to r2mover.cpython-38.pyc
[0.548s] byte-compiling /home/evanyan13/colcon_ws/install/auto_nav/lib/python3.8/site-packages/auto_nav/setup.py to setup.cpython-38.pyc
[0.549s] byte-compiling /home/evanyan13/colcon_ws/install/auto_nav/lib/python3.8/site-packages/auto_nav/r2occupancy2.py to r2occupancy2.cpython-38.pyc
[0.549s] byte-compiling /home/evanyan13/colcon_ws/install/auto_nav/lib/python3.8/site-packages/auto_nav/__init__.py to __init__.cpython-38.pyc
[0.549s] running install_data
[0.549s] creating /home/evanyan13/colcon_ws/install/auto_nav/share/ament_index
[0.549s] creating /home/evanyan13/colcon_ws/install/auto_nav/share/ament_index/resource_index
[0.549s] creating /home/evanyan13/colcon_ws/install/auto_nav/share/ament_index/resource_index/packages
[0.549s] copying resource/auto_nav -> /home/evanyan13/colcon_ws/install/auto_nav/share/ament_index/resource_index/packages
[0.549s] copying package.xml -> /home/evanyan13/colcon_ws/install/auto_nav/share/auto_nav
[0.549s] running install_egg_info
[0.550s] Copying ../../build/auto_nav/auto_nav.egg-info to /home/evanyan13/colcon_ws/install/auto_nav/lib/python3.8/site-packages/auto_nav-0.0.0-py3.8.egg-info
[0.550s] running install_scripts
[0.558s] Installing r2auto_nav script to /home/evanyan13/colcon_ws/install/auto_nav/lib/auto_nav
[0.558s] Installing r2mover script to /home/evanyan13/colcon_ws/install/auto_nav/lib/auto_nav
[0.558s] Installing r2moverotate script to /home/evanyan13/colcon_ws/install/auto_nav/lib/auto_nav
[0.558s] Installing r2occupancy script to /home/evanyan13/colcon_ws/install/auto_nav/lib/auto_nav
[0.558s] Installing r2occupancy2 script to /home/evanyan13/colcon_ws/install/auto_nav/lib/auto_nav
[0.558s] Installing r2scanner script to /home/evanyan13/colcon_ws/install/auto_nav/lib/auto_nav
[0.558s] writing list of installed files to '/home/evanyan13/colcon_ws/build/auto_nav/install.log'
[0.568s] Invoked command in '/home/evanyan13/colcon_ws/src/auto_nav' returned '0': PYTHONPATH=/home/evanyan13/colcon_ws/build/auto_nav/prefix_override:/home/evanyan13/colcon_ws/install/auto_nav/lib/python3.8/site-packages:${PYTHONPATH} /usr/bin/python3 setup.py egg_info --egg-base ../../build/auto_nav build --build-base /home/evanyan13/colcon_ws/build/auto_nav/build install --record /home/evanyan13/colcon_ws/build/auto_nav/install.log --install-scripts $base/lib/auto_nav --single-version-externally-managed
