[2.135s] Invoking command in '/home/evanyan13/colcon_ws/src/build/launcher': PYTHONPATH=/home/evanyan13/colcon_ws/src/build/launcher/prefix_override:/home/evanyan13/colcon_ws/src/install/launcher/lib/python3.8/site-packages:${PYTHONPATH} /usr/bin/python3 setup.py develop --editable --build-directory /home/evanyan13/colcon_ws/src/build/launcher/build --no-deps install_data
[2.298s] running develop
[2.393s] running egg_info
[2.393s] creating launcher.egg-info
[2.394s] writing launcher.egg-info/PKG-INFO
[2.395s] writing dependency_links to launcher.egg-info/dependency_links.txt
[2.395s] writing entry points to launcher.egg-info/entry_points.txt
[2.395s] writing requirements to launcher.egg-info/requires.txt
[2.395s] writing top-level names to launcher.egg-info/top_level.txt
[2.397s] writing manifest file 'launcher.egg-info/SOURCES.txt'
[2.414s] reading manifest file 'launcher.egg-info/SOURCES.txt'
[2.415s] writing manifest file 'launcher.egg-info/SOURCES.txt'
[2.449s] running build_ext
[2.450s] Creating /home/evanyan13/colcon_ws/src/install/launcher/lib/python3.8/site-packages/site.py
[2.455s] Creating /home/evanyan13/colcon_ws/src/install/launcher/lib/python3.8/site-packages/launcher.egg-link (link to .)
[2.455s] 
[2.455s] Installed /home/evanyan13/colcon_ws/src/build/launcher
[2.455s] running install_data
[2.455s] creating /home/evanyan13/colcon_ws/src/install/launcher/share/ament_index
[2.456s] creating /home/evanyan13/colcon_ws/src/install/launcher/share/ament_index/resource_index
[2.456s] creating /home/evanyan13/colcon_ws/src/install/launcher/share/ament_index/resource_index/packages
[2.456s] copying resource/launcher -> /home/evanyan13/colcon_ws/src/install/launcher/share/ament_index/resource_index/packages
[2.457s] copying package.xml -> /home/evanyan13/colcon_ws/src/install/launcher/share/launcher
[2.490s] Invoked command in '/home/evanyan13/colcon_ws/src/build/launcher' returned '0': PYTHONPATH=/home/evanyan13/colcon_ws/src/build/launcher/prefix_override:/home/evanyan13/colcon_ws/src/install/launcher/lib/python3.8/site-packages:${PYTHONPATH} /usr/bin/python3 setup.py develop --editable --build-directory /home/evanyan13/colcon_ws/src/build/launcher/build --no-deps install_data
