[1.029s] Invoking command in '/home/evanyan13/colcon_ws/build/py_pubsub': PYTHONPATH=/home/evanyan13/colcon_ws/build/py_pubsub/prefix_override:/home/evanyan13/colcon_ws/install/py_pubsub/lib/python3.8/site-packages:${PYTHONPATH} /usr/bin/python3 setup.py develop --uninstall --editable --build-directory /home/evanyan13/colcon_ws/build/py_pubsub/build
[1.212s] running develop
[1.270s] Removing /home/evanyan13/colcon_ws/install/py_pubsub/lib/python3.8/site-packages/py-pubsub.egg-link (link to .)
[1.281s] Invoked command in '/home/evanyan13/colcon_ws/build/py_pubsub' returned '0': PYTHONPATH=/home/evanyan13/colcon_ws/build/py_pubsub/prefix_override:/home/evanyan13/colcon_ws/install/py_pubsub/lib/python3.8/site-packages:${PYTHONPATH} /usr/bin/python3 setup.py develop --uninstall --editable --build-directory /home/evanyan13/colcon_ws/build/py_pubsub/build
[1.282s] Invoking command in '/home/evanyan13/colcon_ws/src/py_pubsub': PYTHONPATH=/home/evanyan13/colcon_ws/build/py_pubsub/prefix_override:/home/evanyan13/colcon_ws/install/py_pubsub/lib/python3.8/site-packages:${PYTHONPATH} /usr/bin/python3 setup.py egg_info --egg-base ../../build/py_pubsub build --build-base /home/evanyan13/colcon_ws/build/py_pubsub/build install --record /home/evanyan13/colcon_ws/build/py_pubsub/install.log --install-scripts $base/lib/py_pubsub --single-version-externally-managed
[1.385s] running egg_info
[1.385s] writing ../../build/py_pubsub/py_pubsub.egg-info/PKG-INFO
[1.385s] writing dependency_links to ../../build/py_pubsub/py_pubsub.egg-info/dependency_links.txt
[1.385s] writing entry points to ../../build/py_pubsub/py_pubsub.egg-info/entry_points.txt
[1.385s] writing requirements to ../../build/py_pubsub/py_pubsub.egg-info/requires.txt
[1.385s] writing top-level names to ../../build/py_pubsub/py_pubsub.egg-info/top_level.txt
[1.412s] reading manifest file '../../build/py_pubsub/py_pubsub.egg-info/SOURCES.txt'
[1.414s] writing manifest file '../../build/py_pubsub/py_pubsub.egg-info/SOURCES.txt'
[1.414s] running build
[1.414s] running build_py
[1.415s] running install
[1.415s] running install_lib
[1.416s] creating /home/evanyan13/colcon_ws/install/py_pubsub/lib/python3.8/site-packages/py_pubsub
[1.416s] copying /home/evanyan13/colcon_ws/build/py_pubsub/build/lib/py_pubsub/publisher_member_function.py -> /home/evanyan13/colcon_ws/install/py_pubsub/lib/python3.8/site-packages/py_pubsub
[1.416s] copying /home/evanyan13/colcon_ws/build/py_pubsub/build/lib/py_pubsub/subscriber_member_function.py -> /home/evanyan13/colcon_ws/install/py_pubsub/lib/python3.8/site-packages/py_pubsub
[1.417s] copying /home/evanyan13/colcon_ws/build/py_pubsub/build/lib/py_pubsub/__init__.py -> /home/evanyan13/colcon_ws/install/py_pubsub/lib/python3.8/site-packages/py_pubsub
[1.417s] byte-compiling /home/evanyan13/colcon_ws/install/py_pubsub/lib/python3.8/site-packages/py_pubsub/publisher_member_function.py to publisher_member_function.cpython-38.pyc
[1.418s] byte-compiling /home/evanyan13/colcon_ws/install/py_pubsub/lib/python3.8/site-packages/py_pubsub/subscriber_member_function.py to subscriber_member_function.cpython-38.pyc
[1.418s] byte-compiling /home/evanyan13/colcon_ws/install/py_pubsub/lib/python3.8/site-packages/py_pubsub/__init__.py to __init__.cpython-38.pyc
[1.418s] running install_data
[1.419s] running install_egg_info
[1.420s] Copying ../../build/py_pubsub/py_pubsub.egg-info to /home/evanyan13/colcon_ws/install/py_pubsub/lib/python3.8/site-packages/py_pubsub-0.0.0-py3.8.egg-info
[1.421s] running install_scripts
[1.447s] Installing listener script to /home/evanyan13/colcon_ws/install/py_pubsub/lib/py_pubsub
[1.447s] writing list of installed files to '/home/evanyan13/colcon_ws/build/py_pubsub/install.log'
[1.547s] Invoked command in '/home/evanyan13/colcon_ws/src/py_pubsub' returned '0': PYTHONPATH=/home/evanyan13/colcon_ws/build/py_pubsub/prefix_override:/home/evanyan13/colcon_ws/install/py_pubsub/lib/python3.8/site-packages:${PYTHONPATH} /usr/bin/python3 setup.py egg_info --egg-base ../../build/py_pubsub build --build-base /home/evanyan13/colcon_ws/build/py_pubsub/build install --record /home/evanyan13/colcon_ws/build/py_pubsub/install.log --install-scripts $base/lib/py_pubsub --single-version-externally-managed
