[1.077s] DEBUG:colcon:Command line arguments: ['/usr/bin/colcon', 'build', '--symlink-install']
[1.077s] DEBUG:colcon:Parsed command line arguments: Namespace(allow_overriding=[], ament_cmake_args=None, base_paths=['.'], build_base='build', catkin_cmake_args=None, catkin_skip_building_tests=False, cmake_args=None, cmake_clean_cache=False, cmake_clean_first=False, cmake_force_configure=False, cmake_target=None, cmake_target_skip_unavailable=False, continue_on_error=False, event_handlers=None, executor='parallel', ignore_user_meta=False, install_base='install', log_base=None, log_level=None, main=<bound method BuildVerb.main of <colcon_core.verb.build.BuildVerb object at 0xffff9384d820>>, merge_install=False, metas=['./colcon.meta'], packages_above=None, packages_above_and_dependencies=None, packages_above_depth=None, packages_end=None, packages_ignore=None, packages_ignore_regex=None, packages_select=None, packages_select_build_failed=False, packages_select_by_dep=None, packages_select_regex=None, packages_select_test_failures=False, packages_skip=None, packages_skip_build_finished=False, packages_skip_by_dep=None, packages_skip_regex=None, packages_skip_test_passed=False, packages_skip_up_to=None, packages_start=None, packages_up_to=None, packages_up_to_regex=None, parallel_workers=6, paths=None, symlink_install=True, test_result_base=None, verb_extension=<colcon_core.verb.build.BuildVerb object at 0xffff9384d820>, verb_name='build', verb_parser=<colcon_defaults.argument_parser.defaults.DefaultArgumentsDecorator object at 0xffff934e3970>)
[1.123s] Level 1:colcon.colcon_core.package_discovery:discover_packages(colcon_meta) check parameters
[1.123s] Level 1:colcon.colcon_core.package_discovery:discover_packages(recursive) check parameters
[1.123s] Level 1:colcon.colcon_core.package_discovery:discover_packages(ignore) check parameters
[1.123s] Level 1:colcon.colcon_core.package_discovery:discover_packages(path) check parameters
[1.123s] Level 1:colcon.colcon_core.package_discovery:discover_packages(colcon_meta) discover
[1.123s] Level 1:colcon.colcon_core.package_discovery:discover_packages(recursive) discover
[1.123s] INFO:colcon.colcon_core.package_discovery:Crawling recursively for packages in '/home/evanyan13/colcon_ws'
[1.123s] Level 1:colcon.colcon_core.package_identification:_identify(.) by extensions ['ignore', 'ignore_ament_install']
[1.123s] Level 1:colcon.colcon_core.package_identification:_identify(.) by extension 'ignore'
[1.123s] Level 1:colcon.colcon_core.package_identification:_identify(.) by extension 'ignore_ament_install'
[1.123s] Level 1:colcon.colcon_core.package_identification:_identify(.) by extensions ['colcon_pkg']
[1.123s] Level 1:colcon.colcon_core.package_identification:_identify(.) by extension 'colcon_pkg'
[1.123s] Level 1:colcon.colcon_core.package_identification:_identify(.) by extensions ['colcon_meta']
[1.123s] Level 1:colcon.colcon_core.package_identification:_identify(.) by extension 'colcon_meta'
[1.123s] Level 1:colcon.colcon_core.package_identification:_identify(.) by extensions ['ros']
[1.123s] Level 1:colcon.colcon_core.package_identification:_identify(.) by extension 'ros'
[1.133s] Level 1:colcon.colcon_core.package_identification:_identify(.) by extensions ['cmake', 'python']
[1.133s] Level 1:colcon.colcon_core.package_identification:_identify(.) by extension 'cmake'
[1.133s] Level 1:colcon.colcon_core.package_identification:_identify(.) by extension 'python'
[1.133s] Level 1:colcon.colcon_core.package_identification:_identify(.) by extensions ['python_setup_py']
[1.133s] Level 1:colcon.colcon_core.package_identification:_identify(.) by extension 'python_setup_py'
[1.133s] Level 1:colcon.colcon_core.package_identification:_identify(build) by extensions ['ignore', 'ignore_ament_install']
[1.133s] Level 1:colcon.colcon_core.package_identification:_identify(build) by extension 'ignore'
[1.133s] Level 1:colcon.colcon_core.package_identification:_identify(build) ignored
[1.133s] Level 1:colcon.colcon_core.package_identification:_identify(install) by extensions ['ignore', 'ignore_ament_install']
[1.133s] Level 1:colcon.colcon_core.package_identification:_identify(install) by extension 'ignore'
[1.133s] Level 1:colcon.colcon_core.package_identification:_identify(install) ignored
[1.133s] Level 1:colcon.colcon_core.package_identification:_identify(log) by extensions ['ignore', 'ignore_ament_install']
[1.133s] Level 1:colcon.colcon_core.package_identification:_identify(log) by extension 'ignore'
[1.133s] Level 1:colcon.colcon_core.package_identification:_identify(log) ignored
[1.133s] Level 1:colcon.colcon_core.package_identification:_identify(src) by extensions ['ignore', 'ignore_ament_install']
[1.133s] Level 1:colcon.colcon_core.package_identification:_identify(src) by extension 'ignore'
[1.133s] Level 1:colcon.colcon_core.package_identification:_identify(src) by extension 'ignore_ament_install'
[1.134s] Level 1:colcon.colcon_core.package_identification:_identify(src) by extensions ['colcon_pkg']
[1.134s] Level 1:colcon.colcon_core.package_identification:_identify(src) by extension 'colcon_pkg'
[1.134s] Level 1:colcon.colcon_core.package_identification:_identify(src) by extensions ['colcon_meta']
[1.134s] Level 1:colcon.colcon_core.package_identification:_identify(src) by extension 'colcon_meta'
[1.134s] Level 1:colcon.colcon_core.package_identification:_identify(src) by extensions ['ros']
[1.134s] Level 1:colcon.colcon_core.package_identification:_identify(src) by extension 'ros'
[1.134s] Level 1:colcon.colcon_core.package_identification:_identify(src) by extensions ['cmake', 'python']
[1.134s] Level 1:colcon.colcon_core.package_identification:_identify(src) by extension 'cmake'
[1.134s] Level 1:colcon.colcon_core.package_identification:_identify(src) by extension 'python'
[1.134s] Level 1:colcon.colcon_core.package_identification:_identify(src) by extensions ['python_setup_py']
[1.134s] Level 1:colcon.colcon_core.package_identification:_identify(src) by extension 'python_setup_py'
[1.134s] Level 1:colcon.colcon_core.package_identification:_identify(src/a_star) by extensions ['ignore', 'ignore_ament_install']
[1.134s] Level 1:colcon.colcon_core.package_identification:_identify(src/a_star) by extension 'ignore'
[1.134s] Level 1:colcon.colcon_core.package_identification:_identify(src/a_star) by extension 'ignore_ament_install'
[1.134s] Level 1:colcon.colcon_core.package_identification:_identify(src/a_star) by extensions ['colcon_pkg']
[1.134s] Level 1:colcon.colcon_core.package_identification:_identify(src/a_star) by extension 'colcon_pkg'
[1.134s] Level 1:colcon.colcon_core.package_identification:_identify(src/a_star) by extensions ['colcon_meta']
[1.134s] Level 1:colcon.colcon_core.package_identification:_identify(src/a_star) by extension 'colcon_meta'
[1.134s] Level 1:colcon.colcon_core.package_identification:_identify(src/a_star) by extensions ['ros']
[1.134s] Level 1:colcon.colcon_core.package_identification:_identify(src/a_star) by extension 'ros'
[1.135s] DEBUG:colcon.colcon_core.package_identification:Package 'src/a_star' with type 'ros.ament_python' and name 'a_star'
[1.135s] Level 1:colcon.colcon_core.package_identification:_identify(src/auto_nav) by extensions ['ignore', 'ignore_ament_install']
[1.135s] Level 1:colcon.colcon_core.package_identification:_identify(src/auto_nav) by extension 'ignore'
[1.135s] Level 1:colcon.colcon_core.package_identification:_identify(src/auto_nav) by extension 'ignore_ament_install'
[1.135s] Level 1:colcon.colcon_core.package_identification:_identify(src/auto_nav) by extensions ['colcon_pkg']
[1.135s] Level 1:colcon.colcon_core.package_identification:_identify(src/auto_nav) by extension 'colcon_pkg'
[1.135s] Level 1:colcon.colcon_core.package_identification:_identify(src/auto_nav) by extensions ['colcon_meta']
[1.135s] Level 1:colcon.colcon_core.package_identification:_identify(src/auto_nav) by extension 'colcon_meta'
[1.135s] Level 1:colcon.colcon_core.package_identification:_identify(src/auto_nav) by extensions ['ros']
[1.135s] Level 1:colcon.colcon_core.package_identification:_identify(src/auto_nav) by extension 'ros'
[1.135s] DEBUG:colcon.colcon_core.package_identification:Package 'src/auto_nav' with type 'ros.ament_python' and name 'auto_nav'
[1.136s] Level 1:colcon.colcon_core.package_identification:_identify(src/lidar_pubsub) by extensions ['ignore', 'ignore_ament_install']
[1.136s] Level 1:colcon.colcon_core.package_identification:_identify(src/lidar_pubsub) by extension 'ignore'
[1.136s] Level 1:colcon.colcon_core.package_identification:_identify(src/lidar_pubsub) by extension 'ignore_ament_install'
[1.136s] Level 1:colcon.colcon_core.package_identification:_identify(src/lidar_pubsub) by extensions ['colcon_pkg']
[1.136s] Level 1:colcon.colcon_core.package_identification:_identify(src/lidar_pubsub) by extension 'colcon_pkg'
[1.136s] Level 1:colcon.colcon_core.package_identification:_identify(src/lidar_pubsub) by extensions ['colcon_meta']
[1.136s] Level 1:colcon.colcon_core.package_identification:_identify(src/lidar_pubsub) by extension 'colcon_meta'
[1.136s] Level 1:colcon.colcon_core.package_identification:_identify(src/lidar_pubsub) by extensions ['ros']
[1.136s] Level 1:colcon.colcon_core.package_identification:_identify(src/lidar_pubsub) by extension 'ros'
[1.136s] DEBUG:colcon.colcon_core.package_identification:Package 'src/lidar_pubsub' with type 'ros.ament_python' and name 'lidar_pubsub'
[1.136s] Level 1:colcon.colcon_core.package_identification:_identify(src/py_pubsub) by extensions ['ignore', 'ignore_ament_install']
[1.136s] Level 1:colcon.colcon_core.package_identification:_identify(src/py_pubsub) by extension 'ignore'
[1.136s] Level 1:colcon.colcon_core.package_identification:_identify(src/py_pubsub) by extension 'ignore_ament_install'
[1.136s] Level 1:colcon.colcon_core.package_identification:_identify(src/py_pubsub) by extensions ['colcon_pkg']
[1.136s] Level 1:colcon.colcon_core.package_identification:_identify(src/py_pubsub) by extension 'colcon_pkg'
[1.136s] Level 1:colcon.colcon_core.package_identification:_identify(src/py_pubsub) by extensions ['colcon_meta']
[1.136s] Level 1:colcon.colcon_core.package_identification:_identify(src/py_pubsub) by extension 'colcon_meta'
[1.136s] Level 1:colcon.colcon_core.package_identification:_identify(src/py_pubsub) by extensions ['ros']
[1.136s] Level 1:colcon.colcon_core.package_identification:_identify(src/py_pubsub) by extension 'ros'
[1.136s] DEBUG:colcon.colcon_core.package_identification:Package 'src/py_pubsub' with type 'ros.ament_python' and name 'py_pubsub'
[1.136s] Level 1:colcon.colcon_core.package_identification:_identify(src/turtlebot3_simulations) by extensions ['ignore', 'ignore_ament_install']
[1.136s] Level 1:colcon.colcon_core.package_identification:_identify(src/turtlebot3_simulations) by extension 'ignore'
[1.136s] Level 1:colcon.colcon_core.package_identification:_identify(src/turtlebot3_simulations) by extension 'ignore_ament_install'
[1.136s] Level 1:colcon.colcon_core.package_identification:_identify(src/turtlebot3_simulations) by extensions ['colcon_pkg']
[1.136s] Level 1:colcon.colcon_core.package_identification:_identify(src/turtlebot3_simulations) by extension 'colcon_pkg'
[1.136s] Level 1:colcon.colcon_core.package_identification:_identify(src/turtlebot3_simulations) by extensions ['colcon_meta']
[1.136s] Level 1:colcon.colcon_core.package_identification:_identify(src/turtlebot3_simulations) by extension 'colcon_meta'
[1.136s] Level 1:colcon.colcon_core.package_identification:_identify(src/turtlebot3_simulations) by extensions ['ros']
[1.136s] Level 1:colcon.colcon_core.package_identification:_identify(src/turtlebot3_simulations) by extension 'ros'
[1.136s] Level 1:colcon.colcon_core.package_identification:_identify(src/turtlebot3_simulations) by extensions ['cmake', 'python']
[1.136s] Level 1:colcon.colcon_core.package_identification:_identify(src/turtlebot3_simulations) by extension 'cmake'
[1.136s] Level 1:colcon.colcon_core.package_identification:_identify(src/turtlebot3_simulations) by extension 'python'
[1.136s] Level 1:colcon.colcon_core.package_identification:_identify(src/turtlebot3_simulations) by extensions ['python_setup_py']
[1.137s] Level 1:colcon.colcon_core.package_identification:_identify(src/turtlebot3_simulations) by extension 'python_setup_py'
[1.137s] Level 1:colcon.colcon_core.package_identification:_identify(src/turtlebot3_simulations/turtlebot3_fake_node) by extensions ['ignore', 'ignore_ament_install']
[1.137s] Level 1:colcon.colcon_core.package_identification:_identify(src/turtlebot3_simulations/turtlebot3_fake_node) by extension 'ignore'
[1.137s] Level 1:colcon.colcon_core.package_identification:_identify(src/turtlebot3_simulations/turtlebot3_fake_node) by extension 'ignore_ament_install'
[1.137s] Level 1:colcon.colcon_core.package_identification:_identify(src/turtlebot3_simulations/turtlebot3_fake_node) by extensions ['colcon_pkg']
[1.137s] Level 1:colcon.colcon_core.package_identification:_identify(src/turtlebot3_simulations/turtlebot3_fake_node) by extension 'colcon_pkg'
[1.137s] Level 1:colcon.colcon_core.package_identification:_identify(src/turtlebot3_simulations/turtlebot3_fake_node) by extensions ['colcon_meta']
[1.137s] Level 1:colcon.colcon_core.package_identification:_identify(src/turtlebot3_simulations/turtlebot3_fake_node) by extension 'colcon_meta'
[1.137s] Level 1:colcon.colcon_core.package_identification:_identify(src/turtlebot3_simulations/turtlebot3_fake_node) by extensions ['ros']
[1.137s] Level 1:colcon.colcon_core.package_identification:_identify(src/turtlebot3_simulations/turtlebot3_fake_node) by extension 'ros'
[1.137s] DEBUG:colcon.colcon_core.package_identification:Package 'src/turtlebot3_simulations/turtlebot3_fake_node' with type 'ros.ament_cmake' and name 'turtlebot3_fake_node'
[1.137s] Level 1:colcon.colcon_core.package_identification:_identify(src/turtlebot3_simulations/turtlebot3_gazebo) by extensions ['ignore', 'ignore_ament_install']
[1.137s] Level 1:colcon.colcon_core.package_identification:_identify(src/turtlebot3_simulations/turtlebot3_gazebo) by extension 'ignore'
[1.137s] Level 1:colcon.colcon_core.package_identification:_identify(src/turtlebot3_simulations/turtlebot3_gazebo) by extension 'ignore_ament_install'
[1.137s] Level 1:colcon.colcon_core.package_identification:_identify(src/turtlebot3_simulations/turtlebot3_gazebo) by extensions ['colcon_pkg']
[1.138s] Level 1:colcon.colcon_core.package_identification:_identify(src/turtlebot3_simulations/turtlebot3_gazebo) by extension 'colcon_pkg'
[1.138s] Level 1:colcon.colcon_core.package_identification:_identify(src/turtlebot3_simulations/turtlebot3_gazebo) by extensions ['colcon_meta']
[1.138s] Level 1:colcon.colcon_core.package_identification:_identify(src/turtlebot3_simulations/turtlebot3_gazebo) by extension 'colcon_meta'
[1.138s] Level 1:colcon.colcon_core.package_identification:_identify(src/turtlebot3_simulations/turtlebot3_gazebo) by extensions ['ros']
[1.138s] Level 1:colcon.colcon_core.package_identification:_identify(src/turtlebot3_simulations/turtlebot3_gazebo) by extension 'ros'
[1.138s] DEBUG:colcon.colcon_core.package_identification:Package 'src/turtlebot3_simulations/turtlebot3_gazebo' with type 'ros.ament_cmake' and name 'turtlebot3_gazebo'
[1.138s] Level 1:colcon.colcon_core.package_identification:_identify(src/turtlebot3_simulations/turtlebot3_simulations) by extensions ['ignore', 'ignore_ament_install']
[1.138s] Level 1:colcon.colcon_core.package_identification:_identify(src/turtlebot3_simulations/turtlebot3_simulations) by extension 'ignore'
[1.138s] Level 1:colcon.colcon_core.package_identification:_identify(src/turtlebot3_simulations/turtlebot3_simulations) by extension 'ignore_ament_install'
[1.138s] Level 1:colcon.colcon_core.package_identification:_identify(src/turtlebot3_simulations/turtlebot3_simulations) by extensions ['colcon_pkg']
[1.138s] Level 1:colcon.colcon_core.package_identification:_identify(src/turtlebot3_simulations/turtlebot3_simulations) by extension 'colcon_pkg'
[1.138s] Level 1:colcon.colcon_core.package_identification:_identify(src/turtlebot3_simulations/turtlebot3_simulations) by extensions ['colcon_meta']
[1.138s] Level 1:colcon.colcon_core.package_identification:_identify(src/turtlebot3_simulations/turtlebot3_simulations) by extension 'colcon_meta'
[1.138s] Level 1:colcon.colcon_core.package_identification:_identify(src/turtlebot3_simulations/turtlebot3_simulations) by extensions ['ros']
[1.138s] Level 1:colcon.colcon_core.package_identification:_identify(src/turtlebot3_simulations/turtlebot3_simulations) by extension 'ros'
[1.138s] DEBUG:colcon.colcon_core.package_identification:Package 'src/turtlebot3_simulations/turtlebot3_simulations' with type 'ros.ament_cmake' and name 'turtlebot3_simulations'
[1.138s] Level 1:colcon.colcon_core.package_discovery:discover_packages(recursive) using defaults
[1.138s] Level 1:colcon.colcon_core.package_discovery:discover_packages(ignore) discover
[1.138s] Level 1:colcon.colcon_core.package_discovery:discover_packages(ignore) using defaults
[1.138s] Level 1:colcon.colcon_core.package_discovery:discover_packages(path) discover
[1.138s] Level 1:colcon.colcon_core.package_discovery:discover_packages(path) using defaults
[1.265s] Level 1:colcon.colcon_core.package_discovery:discover_packages(prefix_path) check parameters
[1.265s] Level 1:colcon.colcon_core.package_discovery:discover_packages(prefix_path) discover
[1.308s] DEBUG:colcon.colcon_installed_package_information.package_discovery:Found 7 installed packages in /home/evanyan13/colcon_ws/install
[1.328s] DEBUG:colcon.colcon_installed_package_information.package_discovery:Found 334 installed packages in /opt/ros/foxy
[1.329s] Level 1:colcon.colcon_core.package_discovery:discover_packages(prefix_path) using defaults
[1.410s] Level 5:colcon.colcon_core.verb:set package 'a_star' build argument 'cmake_args' from command line to 'None'
[1.410s] Level 5:colcon.colcon_core.verb:set package 'a_star' build argument 'cmake_target' from command line to 'None'
[1.410s] Level 5:colcon.colcon_core.verb:set package 'a_star' build argument 'cmake_target_skip_unavailable' from command line to 'False'
[1.410s] Level 5:colcon.colcon_core.verb:set package 'a_star' build argument 'cmake_clean_cache' from command line to 'False'
[1.410s] Level 5:colcon.colcon_core.verb:set package 'a_star' build argument 'cmake_clean_first' from command line to 'False'
[1.410s] Level 5:colcon.colcon_core.verb:set package 'a_star' build argument 'cmake_force_configure' from command line to 'False'
[1.410s] Level 5:colcon.colcon_core.verb:set package 'a_star' build argument 'ament_cmake_args' from command line to 'None'
[1.410s] Level 5:colcon.colcon_core.verb:set package 'a_star' build argument 'catkin_cmake_args' from command line to 'None'
[1.410s] Level 5:colcon.colcon_core.verb:set package 'a_star' build argument 'catkin_skip_building_tests' from command line to 'False'
[1.410s] DEBUG:colcon.colcon_core.verb:Building package 'a_star' with the following arguments: {'ament_cmake_args': None, 'build_base': '/home/evanyan13/colcon_ws/build/a_star', 'catkin_cmake_args': None, 'catkin_skip_building_tests': False, 'cmake_args': None, 'cmake_clean_cache': False, 'cmake_clean_first': False, 'cmake_force_configure': False, 'cmake_target': None, 'cmake_target_skip_unavailable': False, 'install_base': '/home/evanyan13/colcon_ws/install/a_star', 'merge_install': False, 'path': '/home/evanyan13/colcon_ws/src/a_star', 'symlink_install': True, 'test_result_base': None}
[1.429s] Level 5:colcon.colcon_core.verb:set package 'auto_nav' build argument 'cmake_args' from command line to 'None'
[1.429s] Level 5:colcon.colcon_core.verb:set package 'auto_nav' build argument 'cmake_target' from command line to 'None'
[1.429s] Level 5:colcon.colcon_core.verb:set package 'auto_nav' build argument 'cmake_target_skip_unavailable' from command line to 'False'
[1.429s] Level 5:colcon.colcon_core.verb:set package 'auto_nav' build argument 'cmake_clean_cache' from command line to 'False'
[1.429s] Level 5:colcon.colcon_core.verb:set package 'auto_nav' build argument 'cmake_clean_first' from command line to 'False'
[1.429s] Level 5:colcon.colcon_core.verb:set package 'auto_nav' build argument 'cmake_force_configure' from command line to 'False'
[1.429s] Level 5:colcon.colcon_core.verb:set package 'auto_nav' build argument 'ament_cmake_args' from command line to 'None'
[1.429s] Level 5:colcon.colcon_core.verb:set package 'auto_nav' build argument 'catkin_cmake_args' from command line to 'None'
[1.429s] Level 5:colcon.colcon_core.verb:set package 'auto_nav' build argument 'catkin_skip_building_tests' from command line to 'False'
[1.429s] DEBUG:colcon.colcon_core.verb:Building package 'auto_nav' with the following arguments: {'ament_cmake_args': None, 'build_base': '/home/evanyan13/colcon_ws/build/auto_nav', 'catkin_cmake_args': None, 'catkin_skip_building_tests': False, 'cmake_args': None, 'cmake_clean_cache': False, 'cmake_clean_first': False, 'cmake_force_configure': False, 'cmake_target': None, 'cmake_target_skip_unavailable': False, 'install_base': '/home/evanyan13/colcon_ws/install/auto_nav', 'merge_install': False, 'path': '/home/evanyan13/colcon_ws/src/auto_nav', 'symlink_install': True, 'test_result_base': None}
[1.447s] Level 5:colcon.colcon_core.verb:set package 'lidar_pubsub' build argument 'cmake_args' from command line to 'None'
[1.447s] Level 5:colcon.colcon_core.verb:set package 'lidar_pubsub' build argument 'cmake_target' from command line to 'None'
[1.447s] Level 5:colcon.colcon_core.verb:set package 'lidar_pubsub' build argument 'cmake_target_skip_unavailable' from command line to 'False'
[1.447s] Level 5:colcon.colcon_core.verb:set package 'lidar_pubsub' build argument 'cmake_clean_cache' from command line to 'False'
[1.447s] Level 5:colcon.colcon_core.verb:set package 'lidar_pubsub' build argument 'cmake_clean_first' from command line to 'False'
[1.447s] Level 5:colcon.colcon_core.verb:set package 'lidar_pubsub' build argument 'cmake_force_configure' from command line to 'False'
[1.447s] Level 5:colcon.colcon_core.verb:set package 'lidar_pubsub' build argument 'ament_cmake_args' from command line to 'None'
[1.447s] Level 5:colcon.colcon_core.verb:set package 'lidar_pubsub' build argument 'catkin_cmake_args' from command line to 'None'
[1.447s] Level 5:colcon.colcon_core.verb:set package 'lidar_pubsub' build argument 'catkin_skip_building_tests' from command line to 'False'
[1.447s] DEBUG:colcon.colcon_core.verb:Building package 'lidar_pubsub' with the following arguments: {'ament_cmake_args': None, 'build_base': '/home/evanyan13/colcon_ws/build/lidar_pubsub', 'catkin_cmake_args': None, 'catkin_skip_building_tests': False, 'cmake_args': None, 'cmake_clean_cache': False, 'cmake_clean_first': False, 'cmake_force_configure': False, 'cmake_target': None, 'cmake_target_skip_unavailable': False, 'install_base': '/home/evanyan13/colcon_ws/install/lidar_pubsub', 'merge_install': False, 'path': '/home/evanyan13/colcon_ws/src/lidar_pubsub', 'symlink_install': True, 'test_result_base': None}
[1.466s] Level 5:colcon.colcon_core.verb:set package 'py_pubsub' build argument 'cmake_args' from command line to 'None'
[1.466s] Level 5:colcon.colcon_core.verb:set package 'py_pubsub' build argument 'cmake_target' from command line to 'None'
[1.466s] Level 5:colcon.colcon_core.verb:set package 'py_pubsub' build argument 'cmake_target_skip_unavailable' from command line to 'False'
[1.466s] Level 5:colcon.colcon_core.verb:set package 'py_pubsub' build argument 'cmake_clean_cache' from command line to 'False'
[1.466s] Level 5:colcon.colcon_core.verb:set package 'py_pubsub' build argument 'cmake_clean_first' from command line to 'False'
[1.466s] Level 5:colcon.colcon_core.verb:set package 'py_pubsub' build argument 'cmake_force_configure' from command line to 'False'
[1.466s] Level 5:colcon.colcon_core.verb:set package 'py_pubsub' build argument 'ament_cmake_args' from command line to 'None'
[1.466s] Level 5:colcon.colcon_core.verb:set package 'py_pubsub' build argument 'catkin_cmake_args' from command line to 'None'
[1.466s] Level 5:colcon.colcon_core.verb:set package 'py_pubsub' build argument 'catkin_skip_building_tests' from command line to 'False'
[1.466s] DEBUG:colcon.colcon_core.verb:Building package 'py_pubsub' with the following arguments: {'ament_cmake_args': None, 'build_base': '/home/evanyan13/colcon_ws/build/py_pubsub', 'catkin_cmake_args': None, 'catkin_skip_building_tests': False, 'cmake_args': None, 'cmake_clean_cache': False, 'cmake_clean_first': False, 'cmake_force_configure': False, 'cmake_target': None, 'cmake_target_skip_unavailable': False, 'install_base': '/home/evanyan13/colcon_ws/install/py_pubsub', 'merge_install': False, 'path': '/home/evanyan13/colcon_ws/src/py_pubsub', 'symlink_install': True, 'test_result_base': None}
[1.483s] Level 5:colcon.colcon_core.verb:set package 'turtlebot3_fake_node' build argument 'cmake_args' from command line to 'None'
[1.483s] Level 5:colcon.colcon_core.verb:set package 'turtlebot3_fake_node' build argument 'cmake_target' from command line to 'None'
[1.483s] Level 5:colcon.colcon_core.verb:set package 'turtlebot3_fake_node' build argument 'cmake_target_skip_unavailable' from command line to 'False'
[1.483s] Level 5:colcon.colcon_core.verb:set package 'turtlebot3_fake_node' build argument 'cmake_clean_cache' from command line to 'False'
[1.483s] Level 5:colcon.colcon_core.verb:set package 'turtlebot3_fake_node' build argument 'cmake_clean_first' from command line to 'False'
[1.483s] Level 5:colcon.colcon_core.verb:set package 'turtlebot3_fake_node' build argument 'cmake_force_configure' from command line to 'False'
[1.483s] Level 5:colcon.colcon_core.verb:set package 'turtlebot3_fake_node' build argument 'ament_cmake_args' from command line to 'None'
[1.483s] Level 5:colcon.colcon_core.verb:set package 'turtlebot3_fake_node' build argument 'catkin_cmake_args' from command line to 'None'
[1.483s] Level 5:colcon.colcon_core.verb:set package 'turtlebot3_fake_node' build argument 'catkin_skip_building_tests' from command line to 'False'
[1.483s] DEBUG:colcon.colcon_core.verb:Building package 'turtlebot3_fake_node' with the following arguments: {'ament_cmake_args': None, 'build_base': '/home/evanyan13/colcon_ws/build/turtlebot3_fake_node', 'catkin_cmake_args': None, 'catkin_skip_building_tests': False, 'cmake_args': None, 'cmake_clean_cache': False, 'cmake_clean_first': False, 'cmake_force_configure': False, 'cmake_target': None, 'cmake_target_skip_unavailable': False, 'install_base': '/home/evanyan13/colcon_ws/install/turtlebot3_fake_node', 'merge_install': False, 'path': '/home/evanyan13/colcon_ws/src/turtlebot3_simulations/turtlebot3_fake_node', 'symlink_install': True, 'test_result_base': None}
[1.501s] Level 5:colcon.colcon_core.verb:set package 'turtlebot3_gazebo' build argument 'cmake_args' from command line to 'None'
[1.501s] Level 5:colcon.colcon_core.verb:set package 'turtlebot3_gazebo' build argument 'cmake_target' from command line to 'None'
[1.501s] Level 5:colcon.colcon_core.verb:set package 'turtlebot3_gazebo' build argument 'cmake_target_skip_unavailable' from command line to 'False'
[1.501s] Level 5:colcon.colcon_core.verb:set package 'turtlebot3_gazebo' build argument 'cmake_clean_cache' from command line to 'False'
[1.501s] Level 5:colcon.colcon_core.verb:set package 'turtlebot3_gazebo' build argument 'cmake_clean_first' from command line to 'False'
[1.501s] Level 5:colcon.colcon_core.verb:set package 'turtlebot3_gazebo' build argument 'cmake_force_configure' from command line to 'False'
[1.501s] Level 5:colcon.colcon_core.verb:set package 'turtlebot3_gazebo' build argument 'ament_cmake_args' from command line to 'None'
[1.501s] Level 5:colcon.colcon_core.verb:set package 'turtlebot3_gazebo' build argument 'catkin_cmake_args' from command line to 'None'
[1.501s] Level 5:colcon.colcon_core.verb:set package 'turtlebot3_gazebo' build argument 'catkin_skip_building_tests' from command line to 'False'
[1.501s] DEBUG:colcon.colcon_core.verb:Building package 'turtlebot3_gazebo' with the following arguments: {'ament_cmake_args': None, 'build_base': '/home/evanyan13/colcon_ws/build/turtlebot3_gazebo', 'catkin_cmake_args': None, 'catkin_skip_building_tests': False, 'cmake_args': None, 'cmake_clean_cache': False, 'cmake_clean_first': False, 'cmake_force_configure': False, 'cmake_target': None, 'cmake_target_skip_unavailable': False, 'install_base': '/home/evanyan13/colcon_ws/install/turtlebot3_gazebo', 'merge_install': False, 'path': '/home/evanyan13/colcon_ws/src/turtlebot3_simulations/turtlebot3_gazebo', 'symlink_install': True, 'test_result_base': None}
[1.518s] Level 5:colcon.colcon_core.verb:set package 'turtlebot3_simulations' build argument 'cmake_args' from command line to 'None'
[1.518s] Level 5:colcon.colcon_core.verb:set package 'turtlebot3_simulations' build argument 'cmake_target' from command line to 'None'
[1.518s] Level 5:colcon.colcon_core.verb:set package 'turtlebot3_simulations' build argument 'cmake_target_skip_unavailable' from command line to 'False'
[1.518s] Level 5:colcon.colcon_core.verb:set package 'turtlebot3_simulations' build argument 'cmake_clean_cache' from command line to 'False'
[1.518s] Level 5:colcon.colcon_core.verb:set package 'turtlebot3_simulations' build argument 'cmake_clean_first' from command line to 'False'
[1.518s] Level 5:colcon.colcon_core.verb:set package 'turtlebot3_simulations' build argument 'cmake_force_configure' from command line to 'False'
[1.518s] Level 5:colcon.colcon_core.verb:set package 'turtlebot3_simulations' build argument 'ament_cmake_args' from command line to 'None'
[1.518s] Level 5:colcon.colcon_core.verb:set package 'turtlebot3_simulations' build argument 'catkin_cmake_args' from command line to 'None'
[1.518s] Level 5:colcon.colcon_core.verb:set package 'turtlebot3_simulations' build argument 'catkin_skip_building_tests' from command line to 'False'
[1.518s] DEBUG:colcon.colcon_core.verb:Building package 'turtlebot3_simulations' with the following arguments: {'ament_cmake_args': None, 'build_base': '/home/evanyan13/colcon_ws/build/turtlebot3_simulations', 'catkin_cmake_args': None, 'catkin_skip_building_tests': False, 'cmake_args': None, 'cmake_clean_cache': False, 'cmake_clean_first': False, 'cmake_force_configure': False, 'cmake_target': None, 'cmake_target_skip_unavailable': False, 'install_base': '/home/evanyan13/colcon_ws/install/turtlebot3_simulations', 'merge_install': False, 'path': '/home/evanyan13/colcon_ws/src/turtlebot3_simulations/turtlebot3_simulations', 'symlink_install': True, 'test_result_base': None}
[1.535s] INFO:colcon.colcon_core.executor:Executing jobs using 'parallel' executor
[1.553s] DEBUG:colcon.colcon_parallel_executor.executor.parallel:run_until_complete
[1.553s] INFO:colcon.colcon_ros.task.ament_cmake.build:Building ROS package in '/home/evanyan13/colcon_ws/src/turtlebot3_simulations/turtlebot3_fake_node' with build type 'ament_cmake'
[1.553s] INFO:colcon.colcon_cmake.task.cmake.build:Building CMake package in '/home/evanyan13/colcon_ws/src/turtlebot3_simulations/turtlebot3_fake_node'
[1.576s] INFO:colcon.colcon_core.plugin_system:Skipping extension 'colcon_core.shell.bat': Not used on non-Windows systems
[1.576s] INFO:colcon.colcon_core.shell:Skip shell extension 'powershell' for command environment: Not usable outside of PowerShell
[1.576s] DEBUG:colcon.colcon_core.shell:Skip shell extension 'dsv' for command environment
[1.637s] INFO:colcon.colcon_ros.task.ament_cmake.build:Building ROS package in '/home/evanyan13/colcon_ws/src/turtlebot3_simulations/turtlebot3_gazebo' with build type 'ament_cmake'
[1.637s] INFO:colcon.colcon_cmake.task.cmake.build:Building CMake package in '/home/evanyan13/colcon_ws/src/turtlebot3_simulations/turtlebot3_gazebo'
[1.664s] INFO:colcon.colcon_core.shell:Skip shell extension 'powershell' for command environment: Not usable outside of PowerShell
[1.664s] DEBUG:colcon.colcon_core.shell:Skip shell extension 'dsv' for command environment
[1.723s] INFO:colcon.colcon_ros.task.ament_python.build:Building ROS package in '/home/evanyan13/colcon_ws/src/a_star' with build type 'ament_python'
[1.723s] Level 1:colcon.colcon_core.shell:create_environment_hook('a_star', 'ament_prefix_path')
[1.743s] INFO:colcon.colcon_core.shell:Creating environment hook '/home/evanyan13/colcon_ws/install/a_star/share/a_star/hook/ament_prefix_path.ps1'
[1.743s] INFO:colcon.colcon_core.shell:Creating environment descriptor '/home/evanyan13/colcon_ws/install/a_star/share/a_star/hook/ament_prefix_path.dsv'
[1.743s] INFO:colcon.colcon_core.shell:Creating environment hook '/home/evanyan13/colcon_ws/install/a_star/share/a_star/hook/ament_prefix_path.sh'
[1.762s] INFO:colcon.colcon_core.shell:Skip shell extension 'powershell' for command environment: Not usable outside of PowerShell
[1.762s] DEBUG:colcon.colcon_core.shell:Skip shell extension 'dsv' for command environment
[1.821s] INFO:colcon.colcon_ros.task.ament_python.build:Building ROS package in '/home/evanyan13/colcon_ws/src/auto_nav' with build type 'ament_python'
[1.821s] Level 1:colcon.colcon_core.shell:create_environment_hook('auto_nav', 'ament_prefix_path')
[1.841s] INFO:colcon.colcon_core.shell:Creating environment hook '/home/evanyan13/colcon_ws/install/auto_nav/share/auto_nav/hook/ament_prefix_path.ps1'
[1.842s] INFO:colcon.colcon_core.shell:Creating environment descriptor '/home/evanyan13/colcon_ws/install/auto_nav/share/auto_nav/hook/ament_prefix_path.dsv'
[1.842s] INFO:colcon.colcon_core.shell:Creating environment hook '/home/evanyan13/colcon_ws/install/auto_nav/share/auto_nav/hook/ament_prefix_path.sh'
[1.861s] INFO:colcon.colcon_core.shell:Skip shell extension 'powershell' for command environment: Not usable outside of PowerShell
[1.861s] DEBUG:colcon.colcon_core.shell:Skip shell extension 'dsv' for command environment
[1.922s] INFO:colcon.colcon_ros.task.ament_python.build:Building ROS package in '/home/evanyan13/colcon_ws/src/lidar_pubsub' with build type 'ament_python'
[1.922s] Level 1:colcon.colcon_core.shell:create_environment_hook('lidar_pubsub', 'ament_prefix_path')
[1.941s] INFO:colcon.colcon_core.shell:Creating environment hook '/home/evanyan13/colcon_ws/install/lidar_pubsub/share/lidar_pubsub/hook/ament_prefix_path.ps1'
[1.941s] INFO:colcon.colcon_core.shell:Creating environment descriptor '/home/evanyan13/colcon_ws/install/lidar_pubsub/share/lidar_pubsub/hook/ament_prefix_path.dsv'
[1.941s] INFO:colcon.colcon_core.shell:Creating environment hook '/home/evanyan13/colcon_ws/install/lidar_pubsub/share/lidar_pubsub/hook/ament_prefix_path.sh'
[1.966s] INFO:colcon.colcon_core.shell:Skip shell extension 'powershell' for command environment: Not usable outside of PowerShell
[1.966s] DEBUG:colcon.colcon_core.shell:Skip shell extension 'dsv' for command environment
[2.024s] INFO:colcon.colcon_ros.task.ament_python.build:Building ROS package in '/home/evanyan13/colcon_ws/src/py_pubsub' with build type 'ament_python'
[2.025s] Level 1:colcon.colcon_core.shell:create_environment_hook('py_pubsub', 'ament_prefix_path')
[2.044s] INFO:colcon.colcon_core.shell:Creating environment hook '/home/evanyan13/colcon_ws/install/py_pubsub/share/py_pubsub/hook/ament_prefix_path.ps1'
[2.044s] INFO:colcon.colcon_core.shell:Creating environment descriptor '/home/evanyan13/colcon_ws/install/py_pubsub/share/py_pubsub/hook/ament_prefix_path.dsv'
[2.044s] INFO:colcon.colcon_core.shell:Creating environment hook '/home/evanyan13/colcon_ws/install/py_pubsub/share/py_pubsub/hook/ament_prefix_path.sh'
[2.063s] INFO:colcon.colcon_core.shell:Skip shell extension 'powershell' for command environment: Not usable outside of PowerShell
[2.063s] DEBUG:colcon.colcon_core.shell:Skip shell extension 'dsv' for command environment
[2.130s] DEBUG:colcon.colcon_core.event_handler.log_command:Invoking command in '/home/evanyan13/colcon_ws/build/turtlebot3_fake_node': CMAKE_PREFIX_PATH=${CMAKE_PREFIX_PATH}:/home/evanyan13/colcon_ws/install/py_pubsub:/home/evanyan13/colcon_ws/install/lidar_pubsub:/home/evanyan13/colcon_ws/install/auto_nav:/home/evanyan13/colcon_ws/install/a_star:/opt/ros/foxy /usr/bin/cmake --build /home/evanyan13/colcon_ws/build/turtlebot3_fake_node -- -j6 -l6
[2.135s] DEBUG:colcon.colcon_core.event_handler.log_command:Invoking command in '/home/evanyan13/colcon_ws/build/turtlebot3_gazebo': CMAKE_PREFIX_PATH=${CMAKE_PREFIX_PATH}:/home/evanyan13/colcon_ws/install/py_pubsub:/home/evanyan13/colcon_ws/install/lidar_pubsub:/home/evanyan13/colcon_ws/install/auto_nav:/home/evanyan13/colcon_ws/install/a_star:/opt/ros/foxy /usr/bin/cmake --build /home/evanyan13/colcon_ws/build/turtlebot3_gazebo -- -j6 -l6
[2.256s] INFO:colcon.colcon_core.task.python.build:Building Python package in '/home/evanyan13/colcon_ws/src/a_star'
[2.275s] INFO:colcon.colcon_core.shell:Skip shell extension 'powershell' for command environment: Not usable outside of PowerShell
[2.275s] DEBUG:colcon.colcon_core.shell:Skip shell extension 'dsv' for command environment
[2.443s] INFO:colcon.colcon_core.task.python.build:Building Python package in '/home/evanyan13/colcon_ws/src/auto_nav'
[2.462s] INFO:colcon.colcon_core.shell:Skip shell extension 'powershell' for command environment: Not usable outside of PowerShell
[2.462s] DEBUG:colcon.colcon_core.shell:Skip shell extension 'dsv' for command environment
[2.633s] INFO:colcon.colcon_core.task.python.build:Building Python package in '/home/evanyan13/colcon_ws/src/lidar_pubsub'
[2.653s] INFO:colcon.colcon_core.shell:Skip shell extension 'powershell' for command environment: Not usable outside of PowerShell
[2.653s] DEBUG:colcon.colcon_core.shell:Skip shell extension 'dsv' for command environment
[2.820s] INFO:colcon.colcon_core.task.python.build:Building Python package in '/home/evanyan13/colcon_ws/src/py_pubsub'
[2.840s] INFO:colcon.colcon_core.shell:Skip shell extension 'powershell' for command environment: Not usable outside of PowerShell
[2.840s] DEBUG:colcon.colcon_core.shell:Skip shell extension 'dsv' for command environment
[2.899s] DEBUG:colcon.colcon_core.event_handler.log_command:Invoked command in '/home/evanyan13/colcon_ws/build/turtlebot3_fake_node' returned '0': CMAKE_PREFIX_PATH=${CMAKE_PREFIX_PATH}:/home/evanyan13/colcon_ws/install/py_pubsub:/home/evanyan13/colcon_ws/install/lidar_pubsub:/home/evanyan13/colcon_ws/install/auto_nav:/home/evanyan13/colcon_ws/install/a_star:/opt/ros/foxy /usr/bin/cmake --build /home/evanyan13/colcon_ws/build/turtlebot3_fake_node -- -j6 -l6
[2.901s] DEBUG:colcon.colcon_core.event_handler.log_command:Invoked command in '/home/evanyan13/colcon_ws/build/turtlebot3_gazebo' returned '0': CMAKE_PREFIX_PATH=${CMAKE_PREFIX_PATH}:/home/evanyan13/colcon_ws/install/py_pubsub:/home/evanyan13/colcon_ws/install/lidar_pubsub:/home/evanyan13/colcon_ws/install/auto_nav:/home/evanyan13/colcon_ws/install/a_star:/opt/ros/foxy /usr/bin/cmake --build /home/evanyan13/colcon_ws/build/turtlebot3_gazebo -- -j6 -l6
[2.949s] DEBUG:colcon.colcon_core.event_handler.log_command:Invoking command in '/home/evanyan13/colcon_ws/build/turtlebot3_gazebo': CMAKE_PREFIX_PATH=${CMAKE_PREFIX_PATH}:/home/evanyan13/colcon_ws/install/py_pubsub:/home/evanyan13/colcon_ws/install/lidar_pubsub:/home/evanyan13/colcon_ws/install/auto_nav:/home/evanyan13/colcon_ws/install/a_star:/opt/ros/foxy /usr/bin/cmake --install /home/evanyan13/colcon_ws/build/turtlebot3_gazebo
[2.952s] DEBUG:colcon.colcon_core.event_handler.log_command:Invoking command in '/home/evanyan13/colcon_ws/build/turtlebot3_fake_node': CMAKE_PREFIX_PATH=${CMAKE_PREFIX_PATH}:/home/evanyan13/colcon_ws/install/py_pubsub:/home/evanyan13/colcon_ws/install/lidar_pubsub:/home/evanyan13/colcon_ws/install/auto_nav:/home/evanyan13/colcon_ws/install/a_star:/opt/ros/foxy /usr/bin/cmake --install /home/evanyan13/colcon_ws/build/turtlebot3_fake_node
[2.981s] Level 1:colcon.colcon_core.environment:create_environment_scripts_only(turtlebot3_fake_node)
[2.981s] DEBUG:colcon.colcon_core.event_handler.log_command:Invoked command in '/home/evanyan13/colcon_ws/build/turtlebot3_fake_node' returned '0': CMAKE_PREFIX_PATH=${CMAKE_PREFIX_PATH}:/home/evanyan13/colcon_ws/install/py_pubsub:/home/evanyan13/colcon_ws/install/lidar_pubsub:/home/evanyan13/colcon_ws/install/auto_nav:/home/evanyan13/colcon_ws/install/a_star:/opt/ros/foxy /usr/bin/cmake --install /home/evanyan13/colcon_ws/build/turtlebot3_fake_node
[3.005s] Level 1:colcon.colcon_core.environment:checking '/home/evanyan13/colcon_ws/install/turtlebot3_fake_node' for CMake module files
[3.006s] Level 1:colcon.colcon_core.environment:checking '/home/evanyan13/colcon_ws/install/turtlebot3_fake_node' for CMake config files
[3.006s] Level 1:colcon.colcon_core.shell:create_environment_hook('turtlebot3_fake_node', 'cmake_prefix_path')
[3.027s] INFO:colcon.colcon_core.shell:Creating environment hook '/home/evanyan13/colcon_ws/install/turtlebot3_fake_node/share/turtlebot3_fake_node/hook/cmake_prefix_path.ps1'
[3.027s] INFO:colcon.colcon_core.shell:Creating environment descriptor '/home/evanyan13/colcon_ws/install/turtlebot3_fake_node/share/turtlebot3_fake_node/hook/cmake_prefix_path.dsv'
[3.027s] INFO:colcon.colcon_core.shell:Creating environment hook '/home/evanyan13/colcon_ws/install/turtlebot3_fake_node/share/turtlebot3_fake_node/hook/cmake_prefix_path.sh'
[3.028s] Level 1:colcon.colcon_core.environment:checking '/home/evanyan13/colcon_ws/install/turtlebot3_fake_node/lib'
[3.028s] Level 1:colcon.colcon_core.environment:checking '/home/evanyan13/colcon_ws/install/turtlebot3_fake_node/bin'
[3.028s] Level 1:colcon.colcon_core.environment:checking '/home/evanyan13/colcon_ws/install/turtlebot3_fake_node/lib/pkgconfig/turtlebot3_fake_node.pc'
[3.028s] Level 1:colcon.colcon_core.environment:checking '/home/evanyan13/colcon_ws/install/turtlebot3_fake_node/lib/python3.8/site-packages'
[3.028s] Level 1:colcon.colcon_core.environment:checking '/home/evanyan13/colcon_ws/install/turtlebot3_fake_node/bin'
[3.048s] INFO:colcon.colcon_core.shell:Creating package script '/home/evanyan13/colcon_ws/install/turtlebot3_fake_node/share/turtlebot3_fake_node/package.ps1'
[3.049s] INFO:colcon.colcon_core.shell:Creating package descriptor '/home/evanyan13/colcon_ws/install/turtlebot3_fake_node/share/turtlebot3_fake_node/package.dsv'
[3.049s] INFO:colcon.colcon_core.shell:Creating package script '/home/evanyan13/colcon_ws/install/turtlebot3_fake_node/share/turtlebot3_fake_node/package.sh'
[3.049s] INFO:colcon.colcon_core.shell:Creating package script '/home/evanyan13/colcon_ws/install/turtlebot3_fake_node/share/turtlebot3_fake_node/package.bash'
[3.050s] INFO:colcon.colcon_core.shell:Creating package script '/home/evanyan13/colcon_ws/install/turtlebot3_fake_node/share/turtlebot3_fake_node/package.zsh'
[3.050s] Level 1:colcon.colcon_core.environment:create_file_with_runtime_dependencies(/home/evanyan13/colcon_ws/install/turtlebot3_fake_node/share/colcon-core/packages/turtlebot3_fake_node)
[3.053s] Level 1:colcon.colcon_core.environment:create_environment_scripts_only(turtlebot3_gazebo)
[3.053s] DEBUG:colcon.colcon_core.event_handler.log_command:Invoked command in '/home/evanyan13/colcon_ws/build/turtlebot3_gazebo' returned '0': CMAKE_PREFIX_PATH=${CMAKE_PREFIX_PATH}:/home/evanyan13/colcon_ws/install/py_pubsub:/home/evanyan13/colcon_ws/install/lidar_pubsub:/home/evanyan13/colcon_ws/install/auto_nav:/home/evanyan13/colcon_ws/install/a_star:/opt/ros/foxy /usr/bin/cmake --install /home/evanyan13/colcon_ws/build/turtlebot3_gazebo
[3.077s] Level 1:colcon.colcon_core.environment:checking '/home/evanyan13/colcon_ws/install/turtlebot3_gazebo' for CMake module files
[3.077s] Level 1:colcon.colcon_core.environment:checking '/home/evanyan13/colcon_ws/install/turtlebot3_gazebo' for CMake config files
[3.079s] Level 1:colcon.colcon_core.shell:create_environment_hook('turtlebot3_gazebo', 'cmake_prefix_path')
[3.107s] INFO:colcon.colcon_core.shell:Creating environment hook '/home/evanyan13/colcon_ws/install/turtlebot3_gazebo/share/turtlebot3_gazebo/hook/cmake_prefix_path.ps1'
[3.107s] INFO:colcon.colcon_core.shell:Creating environment descriptor '/home/evanyan13/colcon_ws/install/turtlebot3_gazebo/share/turtlebot3_gazebo/hook/cmake_prefix_path.dsv'
[3.107s] INFO:colcon.colcon_core.shell:Creating environment hook '/home/evanyan13/colcon_ws/install/turtlebot3_gazebo/share/turtlebot3_gazebo/hook/cmake_prefix_path.sh'
[3.107s] Level 1:colcon.colcon_core.environment:checking '/home/evanyan13/colcon_ws/install/turtlebot3_gazebo/lib'
[3.107s] Level 1:colcon.colcon_core.environment:checking '/home/evanyan13/colcon_ws/install/turtlebot3_gazebo/bin'
[3.107s] Level 1:colcon.colcon_core.environment:checking '/home/evanyan13/colcon_ws/install/turtlebot3_gazebo/lib/pkgconfig/turtlebot3_gazebo.pc'
[3.108s] Level 1:colcon.colcon_core.environment:checking '/home/evanyan13/colcon_ws/install/turtlebot3_gazebo/lib/python3.8/site-packages'
[3.108s] Level 1:colcon.colcon_core.environment:checking '/home/evanyan13/colcon_ws/install/turtlebot3_gazebo/bin'
[3.129s] INFO:colcon.colcon_core.shell:Creating package script '/home/evanyan13/colcon_ws/install/turtlebot3_gazebo/share/turtlebot3_gazebo/package.ps1'
[3.129s] INFO:colcon.colcon_core.shell:Creating package descriptor '/home/evanyan13/colcon_ws/install/turtlebot3_gazebo/share/turtlebot3_gazebo/package.dsv'
[3.129s] INFO:colcon.colcon_core.shell:Creating package script '/home/evanyan13/colcon_ws/install/turtlebot3_gazebo/share/turtlebot3_gazebo/package.sh'
[3.130s] INFO:colcon.colcon_core.shell:Creating package script '/home/evanyan13/colcon_ws/install/turtlebot3_gazebo/share/turtlebot3_gazebo/package.bash'
[3.130s] INFO:colcon.colcon_core.shell:Creating package script '/home/evanyan13/colcon_ws/install/turtlebot3_gazebo/share/turtlebot3_gazebo/package.zsh'
[3.130s] Level 1:colcon.colcon_core.environment:create_file_with_runtime_dependencies(/home/evanyan13/colcon_ws/install/turtlebot3_gazebo/share/colcon-core/packages/turtlebot3_gazebo)
[3.155s] Level 1:colcon.colcon_core.environment:create_environment_scripts_only(turtlebot3_fake_node)
[3.178s] Level 1:colcon.colcon_core.environment:checking '/home/evanyan13/colcon_ws/install/turtlebot3_fake_node' for CMake module files
[3.178s] Level 1:colcon.colcon_core.environment:checking '/home/evanyan13/colcon_ws/install/turtlebot3_fake_node' for CMake config files
[3.178s] Level 1:colcon.colcon_core.shell:create_environment_hook('turtlebot3_fake_node', 'cmake_prefix_path')
[3.197s] INFO:colcon.colcon_core.shell:Creating environment hook '/home/evanyan13/colcon_ws/install/turtlebot3_fake_node/share/turtlebot3_fake_node/hook/cmake_prefix_path.ps1'
[3.197s] INFO:colcon.colcon_core.shell:Creating environment descriptor '/home/evanyan13/colcon_ws/install/turtlebot3_fake_node/share/turtlebot3_fake_node/hook/cmake_prefix_path.dsv'
[3.197s] INFO:colcon.colcon_core.shell:Creating environment hook '/home/evanyan13/colcon_ws/install/turtlebot3_fake_node/share/turtlebot3_fake_node/hook/cmake_prefix_path.sh'
[3.198s] Level 1:colcon.colcon_core.environment:checking '/home/evanyan13/colcon_ws/install/turtlebot3_fake_node/lib'
[3.198s] Level 1:colcon.colcon_core.environment:checking '/home/evanyan13/colcon_ws/install/turtlebot3_fake_node/bin'
[3.198s] Level 1:colcon.colcon_core.environment:checking '/home/evanyan13/colcon_ws/install/turtlebot3_fake_node/lib/pkgconfig/turtlebot3_fake_node.pc'
[3.198s] Level 1:colcon.colcon_core.environment:checking '/home/evanyan13/colcon_ws/install/turtlebot3_fake_node/lib/python3.8/site-packages'
[3.198s] Level 1:colcon.colcon_core.environment:checking '/home/evanyan13/colcon_ws/install/turtlebot3_fake_node/bin'
[3.216s] INFO:colcon.colcon_core.shell:Creating package script '/home/evanyan13/colcon_ws/install/turtlebot3_fake_node/share/turtlebot3_fake_node/package.ps1'
[3.216s] INFO:colcon.colcon_core.shell:Creating package descriptor '/home/evanyan13/colcon_ws/install/turtlebot3_fake_node/share/turtlebot3_fake_node/package.dsv'
[3.216s] INFO:colcon.colcon_core.shell:Creating package script '/home/evanyan13/colcon_ws/install/turtlebot3_fake_node/share/turtlebot3_fake_node/package.sh'
[3.217s] INFO:colcon.colcon_core.shell:Creating package script '/home/evanyan13/colcon_ws/install/turtlebot3_fake_node/share/turtlebot3_fake_node/package.bash'
[3.217s] INFO:colcon.colcon_core.shell:Creating package script '/home/evanyan13/colcon_ws/install/turtlebot3_fake_node/share/turtlebot3_fake_node/package.zsh'
[3.217s] Level 1:colcon.colcon_core.environment:create_file_with_runtime_dependencies(/home/evanyan13/colcon_ws/install/turtlebot3_fake_node/share/colcon-core/packages/turtlebot3_fake_node)
[3.221s] DEBUG:colcon.colcon_core.event_handler.log_command:Invoking command in '/home/evanyan13/colcon_ws/build/a_star': PYTHONPATH=/home/evanyan13/colcon_ws/build/a_star/prefix_override:/home/evanyan13/colcon_ws/install/a_star/lib/python3.8/site-packages:${PYTHONPATH} /usr/bin/python3 setup.py develop --editable --build-directory /home/evanyan13/colcon_ws/build/a_star/build --no-deps install_data
[3.222s] DEBUG:colcon.colcon_core.event_handler.log_command:Invoking command in '/home/evanyan13/colcon_ws/build/lidar_pubsub': PYTHONPATH=/home/evanyan13/colcon_ws/build/lidar_pubsub/prefix_override:/home/evanyan13/colcon_ws/install/lidar_pubsub/lib/python3.8/site-packages:${PYTHONPATH} /usr/bin/python3 setup.py develop --editable --build-directory /home/evanyan13/colcon_ws/build/lidar_pubsub/build --no-deps install_data
[3.224s] DEBUG:colcon.colcon_core.event_handler.log_command:Invoking command in '/home/evanyan13/colcon_ws/build/auto_nav': PYTHONPATH=/home/evanyan13/colcon_ws/build/auto_nav/prefix_override:/home/evanyan13/colcon_ws/install/auto_nav/lib/python3.8/site-packages:${PYTHONPATH} /usr/bin/python3 setup.py develop --editable --build-directory /home/evanyan13/colcon_ws/build/auto_nav/build --no-deps install_data
[3.244s] Level 1:colcon.colcon_core.environment:create_environment_scripts_only(turtlebot3_gazebo)
[3.264s] Level 1:colcon.colcon_core.environment:checking '/home/evanyan13/colcon_ws/install/turtlebot3_gazebo' for CMake module files
[3.264s] Level 1:colcon.colcon_core.environment:checking '/home/evanyan13/colcon_ws/install/turtlebot3_gazebo' for CMake config files
[3.265s] Level 1:colcon.colcon_core.shell:create_environment_hook('turtlebot3_gazebo', 'cmake_prefix_path')
[3.284s] INFO:colcon.colcon_core.shell:Creating environment hook '/home/evanyan13/colcon_ws/install/turtlebot3_gazebo/share/turtlebot3_gazebo/hook/cmake_prefix_path.ps1'
[3.285s] INFO:colcon.colcon_core.shell:Creating environment descriptor '/home/evanyan13/colcon_ws/install/turtlebot3_gazebo/share/turtlebot3_gazebo/hook/cmake_prefix_path.dsv'
[3.285s] INFO:colcon.colcon_core.shell:Creating environment hook '/home/evanyan13/colcon_ws/install/turtlebot3_gazebo/share/turtlebot3_gazebo/hook/cmake_prefix_path.sh'
[3.285s] Level 1:colcon.colcon_core.environment:checking '/home/evanyan13/colcon_ws/install/turtlebot3_gazebo/lib'
[3.285s] Level 1:colcon.colcon_core.environment:checking '/home/evanyan13/colcon_ws/install/turtlebot3_gazebo/bin'
[3.285s] Level 1:colcon.colcon_core.environment:checking '/home/evanyan13/colcon_ws/install/turtlebot3_gazebo/lib/pkgconfig/turtlebot3_gazebo.pc'
[3.285s] Level 1:colcon.colcon_core.environment:checking '/home/evanyan13/colcon_ws/install/turtlebot3_gazebo/lib/python3.8/site-packages'
[3.285s] Level 1:colcon.colcon_core.environment:checking '/home/evanyan13/colcon_ws/install/turtlebot3_gazebo/bin'
[3.304s] INFO:colcon.colcon_core.shell:Creating package script '/home/evanyan13/colcon_ws/install/turtlebot3_gazebo/share/turtlebot3_gazebo/package.ps1'
[3.304s] INFO:colcon.colcon_core.shell:Creating package descriptor '/home/evanyan13/colcon_ws/install/turtlebot3_gazebo/share/turtlebot3_gazebo/package.dsv'
[3.305s] INFO:colcon.colcon_core.shell:Creating package script '/home/evanyan13/colcon_ws/install/turtlebot3_gazebo/share/turtlebot3_gazebo/package.sh'
[3.305s] INFO:colcon.colcon_core.shell:Creating package script '/home/evanyan13/colcon_ws/install/turtlebot3_gazebo/share/turtlebot3_gazebo/package.bash'
[3.305s] INFO:colcon.colcon_core.shell:Creating package script '/home/evanyan13/colcon_ws/install/turtlebot3_gazebo/share/turtlebot3_gazebo/package.zsh'
[3.305s] Level 1:colcon.colcon_core.environment:create_file_with_runtime_dependencies(/home/evanyan13/colcon_ws/install/turtlebot3_gazebo/share/colcon-core/packages/turtlebot3_gazebo)
[3.307s] DEBUG:colcon.colcon_core.event_handler.log_command:Invoking command in '/home/evanyan13/colcon_ws/build/py_pubsub': PYTHONPATH=/home/evanyan13/colcon_ws/build/py_pubsub/prefix_override:/home/evanyan13/colcon_ws/install/py_pubsub/lib/python3.8/site-packages:${PYTHONPATH} /usr/bin/python3 setup.py develop --editable --build-directory /home/evanyan13/colcon_ws/build/py_pubsub/build --no-deps install_data
[3.308s] INFO:colcon.colcon_ros.task.ament_cmake.build:Building ROS package in '/home/evanyan13/colcon_ws/src/turtlebot3_simulations/turtlebot3_simulations' with build type 'ament_cmake'
[3.308s] INFO:colcon.colcon_cmake.task.cmake.build:Building CMake package in '/home/evanyan13/colcon_ws/src/turtlebot3_simulations/turtlebot3_simulations'
[3.329s] INFO:colcon.colcon_core.shell:Skip shell extension 'powershell' for command environment: Not usable outside of PowerShell
[3.329s] DEBUG:colcon.colcon_core.shell:Skip shell extension 'dsv' for command environment
[3.396s] DEBUG:colcon.colcon_core.event_handler.log_command:Invoking command in '/home/evanyan13/colcon_ws/build/turtlebot3_simulations': CMAKE_PREFIX_PATH=/home/evanyan13/colcon_ws/install/turtlebot3_gazebo:/home/evanyan13/colcon_ws/install/turtlebot3_fake_node:/home/evanyan13/colcon_ws/install/turtlebot3_simulations:/home/evanyan13/colcon_ws/install/py_pubsub:/home/evanyan13/colcon_ws/install/lidar_pubsub:/home/evanyan13/colcon_ws/install/auto_nav:/home/evanyan13/colcon_ws/install/a_star:/opt/ros/foxy /usr/bin/cmake --build /home/evanyan13/colcon_ws/build/turtlebot3_simulations -- -j6 -l6
[3.423s] DEBUG:colcon.colcon_core.event_handler.log_command:Invoked command in '/home/evanyan13/colcon_ws/build/turtlebot3_simulations' returned '0': CMAKE_PREFIX_PATH=/home/evanyan13/colcon_ws/install/turtlebot3_gazebo:/home/evanyan13/colcon_ws/install/turtlebot3_fake_node:/home/evanyan13/colcon_ws/install/turtlebot3_simulations:/home/evanyan13/colcon_ws/install/py_pubsub:/home/evanyan13/colcon_ws/install/lidar_pubsub:/home/evanyan13/colcon_ws/install/auto_nav:/home/evanyan13/colcon_ws/install/a_star:/opt/ros/foxy /usr/bin/cmake --build /home/evanyan13/colcon_ws/build/turtlebot3_simulations -- -j6 -l6
[3.455s] Level 1:colcon.colcon_core.shell:create_environment_hook('a_star', 'pythonpath_develop')
[3.456s] DEBUG:colcon.colcon_core.event_handler.log_command:Invoked command in '/home/evanyan13/colcon_ws/build/a_star' returned '0': PYTHONPATH=/home/evanyan13/colcon_ws/build/a_star/prefix_override:/home/evanyan13/colcon_ws/install/a_star/lib/python3.8/site-packages:${PYTHONPATH} /usr/bin/python3 setup.py develop --editable --build-directory /home/evanyan13/colcon_ws/build/a_star/build --no-deps install_data
[3.477s] INFO:colcon.colcon_core.shell:Creating environment hook '/home/evanyan13/colcon_ws/build/a_star/share/a_star/hook/pythonpath_develop.ps1'
[3.477s] INFO:colcon.colcon_core.shell:Creating environment descriptor '/home/evanyan13/colcon_ws/build/a_star/share/a_star/hook/pythonpath_develop.dsv'
[3.477s] INFO:colcon.colcon_core.shell:Creating environment hook '/home/evanyan13/colcon_ws/build/a_star/share/a_star/hook/pythonpath_develop.sh'
[3.499s] Level 1:colcon.colcon_core.environment:checking '/home/evanyan13/colcon_ws/install/a_star' for CMake module files
[3.499s] Level 1:colcon.colcon_core.environment:checking '/home/evanyan13/colcon_ws/install/a_star' for CMake config files
[3.499s] Level 1:colcon.colcon_core.environment:checking '/home/evanyan13/colcon_ws/install/a_star/lib'
[3.499s] Level 1:colcon.colcon_core.environment:checking '/home/evanyan13/colcon_ws/install/a_star/bin'
[3.499s] Level 1:colcon.colcon_core.environment:checking '/home/evanyan13/colcon_ws/install/a_star/lib/pkgconfig/a_star.pc'
[3.499s] Level 1:colcon.colcon_core.environment:checking '/home/evanyan13/colcon_ws/install/a_star/lib/python3.8/site-packages'
[3.499s] Level 1:colcon.colcon_core.shell:create_environment_hook('a_star', 'pythonpath')
[3.527s] INFO:colcon.colcon_core.shell:Creating environment hook '/home/evanyan13/colcon_ws/install/a_star/share/a_star/hook/pythonpath.ps1'
[3.527s] INFO:colcon.colcon_core.shell:Creating environment descriptor '/home/evanyan13/colcon_ws/install/a_star/share/a_star/hook/pythonpath.dsv'
[3.527s] INFO:colcon.colcon_core.shell:Creating environment hook '/home/evanyan13/colcon_ws/install/a_star/share/a_star/hook/pythonpath.sh'
[3.528s] Level 1:colcon.colcon_core.environment:checking '/home/evanyan13/colcon_ws/install/a_star/bin'
[3.528s] Level 1:colcon.colcon_core.environment:create_environment_scripts_only(a_star)
[3.548s] INFO:colcon.colcon_core.shell:Creating package script '/home/evanyan13/colcon_ws/install/a_star/share/a_star/package.ps1'
[3.549s] INFO:colcon.colcon_core.shell:Creating package descriptor '/home/evanyan13/colcon_ws/install/a_star/share/a_star/package.dsv'
[3.549s] INFO:colcon.colcon_core.shell:Creating package script '/home/evanyan13/colcon_ws/install/a_star/share/a_star/package.sh'
[3.549s] INFO:colcon.colcon_core.shell:Creating package script '/home/evanyan13/colcon_ws/install/a_star/share/a_star/package.bash'
[3.549s] INFO:colcon.colcon_core.shell:Creating package script '/home/evanyan13/colcon_ws/install/a_star/share/a_star/package.zsh'
[3.550s] Level 1:colcon.colcon_core.environment:create_file_with_runtime_dependencies(/home/evanyan13/colcon_ws/install/a_star/share/colcon-core/packages/a_star)
[3.552s] Level 1:colcon.colcon_core.shell:create_environment_hook('auto_nav', 'pythonpath_develop')
[3.552s] DEBUG:colcon.colcon_core.event_handler.log_command:Invoked command in '/home/evanyan13/colcon_ws/build/auto_nav' returned '0': PYTHONPATH=/home/evanyan13/colcon_ws/build/auto_nav/prefix_override:/home/evanyan13/colcon_ws/install/auto_nav/lib/python3.8/site-packages:${PYTHONPATH} /usr/bin/python3 setup.py develop --editable --build-directory /home/evanyan13/colcon_ws/build/auto_nav/build --no-deps install_data
[3.572s] INFO:colcon.colcon_core.shell:Creating environment hook '/home/evanyan13/colcon_ws/build/auto_nav/share/auto_nav/hook/pythonpath_develop.ps1'
[3.572s] INFO:colcon.colcon_core.shell:Creating environment descriptor '/home/evanyan13/colcon_ws/build/auto_nav/share/auto_nav/hook/pythonpath_develop.dsv'
[3.573s] INFO:colcon.colcon_core.shell:Creating environment hook '/home/evanyan13/colcon_ws/build/auto_nav/share/auto_nav/hook/pythonpath_develop.sh'
[3.592s] Level 1:colcon.colcon_core.environment:checking '/home/evanyan13/colcon_ws/install/auto_nav' for CMake module files
[3.592s] Level 1:colcon.colcon_core.environment:checking '/home/evanyan13/colcon_ws/install/auto_nav' for CMake config files
[3.593s] Level 1:colcon.colcon_core.environment:checking '/home/evanyan13/colcon_ws/install/auto_nav/lib'
[3.593s] Level 1:colcon.colcon_core.environment:checking '/home/evanyan13/colcon_ws/install/auto_nav/bin'
[3.593s] Level 1:colcon.colcon_core.environment:checking '/home/evanyan13/colcon_ws/install/auto_nav/lib/pkgconfig/auto_nav.pc'
[3.593s] Level 1:colcon.colcon_core.environment:checking '/home/evanyan13/colcon_ws/install/auto_nav/lib/python3.8/site-packages'
[3.593s] Level 1:colcon.colcon_core.shell:create_environment_hook('auto_nav', 'pythonpath')
[3.613s] INFO:colcon.colcon_core.shell:Creating environment hook '/home/evanyan13/colcon_ws/install/auto_nav/share/auto_nav/hook/pythonpath.ps1'
[3.613s] INFO:colcon.colcon_core.shell:Creating environment descriptor '/home/evanyan13/colcon_ws/install/auto_nav/share/auto_nav/hook/pythonpath.dsv'
[3.614s] INFO:colcon.colcon_core.shell:Creating environment hook '/home/evanyan13/colcon_ws/install/auto_nav/share/auto_nav/hook/pythonpath.sh'
[3.614s] Level 1:colcon.colcon_core.environment:checking '/home/evanyan13/colcon_ws/install/auto_nav/bin'
[3.614s] Level 1:colcon.colcon_core.environment:create_environment_scripts_only(auto_nav)
[3.634s] INFO:colcon.colcon_core.shell:Creating package script '/home/evanyan13/colcon_ws/install/auto_nav/share/auto_nav/package.ps1'
[3.635s] INFO:colcon.colcon_core.shell:Creating package descriptor '/home/evanyan13/colcon_ws/install/auto_nav/share/auto_nav/package.dsv'
[3.635s] INFO:colcon.colcon_core.shell:Creating package script '/home/evanyan13/colcon_ws/install/auto_nav/share/auto_nav/package.sh'
[3.635s] INFO:colcon.colcon_core.shell:Creating package script '/home/evanyan13/colcon_ws/install/auto_nav/share/auto_nav/package.bash'
[3.636s] INFO:colcon.colcon_core.shell:Creating package script '/home/evanyan13/colcon_ws/install/auto_nav/share/auto_nav/package.zsh'
[3.636s] Level 1:colcon.colcon_core.environment:create_file_with_runtime_dependencies(/home/evanyan13/colcon_ws/install/auto_nav/share/colcon-core/packages/auto_nav)
[3.638s] DEBUG:colcon.colcon_core.event_handler.log_command:Invoking command in '/home/evanyan13/colcon_ws/build/turtlebot3_simulations': CMAKE_PREFIX_PATH=/home/evanyan13/colcon_ws/install/turtlebot3_gazebo:/home/evanyan13/colcon_ws/install/turtlebot3_fake_node:/home/evanyan13/colcon_ws/install/turtlebot3_simulations:/home/evanyan13/colcon_ws/install/py_pubsub:/home/evanyan13/colcon_ws/install/lidar_pubsub:/home/evanyan13/colcon_ws/install/auto_nav:/home/evanyan13/colcon_ws/install/a_star:/opt/ros/foxy /usr/bin/cmake --install /home/evanyan13/colcon_ws/build/turtlebot3_simulations
[3.638s] Level 1:colcon.colcon_core.shell:create_environment_hook('py_pubsub', 'pythonpath_develop')
[3.639s] DEBUG:colcon.colcon_core.event_handler.log_command:Invoked command in '/home/evanyan13/colcon_ws/build/py_pubsub' returned '0': PYTHONPATH=/home/evanyan13/colcon_ws/build/py_pubsub/prefix_override:/home/evanyan13/colcon_ws/install/py_pubsub/lib/python3.8/site-packages:${PYTHONPATH} /usr/bin/python3 setup.py develop --editable --build-directory /home/evanyan13/colcon_ws/build/py_pubsub/build --no-deps install_data
[3.659s] INFO:colcon.colcon_core.shell:Creating environment hook '/home/evanyan13/colcon_ws/build/py_pubsub/share/py_pubsub/hook/pythonpath_develop.ps1'
[3.660s] INFO:colcon.colcon_core.shell:Creating environment descriptor '/home/evanyan13/colcon_ws/build/py_pubsub/share/py_pubsub/hook/pythonpath_develop.dsv'
[3.660s] INFO:colcon.colcon_core.shell:Creating environment hook '/home/evanyan13/colcon_ws/build/py_pubsub/share/py_pubsub/hook/pythonpath_develop.sh'
[3.681s] Level 1:colcon.colcon_core.environment:checking '/home/evanyan13/colcon_ws/install/py_pubsub' for CMake module files
[3.681s] Level 1:colcon.colcon_core.environment:checking '/home/evanyan13/colcon_ws/install/py_pubsub' for CMake config files
[3.681s] Level 1:colcon.colcon_core.environment:checking '/home/evanyan13/colcon_ws/install/py_pubsub/lib'
[3.681s] Level 1:colcon.colcon_core.environment:checking '/home/evanyan13/colcon_ws/install/py_pubsub/bin'
[3.681s] Level 1:colcon.colcon_core.environment:checking '/home/evanyan13/colcon_ws/install/py_pubsub/lib/pkgconfig/py_pubsub.pc'
[3.681s] Level 1:colcon.colcon_core.environment:checking '/home/evanyan13/colcon_ws/install/py_pubsub/lib/python3.8/site-packages'
[3.681s] Level 1:colcon.colcon_core.shell:create_environment_hook('py_pubsub', 'pythonpath')
[3.701s] INFO:colcon.colcon_core.shell:Creating environment hook '/home/evanyan13/colcon_ws/install/py_pubsub/share/py_pubsub/hook/pythonpath.ps1'
[3.701s] INFO:colcon.colcon_core.shell:Creating environment descriptor '/home/evanyan13/colcon_ws/install/py_pubsub/share/py_pubsub/hook/pythonpath.dsv'
[3.702s] INFO:colcon.colcon_core.shell:Creating environment hook '/home/evanyan13/colcon_ws/install/py_pubsub/share/py_pubsub/hook/pythonpath.sh'
[3.702s] Level 1:colcon.colcon_core.environment:checking '/home/evanyan13/colcon_ws/install/py_pubsub/bin'
[3.702s] Level 1:colcon.colcon_core.environment:create_environment_scripts_only(py_pubsub)
[3.721s] INFO:colcon.colcon_core.shell:Creating package script '/home/evanyan13/colcon_ws/install/py_pubsub/share/py_pubsub/package.ps1'
[3.722s] INFO:colcon.colcon_core.shell:Creating package descriptor '/home/evanyan13/colcon_ws/install/py_pubsub/share/py_pubsub/package.dsv'
[3.722s] INFO:colcon.colcon_core.shell:Creating package script '/home/evanyan13/colcon_ws/install/py_pubsub/share/py_pubsub/package.sh'
[3.722s] INFO:colcon.colcon_core.shell:Creating package script '/home/evanyan13/colcon_ws/install/py_pubsub/share/py_pubsub/package.bash'
[3.723s] INFO:colcon.colcon_core.shell:Creating package script '/home/evanyan13/colcon_ws/install/py_pubsub/share/py_pubsub/package.zsh'
[3.723s] Level 1:colcon.colcon_core.environment:create_file_with_runtime_dependencies(/home/evanyan13/colcon_ws/install/py_pubsub/share/colcon-core/packages/py_pubsub)
[3.723s] Level 1:colcon.colcon_core.shell:create_environment_hook('lidar_pubsub', 'pythonpath_develop')
[3.723s] DEBUG:colcon.colcon_core.event_handler.log_command:Invoked command in '/home/evanyan13/colcon_ws/build/lidar_pubsub' returned '0': PYTHONPATH=/home/evanyan13/colcon_ws/build/lidar_pubsub/prefix_override:/home/evanyan13/colcon_ws/install/lidar_pubsub/lib/python3.8/site-packages:${PYTHONPATH} /usr/bin/python3 setup.py develop --editable --build-directory /home/evanyan13/colcon_ws/build/lidar_pubsub/build --no-deps install_data
[3.745s] INFO:colcon.colcon_core.shell:Creating environment hook '/home/evanyan13/colcon_ws/build/lidar_pubsub/share/lidar_pubsub/hook/pythonpath_develop.ps1'
[3.745s] INFO:colcon.colcon_core.shell:Creating environment descriptor '/home/evanyan13/colcon_ws/build/lidar_pubsub/share/lidar_pubsub/hook/pythonpath_develop.dsv'
[3.745s] INFO:colcon.colcon_core.shell:Creating environment hook '/home/evanyan13/colcon_ws/build/lidar_pubsub/share/lidar_pubsub/hook/pythonpath_develop.sh'
[3.765s] Level 1:colcon.colcon_core.environment:checking '/home/evanyan13/colcon_ws/install/lidar_pubsub' for CMake module files
[3.766s] Level 1:colcon.colcon_core.environment:checking '/home/evanyan13/colcon_ws/install/lidar_pubsub' for CMake config files
[3.766s] Level 1:colcon.colcon_core.environment:checking '/home/evanyan13/colcon_ws/install/lidar_pubsub/lib'
[3.766s] Level 1:colcon.colcon_core.environment:checking '/home/evanyan13/colcon_ws/install/lidar_pubsub/bin'
[3.766s] Level 1:colcon.colcon_core.environment:checking '/home/evanyan13/colcon_ws/install/lidar_pubsub/lib/pkgconfig/lidar_pubsub.pc'
[3.766s] Level 1:colcon.colcon_core.environment:checking '/home/evanyan13/colcon_ws/install/lidar_pubsub/lib/python3.8/site-packages'
[3.766s] Level 1:colcon.colcon_core.shell:create_environment_hook('lidar_pubsub', 'pythonpath')
[3.787s] INFO:colcon.colcon_core.shell:Creating environment hook '/home/evanyan13/colcon_ws/install/lidar_pubsub/share/lidar_pubsub/hook/pythonpath.ps1'
[3.787s] INFO:colcon.colcon_core.shell:Creating environment descriptor '/home/evanyan13/colcon_ws/install/lidar_pubsub/share/lidar_pubsub/hook/pythonpath.dsv'
[3.788s] INFO:colcon.colcon_core.shell:Creating environment hook '/home/evanyan13/colcon_ws/install/lidar_pubsub/share/lidar_pubsub/hook/pythonpath.sh'
[3.788s] Level 1:colcon.colcon_core.environment:checking '/home/evanyan13/colcon_ws/install/lidar_pubsub/bin'
[3.788s] Level 1:colcon.colcon_core.environment:create_environment_scripts_only(lidar_pubsub)
[3.807s] INFO:colcon.colcon_core.shell:Creating package script '/home/evanyan13/colcon_ws/install/lidar_pubsub/share/lidar_pubsub/package.ps1'
[3.807s] INFO:colcon.colcon_core.shell:Creating package descriptor '/home/evanyan13/colcon_ws/install/lidar_pubsub/share/lidar_pubsub/package.dsv'
[3.807s] INFO:colcon.colcon_core.shell:Creating package script '/home/evanyan13/colcon_ws/install/lidar_pubsub/share/lidar_pubsub/package.sh'
[3.808s] INFO:colcon.colcon_core.shell:Creating package script '/home/evanyan13/colcon_ws/install/lidar_pubsub/share/lidar_pubsub/package.bash'
[3.808s] INFO:colcon.colcon_core.shell:Creating package script '/home/evanyan13/colcon_ws/install/lidar_pubsub/share/lidar_pubsub/package.zsh'
[3.808s] Level 1:colcon.colcon_core.environment:create_file_with_runtime_dependencies(/home/evanyan13/colcon_ws/install/lidar_pubsub/share/colcon-core/packages/lidar_pubsub)
[3.809s] Level 1:colcon.colcon_core.environment:create_environment_scripts_only(turtlebot3_simulations)
[3.810s] DEBUG:colcon.colcon_core.event_handler.log_command:Invoked command in '/home/evanyan13/colcon_ws/build/turtlebot3_simulations' returned '0': CMAKE_PREFIX_PATH=/home/evanyan13/colcon_ws/install/turtlebot3_gazebo:/home/evanyan13/colcon_ws/install/turtlebot3_fake_node:/home/evanyan13/colcon_ws/install/turtlebot3_simulations:/home/evanyan13/colcon_ws/install/py_pubsub:/home/evanyan13/colcon_ws/install/lidar_pubsub:/home/evanyan13/colcon_ws/install/auto_nav:/home/evanyan13/colcon_ws/install/a_star:/opt/ros/foxy /usr/bin/cmake --install /home/evanyan13/colcon_ws/build/turtlebot3_simulations
[3.831s] Level 1:colcon.colcon_core.environment:checking '/home/evanyan13/colcon_ws/install/turtlebot3_simulations' for CMake module files
[3.831s] Level 1:colcon.colcon_core.environment:checking '/home/evanyan13/colcon_ws/install/turtlebot3_simulations' for CMake config files
[3.831s] Level 1:colcon.colcon_core.shell:create_environment_hook('turtlebot3_simulations', 'cmake_prefix_path')
[3.853s] INFO:colcon.colcon_core.shell:Creating environment hook '/home/evanyan13/colcon_ws/install/turtlebot3_simulations/share/turtlebot3_simulations/hook/cmake_prefix_path.ps1'
[3.853s] INFO:colcon.colcon_core.shell:Creating environment descriptor '/home/evanyan13/colcon_ws/install/turtlebot3_simulations/share/turtlebot3_simulations/hook/cmake_prefix_path.dsv'
[3.853s] INFO:colcon.colcon_core.shell:Creating environment hook '/home/evanyan13/colcon_ws/install/turtlebot3_simulations/share/turtlebot3_simulations/hook/cmake_prefix_path.sh'
[3.854s] Level 1:colcon.colcon_core.environment:checking '/home/evanyan13/colcon_ws/install/turtlebot3_simulations/bin'
[3.854s] Level 1:colcon.colcon_core.environment:checking '/home/evanyan13/colcon_ws/install/turtlebot3_simulations/lib/pkgconfig/turtlebot3_simulations.pc'
[3.854s] Level 1:colcon.colcon_core.environment:checking '/home/evanyan13/colcon_ws/install/turtlebot3_simulations/lib/python3.8/site-packages'
[3.854s] Level 1:colcon.colcon_core.environment:checking '/home/evanyan13/colcon_ws/install/turtlebot3_simulations/bin'
[3.874s] INFO:colcon.colcon_core.shell:Creating package script '/home/evanyan13/colcon_ws/install/turtlebot3_simulations/share/turtlebot3_simulations/package.ps1'
[3.874s] INFO:colcon.colcon_core.shell:Creating package descriptor '/home/evanyan13/colcon_ws/install/turtlebot3_simulations/share/turtlebot3_simulations/package.dsv'
[3.874s] INFO:colcon.colcon_core.shell:Creating package script '/home/evanyan13/colcon_ws/install/turtlebot3_simulations/share/turtlebot3_simulations/package.sh'
[3.875s] INFO:colcon.colcon_core.shell:Creating package script '/home/evanyan13/colcon_ws/install/turtlebot3_simulations/share/turtlebot3_simulations/package.bash'
[3.875s] INFO:colcon.colcon_core.shell:Creating package script '/home/evanyan13/colcon_ws/install/turtlebot3_simulations/share/turtlebot3_simulations/package.zsh'
[3.875s] Level 1:colcon.colcon_core.environment:create_file_with_runtime_dependencies(/home/evanyan13/colcon_ws/install/turtlebot3_simulations/share/colcon-core/packages/turtlebot3_simulations)
[3.909s] Level 1:colcon.colcon_core.environment:create_environment_scripts_only(turtlebot3_simulations)
[3.937s] Level 1:colcon.colcon_core.environment:checking '/home/evanyan13/colcon_ws/install/turtlebot3_simulations' for CMake module files
[3.937s] Level 1:colcon.colcon_core.environment:checking '/home/evanyan13/colcon_ws/install/turtlebot3_simulations' for CMake config files
[3.937s] Level 1:colcon.colcon_core.shell:create_environment_hook('turtlebot3_simulations', 'cmake_prefix_path')
[3.957s] INFO:colcon.colcon_core.shell:Creating environment hook '/home/evanyan13/colcon_ws/install/turtlebot3_simulations/share/turtlebot3_simulations/hook/cmake_prefix_path.ps1'
[3.958s] INFO:colcon.colcon_core.shell:Creating environment descriptor '/home/evanyan13/colcon_ws/install/turtlebot3_simulations/share/turtlebot3_simulations/hook/cmake_prefix_path.dsv'
[3.958s] INFO:colcon.colcon_core.shell:Creating environment hook '/home/evanyan13/colcon_ws/install/turtlebot3_simulations/share/turtlebot3_simulations/hook/cmake_prefix_path.sh'
[3.958s] Level 1:colcon.colcon_core.environment:checking '/home/evanyan13/colcon_ws/install/turtlebot3_simulations/bin'
[3.958s] Level 1:colcon.colcon_core.environment:checking '/home/evanyan13/colcon_ws/install/turtlebot3_simulations/lib/pkgconfig/turtlebot3_simulations.pc'
[3.958s] Level 1:colcon.colcon_core.environment:checking '/home/evanyan13/colcon_ws/install/turtlebot3_simulations/lib/python3.8/site-packages'
[3.958s] Level 1:colcon.colcon_core.environment:checking '/home/evanyan13/colcon_ws/install/turtlebot3_simulations/bin'
[3.977s] INFO:colcon.colcon_core.shell:Creating package script '/home/evanyan13/colcon_ws/install/turtlebot3_simulations/share/turtlebot3_simulations/package.ps1'
[3.977s] INFO:colcon.colcon_core.shell:Creating package descriptor '/home/evanyan13/colcon_ws/install/turtlebot3_simulations/share/turtlebot3_simulations/package.dsv'
[3.977s] INFO:colcon.colcon_core.shell:Creating package script '/home/evanyan13/colcon_ws/install/turtlebot3_simulations/share/turtlebot3_simulations/package.sh'
[3.977s] INFO:colcon.colcon_core.shell:Creating package script '/home/evanyan13/colcon_ws/install/turtlebot3_simulations/share/turtlebot3_simulations/package.bash'
[3.977s] INFO:colcon.colcon_core.shell:Creating package script '/home/evanyan13/colcon_ws/install/turtlebot3_simulations/share/turtlebot3_simulations/package.zsh'
[3.978s] Level 1:colcon.colcon_core.environment:create_file_with_runtime_dependencies(/home/evanyan13/colcon_ws/install/turtlebot3_simulations/share/colcon-core/packages/turtlebot3_simulations)
[3.978s] DEBUG:colcon.colcon_parallel_executor.executor.parallel:closing loop
[3.978s] DEBUG:colcon.colcon_parallel_executor.executor.parallel:loop closed
[3.978s] DEBUG:colcon.colcon_parallel_executor.executor.parallel:run_until_complete finished with '0'
[3.978s] DEBUG:colcon.colcon_core.event_reactor:joining thread
[4.001s] INFO:colcon.colcon_core.plugin_system:Skipping extension 'colcon_notification.desktop_notification.terminal_notifier': Not used on non-Darwin systems
[4.001s] INFO:colcon.colcon_core.plugin_system:Skipping extension 'colcon_notification.desktop_notification.win32': Not used on non-Windows systems
[4.002s] INFO:colcon.colcon_notification.desktop_notification:Sending desktop notification using 'notify2'
[4.011s] DEBUG:colcon.colcon_core.event_reactor:joined thread
[4.030s] INFO:colcon.colcon_core.shell:Creating prefix script '/home/evanyan13/colcon_ws/install/local_setup.ps1'
[4.031s] INFO:colcon.colcon_core.shell:Creating prefix util module '/home/evanyan13/colcon_ws/install/_local_setup_util_ps1.py'
[4.032s] INFO:colcon.colcon_core.shell:Creating prefix chain script '/home/evanyan13/colcon_ws/install/setup.ps1'
[4.052s] INFO:colcon.colcon_core.shell:Creating prefix script '/home/evanyan13/colcon_ws/install/local_setup.sh'
[4.052s] INFO:colcon.colcon_core.shell:Creating prefix util module '/home/evanyan13/colcon_ws/install/_local_setup_util_sh.py'
[4.052s] INFO:colcon.colcon_core.shell:Creating prefix chain script '/home/evanyan13/colcon_ws/install/setup.sh'
[4.072s] INFO:colcon.colcon_core.shell:Creating prefix script '/home/evanyan13/colcon_ws/install/local_setup.bash'
[4.072s] INFO:colcon.colcon_core.shell:Creating prefix chain script '/home/evanyan13/colcon_ws/install/setup.bash'
[4.091s] INFO:colcon.colcon_core.shell:Creating prefix script '/home/evanyan13/colcon_ws/install/local_setup.zsh'
[4.092s] INFO:colcon.colcon_core.shell:Creating prefix chain script '/home/evanyan13/colcon_ws/install/setup.zsh'
