[1.838s] DEBUG:colcon:Command line arguments: ['/usr/bin/colcon', 'build']
[1.838s] DEBUG:colcon:Parsed command line arguments: Namespace(allow_overriding=[], ament_cmake_args=None, base_paths=['.'], build_base='build', catkin_cmake_args=None, catkin_skip_building_tests=False, cmake_args=None, cmake_clean_cache=False, cmake_clean_first=False, cmake_force_configure=False, cmake_target=None, cmake_target_skip_unavailable=False, continue_on_error=False, event_handlers=None, executor='parallel', ignore_user_meta=False, install_base='install', log_base=None, log_level=None, main=<bound method BuildVerb.main of <colcon_core.verb.build.BuildVerb object at 0xffff7efec190>>, merge_install=False, metas=['./colcon.meta'], packages_above=None, packages_above_and_dependencies=None, packages_above_depth=None, packages_end=None, packages_ignore=None, packages_ignore_regex=None, packages_select=None, packages_select_build_failed=False, packages_select_by_dep=None, packages_select_regex=None, packages_select_test_failures=False, packages_skip=None, packages_skip_build_finished=False, packages_skip_by_dep=None, packages_skip_regex=None, packages_skip_test_passed=False, packages_skip_up_to=None, packages_start=None, packages_up_to=None, packages_up_to_regex=None, parallel_workers=6, paths=None, symlink_install=False, test_result_base=None, verb_extension=<colcon_core.verb.build.BuildVerb object at 0xffff7efec190>, verb_name='build', verb_parser=<colcon_defaults.argument_parser.defaults.DefaultArgumentsDecorator object at 0xffff7efada60>)
[1.905s] Level 1:colcon.colcon_core.package_discovery:discover_packages(colcon_meta) check parameters
[1.905s] Level 1:colcon.colcon_core.package_discovery:discover_packages(recursive) check parameters
[1.905s] Level 1:colcon.colcon_core.package_discovery:discover_packages(ignore) check parameters
[1.905s] Level 1:colcon.colcon_core.package_discovery:discover_packages(path) check parameters
[1.905s] Level 1:colcon.colcon_core.package_discovery:discover_packages(colcon_meta) discover
[1.906s] Level 1:colcon.colcon_core.package_discovery:discover_packages(recursive) discover
[1.906s] INFO:colcon.colcon_core.package_discovery:Crawling recursively for packages in '/home/evanyan13/colcon_ws'
[1.906s] Level 1:colcon.colcon_core.package_identification:_identify(.) by extensions ['ignore', 'ignore_ament_install']
[1.906s] Level 1:colcon.colcon_core.package_identification:_identify(.) by extension 'ignore'
[1.906s] Level 1:colcon.colcon_core.package_identification:_identify(.) by extension 'ignore_ament_install'
[1.906s] Level 1:colcon.colcon_core.package_identification:_identify(.) by extensions ['colcon_pkg']
[1.906s] Level 1:colcon.colcon_core.package_identification:_identify(.) by extension 'colcon_pkg'
[1.906s] Level 1:colcon.colcon_core.package_identification:_identify(.) by extensions ['colcon_meta']
[1.906s] Level 1:colcon.colcon_core.package_identification:_identify(.) by extension 'colcon_meta'
[1.906s] Level 1:colcon.colcon_core.package_identification:_identify(.) by extensions ['ros']
[1.906s] Level 1:colcon.colcon_core.package_identification:_identify(.) by extension 'ros'
[1.915s] Level 1:colcon.colcon_core.package_identification:_identify(.) by extensions ['cmake', 'python']
[1.915s] Level 1:colcon.colcon_core.package_identification:_identify(.) by extension 'cmake'
[1.915s] Level 1:colcon.colcon_core.package_identification:_identify(.) by extension 'python'
[1.915s] Level 1:colcon.colcon_core.package_identification:_identify(.) by extensions ['python_setup_py']
[1.915s] Level 1:colcon.colcon_core.package_identification:_identify(.) by extension 'python_setup_py'
[1.915s] Level 1:colcon.colcon_core.package_identification:_identify(build) by extensions ['ignore', 'ignore_ament_install']
[1.915s] Level 1:colcon.colcon_core.package_identification:_identify(build) by extension 'ignore'
[1.915s] Level 1:colcon.colcon_core.package_identification:_identify(build) ignored
[1.915s] Level 1:colcon.colcon_core.package_identification:_identify(install) by extensions ['ignore', 'ignore_ament_install']
[1.915s] Level 1:colcon.colcon_core.package_identification:_identify(install) by extension 'ignore'
[1.915s] Level 1:colcon.colcon_core.package_identification:_identify(install) ignored
[1.915s] Level 1:colcon.colcon_core.package_identification:_identify(log) by extensions ['ignore', 'ignore_ament_install']
[1.915s] Level 1:colcon.colcon_core.package_identification:_identify(log) by extension 'ignore'
[1.915s] Level 1:colcon.colcon_core.package_identification:_identify(log) ignored
[1.916s] Level 1:colcon.colcon_core.package_identification:_identify(src) by extensions ['ignore', 'ignore_ament_install']
[1.916s] Level 1:colcon.colcon_core.package_identification:_identify(src) by extension 'ignore'
[1.916s] Level 1:colcon.colcon_core.package_identification:_identify(src) by extension 'ignore_ament_install'
[1.916s] Level 1:colcon.colcon_core.package_identification:_identify(src) by extensions ['colcon_pkg']
[1.916s] Level 1:colcon.colcon_core.package_identification:_identify(src) by extension 'colcon_pkg'
[1.916s] Level 1:colcon.colcon_core.package_identification:_identify(src) by extensions ['colcon_meta']
[1.916s] Level 1:colcon.colcon_core.package_identification:_identify(src) by extension 'colcon_meta'
[1.916s] Level 1:colcon.colcon_core.package_identification:_identify(src) by extensions ['ros']
[1.916s] Level 1:colcon.colcon_core.package_identification:_identify(src) by extension 'ros'
[1.916s] Level 1:colcon.colcon_core.package_identification:_identify(src) by extensions ['cmake', 'python']
[1.916s] Level 1:colcon.colcon_core.package_identification:_identify(src) by extension 'cmake'
[1.916s] Level 1:colcon.colcon_core.package_identification:_identify(src) by extension 'python'
[1.916s] Level 1:colcon.colcon_core.package_identification:_identify(src) by extensions ['python_setup_py']
[1.916s] Level 1:colcon.colcon_core.package_identification:_identify(src) by extension 'python_setup_py'
[1.916s] Level 1:colcon.colcon_core.package_identification:_identify(src/auto_nav) by extensions ['ignore', 'ignore_ament_install']
[1.916s] Level 1:colcon.colcon_core.package_identification:_identify(src/auto_nav) by extension 'ignore'
[1.916s] Level 1:colcon.colcon_core.package_identification:_identify(src/auto_nav) by extension 'ignore_ament_install'
[1.916s] Level 1:colcon.colcon_core.package_identification:_identify(src/auto_nav) by extensions ['colcon_pkg']
[1.916s] Level 1:colcon.colcon_core.package_identification:_identify(src/auto_nav) by extension 'colcon_pkg'
[1.916s] Level 1:colcon.colcon_core.package_identification:_identify(src/auto_nav) by extensions ['colcon_meta']
[1.916s] Level 1:colcon.colcon_core.package_identification:_identify(src/auto_nav) by extension 'colcon_meta'
[1.916s] Level 1:colcon.colcon_core.package_identification:_identify(src/auto_nav) by extensions ['ros']
[1.916s] Level 1:colcon.colcon_core.package_identification:_identify(src/auto_nav) by extension 'ros'
[1.918s] DEBUG:colcon.colcon_core.package_identification:Package 'src/auto_nav' with type 'ros.ament_python' and name 'auto_nav'
[1.918s] Level 1:colcon.colcon_core.package_identification:_identify(src/py_pubsub) by extensions ['ignore', 'ignore_ament_install']
[1.918s] Level 1:colcon.colcon_core.package_identification:_identify(src/py_pubsub) by extension 'ignore'
[1.918s] Level 1:colcon.colcon_core.package_identification:_identify(src/py_pubsub) by extension 'ignore_ament_install'
[1.918s] Level 1:colcon.colcon_core.package_identification:_identify(src/py_pubsub) by extensions ['colcon_pkg']
[1.918s] Level 1:colcon.colcon_core.package_identification:_identify(src/py_pubsub) by extension 'colcon_pkg'
[1.918s] Level 1:colcon.colcon_core.package_identification:_identify(src/py_pubsub) by extensions ['colcon_meta']
[1.918s] Level 1:colcon.colcon_core.package_identification:_identify(src/py_pubsub) by extension 'colcon_meta'
[1.918s] Level 1:colcon.colcon_core.package_identification:_identify(src/py_pubsub) by extensions ['ros']
[1.918s] Level 1:colcon.colcon_core.package_identification:_identify(src/py_pubsub) by extension 'ros'
[1.918s] DEBUG:colcon.colcon_core.package_identification:Package 'src/py_pubsub' with type 'ros.ament_python' and name 'py_pubsub'
[1.918s] Level 1:colcon.colcon_core.package_identification:_identify(src/turtlebot3_simulations) by extensions ['ignore', 'ignore_ament_install']
[1.918s] Level 1:colcon.colcon_core.package_identification:_identify(src/turtlebot3_simulations) by extension 'ignore'
[1.918s] Level 1:colcon.colcon_core.package_identification:_identify(src/turtlebot3_simulations) by extension 'ignore_ament_install'
[1.918s] Level 1:colcon.colcon_core.package_identification:_identify(src/turtlebot3_simulations) by extensions ['colcon_pkg']
[1.919s] Level 1:colcon.colcon_core.package_identification:_identify(src/turtlebot3_simulations) by extension 'colcon_pkg'
[1.919s] Level 1:colcon.colcon_core.package_identification:_identify(src/turtlebot3_simulations) by extensions ['colcon_meta']
[1.919s] Level 1:colcon.colcon_core.package_identification:_identify(src/turtlebot3_simulations) by extension 'colcon_meta'
[1.919s] Level 1:colcon.colcon_core.package_identification:_identify(src/turtlebot3_simulations) by extensions ['ros']
[1.919s] Level 1:colcon.colcon_core.package_identification:_identify(src/turtlebot3_simulations) by extension 'ros'
[1.919s] Level 1:colcon.colcon_core.package_identification:_identify(src/turtlebot3_simulations) by extensions ['cmake', 'python']
[1.919s] Level 1:colcon.colcon_core.package_identification:_identify(src/turtlebot3_simulations) by extension 'cmake'
[1.919s] Level 1:colcon.colcon_core.package_identification:_identify(src/turtlebot3_simulations) by extension 'python'
[1.919s] Level 1:colcon.colcon_core.package_identification:_identify(src/turtlebot3_simulations) by extensions ['python_setup_py']
[1.919s] Level 1:colcon.colcon_core.package_identification:_identify(src/turtlebot3_simulations) by extension 'python_setup_py'
[1.919s] Level 1:colcon.colcon_core.package_identification:_identify(src/turtlebot3_simulations/turtlebot3_fake_node) by extensions ['ignore', 'ignore_ament_install']
[1.919s] Level 1:colcon.colcon_core.package_identification:_identify(src/turtlebot3_simulations/turtlebot3_fake_node) by extension 'ignore'
[1.919s] Level 1:colcon.colcon_core.package_identification:_identify(src/turtlebot3_simulations/turtlebot3_fake_node) by extension 'ignore_ament_install'
[1.919s] Level 1:colcon.colcon_core.package_identification:_identify(src/turtlebot3_simulations/turtlebot3_fake_node) by extensions ['colcon_pkg']
[1.919s] Level 1:colcon.colcon_core.package_identification:_identify(src/turtlebot3_simulations/turtlebot3_fake_node) by extension 'colcon_pkg'
[1.919s] Level 1:colcon.colcon_core.package_identification:_identify(src/turtlebot3_simulations/turtlebot3_fake_node) by extensions ['colcon_meta']
[1.919s] Level 1:colcon.colcon_core.package_identification:_identify(src/turtlebot3_simulations/turtlebot3_fake_node) by extension 'colcon_meta'
[1.919s] Level 1:colcon.colcon_core.package_identification:_identify(src/turtlebot3_simulations/turtlebot3_fake_node) by extensions ['ros']
[1.919s] Level 1:colcon.colcon_core.package_identification:_identify(src/turtlebot3_simulations/turtlebot3_fake_node) by extension 'ros'
[1.920s] DEBUG:colcon.colcon_core.package_identification:Package 'src/turtlebot3_simulations/turtlebot3_fake_node' with type 'ros.ament_cmake' and name 'turtlebot3_fake_node'
[1.920s] Level 1:colcon.colcon_core.package_identification:_identify(src/turtlebot3_simulations/turtlebot3_gazebo) by extensions ['ignore', 'ignore_ament_install']
[1.920s] Level 1:colcon.colcon_core.package_identification:_identify(src/turtlebot3_simulations/turtlebot3_gazebo) by extension 'ignore'
[1.920s] Level 1:colcon.colcon_core.package_identification:_identify(src/turtlebot3_simulations/turtlebot3_gazebo) by extension 'ignore_ament_install'
[1.920s] Level 1:colcon.colcon_core.package_identification:_identify(src/turtlebot3_simulations/turtlebot3_gazebo) by extensions ['colcon_pkg']
[1.920s] Level 1:colcon.colcon_core.package_identification:_identify(src/turtlebot3_simulations/turtlebot3_gazebo) by extension 'colcon_pkg'
[1.920s] Level 1:colcon.colcon_core.package_identification:_identify(src/turtlebot3_simulations/turtlebot3_gazebo) by extensions ['colcon_meta']
[1.920s] Level 1:colcon.colcon_core.package_identification:_identify(src/turtlebot3_simulations/turtlebot3_gazebo) by extension 'colcon_meta'
[1.920s] Level 1:colcon.colcon_core.package_identification:_identify(src/turtlebot3_simulations/turtlebot3_gazebo) by extensions ['ros']
[1.920s] Level 1:colcon.colcon_core.package_identification:_identify(src/turtlebot3_simulations/turtlebot3_gazebo) by extension 'ros'
[1.921s] DEBUG:colcon.colcon_core.package_identification:Package 'src/turtlebot3_simulations/turtlebot3_gazebo' with type 'ros.ament_cmake' and name 'turtlebot3_gazebo'
[1.921s] Level 1:colcon.colcon_core.package_identification:_identify(src/turtlebot3_simulations/turtlebot3_simulations) by extensions ['ignore', 'ignore_ament_install']
[1.921s] Level 1:colcon.colcon_core.package_identification:_identify(src/turtlebot3_simulations/turtlebot3_simulations) by extension 'ignore'
[1.921s] Level 1:colcon.colcon_core.package_identification:_identify(src/turtlebot3_simulations/turtlebot3_simulations) by extension 'ignore_ament_install'
[1.921s] Level 1:colcon.colcon_core.package_identification:_identify(src/turtlebot3_simulations/turtlebot3_simulations) by extensions ['colcon_pkg']
[1.921s] Level 1:colcon.colcon_core.package_identification:_identify(src/turtlebot3_simulations/turtlebot3_simulations) by extension 'colcon_pkg'
[1.921s] Level 1:colcon.colcon_core.package_identification:_identify(src/turtlebot3_simulations/turtlebot3_simulations) by extensions ['colcon_meta']
[1.921s] Level 1:colcon.colcon_core.package_identification:_identify(src/turtlebot3_simulations/turtlebot3_simulations) by extension 'colcon_meta'
[1.921s] Level 1:colcon.colcon_core.package_identification:_identify(src/turtlebot3_simulations/turtlebot3_simulations) by extensions ['ros']
[1.921s] Level 1:colcon.colcon_core.package_identification:_identify(src/turtlebot3_simulations/turtlebot3_simulations) by extension 'ros'
[1.922s] DEBUG:colcon.colcon_core.package_identification:Package 'src/turtlebot3_simulations/turtlebot3_simulations' with type 'ros.ament_cmake' and name 'turtlebot3_simulations'
[1.922s] Level 1:colcon.colcon_core.package_discovery:discover_packages(recursive) using defaults
[1.922s] Level 1:colcon.colcon_core.package_discovery:discover_packages(ignore) discover
[1.922s] Level 1:colcon.colcon_core.package_discovery:discover_packages(ignore) using defaults
[1.922s] Level 1:colcon.colcon_core.package_discovery:discover_packages(path) discover
[1.922s] Level 1:colcon.colcon_core.package_discovery:discover_packages(path) using defaults
[2.050s] Level 1:colcon.colcon_core.package_discovery:discover_packages(prefix_path) check parameters
[2.050s] Level 1:colcon.colcon_core.package_discovery:discover_packages(prefix_path) discover
[2.096s] DEBUG:colcon.colcon_installed_package_information.package_discovery:Found 5 installed packages in /home/evanyan13/colcon_ws/install
[2.121s] DEBUG:colcon.colcon_installed_package_information.package_discovery:Found 334 installed packages in /opt/ros/foxy
[2.122s] Level 1:colcon.colcon_core.package_discovery:discover_packages(prefix_path) using defaults
[2.250s] Level 5:colcon.colcon_core.verb:set package 'auto_nav' build argument 'cmake_args' from command line to 'None'
[2.250s] Level 5:colcon.colcon_core.verb:set package 'auto_nav' build argument 'cmake_target' from command line to 'None'
[2.250s] Level 5:colcon.colcon_core.verb:set package 'auto_nav' build argument 'cmake_target_skip_unavailable' from command line to 'False'
[2.250s] Level 5:colcon.colcon_core.verb:set package 'auto_nav' build argument 'cmake_clean_cache' from command line to 'False'
[2.250s] Level 5:colcon.colcon_core.verb:set package 'auto_nav' build argument 'cmake_clean_first' from command line to 'False'
[2.250s] Level 5:colcon.colcon_core.verb:set package 'auto_nav' build argument 'cmake_force_configure' from command line to 'False'
[2.250s] Level 5:colcon.colcon_core.verb:set package 'auto_nav' build argument 'ament_cmake_args' from command line to 'None'
[2.250s] Level 5:colcon.colcon_core.verb:set package 'auto_nav' build argument 'catkin_cmake_args' from command line to 'None'
[2.250s] Level 5:colcon.colcon_core.verb:set package 'auto_nav' build argument 'catkin_skip_building_tests' from command line to 'False'
[2.250s] DEBUG:colcon.colcon_core.verb:Building package 'auto_nav' with the following arguments: {'ament_cmake_args': None, 'build_base': '/home/evanyan13/colcon_ws/build/auto_nav', 'catkin_cmake_args': None, 'catkin_skip_building_tests': False, 'cmake_args': None, 'cmake_clean_cache': False, 'cmake_clean_first': False, 'cmake_force_configure': False, 'cmake_target': None, 'cmake_target_skip_unavailable': False, 'install_base': '/home/evanyan13/colcon_ws/install/auto_nav', 'merge_install': False, 'path': '/home/evanyan13/colcon_ws/src/auto_nav', 'symlink_install': False, 'test_result_base': None}
[2.284s] Level 5:colcon.colcon_core.verb:set package 'py_pubsub' build argument 'cmake_args' from command line to 'None'
[2.284s] Level 5:colcon.colcon_core.verb:set package 'py_pubsub' build argument 'cmake_target' from command line to 'None'
[2.284s] Level 5:colcon.colcon_core.verb:set package 'py_pubsub' build argument 'cmake_target_skip_unavailable' from command line to 'False'
[2.284s] Level 5:colcon.colcon_core.verb:set package 'py_pubsub' build argument 'cmake_clean_cache' from command line to 'False'
[2.284s] Level 5:colcon.colcon_core.verb:set package 'py_pubsub' build argument 'cmake_clean_first' from command line to 'False'
[2.284s] Level 5:colcon.colcon_core.verb:set package 'py_pubsub' build argument 'cmake_force_configure' from command line to 'False'
[2.284s] Level 5:colcon.colcon_core.verb:set package 'py_pubsub' build argument 'ament_cmake_args' from command line to 'None'
[2.284s] Level 5:colcon.colcon_core.verb:set package 'py_pubsub' build argument 'catkin_cmake_args' from command line to 'None'
[2.284s] Level 5:colcon.colcon_core.verb:set package 'py_pubsub' build argument 'catkin_skip_building_tests' from command line to 'False'
[2.284s] DEBUG:colcon.colcon_core.verb:Building package 'py_pubsub' with the following arguments: {'ament_cmake_args': None, 'build_base': '/home/evanyan13/colcon_ws/build/py_pubsub', 'catkin_cmake_args': None, 'catkin_skip_building_tests': False, 'cmake_args': None, 'cmake_clean_cache': False, 'cmake_clean_first': False, 'cmake_force_configure': False, 'cmake_target': None, 'cmake_target_skip_unavailable': False, 'install_base': '/home/evanyan13/colcon_ws/install/py_pubsub', 'merge_install': False, 'path': '/home/evanyan13/colcon_ws/src/py_pubsub', 'symlink_install': False, 'test_result_base': None}
[2.317s] Level 5:colcon.colcon_core.verb:set package 'turtlebot3_fake_node' build argument 'cmake_args' from command line to 'None'
[2.317s] Level 5:colcon.colcon_core.verb:set package 'turtlebot3_fake_node' build argument 'cmake_target' from command line to 'None'
[2.317s] Level 5:colcon.colcon_core.verb:set package 'turtlebot3_fake_node' build argument 'cmake_target_skip_unavailable' from command line to 'False'
[2.317s] Level 5:colcon.colcon_core.verb:set package 'turtlebot3_fake_node' build argument 'cmake_clean_cache' from command line to 'False'
[2.317s] Level 5:colcon.colcon_core.verb:set package 'turtlebot3_fake_node' build argument 'cmake_clean_first' from command line to 'False'
[2.317s] Level 5:colcon.colcon_core.verb:set package 'turtlebot3_fake_node' build argument 'cmake_force_configure' from command line to 'False'
[2.317s] Level 5:colcon.colcon_core.verb:set package 'turtlebot3_fake_node' build argument 'ament_cmake_args' from command line to 'None'
[2.317s] Level 5:colcon.colcon_core.verb:set package 'turtlebot3_fake_node' build argument 'catkin_cmake_args' from command line to 'None'
[2.317s] Level 5:colcon.colcon_core.verb:set package 'turtlebot3_fake_node' build argument 'catkin_skip_building_tests' from command line to 'False'
[2.317s] DEBUG:colcon.colcon_core.verb:Building package 'turtlebot3_fake_node' with the following arguments: {'ament_cmake_args': None, 'build_base': '/home/evanyan13/colcon_ws/build/turtlebot3_fake_node', 'catkin_cmake_args': None, 'catkin_skip_building_tests': False, 'cmake_args': None, 'cmake_clean_cache': False, 'cmake_clean_first': False, 'cmake_force_configure': False, 'cmake_target': None, 'cmake_target_skip_unavailable': False, 'install_base': '/home/evanyan13/colcon_ws/install/turtlebot3_fake_node', 'merge_install': False, 'path': '/home/evanyan13/colcon_ws/src/turtlebot3_simulations/turtlebot3_fake_node', 'symlink_install': False, 'test_result_base': None}
[2.350s] Level 5:colcon.colcon_core.verb:set package 'turtlebot3_gazebo' build argument 'cmake_args' from command line to 'None'
[2.350s] Level 5:colcon.colcon_core.verb:set package 'turtlebot3_gazebo' build argument 'cmake_target' from command line to 'None'
[2.350s] Level 5:colcon.colcon_core.verb:set package 'turtlebot3_gazebo' build argument 'cmake_target_skip_unavailable' from command line to 'False'
[2.350s] Level 5:colcon.colcon_core.verb:set package 'turtlebot3_gazebo' build argument 'cmake_clean_cache' from command line to 'False'
[2.350s] Level 5:colcon.colcon_core.verb:set package 'turtlebot3_gazebo' build argument 'cmake_clean_first' from command line to 'False'
[2.350s] Level 5:colcon.colcon_core.verb:set package 'turtlebot3_gazebo' build argument 'cmake_force_configure' from command line to 'False'
[2.350s] Level 5:colcon.colcon_core.verb:set package 'turtlebot3_gazebo' build argument 'ament_cmake_args' from command line to 'None'
[2.350s] Level 5:colcon.colcon_core.verb:set package 'turtlebot3_gazebo' build argument 'catkin_cmake_args' from command line to 'None'
[2.350s] Level 5:colcon.colcon_core.verb:set package 'turtlebot3_gazebo' build argument 'catkin_skip_building_tests' from command line to 'False'
[2.350s] DEBUG:colcon.colcon_core.verb:Building package 'turtlebot3_gazebo' with the following arguments: {'ament_cmake_args': None, 'build_base': '/home/evanyan13/colcon_ws/build/turtlebot3_gazebo', 'catkin_cmake_args': None, 'catkin_skip_building_tests': False, 'cmake_args': None, 'cmake_clean_cache': False, 'cmake_clean_first': False, 'cmake_force_configure': False, 'cmake_target': None, 'cmake_target_skip_unavailable': False, 'install_base': '/home/evanyan13/colcon_ws/install/turtlebot3_gazebo', 'merge_install': False, 'path': '/home/evanyan13/colcon_ws/src/turtlebot3_simulations/turtlebot3_gazebo', 'symlink_install': False, 'test_result_base': None}
[2.402s] Level 5:colcon.colcon_core.verb:set package 'turtlebot3_simulations' build argument 'cmake_args' from command line to 'None'
[2.402s] Level 5:colcon.colcon_core.verb:set package 'turtlebot3_simulations' build argument 'cmake_target' from command line to 'None'
[2.402s] Level 5:colcon.colcon_core.verb:set package 'turtlebot3_simulations' build argument 'cmake_target_skip_unavailable' from command line to 'False'
[2.402s] Level 5:colcon.colcon_core.verb:set package 'turtlebot3_simulations' build argument 'cmake_clean_cache' from command line to 'False'
[2.402s] Level 5:colcon.colcon_core.verb:set package 'turtlebot3_simulations' build argument 'cmake_clean_first' from command line to 'False'
[2.402s] Level 5:colcon.colcon_core.verb:set package 'turtlebot3_simulations' build argument 'cmake_force_configure' from command line to 'False'
[2.402s] Level 5:colcon.colcon_core.verb:set package 'turtlebot3_simulations' build argument 'ament_cmake_args' from command line to 'None'
[2.402s] Level 5:colcon.colcon_core.verb:set package 'turtlebot3_simulations' build argument 'catkin_cmake_args' from command line to 'None'
[2.402s] Level 5:colcon.colcon_core.verb:set package 'turtlebot3_simulations' build argument 'catkin_skip_building_tests' from command line to 'False'
[2.402s] DEBUG:colcon.colcon_core.verb:Building package 'turtlebot3_simulations' with the following arguments: {'ament_cmake_args': None, 'build_base': '/home/evanyan13/colcon_ws/build/turtlebot3_simulations', 'catkin_cmake_args': None, 'catkin_skip_building_tests': False, 'cmake_args': None, 'cmake_clean_cache': False, 'cmake_clean_first': False, 'cmake_force_configure': False, 'cmake_target': None, 'cmake_target_skip_unavailable': False, 'install_base': '/home/evanyan13/colcon_ws/install/turtlebot3_simulations', 'merge_install': False, 'path': '/home/evanyan13/colcon_ws/src/turtlebot3_simulations/turtlebot3_simulations', 'symlink_install': False, 'test_result_base': None}
[2.432s] INFO:colcon.colcon_core.executor:Executing jobs using 'parallel' executor
[2.457s] DEBUG:colcon.colcon_parallel_executor.executor.parallel:run_until_complete
[2.457s] INFO:colcon.colcon_ros.task.ament_cmake.build:Building ROS package in '/home/evanyan13/colcon_ws/src/turtlebot3_simulations/turtlebot3_fake_node' with build type 'ament_cmake'
[2.457s] INFO:colcon.colcon_cmake.task.cmake.build:Building CMake package in '/home/evanyan13/colcon_ws/src/turtlebot3_simulations/turtlebot3_fake_node'
[2.487s] INFO:colcon.colcon_core.plugin_system:Skipping extension 'colcon_core.shell.bat': Not used on non-Windows systems
[2.487s] INFO:colcon.colcon_core.shell:Skip shell extension 'powershell' for command environment: Not usable outside of PowerShell
[2.487s] DEBUG:colcon.colcon_core.shell:Skip shell extension 'dsv' for command environment
[2.588s] INFO:colcon.colcon_ros.task.ament_cmake.build:Building ROS package in '/home/evanyan13/colcon_ws/src/turtlebot3_simulations/turtlebot3_gazebo' with build type 'ament_cmake'
[2.589s] INFO:colcon.colcon_cmake.task.cmake.build:Building CMake package in '/home/evanyan13/colcon_ws/src/turtlebot3_simulations/turtlebot3_gazebo'
[2.621s] INFO:colcon.colcon_core.shell:Skip shell extension 'powershell' for command environment: Not usable outside of PowerShell
[2.622s] DEBUG:colcon.colcon_core.shell:Skip shell extension 'dsv' for command environment
[2.739s] INFO:colcon.colcon_ros.task.ament_python.build:Building ROS package in '/home/evanyan13/colcon_ws/src/auto_nav' with build type 'ament_python'
[2.740s] Level 1:colcon.colcon_core.shell:create_environment_hook('auto_nav', 'ament_prefix_path')
[2.797s] INFO:colcon.colcon_core.shell:Creating environment hook '/home/evanyan13/colcon_ws/install/auto_nav/share/auto_nav/hook/ament_prefix_path.ps1'
[2.798s] INFO:colcon.colcon_core.shell:Creating environment descriptor '/home/evanyan13/colcon_ws/install/auto_nav/share/auto_nav/hook/ament_prefix_path.dsv'
[2.798s] INFO:colcon.colcon_core.shell:Creating environment hook '/home/evanyan13/colcon_ws/install/auto_nav/share/auto_nav/hook/ament_prefix_path.sh'
[2.825s] INFO:colcon.colcon_core.shell:Skip shell extension 'powershell' for command environment: Not usable outside of PowerShell
[2.826s] DEBUG:colcon.colcon_core.shell:Skip shell extension 'dsv' for command environment
[2.913s] INFO:colcon.colcon_ros.task.ament_python.build:Building ROS package in '/home/evanyan13/colcon_ws/src/py_pubsub' with build type 'ament_python'
[2.913s] Level 1:colcon.colcon_core.shell:create_environment_hook('py_pubsub', 'ament_prefix_path')
[2.948s] INFO:colcon.colcon_core.shell:Creating environment hook '/home/evanyan13/colcon_ws/install/py_pubsub/share/py_pubsub/hook/ament_prefix_path.ps1'
[2.949s] INFO:colcon.colcon_core.shell:Creating environment descriptor '/home/evanyan13/colcon_ws/install/py_pubsub/share/py_pubsub/hook/ament_prefix_path.dsv'
[2.949s] INFO:colcon.colcon_core.shell:Creating environment hook '/home/evanyan13/colcon_ws/install/py_pubsub/share/py_pubsub/hook/ament_prefix_path.sh'
[3.006s] INFO:colcon.colcon_core.shell:Skip shell extension 'powershell' for command environment: Not usable outside of PowerShell
[3.006s] DEBUG:colcon.colcon_core.shell:Skip shell extension 'dsv' for command environment
[3.108s] DEBUG:colcon.colcon_core.event_handler.log_command:Invoking command in '/home/evanyan13/colcon_ws/build/turtlebot3_fake_node': CMAKE_PREFIX_PATH=${CMAKE_PREFIX_PATH}:/home/evanyan13/colcon_ws/install/py_pubsub:/home/evanyan13/colcon_ws/install/auto_nav:/opt/ros/foxy /usr/bin/cmake --build /home/evanyan13/colcon_ws/build/turtlebot3_fake_node -- -j6 -l6
[3.135s] DEBUG:colcon.colcon_core.event_handler.log_command:Invoking command in '/home/evanyan13/colcon_ws/build/turtlebot3_gazebo': CMAKE_PREFIX_PATH=${CMAKE_PREFIX_PATH}:/home/evanyan13/colcon_ws/install/py_pubsub:/home/evanyan13/colcon_ws/install/auto_nav:/opt/ros/foxy /usr/bin/cmake --build /home/evanyan13/colcon_ws/build/turtlebot3_gazebo -- -j6 -l6
[3.336s] INFO:colcon.colcon_core.task.python.build:Building Python package in '/home/evanyan13/colcon_ws/src/auto_nav'
[3.405s] INFO:colcon.colcon_core.shell:Skip shell extension 'powershell' for command environment: Not usable outside of PowerShell
[3.405s] DEBUG:colcon.colcon_core.shell:Skip shell extension 'dsv' for command environment
[3.701s] INFO:colcon.colcon_core.task.python.build:Building Python package in '/home/evanyan13/colcon_ws/src/py_pubsub'
[3.751s] INFO:colcon.colcon_core.shell:Skip shell extension 'powershell' for command environment: Not usable outside of PowerShell
[3.751s] DEBUG:colcon.colcon_core.shell:Skip shell extension 'dsv' for command environment
[3.894s] DEBUG:colcon.colcon_core.event_handler.log_command:Invoked command in '/home/evanyan13/colcon_ws/build/turtlebot3_fake_node' returned '0': CMAKE_PREFIX_PATH=${CMAKE_PREFIX_PATH}:/home/evanyan13/colcon_ws/install/py_pubsub:/home/evanyan13/colcon_ws/install/auto_nav:/opt/ros/foxy /usr/bin/cmake --build /home/evanyan13/colcon_ws/build/turtlebot3_fake_node -- -j6 -l6
[3.898s] DEBUG:colcon.colcon_core.event_handler.log_command:Invoked command in '/home/evanyan13/colcon_ws/build/turtlebot3_gazebo' returned '0': CMAKE_PREFIX_PATH=${CMAKE_PREFIX_PATH}:/home/evanyan13/colcon_ws/install/py_pubsub:/home/evanyan13/colcon_ws/install/auto_nav:/opt/ros/foxy /usr/bin/cmake --build /home/evanyan13/colcon_ws/build/turtlebot3_gazebo -- -j6 -l6
[4.064s] DEBUG:colcon.colcon_core.event_handler.log_command:Invoking command in '/home/evanyan13/colcon_ws/build/turtlebot3_fake_node': CMAKE_PREFIX_PATH=${CMAKE_PREFIX_PATH}:/home/evanyan13/colcon_ws/install/py_pubsub:/home/evanyan13/colcon_ws/install/auto_nav:/opt/ros/foxy /usr/bin/cmake --install /home/evanyan13/colcon_ws/build/turtlebot3_fake_node
[4.144s] Level 1:colcon.colcon_core.environment:create_environment_scripts_only(turtlebot3_fake_node)
[4.148s] DEBUG:colcon.colcon_core.event_handler.log_command:Invoked command in '/home/evanyan13/colcon_ws/build/turtlebot3_fake_node' returned '0': CMAKE_PREFIX_PATH=${CMAKE_PREFIX_PATH}:/home/evanyan13/colcon_ws/install/py_pubsub:/home/evanyan13/colcon_ws/install/auto_nav:/opt/ros/foxy /usr/bin/cmake --install /home/evanyan13/colcon_ws/build/turtlebot3_fake_node
[4.213s] Level 1:colcon.colcon_core.environment:checking '/home/evanyan13/colcon_ws/install/turtlebot3_fake_node' for CMake module files
[4.213s] Level 1:colcon.colcon_core.environment:checking '/home/evanyan13/colcon_ws/install/turtlebot3_fake_node' for CMake config files
[4.213s] Level 1:colcon.colcon_core.shell:create_environment_hook('turtlebot3_fake_node', 'cmake_prefix_path')
[4.268s] INFO:colcon.colcon_core.shell:Creating environment hook '/home/evanyan13/colcon_ws/install/turtlebot3_fake_node/share/turtlebot3_fake_node/hook/cmake_prefix_path.ps1'
[4.268s] INFO:colcon.colcon_core.shell:Creating environment descriptor '/home/evanyan13/colcon_ws/install/turtlebot3_fake_node/share/turtlebot3_fake_node/hook/cmake_prefix_path.dsv'
[4.268s] INFO:colcon.colcon_core.shell:Creating environment hook '/home/evanyan13/colcon_ws/install/turtlebot3_fake_node/share/turtlebot3_fake_node/hook/cmake_prefix_path.sh'
[4.269s] Level 1:colcon.colcon_core.environment:checking '/home/evanyan13/colcon_ws/install/turtlebot3_fake_node/lib'
[4.269s] Level 1:colcon.colcon_core.environment:checking '/home/evanyan13/colcon_ws/install/turtlebot3_fake_node/bin'
[4.269s] Level 1:colcon.colcon_core.environment:checking '/home/evanyan13/colcon_ws/install/turtlebot3_fake_node/lib/pkgconfig/turtlebot3_fake_node.pc'
[4.269s] Level 1:colcon.colcon_core.environment:checking '/home/evanyan13/colcon_ws/install/turtlebot3_fake_node/lib/python3.8/site-packages'
[4.269s] Level 1:colcon.colcon_core.environment:checking '/home/evanyan13/colcon_ws/install/turtlebot3_fake_node/bin'
[4.326s] INFO:colcon.colcon_core.shell:Creating package script '/home/evanyan13/colcon_ws/install/turtlebot3_fake_node/share/turtlebot3_fake_node/package.ps1'
[4.326s] INFO:colcon.colcon_core.shell:Creating package descriptor '/home/evanyan13/colcon_ws/install/turtlebot3_fake_node/share/turtlebot3_fake_node/package.dsv'
[4.327s] INFO:colcon.colcon_core.shell:Creating package script '/home/evanyan13/colcon_ws/install/turtlebot3_fake_node/share/turtlebot3_fake_node/package.sh'
[4.327s] INFO:colcon.colcon_core.shell:Creating package script '/home/evanyan13/colcon_ws/install/turtlebot3_fake_node/share/turtlebot3_fake_node/package.bash'
[4.328s] INFO:colcon.colcon_core.shell:Creating package script '/home/evanyan13/colcon_ws/install/turtlebot3_fake_node/share/turtlebot3_fake_node/package.zsh'
[4.328s] Level 1:colcon.colcon_core.environment:create_file_with_runtime_dependencies(/home/evanyan13/colcon_ws/install/turtlebot3_fake_node/share/colcon-core/packages/turtlebot3_fake_node)
[4.352s] DEBUG:colcon.colcon_core.event_handler.log_command:Invoking command in '/home/evanyan13/colcon_ws/build/turtlebot3_gazebo': CMAKE_PREFIX_PATH=${CMAKE_PREFIX_PATH}:/home/evanyan13/colcon_ws/install/py_pubsub:/home/evanyan13/colcon_ws/install/auto_nav:/opt/ros/foxy /usr/bin/cmake --install /home/evanyan13/colcon_ws/build/turtlebot3_gazebo
[4.417s] Level 1:colcon.colcon_core.environment:create_environment_scripts_only(turtlebot3_gazebo)
[4.427s] DEBUG:colcon.colcon_core.event_handler.log_command:Invoked command in '/home/evanyan13/colcon_ws/build/turtlebot3_gazebo' returned '0': CMAKE_PREFIX_PATH=${CMAKE_PREFIX_PATH}:/home/evanyan13/colcon_ws/install/py_pubsub:/home/evanyan13/colcon_ws/install/auto_nav:/opt/ros/foxy /usr/bin/cmake --install /home/evanyan13/colcon_ws/build/turtlebot3_gazebo
[4.443s] Level 1:colcon.colcon_core.environment:checking '/home/evanyan13/colcon_ws/install/turtlebot3_gazebo' for CMake module files
[4.444s] Level 1:colcon.colcon_core.environment:checking '/home/evanyan13/colcon_ws/install/turtlebot3_gazebo' for CMake config files
[4.446s] Level 1:colcon.colcon_core.shell:create_environment_hook('turtlebot3_gazebo', 'cmake_prefix_path')
[4.473s] INFO:colcon.colcon_core.shell:Creating environment hook '/home/evanyan13/colcon_ws/install/turtlebot3_gazebo/share/turtlebot3_gazebo/hook/cmake_prefix_path.ps1'
[4.474s] INFO:colcon.colcon_core.shell:Creating environment descriptor '/home/evanyan13/colcon_ws/install/turtlebot3_gazebo/share/turtlebot3_gazebo/hook/cmake_prefix_path.dsv'
[4.474s] INFO:colcon.colcon_core.shell:Creating environment hook '/home/evanyan13/colcon_ws/install/turtlebot3_gazebo/share/turtlebot3_gazebo/hook/cmake_prefix_path.sh'
[4.474s] Level 1:colcon.colcon_core.environment:checking '/home/evanyan13/colcon_ws/install/turtlebot3_gazebo/lib'
[4.474s] Level 1:colcon.colcon_core.environment:checking '/home/evanyan13/colcon_ws/install/turtlebot3_gazebo/bin'
[4.475s] Level 1:colcon.colcon_core.environment:checking '/home/evanyan13/colcon_ws/install/turtlebot3_gazebo/lib/pkgconfig/turtlebot3_gazebo.pc'
[4.475s] Level 1:colcon.colcon_core.environment:checking '/home/evanyan13/colcon_ws/install/turtlebot3_gazebo/lib/python3.8/site-packages'
[4.475s] Level 1:colcon.colcon_core.environment:checking '/home/evanyan13/colcon_ws/install/turtlebot3_gazebo/bin'
[4.500s] INFO:colcon.colcon_core.shell:Creating package script '/home/evanyan13/colcon_ws/install/turtlebot3_gazebo/share/turtlebot3_gazebo/package.ps1'
[4.500s] INFO:colcon.colcon_core.shell:Creating package descriptor '/home/evanyan13/colcon_ws/install/turtlebot3_gazebo/share/turtlebot3_gazebo/package.dsv'
[4.500s] INFO:colcon.colcon_core.shell:Creating package script '/home/evanyan13/colcon_ws/install/turtlebot3_gazebo/share/turtlebot3_gazebo/package.sh'
[4.501s] INFO:colcon.colcon_core.shell:Creating package script '/home/evanyan13/colcon_ws/install/turtlebot3_gazebo/share/turtlebot3_gazebo/package.bash'
[4.501s] INFO:colcon.colcon_core.shell:Creating package script '/home/evanyan13/colcon_ws/install/turtlebot3_gazebo/share/turtlebot3_gazebo/package.zsh'
[4.501s] Level 1:colcon.colcon_core.environment:create_file_with_runtime_dependencies(/home/evanyan13/colcon_ws/install/turtlebot3_gazebo/share/colcon-core/packages/turtlebot3_gazebo)
[4.512s] DEBUG:colcon.colcon_core.event_handler.log_command:Invoking command in '/home/evanyan13/colcon_ws/src/py_pubsub': PYTHONPATH=/home/evanyan13/colcon_ws/build/py_pubsub/prefix_override:/home/evanyan13/colcon_ws/install/py_pubsub/lib/python3.8/site-packages:${PYTHONPATH} /usr/bin/python3 setup.py egg_info --egg-base ../../build/py_pubsub build --build-base /home/evanyan13/colcon_ws/build/py_pubsub/build install --record /home/evanyan13/colcon_ws/build/py_pubsub/install.log --install-scripts $base/lib/py_pubsub --single-version-externally-managed
[4.524s] DEBUG:colcon.colcon_core.event_handler.log_command:Invoking command in '/home/evanyan13/colcon_ws/src/auto_nav': PYTHONPATH=/home/evanyan13/colcon_ws/build/auto_nav/prefix_override:/home/evanyan13/colcon_ws/install/auto_nav/lib/python3.8/site-packages:${PYTHONPATH} /usr/bin/python3 setup.py egg_info --egg-base ../../build/auto_nav build --build-base /home/evanyan13/colcon_ws/build/auto_nav/build install --record /home/evanyan13/colcon_ws/build/auto_nav/install.log --install-scripts $base/lib/auto_nav --single-version-externally-managed
[4.616s] Level 1:colcon.colcon_core.environment:create_environment_scripts_only(turtlebot3_fake_node)
[4.672s] Level 1:colcon.colcon_core.environment:checking '/home/evanyan13/colcon_ws/install/turtlebot3_fake_node' for CMake module files
[4.672s] Level 1:colcon.colcon_core.environment:checking '/home/evanyan13/colcon_ws/install/turtlebot3_fake_node' for CMake config files
[4.673s] Level 1:colcon.colcon_core.shell:create_environment_hook('turtlebot3_fake_node', 'cmake_prefix_path')
[4.714s] INFO:colcon.colcon_core.shell:Creating environment hook '/home/evanyan13/colcon_ws/install/turtlebot3_fake_node/share/turtlebot3_fake_node/hook/cmake_prefix_path.ps1'
[4.715s] INFO:colcon.colcon_core.shell:Creating environment descriptor '/home/evanyan13/colcon_ws/install/turtlebot3_fake_node/share/turtlebot3_fake_node/hook/cmake_prefix_path.dsv'
[4.715s] INFO:colcon.colcon_core.shell:Creating environment hook '/home/evanyan13/colcon_ws/install/turtlebot3_fake_node/share/turtlebot3_fake_node/hook/cmake_prefix_path.sh'
[4.716s] Level 1:colcon.colcon_core.environment:checking '/home/evanyan13/colcon_ws/install/turtlebot3_fake_node/lib'
[4.716s] Level 1:colcon.colcon_core.environment:checking '/home/evanyan13/colcon_ws/install/turtlebot3_fake_node/bin'
[4.716s] Level 1:colcon.colcon_core.environment:checking '/home/evanyan13/colcon_ws/install/turtlebot3_fake_node/lib/pkgconfig/turtlebot3_fake_node.pc'
[4.716s] Level 1:colcon.colcon_core.environment:checking '/home/evanyan13/colcon_ws/install/turtlebot3_fake_node/lib/python3.8/site-packages'
[4.716s] Level 1:colcon.colcon_core.environment:checking '/home/evanyan13/colcon_ws/install/turtlebot3_fake_node/bin'
[4.782s] INFO:colcon.colcon_core.shell:Creating package script '/home/evanyan13/colcon_ws/install/turtlebot3_fake_node/share/turtlebot3_fake_node/package.ps1'
[4.782s] INFO:colcon.colcon_core.shell:Creating package descriptor '/home/evanyan13/colcon_ws/install/turtlebot3_fake_node/share/turtlebot3_fake_node/package.dsv'
[4.783s] INFO:colcon.colcon_core.shell:Creating package script '/home/evanyan13/colcon_ws/install/turtlebot3_fake_node/share/turtlebot3_fake_node/package.sh'
[4.783s] INFO:colcon.colcon_core.shell:Creating package script '/home/evanyan13/colcon_ws/install/turtlebot3_fake_node/share/turtlebot3_fake_node/package.bash'
[4.784s] INFO:colcon.colcon_core.shell:Creating package script '/home/evanyan13/colcon_ws/install/turtlebot3_fake_node/share/turtlebot3_fake_node/package.zsh'
[4.784s] Level 1:colcon.colcon_core.environment:create_file_with_runtime_dependencies(/home/evanyan13/colcon_ws/install/turtlebot3_fake_node/share/colcon-core/packages/turtlebot3_fake_node)
[4.854s] Level 1:colcon.colcon_core.environment:create_environment_scripts_only(turtlebot3_gazebo)
[4.879s] Level 1:colcon.colcon_core.environment:checking '/home/evanyan13/colcon_ws/install/turtlebot3_gazebo' for CMake module files
[4.879s] Level 1:colcon.colcon_core.environment:checking '/home/evanyan13/colcon_ws/install/turtlebot3_gazebo' for CMake config files
[4.881s] Level 1:colcon.colcon_core.shell:create_environment_hook('turtlebot3_gazebo', 'cmake_prefix_path')
[4.906s] INFO:colcon.colcon_core.shell:Creating environment hook '/home/evanyan13/colcon_ws/install/turtlebot3_gazebo/share/turtlebot3_gazebo/hook/cmake_prefix_path.ps1'
[4.906s] INFO:colcon.colcon_core.shell:Creating environment descriptor '/home/evanyan13/colcon_ws/install/turtlebot3_gazebo/share/turtlebot3_gazebo/hook/cmake_prefix_path.dsv'
[4.907s] INFO:colcon.colcon_core.shell:Creating environment hook '/home/evanyan13/colcon_ws/install/turtlebot3_gazebo/share/turtlebot3_gazebo/hook/cmake_prefix_path.sh'
[4.908s] Level 1:colcon.colcon_core.environment:checking '/home/evanyan13/colcon_ws/install/turtlebot3_gazebo/lib'
[4.908s] Level 1:colcon.colcon_core.environment:checking '/home/evanyan13/colcon_ws/install/turtlebot3_gazebo/bin'
[4.908s] Level 1:colcon.colcon_core.environment:checking '/home/evanyan13/colcon_ws/install/turtlebot3_gazebo/lib/pkgconfig/turtlebot3_gazebo.pc'
[4.908s] Level 1:colcon.colcon_core.environment:checking '/home/evanyan13/colcon_ws/install/turtlebot3_gazebo/lib/python3.8/site-packages'
[4.908s] Level 1:colcon.colcon_core.environment:checking '/home/evanyan13/colcon_ws/install/turtlebot3_gazebo/bin'
[4.942s] INFO:colcon.colcon_core.shell:Creating package script '/home/evanyan13/colcon_ws/install/turtlebot3_gazebo/share/turtlebot3_gazebo/package.ps1'
[4.942s] INFO:colcon.colcon_core.shell:Creating package descriptor '/home/evanyan13/colcon_ws/install/turtlebot3_gazebo/share/turtlebot3_gazebo/package.dsv'
[4.943s] INFO:colcon.colcon_core.shell:Creating package script '/home/evanyan13/colcon_ws/install/turtlebot3_gazebo/share/turtlebot3_gazebo/package.sh'
[4.943s] INFO:colcon.colcon_core.shell:Creating package script '/home/evanyan13/colcon_ws/install/turtlebot3_gazebo/share/turtlebot3_gazebo/package.bash'
[4.943s] INFO:colcon.colcon_core.shell:Creating package script '/home/evanyan13/colcon_ws/install/turtlebot3_gazebo/share/turtlebot3_gazebo/package.zsh'
[4.943s] Level 1:colcon.colcon_core.environment:create_file_with_runtime_dependencies(/home/evanyan13/colcon_ws/install/turtlebot3_gazebo/share/colcon-core/packages/turtlebot3_gazebo)
[4.944s] INFO:colcon.colcon_ros.task.ament_cmake.build:Building ROS package in '/home/evanyan13/colcon_ws/src/turtlebot3_simulations/turtlebot3_simulations' with build type 'ament_cmake'
[4.944s] INFO:colcon.colcon_cmake.task.cmake.build:Building CMake package in '/home/evanyan13/colcon_ws/src/turtlebot3_simulations/turtlebot3_simulations'
[4.969s] INFO:colcon.colcon_core.shell:Skip shell extension 'powershell' for command environment: Not usable outside of PowerShell
[4.969s] DEBUG:colcon.colcon_core.shell:Skip shell extension 'dsv' for command environment
[5.085s] DEBUG:colcon.colcon_core.event_handler.log_command:Invoked command in '/home/evanyan13/colcon_ws/src/py_pubsub' returned '0': PYTHONPATH=/home/evanyan13/colcon_ws/build/py_pubsub/prefix_override:/home/evanyan13/colcon_ws/install/py_pubsub/lib/python3.8/site-packages:${PYTHONPATH} /usr/bin/python3 setup.py egg_info --egg-base ../../build/py_pubsub build --build-base /home/evanyan13/colcon_ws/build/py_pubsub/build install --record /home/evanyan13/colcon_ws/build/py_pubsub/install.log --install-scripts $base/lib/py_pubsub --single-version-externally-managed
[5.118s] Level 1:colcon.colcon_core.environment:checking '/home/evanyan13/colcon_ws/install/py_pubsub' for CMake module files
[5.118s] Level 1:colcon.colcon_core.environment:checking '/home/evanyan13/colcon_ws/install/py_pubsub' for CMake config files
[5.119s] Level 1:colcon.colcon_core.environment:checking '/home/evanyan13/colcon_ws/install/py_pubsub/lib'
[5.119s] Level 1:colcon.colcon_core.environment:checking '/home/evanyan13/colcon_ws/install/py_pubsub/bin'
[5.119s] Level 1:colcon.colcon_core.environment:checking '/home/evanyan13/colcon_ws/install/py_pubsub/lib/pkgconfig/py_pubsub.pc'
[5.119s] Level 1:colcon.colcon_core.environment:checking '/home/evanyan13/colcon_ws/install/py_pubsub/lib/python3.8/site-packages'
[5.119s] Level 1:colcon.colcon_core.shell:create_environment_hook('py_pubsub', 'pythonpath')
[5.143s] INFO:colcon.colcon_core.shell:Creating environment hook '/home/evanyan13/colcon_ws/install/py_pubsub/share/py_pubsub/hook/pythonpath.ps1'
[5.143s] INFO:colcon.colcon_core.shell:Creating environment descriptor '/home/evanyan13/colcon_ws/install/py_pubsub/share/py_pubsub/hook/pythonpath.dsv'
[5.144s] INFO:colcon.colcon_core.shell:Creating environment hook '/home/evanyan13/colcon_ws/install/py_pubsub/share/py_pubsub/hook/pythonpath.sh'
[5.144s] Level 1:colcon.colcon_core.environment:checking '/home/evanyan13/colcon_ws/install/py_pubsub/bin'
[5.144s] Level 1:colcon.colcon_core.environment:create_environment_scripts_only(py_pubsub)
[5.179s] INFO:colcon.colcon_core.shell:Creating package script '/home/evanyan13/colcon_ws/install/py_pubsub/share/py_pubsub/package.ps1'
[5.179s] INFO:colcon.colcon_core.shell:Creating package descriptor '/home/evanyan13/colcon_ws/install/py_pubsub/share/py_pubsub/package.dsv'
[5.180s] INFO:colcon.colcon_core.shell:Creating package script '/home/evanyan13/colcon_ws/install/py_pubsub/share/py_pubsub/package.sh'
[5.180s] INFO:colcon.colcon_core.shell:Creating package script '/home/evanyan13/colcon_ws/install/py_pubsub/share/py_pubsub/package.bash'
[5.181s] INFO:colcon.colcon_core.shell:Creating package script '/home/evanyan13/colcon_ws/install/py_pubsub/share/py_pubsub/package.zsh'
[5.181s] Level 1:colcon.colcon_core.environment:create_file_with_runtime_dependencies(/home/evanyan13/colcon_ws/install/py_pubsub/share/colcon-core/packages/py_pubsub)
[5.181s] DEBUG:colcon.colcon_core.event_handler.log_command:Invoked command in '/home/evanyan13/colcon_ws/src/auto_nav' returned '0': PYTHONPATH=/home/evanyan13/colcon_ws/build/auto_nav/prefix_override:/home/evanyan13/colcon_ws/install/auto_nav/lib/python3.8/site-packages:${PYTHONPATH} /usr/bin/python3 setup.py egg_info --egg-base ../../build/auto_nav build --build-base /home/evanyan13/colcon_ws/build/auto_nav/build install --record /home/evanyan13/colcon_ws/build/auto_nav/install.log --install-scripts $base/lib/auto_nav --single-version-externally-managed
[5.206s] Level 1:colcon.colcon_core.environment:checking '/home/evanyan13/colcon_ws/install/auto_nav' for CMake module files
[5.206s] Level 1:colcon.colcon_core.environment:checking '/home/evanyan13/colcon_ws/install/auto_nav' for CMake config files
[5.206s] Level 1:colcon.colcon_core.environment:checking '/home/evanyan13/colcon_ws/install/auto_nav/lib'
[5.206s] Level 1:colcon.colcon_core.environment:checking '/home/evanyan13/colcon_ws/install/auto_nav/bin'
[5.206s] Level 1:colcon.colcon_core.environment:checking '/home/evanyan13/colcon_ws/install/auto_nav/lib/pkgconfig/auto_nav.pc'
[5.207s] Level 1:colcon.colcon_core.environment:checking '/home/evanyan13/colcon_ws/install/auto_nav/lib/python3.8/site-packages'
[5.207s] Level 1:colcon.colcon_core.shell:create_environment_hook('auto_nav', 'pythonpath')
[5.232s] INFO:colcon.colcon_core.shell:Creating environment hook '/home/evanyan13/colcon_ws/install/auto_nav/share/auto_nav/hook/pythonpath.ps1'
[5.232s] INFO:colcon.colcon_core.shell:Creating environment descriptor '/home/evanyan13/colcon_ws/install/auto_nav/share/auto_nav/hook/pythonpath.dsv'
[5.232s] INFO:colcon.colcon_core.shell:Creating environment hook '/home/evanyan13/colcon_ws/install/auto_nav/share/auto_nav/hook/pythonpath.sh'
[5.232s] Level 1:colcon.colcon_core.environment:checking '/home/evanyan13/colcon_ws/install/auto_nav/bin'
[5.232s] Level 1:colcon.colcon_core.environment:create_environment_scripts_only(auto_nav)
[5.257s] INFO:colcon.colcon_core.shell:Creating package script '/home/evanyan13/colcon_ws/install/auto_nav/share/auto_nav/package.ps1'
[5.257s] INFO:colcon.colcon_core.shell:Creating package descriptor '/home/evanyan13/colcon_ws/install/auto_nav/share/auto_nav/package.dsv'
[5.257s] INFO:colcon.colcon_core.shell:Creating package script '/home/evanyan13/colcon_ws/install/auto_nav/share/auto_nav/package.sh'
[5.257s] INFO:colcon.colcon_core.shell:Creating package script '/home/evanyan13/colcon_ws/install/auto_nav/share/auto_nav/package.bash'
[5.257s] INFO:colcon.colcon_core.shell:Creating package script '/home/evanyan13/colcon_ws/install/auto_nav/share/auto_nav/package.zsh'
[5.258s] Level 1:colcon.colcon_core.environment:create_file_with_runtime_dependencies(/home/evanyan13/colcon_ws/install/auto_nav/share/colcon-core/packages/auto_nav)
[5.262s] DEBUG:colcon.colcon_core.event_handler.log_command:Invoking command in '/home/evanyan13/colcon_ws/build/turtlebot3_simulations': CMAKE_PREFIX_PATH=/home/evanyan13/colcon_ws/install/turtlebot3_gazebo:/home/evanyan13/colcon_ws/install/turtlebot3_fake_node:/home/evanyan13/colcon_ws/install/turtlebot3_simulations:/home/evanyan13/colcon_ws/install/py_pubsub:/home/evanyan13/colcon_ws/install/auto_nav:/opt/ros/foxy /usr/bin/cmake --build /home/evanyan13/colcon_ws/build/turtlebot3_simulations -- -j6 -l6
[5.306s] DEBUG:colcon.colcon_core.event_handler.log_command:Invoked command in '/home/evanyan13/colcon_ws/build/turtlebot3_simulations' returned '0': CMAKE_PREFIX_PATH=/home/evanyan13/colcon_ws/install/turtlebot3_gazebo:/home/evanyan13/colcon_ws/install/turtlebot3_fake_node:/home/evanyan13/colcon_ws/install/turtlebot3_simulations:/home/evanyan13/colcon_ws/install/py_pubsub:/home/evanyan13/colcon_ws/install/auto_nav:/opt/ros/foxy /usr/bin/cmake --build /home/evanyan13/colcon_ws/build/turtlebot3_simulations -- -j6 -l6
[5.361s] DEBUG:colcon.colcon_core.event_handler.log_command:Invoking command in '/home/evanyan13/colcon_ws/build/turtlebot3_simulations': CMAKE_PREFIX_PATH=/home/evanyan13/colcon_ws/install/turtlebot3_gazebo:/home/evanyan13/colcon_ws/install/turtlebot3_fake_node:/home/evanyan13/colcon_ws/install/turtlebot3_simulations:/home/evanyan13/colcon_ws/install/py_pubsub:/home/evanyan13/colcon_ws/install/auto_nav:/opt/ros/foxy /usr/bin/cmake --install /home/evanyan13/colcon_ws/build/turtlebot3_simulations
[5.398s] Level 1:colcon.colcon_core.environment:create_environment_scripts_only(turtlebot3_simulations)
[5.403s] DEBUG:colcon.colcon_core.event_handler.log_command:Invoked command in '/home/evanyan13/colcon_ws/build/turtlebot3_simulations' returned '0': CMAKE_PREFIX_PATH=/home/evanyan13/colcon_ws/install/turtlebot3_gazebo:/home/evanyan13/colcon_ws/install/turtlebot3_fake_node:/home/evanyan13/colcon_ws/install/turtlebot3_simulations:/home/evanyan13/colcon_ws/install/py_pubsub:/home/evanyan13/colcon_ws/install/auto_nav:/opt/ros/foxy /usr/bin/cmake --install /home/evanyan13/colcon_ws/build/turtlebot3_simulations
[5.440s] Level 1:colcon.colcon_core.environment:checking '/home/evanyan13/colcon_ws/install/turtlebot3_simulations' for CMake module files
[5.440s] Level 1:colcon.colcon_core.environment:checking '/home/evanyan13/colcon_ws/install/turtlebot3_simulations' for CMake config files
[5.441s] Level 1:colcon.colcon_core.shell:create_environment_hook('turtlebot3_simulations', 'cmake_prefix_path')
[5.468s] INFO:colcon.colcon_core.shell:Creating environment hook '/home/evanyan13/colcon_ws/install/turtlebot3_simulations/share/turtlebot3_simulations/hook/cmake_prefix_path.ps1'
[5.469s] INFO:colcon.colcon_core.shell:Creating environment descriptor '/home/evanyan13/colcon_ws/install/turtlebot3_simulations/share/turtlebot3_simulations/hook/cmake_prefix_path.dsv'
[5.469s] INFO:colcon.colcon_core.shell:Creating environment hook '/home/evanyan13/colcon_ws/install/turtlebot3_simulations/share/turtlebot3_simulations/hook/cmake_prefix_path.sh'
[5.470s] Level 1:colcon.colcon_core.environment:checking '/home/evanyan13/colcon_ws/install/turtlebot3_simulations/bin'
[5.470s] Level 1:colcon.colcon_core.environment:checking '/home/evanyan13/colcon_ws/install/turtlebot3_simulations/lib/pkgconfig/turtlebot3_simulations.pc'
[5.470s] Level 1:colcon.colcon_core.environment:checking '/home/evanyan13/colcon_ws/install/turtlebot3_simulations/lib/python3.8/site-packages'
[5.470s] Level 1:colcon.colcon_core.environment:checking '/home/evanyan13/colcon_ws/install/turtlebot3_simulations/bin'
[5.495s] INFO:colcon.colcon_core.shell:Creating package script '/home/evanyan13/colcon_ws/install/turtlebot3_simulations/share/turtlebot3_simulations/package.ps1'
[5.495s] INFO:colcon.colcon_core.shell:Creating package descriptor '/home/evanyan13/colcon_ws/install/turtlebot3_simulations/share/turtlebot3_simulations/package.dsv'
[5.496s] INFO:colcon.colcon_core.shell:Creating package script '/home/evanyan13/colcon_ws/install/turtlebot3_simulations/share/turtlebot3_simulations/package.sh'
[5.496s] INFO:colcon.colcon_core.shell:Creating package script '/home/evanyan13/colcon_ws/install/turtlebot3_simulations/share/turtlebot3_simulations/package.bash'
[5.496s] INFO:colcon.colcon_core.shell:Creating package script '/home/evanyan13/colcon_ws/install/turtlebot3_simulations/share/turtlebot3_simulations/package.zsh'
[5.496s] Level 1:colcon.colcon_core.environment:create_file_with_runtime_dependencies(/home/evanyan13/colcon_ws/install/turtlebot3_simulations/share/colcon-core/packages/turtlebot3_simulations)
[5.627s] Level 1:colcon.colcon_core.environment:create_environment_scripts_only(turtlebot3_simulations)
[5.675s] Level 1:colcon.colcon_core.environment:checking '/home/evanyan13/colcon_ws/install/turtlebot3_simulations' for CMake module files
[5.676s] Level 1:colcon.colcon_core.environment:checking '/home/evanyan13/colcon_ws/install/turtlebot3_simulations' for CMake config files
[5.676s] Level 1:colcon.colcon_core.shell:create_environment_hook('turtlebot3_simulations', 'cmake_prefix_path')
[5.701s] INFO:colcon.colcon_core.shell:Creating environment hook '/home/evanyan13/colcon_ws/install/turtlebot3_simulations/share/turtlebot3_simulations/hook/cmake_prefix_path.ps1'
[5.701s] INFO:colcon.colcon_core.shell:Creating environment descriptor '/home/evanyan13/colcon_ws/install/turtlebot3_simulations/share/turtlebot3_simulations/hook/cmake_prefix_path.dsv'
[5.701s] INFO:colcon.colcon_core.shell:Creating environment hook '/home/evanyan13/colcon_ws/install/turtlebot3_simulations/share/turtlebot3_simulations/hook/cmake_prefix_path.sh'
[5.702s] Level 1:colcon.colcon_core.environment:checking '/home/evanyan13/colcon_ws/install/turtlebot3_simulations/bin'
[5.702s] Level 1:colcon.colcon_core.environment:checking '/home/evanyan13/colcon_ws/install/turtlebot3_simulations/lib/pkgconfig/turtlebot3_simulations.pc'
[5.702s] Level 1:colcon.colcon_core.environment:checking '/home/evanyan13/colcon_ws/install/turtlebot3_simulations/lib/python3.8/site-packages'
[5.702s] Level 1:colcon.colcon_core.environment:checking '/home/evanyan13/colcon_ws/install/turtlebot3_simulations/bin'
[5.726s] INFO:colcon.colcon_core.shell:Creating package script '/home/evanyan13/colcon_ws/install/turtlebot3_simulations/share/turtlebot3_simulations/package.ps1'
[5.726s] INFO:colcon.colcon_core.shell:Creating package descriptor '/home/evanyan13/colcon_ws/install/turtlebot3_simulations/share/turtlebot3_simulations/package.dsv'
[5.727s] INFO:colcon.colcon_core.shell:Creating package script '/home/evanyan13/colcon_ws/install/turtlebot3_simulations/share/turtlebot3_simulations/package.sh'
[5.727s] INFO:colcon.colcon_core.shell:Creating package script '/home/evanyan13/colcon_ws/install/turtlebot3_simulations/share/turtlebot3_simulations/package.bash'
[5.728s] INFO:colcon.colcon_core.shell:Creating package script '/home/evanyan13/colcon_ws/install/turtlebot3_simulations/share/turtlebot3_simulations/package.zsh'
[5.728s] Level 1:colcon.colcon_core.environment:create_file_with_runtime_dependencies(/home/evanyan13/colcon_ws/install/turtlebot3_simulations/share/colcon-core/packages/turtlebot3_simulations)
[5.728s] DEBUG:colcon.colcon_parallel_executor.executor.parallel:closing loop
[5.729s] DEBUG:colcon.colcon_parallel_executor.executor.parallel:loop closed
[5.729s] DEBUG:colcon.colcon_parallel_executor.executor.parallel:run_until_complete finished with '0'
[5.729s] DEBUG:colcon.colcon_core.event_reactor:joining thread
[5.761s] INFO:colcon.colcon_core.plugin_system:Skipping extension 'colcon_notification.desktop_notification.terminal_notifier': Not used on non-Darwin systems
[5.762s] INFO:colcon.colcon_core.plugin_system:Skipping extension 'colcon_notification.desktop_notification.win32': Not used on non-Windows systems
[5.762s] INFO:colcon.colcon_notification.desktop_notification:Sending desktop notification using 'notify2'
[5.782s] DEBUG:colcon.colcon_core.event_reactor:joined thread
[5.808s] INFO:colcon.colcon_core.shell:Creating prefix script '/home/evanyan13/colcon_ws/install/local_setup.ps1'
[5.809s] INFO:colcon.colcon_core.shell:Creating prefix util module '/home/evanyan13/colcon_ws/install/_local_setup_util_ps1.py'
[5.810s] INFO:colcon.colcon_core.shell:Creating prefix chain script '/home/evanyan13/colcon_ws/install/setup.ps1'
[5.836s] INFO:colcon.colcon_core.shell:Creating prefix script '/home/evanyan13/colcon_ws/install/local_setup.sh'
[5.836s] INFO:colcon.colcon_core.shell:Creating prefix util module '/home/evanyan13/colcon_ws/install/_local_setup_util_sh.py'
[5.836s] INFO:colcon.colcon_core.shell:Creating prefix chain script '/home/evanyan13/colcon_ws/install/setup.sh'
[5.862s] INFO:colcon.colcon_core.shell:Creating prefix script '/home/evanyan13/colcon_ws/install/local_setup.bash'
[5.863s] INFO:colcon.colcon_core.shell:Creating prefix chain script '/home/evanyan13/colcon_ws/install/setup.bash'
[5.889s] INFO:colcon.colcon_core.shell:Creating prefix script '/home/evanyan13/colcon_ws/install/local_setup.zsh'
[5.889s] INFO:colcon.colcon_core.shell:Creating prefix chain script '/home/evanyan13/colcon_ws/install/setup.zsh'
