[1.596s] Invoking command in '/home/evanyan13/colcon_ws/src/py_pubsub': PYTHONPATH=/home/evanyan13/colcon_ws/build/py_pubsub/prefix_override:/home/evanyan13/colcon_ws/install/py_pubsub/lib/python3.8/site-packages:${PYTHONPATH} /usr/bin/python3 setup.py egg_info --egg-base ../../build/py_pubsub build --build-base /home/evanyan13/colcon_ws/build/py_pubsub/build install --record /home/evanyan13/colcon_ws/build/py_pubsub/install.log --install-scripts $base/lib/py_pubsub --single-version-externally-managed
[1.828s] running egg_info
[1.828s] writing ../../build/py_pubsub/py_pubsub.egg-info/PKG-INFO
[1.828s] writing dependency_links to ../../build/py_pubsub/py_pubsub.egg-info/dependency_links.txt
[1.828s] writing entry points to ../../build/py_pubsub/py_pubsub.egg-info/entry_points.txt
[1.828s] writing requirements to ../../build/py_pubsub/py_pubsub.egg-info/requires.txt
[1.828s] writing top-level names to ../../build/py_pubsub/py_pubsub.egg-info/top_level.txt
[1.854s] reading manifest file '../../build/py_pubsub/py_pubsub.egg-info/SOURCES.txt'
[1.854s] writing manifest file '../../build/py_pubsub/py_pubsub.egg-info/SOURCES.txt'
[1.854s] running build
[1.854s] running build_py
[1.854s] running install
[1.854s] running install_lib
[1.859s] running install_data
[1.859s] running install_egg_info
[1.859s] removing '/home/evanyan13/colcon_ws/install/py_pubsub/lib/python3.8/site-packages/py_pubsub-0.0.0-py3.8.egg-info' (and everything under it)
[1.859s] Copying ../../build/py_pubsub/py_pubsub.egg-info to /home/evanyan13/colcon_ws/install/py_pubsub/lib/python3.8/site-packages/py_pubsub-0.0.0-py3.8.egg-info
[1.859s] running install_scripts
[1.880s] Installing listener script to /home/evanyan13/colcon_ws/install/py_pubsub/lib/py_pubsub
[1.881s] Installing talker script to /home/evanyan13/colcon_ws/install/py_pubsub/lib/py_pubsub
[1.881s] writing list of installed files to '/home/evanyan13/colcon_ws/build/py_pubsub/install.log'
[2.169s] Invoked command in '/home/evanyan13/colcon_ws/src/py_pubsub' returned '0': PYTHONPATH=/home/evanyan13/colcon_ws/build/py_pubsub/prefix_override:/home/evanyan13/colcon_ws/install/py_pubsub/lib/python3.8/site-packages:${PYTHONPATH} /usr/bin/python3 setup.py egg_info --egg-base ../../build/py_pubsub build --build-base /home/evanyan13/colcon_ws/build/py_pubsub/build install --record /home/evanyan13/colcon_ws/build/py_pubsub/install.log --install-scripts $base/lib/py_pubsub --single-version-externally-managed
