[1.020s] Invoking command in '/home/evanyan13/colcon_ws/src/auto_nav': PYTHONPATH=/home/evanyan13/colcon_ws/build/auto_nav/prefix_override:/home/evanyan13/colcon_ws/install/auto_nav/lib/python3.8/site-packages:${PYTHONPATH} /usr/bin/python3 setup.py egg_info --egg-base ../../build/auto_nav build --build-base /home/evanyan13/colcon_ws/build/auto_nav/build install --record /home/evanyan13/colcon_ws/build/auto_nav/install.log --install-scripts $base/lib/auto_nav --single-version-externally-managed
[1.150s] running egg_info
[1.150s] writing ../../build/auto_nav/auto_nav.egg-info/PKG-INFO
[1.150s] writing dependency_links to ../../build/auto_nav/auto_nav.egg-info/dependency_links.txt
[1.150s] writing entry points to ../../build/auto_nav/auto_nav.egg-info/entry_points.txt
[1.157s] writing requirements to ../../build/auto_nav/auto_nav.egg-info/requires.txt
[1.158s] writing top-level names to ../../build/auto_nav/auto_nav.egg-info/top_level.txt
[1.174s] reading manifest file '../../build/auto_nav/auto_nav.egg-info/SOURCES.txt'
[1.174s] writing manifest file '../../build/auto_nav/auto_nav.egg-info/SOURCES.txt'
[1.174s] running build
[1.174s] running build_py
[1.175s] copying auto_nav/r2auto_nav.py -> /home/evanyan13/colcon_ws/build/auto_nav/build/lib/auto_nav
[1.176s] running install
[1.177s] running install_lib
[1.177s] copying /home/evanyan13/colcon_ws/build/auto_nav/build/lib/auto_nav/r2auto_nav.py -> /home/evanyan13/colcon_ws/install/auto_nav/lib/python3.8/site-packages/auto_nav
[1.177s] byte-compiling /home/evanyan13/colcon_ws/install/auto_nav/lib/python3.8/site-packages/auto_nav/r2auto_nav.py to r2auto_nav.cpython-38.pyc
[1.184s] running install_data
[1.185s] running install_egg_info
[1.185s] removing '/home/evanyan13/colcon_ws/install/auto_nav/lib/python3.8/site-packages/auto_nav-0.0.0-py3.8.egg-info' (and everything under it)
[1.186s] Copying ../../build/auto_nav/auto_nav.egg-info to /home/evanyan13/colcon_ws/install/auto_nav/lib/python3.8/site-packages/auto_nav-0.0.0-py3.8.egg-info
[1.186s] running install_scripts
[1.191s] Installing r2auto_nav script to /home/evanyan13/colcon_ws/install/auto_nav/lib/auto_nav
[1.191s] Installing r2mover script to /home/evanyan13/colcon_ws/install/auto_nav/lib/auto_nav
[1.192s] Installing r2moverotate script to /home/evanyan13/colcon_ws/install/auto_nav/lib/auto_nav
[1.192s] Installing r2occupancy script to /home/evanyan13/colcon_ws/install/auto_nav/lib/auto_nav
[1.192s] Installing r2occupancy2 script to /home/evanyan13/colcon_ws/install/auto_nav/lib/auto_nav
[1.192s] Installing r2scanner script to /home/evanyan13/colcon_ws/install/auto_nav/lib/auto_nav
[1.192s] writing list of installed files to '/home/evanyan13/colcon_ws/build/auto_nav/install.log'
[1.220s] Invoked command in '/home/evanyan13/colcon_ws/src/auto_nav' returned '0': PYTHONPATH=/home/evanyan13/colcon_ws/build/auto_nav/prefix_override:/home/evanyan13/colcon_ws/install/auto_nav/lib/python3.8/site-packages:${PYTHONPATH} /usr/bin/python3 setup.py egg_info --egg-base ../../build/auto_nav build --build-base /home/evanyan13/colcon_ws/build/auto_nav/build install --record /home/evanyan13/colcon_ws/build/auto_nav/install.log --install-scripts $base/lib/auto_nav --single-version-externally-managed
