[0.776s] Invoking command in '/home/evanyan13/colcon_ws/src/ROS2-FrontierBaseExplorationForAutonomousRobot/autonomous_exploration/build/autonomous_exploration': PYTHONPATH=/home/evanyan13/colcon_ws/src/ROS2-FrontierBaseExplorationForAutonomousRobot/autonomous_exploration/build/autonomous_exploration/prefix_override:/home/evanyan13/colcon_ws/src/ROS2-FrontierBaseExplorationForAutonomousRobot/autonomous_exploration/install/autonomous_exploration/lib/python3.8/site-packages:${PYTHONPATH} /usr/bin/python3 setup.py develop --editable --build-directory /home/evanyan13/colcon_ws/src/ROS2-FrontierBaseExplorationForAutonomousRobot/autonomous_exploration/build/autonomous_exploration/build --no-deps install_data
[0.978s] running develop
[1.052s] running egg_info
[1.052s] creating autonomous_exploration.egg-info
[1.052s] writing autonomous_exploration.egg-info/PKG-INFO
[1.052s] writing dependency_links to autonomous_exploration.egg-info/dependency_links.txt
[1.052s] writing entry points to autonomous_exploration.egg-info/entry_points.txt
[1.053s] writing requirements to autonomous_exploration.egg-info/requires.txt
[1.053s] writing top-level names to autonomous_exploration.egg-info/top_level.txt
[1.054s] writing manifest file 'autonomous_exploration.egg-info/SOURCES.txt'
[1.070s] reading manifest file 'autonomous_exploration.egg-info/SOURCES.txt'
[1.070s] writing manifest file 'autonomous_exploration.egg-info/SOURCES.txt'
[1.091s] running build_ext
[1.091s] Creating /home/evanyan13/colcon_ws/src/ROS2-FrontierBaseExplorationForAutonomousRobot/autonomous_exploration/install/autonomous_exploration/lib/python3.8/site-packages/site.py
[1.092s] Creating /home/evanyan13/colcon_ws/src/ROS2-FrontierBaseExplorationForAutonomousRobot/autonomous_exploration/install/autonomous_exploration/lib/python3.8/site-packages/autonomous-exploration.egg-link (link to .)
[1.093s] Installing control script to /home/evanyan13/colcon_ws/src/ROS2-FrontierBaseExplorationForAutonomousRobot/autonomous_exploration/install/autonomous_exploration/lib/autonomous_exploration
[1.093s] 
[1.093s] Installed /home/evanyan13/colcon_ws/src/ROS2-FrontierBaseExplorationForAutonomousRobot/autonomous_exploration/build/autonomous_exploration
[1.093s] running install_data
[1.094s] creating /home/evanyan13/colcon_ws/src/ROS2-FrontierBaseExplorationForAutonomousRobot/autonomous_exploration/install/autonomous_exploration/share/ament_index
[1.094s] creating /home/evanyan13/colcon_ws/src/ROS2-FrontierBaseExplorationForAutonomousRobot/autonomous_exploration/install/autonomous_exploration/share/ament_index/resource_index
[1.094s] creating /home/evanyan13/colcon_ws/src/ROS2-FrontierBaseExplorationForAutonomousRobot/autonomous_exploration/install/autonomous_exploration/share/ament_index/resource_index/packages
[1.094s] copying resource/autonomous_exploration -> /home/evanyan13/colcon_ws/src/ROS2-FrontierBaseExplorationForAutonomousRobot/autonomous_exploration/install/autonomous_exploration/share/ament_index/resource_index/packages
[1.094s] copying package.xml -> /home/evanyan13/colcon_ws/src/ROS2-FrontierBaseExplorationForAutonomousRobot/autonomous_exploration/install/autonomous_exploration/share/autonomous_exploration
[1.116s] Invoked command in '/home/evanyan13/colcon_ws/src/ROS2-FrontierBaseExplorationForAutonomousRobot/autonomous_exploration/build/autonomous_exploration' returned '0': PYTHONPATH=/home/evanyan13/colcon_ws/src/ROS2-FrontierBaseExplorationForAutonomousRobot/autonomous_exploration/build/autonomous_exploration/prefix_override:/home/evanyan13/colcon_ws/src/ROS2-FrontierBaseExplorationForAutonomousRobot/autonomous_exploration/install/autonomous_exploration/lib/python3.8/site-packages:${PYTHONPATH} /usr/bin/python3 setup.py develop --editable --build-directory /home/evanyan13/colcon_ws/src/ROS2-FrontierBaseExplorationForAutonomousRobot/autonomous_exploration/build/autonomous_exploration/build --no-deps install_data
