[2.037s] Invoking command in '/home/evanyan13/colcon_ws/src/build/line_follower': PYTHONPATH=/home/evanyan13/colcon_ws/src/build/line_follower/prefix_override:/home/evanyan13/colcon_ws/src/install/line_follower/lib/python3.8/site-packages:${PYTHONPATH} /usr/bin/python3 setup.py develop --editable --build-directory /home/evanyan13/colcon_ws/src/build/line_follower/build --no-deps install_data
[2.166s] running develop
[2.231s] running egg_info
[2.231s] creating line_follower.egg-info
[2.231s] writing line_follower.egg-info/PKG-INFO
[2.231s] writing dependency_links to line_follower.egg-info/dependency_links.txt
[2.231s] writing entry points to line_follower.egg-info/entry_points.txt
[2.231s] writing requirements to line_follower.egg-info/requires.txt
[2.231s] writing top-level names to line_follower.egg-info/top_level.txt
[2.232s] writing manifest file 'line_follower.egg-info/SOURCES.txt'
[2.248s] reading manifest file 'line_follower.egg-info/SOURCES.txt'
[2.248s] writing manifest file 'line_follower.egg-info/SOURCES.txt'
[2.269s] running build_ext
[2.269s] Creating /home/evanyan13/colcon_ws/src/install/line_follower/lib/python3.8/site-packages/site.py
[2.270s] Creating /home/evanyan13/colcon_ws/src/install/line_follower/lib/python3.8/site-packages/line-follower.egg-link (link to .)
[2.270s] 
[2.271s] Installed /home/evanyan13/colcon_ws/src/build/line_follower
[2.271s] running install_data
[2.271s] creating /home/evanyan13/colcon_ws/src/install/line_follower/share/ament_index
[2.271s] creating /home/evanyan13/colcon_ws/src/install/line_follower/share/ament_index/resource_index
[2.272s] creating /home/evanyan13/colcon_ws/src/install/line_follower/share/ament_index/resource_index/packages
[2.272s] copying resource/line_follower -> /home/evanyan13/colcon_ws/src/install/line_follower/share/ament_index/resource_index/packages
[2.272s] copying package.xml -> /home/evanyan13/colcon_ws/src/install/line_follower/share/line_follower
[2.332s] Invoked command in '/home/evanyan13/colcon_ws/src/build/line_follower' returned '0': PYTHONPATH=/home/evanyan13/colcon_ws/src/build/line_follower/prefix_override:/home/evanyan13/colcon_ws/src/install/line_follower/lib/python3.8/site-packages:${PYTHONPATH} /usr/bin/python3 setup.py develop --editable --build-directory /home/evanyan13/colcon_ws/src/build/line_follower/build --no-deps install_data
