[0.642s] Invoking command in '/home/evanyan13/colcon_ws/src/lidar_pubsub/build/lidar_pubsub': PYTHONPATH=/home/evanyan13/colcon_ws/src/lidar_pubsub/build/lidar_pubsub/prefix_override:/home/evanyan13/colcon_ws/src/lidar_pubsub/install/lidar_pubsub/lib/python3.8/site-packages:${PYTHONPATH} /usr/bin/python3 setup.py develop --editable --build-directory /home/evanyan13/colcon_ws/src/lidar_pubsub/build/lidar_pubsub/build --no-deps install_data
[0.765s] running develop
[0.829s] running egg_info
[0.829s] writing lidar_pubsub.egg-info/PKG-INFO
[0.829s] writing dependency_links to lidar_pubsub.egg-info/dependency_links.txt
[0.829s] writing entry points to lidar_pubsub.egg-info/entry_points.txt
[0.829s] writing requirements to lidar_pubsub.egg-info/requires.txt
[0.829s] writing top-level names to lidar_pubsub.egg-info/top_level.txt
[0.845s] reading manifest file 'lidar_pubsub.egg-info/SOURCES.txt'
[0.846s] writing manifest file 'lidar_pubsub.egg-info/SOURCES.txt'
[0.863s] running build_ext
[0.863s] Creating /home/evanyan13/colcon_ws/src/lidar_pubsub/install/lidar_pubsub/lib/python3.8/site-packages/lidar-pubsub.egg-link (link to .)
[0.864s] Installing listener script to /home/evanyan13/colcon_ws/src/lidar_pubsub/install/lidar_pubsub/lib/py_pubsub
[0.864s] Installing talker script to /home/evanyan13/colcon_ws/src/lidar_pubsub/install/lidar_pubsub/lib/py_pubsub
[0.864s] 
[0.864s] Installed /home/evanyan13/colcon_ws/src/lidar_pubsub/build/lidar_pubsub
[0.864s] running install_data
[0.864s] copying resource/lidar_pubsub -> /home/evanyan13/colcon_ws/src/lidar_pubsub/install/lidar_pubsub/share/ament_index/resource_index/packages
[0.864s] copying package.xml -> /home/evanyan13/colcon_ws/src/lidar_pubsub/install/lidar_pubsub/share/lidar_pubsub
[0.889s] Invoked command in '/home/evanyan13/colcon_ws/src/lidar_pubsub/build/lidar_pubsub' returned '0': PYTHONPATH=/home/evanyan13/colcon_ws/src/lidar_pubsub/build/lidar_pubsub/prefix_override:/home/evanyan13/colcon_ws/src/lidar_pubsub/install/lidar_pubsub/lib/python3.8/site-packages:${PYTHONPATH} /usr/bin/python3 setup.py develop --editable --build-directory /home/evanyan13/colcon_ws/src/lidar_pubsub/build/lidar_pubsub/build --no-deps install_data
