[4.254s] Invoking command in '/home/evanyan13/colcon_ws/src/build/py_pubsub': PYTHONPATH=/home/evanyan13/colcon_ws/src/build/py_pubsub/prefix_override:/home/evanyan13/colcon_ws/src/install/py_pubsub/lib/python3.8/site-packages:${PYTHONPATH} /usr/bin/python3 setup.py develop --editable --build-directory /home/evanyan13/colcon_ws/src/build/py_pubsub/build --no-deps install_data
[6.846s] running develop
[6.991s] running egg_info
[6.991s] creating py_pubsub.egg-info
[6.991s] writing py_pubsub.egg-info/PKG-INFO
[6.991s] writing dependency_links to py_pubsub.egg-info/dependency_links.txt
[6.991s] writing entry points to py_pubsub.egg-info/entry_points.txt
[6.991s] writing requirements to py_pubsub.egg-info/requires.txt
[6.991s] writing top-level names to py_pubsub.egg-info/top_level.txt
[6.992s] writing manifest file 'py_pubsub.egg-info/SOURCES.txt'
[7.050s] reading manifest file 'py_pubsub.egg-info/SOURCES.txt'
[7.051s] writing manifest file 'py_pubsub.egg-info/SOURCES.txt'
[7.121s] running build_ext
[7.121s] Creating /home/evanyan13/colcon_ws/src/install/py_pubsub/lib/python3.8/site-packages/site.py
[7.123s] Creating /home/evanyan13/colcon_ws/src/install/py_pubsub/lib/python3.8/site-packages/py-pubsub.egg-link (link to .)
[7.123s] Installing listener script to /home/evanyan13/colcon_ws/src/install/py_pubsub/lib/py_pubsub
[7.123s] Installing talker script to /home/evanyan13/colcon_ws/src/install/py_pubsub/lib/py_pubsub
[7.123s] 
[7.124s] Installed /home/evanyan13/colcon_ws/src/build/py_pubsub
[7.124s] running install_data
[7.127s] creating /home/evanyan13/colcon_ws/src/install/py_pubsub/share/ament_index
[7.127s] creating /home/evanyan13/colcon_ws/src/install/py_pubsub/share/ament_index/resource_index
[7.127s] creating /home/evanyan13/colcon_ws/src/install/py_pubsub/share/ament_index/resource_index/packages
[7.127s] copying resource/py_pubsub -> /home/evanyan13/colcon_ws/src/install/py_pubsub/share/ament_index/resource_index/packages
[7.127s] copying package.xml -> /home/evanyan13/colcon_ws/src/install/py_pubsub/share/py_pubsub
[7.235s] Invoked command in '/home/evanyan13/colcon_ws/src/build/py_pubsub' returned '0': PYTHONPATH=/home/evanyan13/colcon_ws/src/build/py_pubsub/prefix_override:/home/evanyan13/colcon_ws/src/install/py_pubsub/lib/python3.8/site-packages:${PYTHONPATH} /usr/bin/python3 setup.py develop --editable --build-directory /home/evanyan13/colcon_ws/src/build/py_pubsub/build --no-deps install_data
