[0.577s] Invoking command in '/home/evanyan13/colcon_ws/src/build/turtlebot3_fake_node': CMAKE_PREFIX_PATH=${CMAKE_PREFIX_PATH}:/home/evanyan13/colcon_ws/install/state_machine:/home/evanyan13/colcon_ws/install/py_pubsub:/home/evanyan13/colcon_ws/install/navi_main:/home/evanyan13/colcon_ws/install/marker:/home/evanyan13/colcon_ws/install/lidar_pubsub:/home/evanyan13/colcon_ws/install/launcher:/home/evanyan13/colcon_ws/install/auto_nav:/home/evanyan13/colcon_ws/install/a_star:/opt/ros/foxy /usr/bin/cmake /home/evanyan13/colcon_ws/src/turtlebot3_simulations/turtlebot3_fake_node -DAMENT_CMAKE_SYMLINK_INSTALL=1 -DCMAKE_INSTALL_PREFIX=/home/evanyan13/colcon_ws/src/install/turtlebot3_fake_node
[1.754s] -- The C compiler identification is GNU 9.4.0
[1.754s] -- The CXX compiler identification is GNU 9.4.0
[1.755s] -- Check for working C compiler: /usr/bin/cc
[1.755s] -- Check for working C compiler: /usr/bin/cc -- works
[1.755s] -- Detecting C compiler ABI info
[1.755s] -- Detecting C compiler ABI info - done
[1.755s] -- Detecting C compile features
[1.755s] -- Detecting C compile features - done
[1.755s] -- Check for working CXX compiler: /usr/bin/c++
[1.755s] -- Check for working CXX compiler: /usr/bin/c++ -- works
[1.755s] -- Detecting CXX compiler ABI info
[1.755s] -- Detecting CXX compiler ABI info - done
[1.755s] -- Detecting CXX compile features
[1.755s] -- Detecting CXX compile features - done
[1.755s] -- Found ament_cmake: 0.9.12 (/opt/ros/foxy/share/ament_cmake/cmake)
[1.755s] -- Found PythonInterp: /usr/bin/python3 (found suitable version "3.8.10", minimum required is "3") 
[1.755s] -- Using PYTHON_EXECUTABLE: /usr/bin/python3
[1.776s] -- Override CMake install command with custom implementation using symlinks instead of copying resources
[1.890s] -- Found geometry_msgs: 2.0.5 (/opt/ros/foxy/share/geometry_msgs/cmake)
[2.022s] -- Using all available rosidl_typesupport_c: rosidl_typesupport_fastrtps_c;rosidl_typesupport_introspection_c
[2.075s] -- Found rosidl_adapter: 1.3.1 (/opt/ros/foxy/share/rosidl_adapter/cmake)
[2.525s] -- Found OpenSSL: /usr/lib/aarch64-linux-gnu/libcrypto.so (found version "1.1.1f")  
[2.615s] -- Found FastRTPS: /opt/ros/foxy/include  
[2.875s] -- Using all available rosidl_typesupport_cpp: rosidl_typesupport_fastrtps_cpp;rosidl_typesupport_introspection_cpp
[2.978s] -- Found nav_msgs: 2.0.5 (/opt/ros/foxy/share/nav_msgs/cmake)
[3.088s] -- Found rclcpp: 2.4.3 (/opt/ros/foxy/share/rclcpp/cmake)
[3.191s] -- Found rmw_implementation_cmake: 1.0.4 (/opt/ros/foxy/share/rmw_implementation_cmake/cmake)
[3.196s] -- Using RMW implementation 'rmw_fastrtps_cpp' as default
[3.200s] -- Looking for pthread.h
[3.373s] -- Looking for pthread.h - found
[3.378s] -- Performing Test CMAKE_HAVE_LIBC_PTHREAD
[3.537s] -- Performing Test CMAKE_HAVE_LIBC_PTHREAD - Failed
[3.537s] -- Looking for pthread_create in pthreads
[3.728s] -- Looking for pthread_create in pthreads - not found
[3.728s] -- Looking for pthread_create in pthread
[3.937s] -- Looking for pthread_create in pthread - found
[3.939s] -- Found Threads: TRUE  
[4.133s] -- Found sensor_msgs: 2.0.5 (/opt/ros/foxy/share/sensor_msgs/cmake)
[4.317s] -- Found tf2: 0.13.14 (/opt/ros/foxy/share/tf2/cmake)
[4.339s] -- Found tf2_msgs: 0.13.14 (/opt/ros/foxy/share/tf2_msgs/cmake)
[4.639s] -- Found turtlebot3_msgs: 2.2.1 (/opt/ros/foxy/share/turtlebot3_msgs/cmake)
[5.024s] -- Configuring done
[5.061s] -- Generating done
[5.085s] -- Build files have been written to: /home/evanyan13/colcon_ws/src/build/turtlebot3_fake_node
[5.640s] Invoked command in '/home/evanyan13/colcon_ws/src/build/turtlebot3_fake_node' returned '0': CMAKE_PREFIX_PATH=${CMAKE_PREFIX_PATH}:/home/evanyan13/colcon_ws/install/state_machine:/home/evanyan13/colcon_ws/install/py_pubsub:/home/evanyan13/colcon_ws/install/navi_main:/home/evanyan13/colcon_ws/install/marker:/home/evanyan13/colcon_ws/install/lidar_pubsub:/home/evanyan13/colcon_ws/install/launcher:/home/evanyan13/colcon_ws/install/auto_nav:/home/evanyan13/colcon_ws/install/a_star:/opt/ros/foxy /usr/bin/cmake /home/evanyan13/colcon_ws/src/turtlebot3_simulations/turtlebot3_fake_node -DAMENT_CMAKE_SYMLINK_INSTALL=1 -DCMAKE_INSTALL_PREFIX=/home/evanyan13/colcon_ws/src/install/turtlebot3_fake_node
[5.645s] Invoking command in '/home/evanyan13/colcon_ws/src/build/turtlebot3_fake_node': CMAKE_PREFIX_PATH=${CMAKE_PREFIX_PATH}:/home/evanyan13/colcon_ws/install/state_machine:/home/evanyan13/colcon_ws/install/py_pubsub:/home/evanyan13/colcon_ws/install/navi_main:/home/evanyan13/colcon_ws/install/marker:/home/evanyan13/colcon_ws/install/lidar_pubsub:/home/evanyan13/colcon_ws/install/launcher:/home/evanyan13/colcon_ws/install/auto_nav:/home/evanyan13/colcon_ws/install/a_star:/opt/ros/foxy /usr/bin/cmake --build /home/evanyan13/colcon_ws/src/build/turtlebot3_fake_node -- -j6 -l6
[5.814s] [35m[1mScanning dependencies of target turtlebot3_fake_node[0m
[6.106s] [ 50%] [32mBuilding CXX object CMakeFiles/turtlebot3_fake_node.dir/src/turtlebot3_fake_node.cpp.o[0m
[11.494s] [100%] [32m[1mLinking CXX executable turtlebot3_fake_node[0m
[11.736s] [100%] Built target turtlebot3_fake_node
[11.768s] Invoked command in '/home/evanyan13/colcon_ws/src/build/turtlebot3_fake_node' returned '0': CMAKE_PREFIX_PATH=${CMAKE_PREFIX_PATH}:/home/evanyan13/colcon_ws/install/state_machine:/home/evanyan13/colcon_ws/install/py_pubsub:/home/evanyan13/colcon_ws/install/navi_main:/home/evanyan13/colcon_ws/install/marker:/home/evanyan13/colcon_ws/install/lidar_pubsub:/home/evanyan13/colcon_ws/install/launcher:/home/evanyan13/colcon_ws/install/auto_nav:/home/evanyan13/colcon_ws/install/a_star:/opt/ros/foxy /usr/bin/cmake --build /home/evanyan13/colcon_ws/src/build/turtlebot3_fake_node -- -j6 -l6
[11.794s] Invoking command in '/home/evanyan13/colcon_ws/src/build/turtlebot3_fake_node': CMAKE_PREFIX_PATH=${CMAKE_PREFIX_PATH}:/home/evanyan13/colcon_ws/install/state_machine:/home/evanyan13/colcon_ws/install/py_pubsub:/home/evanyan13/colcon_ws/install/navi_main:/home/evanyan13/colcon_ws/install/marker:/home/evanyan13/colcon_ws/install/lidar_pubsub:/home/evanyan13/colcon_ws/install/launcher:/home/evanyan13/colcon_ws/install/auto_nav:/home/evanyan13/colcon_ws/install/a_star:/opt/ros/foxy /usr/bin/cmake --install /home/evanyan13/colcon_ws/src/build/turtlebot3_fake_node
[11.799s] -- Install configuration: ""
[11.802s] -- Execute custom install script
[11.802s] -- Symlinking: /home/evanyan13/colcon_ws/src/install/turtlebot3_fake_node/lib/turtlebot3_fake_node/turtlebot3_fake_node
[11.808s] -- Symlinking: /home/evanyan13/colcon_ws/src/install/turtlebot3_fake_node/share/turtlebot3_fake_node/launch/rviz2.launch.py
[11.815s] -- Symlinking: /home/evanyan13/colcon_ws/src/install/turtlebot3_fake_node/share/turtlebot3_fake_node/launch/turtlebot3_fake_node.launch.py
[11.819s] -- Symlinking: /home/evanyan13/colcon_ws/src/install/turtlebot3_fake_node/share/turtlebot3_fake_node/param/burger.yaml
[11.832s] -- Symlinking: /home/evanyan13/colcon_ws/src/install/turtlebot3_fake_node/share/turtlebot3_fake_node/param/waffle.yaml
[11.841s] -- Symlinking: /home/evanyan13/colcon_ws/src/install/turtlebot3_fake_node/share/turtlebot3_fake_node/param/waffle_pi.yaml
[11.847s] -- Symlinking: /home/evanyan13/colcon_ws/src/install/turtlebot3_fake_node/share/turtlebot3_fake_node/rviz/model.rviz
[11.852s] -- Symlinking: /home/evanyan13/colcon_ws/src/install/turtlebot3_fake_node/include//turtlebot3_fake_node/turtlebot3_fake_node.hpp
[11.857s] -- Symlinking: /home/evanyan13/colcon_ws/src/install/turtlebot3_fake_node/share/ament_index/resource_index/package_run_dependencies/turtlebot3_fake_node
[11.861s] -- Symlinking: /home/evanyan13/colcon_ws/src/install/turtlebot3_fake_node/share/ament_index/resource_index/parent_prefix_path/turtlebot3_fake_node
[11.869s] -- Symlinking: /home/evanyan13/colcon_ws/src/install/turtlebot3_fake_node/share/turtlebot3_fake_node/environment/ament_prefix_path.sh
[11.874s] -- Symlinking: /home/evanyan13/colcon_ws/src/install/turtlebot3_fake_node/share/turtlebot3_fake_node/environment/ament_prefix_path.dsv
[11.878s] -- Symlinking: /home/evanyan13/colcon_ws/src/install/turtlebot3_fake_node/share/turtlebot3_fake_node/environment/path.sh
[11.883s] -- Symlinking: /home/evanyan13/colcon_ws/src/install/turtlebot3_fake_node/share/turtlebot3_fake_node/environment/path.dsv
[11.892s] -- Symlinking: /home/evanyan13/colcon_ws/src/install/turtlebot3_fake_node/share/turtlebot3_fake_node/local_setup.bash
[11.896s] -- Symlinking: /home/evanyan13/colcon_ws/src/install/turtlebot3_fake_node/share/turtlebot3_fake_node/local_setup.sh
[11.901s] -- Symlinking: /home/evanyan13/colcon_ws/src/install/turtlebot3_fake_node/share/turtlebot3_fake_node/local_setup.zsh
[11.906s] -- Symlinking: /home/evanyan13/colcon_ws/src/install/turtlebot3_fake_node/share/turtlebot3_fake_node/local_setup.dsv
[11.910s] -- Symlinking: /home/evanyan13/colcon_ws/src/install/turtlebot3_fake_node/share/turtlebot3_fake_node/package.dsv
[11.915s] -- Symlinking: /home/evanyan13/colcon_ws/src/install/turtlebot3_fake_node/share/ament_index/resource_index/packages/turtlebot3_fake_node
[11.920s] -- Symlinking: /home/evanyan13/colcon_ws/src/install/turtlebot3_fake_node/share/turtlebot3_fake_node/cmake/ament_cmake_export_include_directories-extras.cmake
[11.924s] -- Symlinking: /home/evanyan13/colcon_ws/src/install/turtlebot3_fake_node/share/turtlebot3_fake_node/cmake/ament_cmake_export_dependencies-extras.cmake
[11.928s] -- Symlinking: /home/evanyan13/colcon_ws/src/install/turtlebot3_fake_node/share/turtlebot3_fake_node/cmake/turtlebot3_fake_nodeConfig.cmake
[11.933s] -- Symlinking: /home/evanyan13/colcon_ws/src/install/turtlebot3_fake_node/share/turtlebot3_fake_node/cmake/turtlebot3_fake_nodeConfig-version.cmake
[11.939s] -- Symlinking: /home/evanyan13/colcon_ws/src/install/turtlebot3_fake_node/share/turtlebot3_fake_node/package.xml
[11.950s] Invoked command in '/home/evanyan13/colcon_ws/src/build/turtlebot3_fake_node' returned '0': CMAKE_PREFIX_PATH=${CMAKE_PREFIX_PATH}:/home/evanyan13/colcon_ws/install/state_machine:/home/evanyan13/colcon_ws/install/py_pubsub:/home/evanyan13/colcon_ws/install/navi_main:/home/evanyan13/colcon_ws/install/marker:/home/evanyan13/colcon_ws/install/lidar_pubsub:/home/evanyan13/colcon_ws/install/launcher:/home/evanyan13/colcon_ws/install/auto_nav:/home/evanyan13/colcon_ws/install/a_star:/opt/ros/foxy /usr/bin/cmake --install /home/evanyan13/colcon_ws/src/build/turtlebot3_fake_node
