[0.548s] Invoking command in '/home/evanyan13/colcon_ws/src/py_pubsub': PYTHONPATH=/home/evanyan13/colcon_ws/build/py_pubsub/prefix_override:/home/evanyan13/colcon_ws/install/py_pubsub/lib/python3.8/site-packages:${PYTHONPATH} /usr/bin/python3 setup.py egg_info --egg-base ../../build/py_pubsub build --build-base /home/evanyan13/colcon_ws/build/py_pubsub/build install --record /home/evanyan13/colcon_ws/build/py_pubsub/install.log --install-scripts $base/lib/py_pubsub --single-version-externally-managed
[0.670s] running egg_info
[0.670s] writing ../../build/py_pubsub/py_pubsub.egg-info/PKG-INFO
[0.670s] writing dependency_links to ../../build/py_pubsub/py_pubsub.egg-info/dependency_links.txt
[0.671s] writing entry points to ../../build/py_pubsub/py_pubsub.egg-info/entry_points.txt
[0.671s] writing requirements to ../../build/py_pubsub/py_pubsub.egg-info/requires.txt
[0.671s] writing top-level names to ../../build/py_pubsub/py_pubsub.egg-info/top_level.txt
[0.692s] reading manifest file '../../build/py_pubsub/py_pubsub.egg-info/SOURCES.txt'
[0.693s] writing manifest file '../../build/py_pubsub/py_pubsub.egg-info/SOURCES.txt'
[0.693s] running build
[0.693s] running build_py
[0.693s] running install
[0.694s] running install_lib
[0.694s] running install_data
[0.695s] copying package.xml -> /home/evanyan13/colcon_ws/install/py_pubsub/share/py_pubsub
[0.695s] running install_egg_info
[0.696s] removing '/home/evanyan13/colcon_ws/install/py_pubsub/lib/python3.8/site-packages/py_pubsub-0.0.0-py3.8.egg-info' (and everything under it)
[0.696s] Copying ../../build/py_pubsub/py_pubsub.egg-info to /home/evanyan13/colcon_ws/install/py_pubsub/lib/python3.8/site-packages/py_pubsub-0.0.0-py3.8.egg-info
[0.696s] running install_scripts
[0.708s] Installing listener script to /home/evanyan13/colcon_ws/install/py_pubsub/lib/py_pubsub
[0.708s] writing list of installed files to '/home/evanyan13/colcon_ws/build/py_pubsub/install.log'
[0.722s] Invoked command in '/home/evanyan13/colcon_ws/src/py_pubsub' returned '0': PYTHONPATH=/home/evanyan13/colcon_ws/build/py_pubsub/prefix_override:/home/evanyan13/colcon_ws/install/py_pubsub/lib/python3.8/site-packages:${PYTHONPATH} /usr/bin/python3 setup.py egg_info --egg-base ../../build/py_pubsub build --build-base /home/evanyan13/colcon_ws/build/py_pubsub/build install --record /home/evanyan13/colcon_ws/build/py_pubsub/install.log --install-scripts $base/lib/py_pubsub --single-version-externally-managed
