[0.646s] Invoking command in '/home/evanyan13/colcon_ws/src/py_pubsub/build/py_pubsub': PYTHONPATH=/home/evanyan13/colcon_ws/src/py_pubsub/build/py_pubsub/prefix_override:/home/evanyan13/colcon_ws/src/py_pubsub/install/py_pubsub/lib/python3.8/site-packages:${PYTHONPATH} /usr/bin/python3 setup.py develop --editable --build-directory /home/evanyan13/colcon_ws/src/py_pubsub/build/py_pubsub/build --no-deps install_data
[0.786s] running develop
[0.851s] running egg_info
[0.851s] creating py_pubsub.egg-info
[0.851s] writing py_pubsub.egg-info/PKG-INFO
[0.851s] writing dependency_links to py_pubsub.egg-info/dependency_links.txt
[0.851s] writing entry points to py_pubsub.egg-info/entry_points.txt
[0.851s] writing requirements to py_pubsub.egg-info/requires.txt
[0.851s] writing top-level names to py_pubsub.egg-info/top_level.txt
[0.852s] writing manifest file 'py_pubsub.egg-info/SOURCES.txt'
[0.867s] reading manifest file 'py_pubsub.egg-info/SOURCES.txt'
[0.867s] writing manifest file 'py_pubsub.egg-info/SOURCES.txt'
[0.886s] running build_ext
[0.886s] Creating /home/evanyan13/colcon_ws/src/py_pubsub/install/py_pubsub/lib/python3.8/site-packages/site.py
[0.887s] Creating /home/evanyan13/colcon_ws/src/py_pubsub/install/py_pubsub/lib/python3.8/site-packages/py-pubsub.egg-link (link to .)
[0.888s] Installing listener script to /home/evanyan13/colcon_ws/src/py_pubsub/install/py_pubsub/lib/py_pubsub
[0.888s] Installing talker script to /home/evanyan13/colcon_ws/src/py_pubsub/install/py_pubsub/lib/py_pubsub
[0.892s] 
[0.892s] Installed /home/evanyan13/colcon_ws/src/py_pubsub/build/py_pubsub
[0.892s] running install_data
[0.892s] creating /home/evanyan13/colcon_ws/src/py_pubsub/install/py_pubsub/share/ament_index
[0.892s] creating /home/evanyan13/colcon_ws/src/py_pubsub/install/py_pubsub/share/ament_index/resource_index
[0.892s] creating /home/evanyan13/colcon_ws/src/py_pubsub/install/py_pubsub/share/ament_index/resource_index/packages
[0.892s] copying resource/py_pubsub -> /home/evanyan13/colcon_ws/src/py_pubsub/install/py_pubsub/share/ament_index/resource_index/packages
[0.892s] copying package.xml -> /home/evanyan13/colcon_ws/src/py_pubsub/install/py_pubsub/share/py_pubsub
[0.914s] Invoked command in '/home/evanyan13/colcon_ws/src/py_pubsub/build/py_pubsub' returned '0': PYTHONPATH=/home/evanyan13/colcon_ws/src/py_pubsub/build/py_pubsub/prefix_override:/home/evanyan13/colcon_ws/src/py_pubsub/install/py_pubsub/lib/python3.8/site-packages:${PYTHONPATH} /usr/bin/python3 setup.py develop --editable --build-directory /home/evanyan13/colcon_ws/src/py_pubsub/build/py_pubsub/build --no-deps install_data
