[0.644s] Invoking command in '/home/evanyan13/colcon_ws/src/py_pubsub': PYTHONPATH=/home/evanyan13/colcon_ws/build/py_pubsub/prefix_override:/home/evanyan13/colcon_ws/install/py_pubsub/lib/python3.8/site-packages:${PYTHONPATH} /usr/bin/python3 setup.py egg_info --egg-base ../../build/py_pubsub build --build-base /home/evanyan13/colcon_ws/build/py_pubsub/build install --record /home/evanyan13/colcon_ws/build/py_pubsub/install.log --install-scripts $base/lib/py_pubsub --single-version-externally-managed
[0.769s] running egg_info
[0.769s] writing ../../build/py_pubsub/py_pubsub.egg-info/PKG-INFO
[0.771s] writing dependency_links to ../../build/py_pubsub/py_pubsub.egg-info/dependency_links.txt
[0.772s] writing entry points to ../../build/py_pubsub/py_pubsub.egg-info/entry_points.txt
[0.772s] writing requirements to ../../build/py_pubsub/py_pubsub.egg-info/requires.txt
[0.772s] writing top-level names to ../../build/py_pubsub/py_pubsub.egg-info/top_level.txt
[0.798s] reading manifest file '../../build/py_pubsub/py_pubsub.egg-info/SOURCES.txt'
[0.798s] writing manifest file '../../build/py_pubsub/py_pubsub.egg-info/SOURCES.txt'
[0.799s] running build
[0.799s] running build_py
[0.800s] copying py_pubsub/publisher_member_function.py -> /home/evanyan13/colcon_ws/build/py_pubsub/build/lib/py_pubsub
[0.800s] copying py_pubsub/subscriber_member_function.py -> /home/evanyan13/colcon_ws/build/py_pubsub/build/lib/py_pubsub
[0.801s] running install
[0.801s] running install_lib
[0.802s] copying /home/evanyan13/colcon_ws/build/py_pubsub/build/lib/py_pubsub/publisher_member_function.py -> /home/evanyan13/colcon_ws/install/py_pubsub/lib/python3.8/site-packages/py_pubsub
[0.802s] copying /home/evanyan13/colcon_ws/build/py_pubsub/build/lib/py_pubsub/subscriber_member_function.py -> /home/evanyan13/colcon_ws/install/py_pubsub/lib/python3.8/site-packages/py_pubsub
[0.802s] byte-compiling /home/evanyan13/colcon_ws/install/py_pubsub/lib/python3.8/site-packages/py_pubsub/publisher_member_function.py to publisher_member_function.cpython-38.pyc
[0.803s] byte-compiling /home/evanyan13/colcon_ws/install/py_pubsub/lib/python3.8/site-packages/py_pubsub/subscriber_member_function.py to subscriber_member_function.cpython-38.pyc
[0.803s] running install_data
[0.804s] running install_egg_info
[0.805s] removing '/home/evanyan13/colcon_ws/install/py_pubsub/lib/python3.8/site-packages/py_pubsub-0.0.0-py3.8.egg-info' (and everything under it)
[0.805s] Copying ../../build/py_pubsub/py_pubsub.egg-info to /home/evanyan13/colcon_ws/install/py_pubsub/lib/python3.8/site-packages/py_pubsub-0.0.0-py3.8.egg-info
[0.806s] running install_scripts
[0.818s] Installing listener script to /home/evanyan13/colcon_ws/install/py_pubsub/lib/py_pubsub
[0.818s] Installing talker script to /home/evanyan13/colcon_ws/install/py_pubsub/lib/py_pubsub
[0.819s] writing list of installed files to '/home/evanyan13/colcon_ws/build/py_pubsub/install.log'
[0.835s] Invoked command in '/home/evanyan13/colcon_ws/src/py_pubsub' returned '0': PYTHONPATH=/home/evanyan13/colcon_ws/build/py_pubsub/prefix_override:/home/evanyan13/colcon_ws/install/py_pubsub/lib/python3.8/site-packages:${PYTHONPATH} /usr/bin/python3 setup.py egg_info --egg-base ../../build/py_pubsub build --build-base /home/evanyan13/colcon_ws/build/py_pubsub/build install --record /home/evanyan13/colcon_ws/build/py_pubsub/install.log --install-scripts $base/lib/py_pubsub --single-version-externally-managed
